2025-09-09 17:13:43,398 - INFO - 🚀 === INICIANDO CADASTRO COMPLETO A PARTIR DO MAIN ===
2025-09-09 17:13:43,398 - INFO - Procurando planilha mais recente em: \\192.168.1.250\Programas\robo custos\lancar
2025-09-09 17:13:43,405 - INFO - Padrão *.xlsx: 1 arquivos encontrados
2025-09-09 17:13:43,406 - INFO - Padrão *.xls: 0 arquivos encontrados
2025-09-09 17:13:43,406 - INFO - Padrão *.csv: 0 arquivos encontrados
2025-09-09 17:13:43,406 - INFO - Total de arquivos encontrados: 1
2025-09-09 17:13:43,408 - INFO - Arquivo: 973.xlsx
2025-09-09 17:13:43,408 - INFO -   Data modificação: Tue Sep  9 16:54:32 2025
2025-09-09 17:13:43,415 - INFO -   Tamanho: 41462 bytes
2025-09-09 17:13:43,415 - INFO - Arquivo mais recente selecionado: 973.xlsx
2025-09-09 17:13:43,415 - INFO -   Caminho: \\192.168.1.250\Programas\robo custos\lancar\973.xlsx
2025-09-09 17:13:43,415 - INFO -   Data: Tue Sep  9 16:54:32 2025
2025-09-09 17:13:43,415 - INFO - Procurando próxima linha sem PA na coluna B (aba (973))...
2025-09-09 17:13:43,800 - INFO - Procurando aba com (973) no nome...
2025-09-09 17:13:43,804 - INFO - Verificando aba: 1 PA BATENTE JG (973)
2025-09-09 17:13:43,804 - INFO - ✅ Aba configurada encontrada: 1 PA BATENTE JG (973)
2025-09-09 17:13:43,804 - INFO - Usando aba: 1 PA BATENTE JG (973)
2025-09-09 17:13:43,998 - INFO - Próxima linha para processar (sem PA na coluna B): 84
2025-09-09 17:13:44,150 - INFO - 
================================================================================
📌 PROCESSANDO LINHA 84 (Sucesso: 0, Falhas: 0)
================================================================================
2025-09-09 17:13:44,151 - INFO - 🔑 PRIMEIRA LINHA - Executando processo completo com login...
2025-09-09 17:13:44,151 - INFO - === INICIANDO PROCESSO COMPLETO COM INSERÇÃO ===
2025-09-09 17:13:44,151 - INFO - Iniciando processo completo...
2025-09-09 17:13:44,151 - INFO - Lendo dados da próxima linha sem PA na coluna B...
2025-09-09 17:13:44,151 - INFO - Procurando planilha mais recente em: \\192.168.1.250\Programas\robo custos\lancar
2025-09-09 17:13:44,151 - INFO - Padrão *.xlsx: 1 arquivos encontrados
2025-09-09 17:13:44,152 - INFO - Padrão *.xls: 0 arquivos encontrados
2025-09-09 17:13:44,152 - INFO - Padrão *.csv: 0 arquivos encontrados
2025-09-09 17:13:44,152 - INFO - Total de arquivos encontrados: 1
2025-09-09 17:13:44,153 - INFO - Arquivo: 973.xlsx
2025-09-09 17:13:44,154 - INFO -   Data modificação: Tue Sep  9 16:54:32 2025
2025-09-09 17:13:44,154 - INFO -   Tamanho: 41462 bytes
2025-09-09 17:13:44,154 - INFO - Arquivo mais recente selecionado: 973.xlsx
2025-09-09 17:13:44,154 - INFO -   Caminho: \\192.168.1.250\Programas\robo custos\lancar\973.xlsx
2025-09-09 17:13:44,154 - INFO -   Data: Tue Sep  9 16:54:32 2025
2025-09-09 17:13:44,154 - INFO - Procurando próxima linha sem PA na coluna B (aba (973))...
2025-09-09 17:13:44,526 - INFO - Procurando aba com (973) no nome...
2025-09-09 17:13:44,528 - INFO - Verificando aba: 1 PA BATENTE JG (973)
2025-09-09 17:13:44,528 - INFO - ✅ Aba configurada encontrada: 1 PA BATENTE JG (973)
2025-09-09 17:13:44,529 - INFO - Usando aba: 1 PA BATENTE JG (973)
2025-09-09 17:13:44,722 - INFO - Próxima linha para processar (sem PA na coluna B): 84
2025-09-09 17:13:44,866 - INFO - Procurando planilha mais recente em: \\192.168.1.250\Programas\robo custos\lancar
2025-09-09 17:13:44,867 - INFO - Padrão *.xlsx: 1 arquivos encontrados
2025-09-09 17:13:44,867 - INFO - Padrão *.xls: 0 arquivos encontrados
2025-09-09 17:13:44,867 - INFO - Padrão *.csv: 0 arquivos encontrados
2025-09-09 17:13:44,867 - INFO - Total de arquivos encontrados: 1
2025-09-09 17:13:44,869 - INFO - Arquivo: 973.xlsx
2025-09-09 17:13:44,869 - INFO -   Data modificação: Tue Sep  9 16:54:32 2025
2025-09-09 17:13:44,869 - INFO -   Tamanho: 41462 bytes
2025-09-09 17:13:44,869 - INFO - Arquivo mais recente selecionado: 973.xlsx
2025-09-09 17:13:44,870 - INFO -   Caminho: \\192.168.1.250\Programas\robo custos\lancar\973.xlsx
2025-09-09 17:13:44,870 - INFO -   Data: Tue Sep  9 16:54:32 2025
2025-09-09 17:13:44,870 - INFO - Abrindo planilha via COM: \\192.168.1.250\Programas\robo custos\lancar\973.xlsx
2025-09-09 17:13:45,259 - INFO - Planilha aberta com sucesso!
2025-09-09 17:13:45,259 - INFO - Procurando aba com (973) no nome...
2025-09-09 17:13:45,262 - INFO - Verificando aba: 1 PA BATENTE JG (973)
2025-09-09 17:13:45,262 - INFO - ✅ Aba configurada encontrada: 1 PA BATENTE JG (973)
2025-09-09 17:13:45,263 - INFO - Usando aba: 1 PA BATENTE JG (973), linha: 84
2025-09-09 17:13:45,263 - INFO - Número extraído do nome da aba '1 PA BATENTE JG (973)': 973
2025-09-09 17:13:45,291 - INFO - Dados lidos da aba configurada - linha 84:
2025-09-09 17:13:45,291 - INFO -   Arquivo: 973.xlsx
2025-09-09 17:13:45,291 - INFO -   Nome da aba: 1 PA BATENTE JG (973)
2025-09-09 17:13:45,291 - INFO -   Número extraído: 973 (✅ CORRETO)
2025-09-09 17:13:45,291 - INFO -   Coluna A (controle): 1 PA BATENTE JG (973)
2025-09-09 17:13:45,291 - INFO -   Coluna B (PA existente): None
2025-09-09 17:13:45,291 - INFO -   📋 COLUNAS CONFIGURADAS (C até U):
2025-09-09 17:13:45,291 - INFO -     Coluna C: 1.0
2025-09-09 17:13:45,292 - INFO -     Coluna D: 70.0
2025-09-09 17:13:45,292 - INFO -     Coluna E: 2635.0
2025-09-09 17:13:45,292 - INFO -     Coluna F: IN
2025-09-09 17:13:45,292 - INFO -     Coluna G: 35.0
2025-09-09 17:13:45,292 - INFO -     Coluna H: N
2025-09-09 17:13:45,292 - INFO -     Coluna I: RB40
2025-09-09 17:13:45,292 - INFO -     Coluna J: 2.0
2025-09-09 17:13:45,292 - INFO -     Coluna K: 70.0
2025-09-09 17:13:45,292 - INFO -     Coluna L: 1008.0
2025-09-09 17:13:45,292 - INFO -     Coluna M: IN
2025-09-09 17:13:45,292 - INFO -     Coluna N: 35.0
2025-09-09 17:13:45,292 - INFO -     Coluna O: N
2025-09-09 17:13:45,292 - INFO -     Coluna P: RB40
2025-09-09 17:13:45,293 - INFO -     Coluna Q: 1.0
2025-09-09 17:13:45,293 - INFO -     Coluna R: JG
2025-09-09 17:13:45,293 - INFO -     Coluna S: 2103.0
2025-09-09 17:13:45,293 - INFO -     Coluna T: SUSIN
2025-09-09 17:13:45,293 - INFO -     Coluna U: SUSIN
2025-09-09 17:13:45,437 - INFO - Executando login...
2025-09-09 17:13:45,437 - INFO - Iniciando execução e login no programa
2025-09-09 17:13:45,437 - INFO - Iniciando programa: \\192.168.1.250\Programas\SYSTEAM\PROGRAMA\Indust\Engenh.exe
2025-09-09 17:13:46,356 - INFO - Programa iniciado com PID: 23848
2025-09-09 17:13:46,356 - INFO - Aguardando abertura da janela do programa...
2025-09-09 17:13:49,358 - INFO - Iniciando processo de login...
2025-09-09 17:13:49,360 - INFO - Inserindo nome de usuário
2025-09-09 17:13:51,570 - INFO - Inserindo senha
2025-09-09 17:13:53,779 - INFO - Usando número de empresa: 200
2025-09-09 17:13:56,990 - INFO - Login realizado com sucesso - Empresa: 200
2025-09-09 17:13:59,992 - INFO - Acessando configurador...
2025-09-09 17:13:59,993 - INFO - Iniciando acesso ao configurador...
2025-09-09 17:14:01,995 - INFO - Passo 1: Procurando e clicando no menu systeam...
2025-09-09 17:14:01,996 - INFO - Procurando imagem: img/menu systeam.PNG
2025-09-09 17:14:02,069 - INFO - Imagem encontrada em: Point(x=np.int64(26), y=np.int64(42))
2025-09-09 17:14:02,201 - INFO - Clique realizado em: Point(x=np.int64(26), y=np.int64(42))
2025-09-09 17:14:02,702 - INFO - Passo 2: Digitando 'configurador'...
2025-09-09 17:14:02,703 - INFO - Digitando texto: configurador
2025-09-09 17:14:03,315 - INFO - Passo 3: Procurando e clicando no módulo...
2025-09-09 17:14:03,316 - INFO - Procurando imagem: img/modulo item por descricao.PNG
2025-09-09 17:14:03,418 - INFO - Imagem encontrada em: Point(x=np.int64(660), y=np.int64(246))
2025-09-09 17:14:03,543 - INFO - Clique realizado em: Point(x=np.int64(660), y=np.int64(246))
2025-09-09 17:14:03,544 - INFO - Configurador acessado com sucesso!
2025-09-09 17:14:04,545 - INFO - Pesquisando tipo 973...
2025-09-09 17:14:04,546 - INFO - Iniciando pesquisa do tipo: 973
2025-09-09 17:14:06,548 - INFO - Passo 1: Procurando e clicando no botão pesquisar tipos...
2025-09-09 17:14:06,550 - INFO - Procurando imagem: img/pesquisar tipos 615.PNG
2025-09-09 17:14:06,636 - INFO - Imagem encontrada em: Point(x=np.int64(620), y=np.int64(78))
2025-09-09 17:14:06,762 - INFO - Clique realizado em: Point(x=np.int64(620), y=np.int64(78))
2025-09-09 17:14:07,263 - INFO - Passo 2: Digitando '973'...
2025-09-09 17:14:07,264 - INFO - Digitando texto: 973
2025-09-09 17:14:07,970 - INFO - Pesquisa do tipo 973 realizada com sucesso!
2025-09-09 17:14:07,971 - INFO - Processo completo executado com sucesso!
2025-09-09 17:14:09,973 - INFO - Navegando com 7x Tab...
2025-09-09 17:14:11,076 - INFO - Tab 1/7 pressionado
2025-09-09 17:14:11,479 - INFO - Tab 2/7 pressionado
2025-09-09 17:14:11,881 - INFO - Tab 3/7 pressionado
2025-09-09 17:14:12,284 - INFO - Tab 4/7 pressionado
2025-09-09 17:14:12,687 - INFO - Tab 5/7 pressionado
2025-09-09 17:14:13,091 - INFO - Tab 6/7 pressionado
2025-09-09 17:14:13,494 - INFO - Tab 7/7 pressionado
2025-09-09 17:14:13,796 - INFO - Navegação com 7x Tab concluída!
2025-09-09 17:14:14,798 - INFO - Processando linha 84
2025-09-09 17:14:14,798 - INFO - === INSERÇÃO SEQUENCIAL CONFIGURADA ===
2025-09-09 17:14:14,799 - INFO - Preenchendo colunas: C até U
2025-09-09 17:14:14,799 - INFO - Total de colunas: 19
2025-09-09 17:14:15,800 - INFO - 📝 INSERINDO C: '1'
2025-09-09 17:14:16,605 - INFO - 📝 INSERINDO D: '70'
2025-09-09 17:14:17,411 - INFO - 📝 INSERINDO E: '2635'
2025-09-09 17:14:18,215 - INFO - 📝 INSERINDO F: 'IN'
2025-09-09 17:14:19,022 - INFO - 📝 INSERINDO G: '35'
2025-09-09 17:14:19,825 - INFO - 📝 INSERINDO H: 'N'
2025-09-09 17:14:20,632 - INFO - 📝 INSERINDO I: 'RB40'
2025-09-09 17:14:21,436 - INFO - 📝 INSERINDO J: '2'
2025-09-09 17:14:22,240 - INFO - 📝 INSERINDO K: '70'
2025-09-09 17:14:23,046 - INFO - 📝 INSERINDO L: '1008'
2025-09-09 17:14:23,854 - INFO - 📝 INSERINDO M: 'IN'
2025-09-09 17:14:24,662 - INFO - 📝 INSERINDO N: '35'
2025-09-09 17:14:25,468 - INFO - 📝 INSERINDO O: 'N'
2025-09-09 17:14:26,273 - INFO - 📝 INSERINDO P: 'RB40'
2025-09-09 17:14:27,079 - INFO - 📝 INSERINDO Q: '1'
2025-09-09 17:14:27,883 - INFO - 📝 INSERINDO R: 'JG'
2025-09-09 17:14:28,692 - INFO - 📝 INSERINDO S: '2103'
2025-09-09 17:14:29,499 - INFO - 📝 INSERINDO T: 'SUSIN'
2025-09-09 17:14:30,312 - INFO - 📝 INSERINDO U: 'SUSIN'
2025-09-09 17:14:30,715 - INFO - Pressionando F2 para finalizar...
2025-09-09 17:14:30,816 - INFO - Aguardando após F2...
2025-09-09 17:14:33,388 - INFO - 
🛑 Execução interrompida pelo usuário.
