2025-09-09 11:32:56,121 - INFO - 🚀 === INICIANDO CADASTRO COMPLETO A PARTIR DO MAIN ===
2025-09-09 11:32:56,121 - INFO - Procurando planilha mais recente em: \\192.168.1.250\Programas\robo custos\lancar
2025-09-09 11:32:56,124 - INFO - Padrão *.xlsx: 1 arquivos encontrados
2025-09-09 11:32:56,124 - INFO - Padrão *.xls: 0 arquivos encontrados
2025-09-09 11:32:56,125 - INFO - Padrão *.csv: 0 arquivos encontrados
2025-09-09 11:32:56,125 - INFO - Total de arquivos encontrados: 1
2025-09-09 11:32:56,126 - INFO - Arquivo: 973.xlsx
2025-09-09 11:32:56,126 - INFO -   Data modificação: Tue Sep  9 11:29:15 2025
2025-09-09 11:32:56,133 - INFO -   Tamanho: 39857 bytes
2025-09-09 11:32:56,133 - INFO - Arquivo mais recente selecionado: 973.xlsx
2025-09-09 11:32:56,133 - INFO -   Caminho: \\192.168.1.250\Programas\robo custos\lancar\973.xlsx
2025-09-09 11:32:56,133 - INFO -   Data: Tue Sep  9 11:29:15 2025
2025-09-09 11:32:56,133 - INFO - Procurando próxima linha sem PA na coluna B (aba (973))...
2025-09-09 11:32:56,834 - INFO - Procurando aba com (973) no nome...
2025-09-09 11:32:56,838 - INFO - Verificando aba: 1 PA BATENTE JG (973)
2025-09-09 11:32:56,838 - INFO - ✅ Aba configurada encontrada: 1 PA BATENTE JG (973)
2025-09-09 11:32:56,839 - INFO - Usando aba: 1 PA BATENTE JG (973)
2025-09-09 11:32:56,852 - INFO - Próxima linha para processar (sem PA na coluna B): 4
2025-09-09 11:32:56,983 - INFO - 
================================================================================
📌 PROCESSANDO LINHA 4 (Sucesso: 0, Falhas: 0)
================================================================================
2025-09-09 11:32:56,983 - INFO - 🔑 PRIMEIRA LINHA - Executando processo completo com login...
2025-09-09 11:32:56,983 - INFO - === INICIANDO PROCESSO COMPLETO COM INSERÇÃO ===
2025-09-09 11:32:56,983 - INFO - Iniciando processo completo...
2025-09-09 11:32:56,983 - INFO - Lendo dados da próxima linha sem PA na coluna B...
2025-09-09 11:32:56,983 - INFO - Procurando planilha mais recente em: \\192.168.1.250\Programas\robo custos\lancar
2025-09-09 11:32:56,984 - INFO - Padrão *.xlsx: 1 arquivos encontrados
2025-09-09 11:32:56,984 - INFO - Padrão *.xls: 0 arquivos encontrados
2025-09-09 11:32:56,984 - INFO - Padrão *.csv: 0 arquivos encontrados
2025-09-09 11:32:56,984 - INFO - Total de arquivos encontrados: 1
2025-09-09 11:32:56,986 - INFO - Arquivo: 973.xlsx
2025-09-09 11:32:56,986 - INFO -   Data modificação: Tue Sep  9 11:29:15 2025
2025-09-09 11:32:56,986 - INFO -   Tamanho: 39857 bytes
2025-09-09 11:32:56,986 - INFO - Arquivo mais recente selecionado: 973.xlsx
2025-09-09 11:32:56,986 - INFO -   Caminho: \\192.168.1.250\Programas\robo custos\lancar\973.xlsx
2025-09-09 11:32:56,986 - INFO -   Data: Tue Sep  9 11:29:15 2025
2025-09-09 11:32:56,987 - INFO - Procurando próxima linha sem PA na coluna B (aba (973))...
2025-09-09 11:32:57,336 - INFO - Procurando aba com (973) no nome...
2025-09-09 11:32:57,339 - INFO - Verificando aba: 1 PA BATENTE JG (973)
2025-09-09 11:32:57,339 - INFO - ✅ Aba configurada encontrada: 1 PA BATENTE JG (973)
2025-09-09 11:32:57,340 - INFO - Usando aba: 1 PA BATENTE JG (973)
2025-09-09 11:32:57,348 - INFO - Próxima linha para processar (sem PA na coluna B): 4
2025-09-09 11:32:57,469 - INFO - Procurando planilha mais recente em: \\192.168.1.250\Programas\robo custos\lancar
2025-09-09 11:32:57,469 - INFO - Padrão *.xlsx: 1 arquivos encontrados
2025-09-09 11:32:57,470 - INFO - Padrão *.xls: 0 arquivos encontrados
2025-09-09 11:32:57,470 - INFO - Padrão *.csv: 0 arquivos encontrados
2025-09-09 11:32:57,470 - INFO - Total de arquivos encontrados: 1
2025-09-09 11:32:57,471 - INFO - Arquivo: 973.xlsx
2025-09-09 11:32:57,471 - INFO -   Data modificação: Tue Sep  9 11:29:15 2025
2025-09-09 11:32:57,472 - INFO -   Tamanho: 39857 bytes
2025-09-09 11:32:57,472 - INFO - Arquivo mais recente selecionado: 973.xlsx
2025-09-09 11:32:57,472 - INFO -   Caminho: \\192.168.1.250\Programas\robo custos\lancar\973.xlsx
2025-09-09 11:32:57,472 - INFO -   Data: Tue Sep  9 11:29:15 2025
2025-09-09 11:32:57,472 - INFO - Abrindo planilha via COM: \\192.168.1.250\Programas\robo custos\lancar\973.xlsx
2025-09-09 11:32:58,156 - INFO - Planilha aberta com sucesso!
2025-09-09 11:32:58,156 - INFO - Procurando aba com (973) no nome...
2025-09-09 11:32:58,160 - INFO - Verificando aba: 1 PA BATENTE JG (973)
2025-09-09 11:32:58,160 - INFO - ✅ Aba configurada encontrada: 1 PA BATENTE JG (973)
2025-09-09 11:32:58,160 - INFO - Usando aba: 1 PA BATENTE JG (973), linha: 4
2025-09-09 11:32:58,160 - INFO - Número extraído do nome da aba '1 PA BATENTE JG (973)': 973
2025-09-09 11:32:58,192 - INFO - Dados lidos da aba configurada - linha 4:
2025-09-09 11:32:58,192 - INFO -   Arquivo: 973.xlsx
2025-09-09 11:32:58,192 - INFO -   Nome da aba: 1 PA BATENTE JG (973)
2025-09-09 11:32:58,193 - INFO -   Número extraído: 973 (✅ CORRETO)
2025-09-09 11:32:58,193 - INFO -   Coluna A (controle): 1 PA BATENTE JG (973)
2025-09-09 11:32:58,193 - INFO -   Coluna B (PA existente): None
2025-09-09 11:32:58,193 - INFO -   📋 COLUNAS CONFIGURADAS (C até U):
2025-09-09 11:32:58,193 - INFO -     Coluna C: 1.0
2025-09-09 11:32:58,193 - INFO -     Coluna D: 90.0
2025-09-09 11:32:58,193 - INFO -     Coluna E: 2135.0
2025-09-09 11:32:58,193 - INFO -     Coluna F: INP
2025-09-09 11:32:58,193 - INFO -     Coluna G: 35.0
2025-09-09 11:32:58,193 - INFO -     Coluna H: N
2025-09-09 11:32:58,193 - INFO -     Coluna I: RB40
2025-09-09 11:32:58,194 - INFO -     Coluna J: 2.0
2025-09-09 11:32:58,194 - INFO -     Coluna K: 90.0
2025-09-09 11:32:58,194 - INFO -     Coluna L: 1008.0
2025-09-09 11:32:58,194 - INFO -     Coluna M: INP
2025-09-09 11:32:58,194 - INFO -     Coluna N: 35.0
2025-09-09 11:32:58,194 - INFO -     Coluna O: N
2025-09-09 11:32:58,194 - INFO -     Coluna P: RB40
2025-09-09 11:32:58,194 - INFO -     Coluna Q: 1.0
2025-09-09 11:32:58,194 - INFO -     Coluna R: JG
2025-09-09 11:32:58,194 - INFO -     Coluna S: 2103.0
2025-09-09 11:32:58,194 - INFO -     Coluna T: SUSIN
2025-09-09 11:32:58,194 - INFO -     Coluna U: SUSIN
2025-09-09 11:32:58,316 - INFO - Executando login...
2025-09-09 11:32:58,317 - INFO - Iniciando execução e login no programa
2025-09-09 11:32:58,318 - INFO - Iniciando programa: \\192.168.1.250\Programas\SYSTEAM\PROGRAMA\Indust\Engenh.exe
2025-09-09 11:32:59,255 - INFO - Programa iniciado com PID: 21280
2025-09-09 11:32:59,255 - INFO - Aguardando abertura da janela do programa...
2025-09-09 11:33:02,257 - INFO - Iniciando processo de login...
2025-09-09 11:33:02,258 - INFO - Inserindo nome de usuário
2025-09-09 11:33:04,470 - INFO - Inserindo senha
2025-09-09 11:33:06,679 - INFO - Usando número de empresa: 200
2025-09-09 11:33:09,892 - INFO - Login realizado com sucesso - Empresa: 200
2025-09-09 11:33:12,894 - INFO - Acessando configurador...
2025-09-09 11:33:12,895 - INFO - Iniciando acesso ao configurador...
2025-09-09 11:33:14,896 - INFO - Passo 1: Procurando e clicando no menu systeam...
2025-09-09 11:33:14,898 - INFO - Procurando imagem: img/menu systeam.PNG
2025-09-09 11:33:14,986 - INFO - Imagem encontrada em: Point(x=np.int64(26), y=np.int64(42))
2025-09-09 11:33:15,119 - INFO - Clique realizado em: Point(x=np.int64(26), y=np.int64(42))
2025-09-09 11:33:15,621 - INFO - Passo 2: Digitando 'configurador'...
2025-09-09 11:33:15,623 - INFO - Digitando texto: configurador
2025-09-09 11:33:16,234 - INFO - Passo 3: Procurando e clicando no módulo...
2025-09-09 11:33:16,234 - INFO - Procurando imagem: img/modulo item por descricao.PNG
2025-09-09 11:33:16,346 - INFO - Imagem encontrada em: Point(x=np.int64(660), y=np.int64(246))
2025-09-09 11:33:16,462 - INFO - Clique realizado em: Point(x=np.int64(660), y=np.int64(246))
2025-09-09 11:33:16,463 - INFO - Configurador acessado com sucesso!
2025-09-09 11:33:17,464 - INFO - Pesquisando tipo 973...
2025-09-09 11:33:17,464 - INFO - Iniciando pesquisa do tipo: 973
2025-09-09 11:33:19,465 - INFO - Passo 1: Procurando e clicando no botão pesquisar tipos...
2025-09-09 11:33:19,466 - INFO - Procurando imagem: img/pesquisar tipos 615.PNG
2025-09-09 11:33:19,551 - INFO - Imagem encontrada em: Point(x=np.int64(620), y=np.int64(78))
2025-09-09 11:33:19,681 - INFO - Clique realizado em: Point(x=np.int64(620), y=np.int64(78))
2025-09-09 11:33:20,183 - INFO - Passo 2: Digitando '973'...
2025-09-09 11:33:20,184 - INFO - Digitando texto: 973
2025-09-09 11:33:20,889 - INFO - Pesquisa do tipo 973 realizada com sucesso!
2025-09-09 11:33:20,890 - INFO - Processo completo executado com sucesso!
2025-09-09 11:33:22,891 - INFO - Navegando com 7x Tab...
2025-09-09 11:33:23,993 - INFO - Tab 1/7 pressionado
2025-09-09 11:33:24,395 - INFO - Tab 2/7 pressionado
2025-09-09 11:33:24,798 - INFO - Tab 3/7 pressionado
2025-09-09 11:33:25,200 - INFO - Tab 4/7 pressionado
2025-09-09 11:33:25,602 - INFO - Tab 5/7 pressionado
2025-09-09 11:33:26,005 - INFO - Tab 6/7 pressionado
2025-09-09 11:33:26,407 - INFO - Tab 7/7 pressionado
2025-09-09 11:33:26,709 - INFO - Navegação com 7x Tab concluída!
2025-09-09 11:33:27,710 - INFO - Processando linha 4
2025-09-09 11:33:27,711 - INFO - === INSERÇÃO SEQUENCIAL CONFIGURADA ===
2025-09-09 11:33:27,712 - INFO - Preenchendo colunas: C até U
2025-09-09 11:33:27,713 - INFO - Total de colunas: 19
2025-09-09 11:33:28,715 - INFO - 📝 INSERINDO C: '1'
2025-09-09 11:33:29,920 - INFO - 📝 INSERINDO D: '90'
2025-09-09 11:33:31,124 - INFO - 📝 INSERINDO E: '2135'
2025-09-09 11:33:32,329 - INFO - 📝 INSERINDO F: 'INP'
2025-09-09 11:33:33,534 - INFO - 📝 INSERINDO G: '35'
2025-09-09 11:33:34,737 - INFO - 📝 INSERINDO H: 'N'
2025-09-09 11:33:35,942 - INFO - 📝 INSERINDO I: 'RB40'
2025-09-09 11:33:37,151 - INFO - 📝 INSERINDO J: '2'
2025-09-09 11:33:38,354 - INFO - 📝 INSERINDO K: '90'
2025-09-09 11:33:39,559 - INFO - 📝 INSERINDO L: '1008'
2025-09-09 11:33:40,764 - INFO - 📝 INSERINDO M: 'INP'
2025-09-09 11:33:41,970 - INFO - 📝 INSERINDO N: '35'
2025-09-09 11:33:43,174 - INFO - 📝 INSERINDO O: 'N'
2025-09-09 11:33:44,377 - INFO - 📝 INSERINDO P: 'RB40'
2025-09-09 11:33:45,582 - INFO - 📝 INSERINDO Q: '1'
2025-09-09 11:33:46,786 - INFO - 📝 INSERINDO R: 'JG'
