2025-09-09 10:23:18,084 - INFO - 🚀 === INICIANDO CADASTRO COMPLETO A PARTIR DO MAIN ===
2025-09-09 10:23:18,084 - INFO - Procurando planilha mais recente em: \\192.168.1.250\Programas\robo custos\lancar
2025-09-09 10:23:18,085 - INFO - Padrão *.xlsx: 1 arquivos encontrados
2025-09-09 10:23:18,085 - INFO - Padrão *.xls: 0 arquivos encontrados
2025-09-09 10:23:18,086 - INFO - Padrão *.csv: 0 arquivos encontrados
2025-09-09 10:23:18,086 - INFO - Total de arquivos encontrados: 1
2025-09-09 10:23:18,087 - INFO - Arquivo: 973.xlsx
2025-09-09 10:23:18,087 - INFO -   Data modificação: Tue Sep  9 10:23:13 2025
2025-09-09 10:23:18,094 - INFO -   Tamanho: 40841 bytes
2025-09-09 10:23:18,094 - INFO - Arquivo mais recente selecionado: 973.xlsx
2025-09-09 10:23:18,094 - INFO -   Caminho: \\192.168.1.250\Programas\robo custos\lancar\973.xlsx
2025-09-09 10:23:18,094 - INFO -   Data: Tue Sep  9 10:23:13 2025
2025-09-09 10:23:18,094 - INFO - Procurando próxima linha sem PA na coluna B (aba (973))...
2025-09-09 10:23:18,469 - INFO - Procurando aba com (973) no nome...
2025-09-09 10:23:18,494 - INFO - Verificando aba: 1 PA BATENTE JG (973)
2025-09-09 10:23:18,494 - INFO - ✅ Aba configurada encontrada: 1 PA BATENTE JG (973)
2025-09-09 10:23:18,495 - INFO - Usando aba: 1 PA BATENTE JG (973)
2025-09-09 10:23:18,661 - INFO - Próxima linha para processar (sem PA na coluna B): 74
2025-09-09 10:23:18,781 - INFO - 
================================================================================
📌 PROCESSANDO LINHA 74 (Sucesso: 0, Falhas: 0)
================================================================================
2025-09-09 10:23:18,782 - INFO - 🔑 PRIMEIRA LINHA - Executando processo completo com login...
2025-09-09 10:23:18,782 - INFO - === INICIANDO PROCESSO COMPLETO COM INSERÇÃO ===
2025-09-09 10:23:18,782 - INFO - Iniciando processo completo...
2025-09-09 10:23:18,782 - INFO - Lendo dados da próxima linha sem PA na coluna B...
2025-09-09 10:23:18,782 - INFO - Procurando planilha mais recente em: \\192.168.1.250\Programas\robo custos\lancar
2025-09-09 10:23:18,783 - INFO - Padrão *.xlsx: 1 arquivos encontrados
2025-09-09 10:23:18,783 - INFO - Padrão *.xls: 0 arquivos encontrados
2025-09-09 10:23:18,783 - INFO - Padrão *.csv: 0 arquivos encontrados
2025-09-09 10:23:18,783 - INFO - Total de arquivos encontrados: 1
2025-09-09 10:23:18,785 - INFO - Arquivo: 973.xlsx
2025-09-09 10:23:18,785 - INFO -   Data modificação: Tue Sep  9 10:23:13 2025
2025-09-09 10:23:18,785 - INFO -   Tamanho: 40841 bytes
2025-09-09 10:23:18,785 - INFO - Arquivo mais recente selecionado: 973.xlsx
2025-09-09 10:23:18,785 - INFO -   Caminho: \\192.168.1.250\Programas\robo custos\lancar\973.xlsx
2025-09-09 10:23:18,785 - INFO -   Data: Tue Sep  9 10:23:13 2025
2025-09-09 10:23:18,785 - INFO - Procurando próxima linha sem PA na coluna B (aba (973))...
2025-09-09 10:23:19,135 - INFO - Procurando aba com (973) no nome...
2025-09-09 10:23:19,160 - INFO - Verificando aba: 1 PA BATENTE JG (973)
2025-09-09 10:23:19,161 - INFO - ✅ Aba configurada encontrada: 1 PA BATENTE JG (973)
2025-09-09 10:23:19,161 - INFO - Usando aba: 1 PA BATENTE JG (973)
2025-09-09 10:23:19,328 - INFO - Próxima linha para processar (sem PA na coluna B): 74
2025-09-09 10:23:19,443 - INFO - Procurando planilha mais recente em: \\192.168.1.250\Programas\robo custos\lancar
2025-09-09 10:23:19,444 - INFO - Padrão *.xlsx: 1 arquivos encontrados
2025-09-09 10:23:19,444 - INFO - Padrão *.xls: 0 arquivos encontrados
2025-09-09 10:23:19,444 - INFO - Padrão *.csv: 0 arquivos encontrados
2025-09-09 10:23:19,444 - INFO - Total de arquivos encontrados: 1
2025-09-09 10:23:19,445 - INFO - Arquivo: 973.xlsx
2025-09-09 10:23:19,445 - INFO -   Data modificação: Tue Sep  9 10:23:13 2025
2025-09-09 10:23:19,446 - INFO -   Tamanho: 40841 bytes
2025-09-09 10:23:19,446 - INFO - Arquivo mais recente selecionado: 973.xlsx
2025-09-09 10:23:19,446 - INFO -   Caminho: \\192.168.1.250\Programas\robo custos\lancar\973.xlsx
2025-09-09 10:23:19,446 - INFO -   Data: Tue Sep  9 10:23:13 2025
2025-09-09 10:23:19,446 - INFO - Abrindo planilha via COM: \\192.168.1.250\Programas\robo custos\lancar\973.xlsx
2025-09-09 10:23:19,808 - INFO - Planilha aberta com sucesso!
2025-09-09 10:23:19,808 - INFO - Procurando aba com (973) no nome...
2025-09-09 10:23:19,831 - INFO - Verificando aba: 1 PA BATENTE JG (973)
2025-09-09 10:23:19,832 - INFO - ✅ Aba configurada encontrada: 1 PA BATENTE JG (973)
2025-09-09 10:23:19,832 - INFO - Usando aba: 1 PA BATENTE JG (973), linha: 74
2025-09-09 10:23:19,832 - INFO - Número extraído do nome da aba '1 PA BATENTE JG (973)': 973
2025-09-09 10:23:19,858 - INFO - Dados lidos da aba configurada - linha 74:
2025-09-09 10:23:19,858 - INFO -   Arquivo: 973.xlsx
2025-09-09 10:23:19,858 - INFO -   Nome da aba: 1 PA BATENTE JG (973)
2025-09-09 10:23:19,858 - INFO -   Número extraído: 973 (✅ CORRETO)
2025-09-09 10:23:19,858 - INFO -   Coluna A (controle): 1 PA BATENTE JG (973)
2025-09-09 10:23:19,858 - INFO -   Coluna B (PA existente): None
2025-09-09 10:23:19,858 - INFO -   📋 COLUNAS CONFIGURADAS (C até U):
2025-09-09 10:23:19,858 - INFO -     Coluna C: 1.0
2025-09-09 10:23:19,858 - INFO -     Coluna D: 230.0
2025-09-09 10:23:19,859 - INFO -     Coluna E: 2135.0
2025-09-09 10:23:19,859 - INFO -     Coluna F: INPAL
2025-09-09 10:23:19,859 - INFO -     Coluna G: 35.0
2025-09-09 10:23:19,859 - INFO -     Coluna H: N
2025-09-09 10:23:19,859 - INFO -     Coluna I: RB40
2025-09-09 10:23:19,859 - INFO -     Coluna J: 2.0
2025-09-09 10:23:19,859 - INFO -     Coluna K: 230.0
2025-09-09 10:23:19,859 - INFO -     Coluna L: 1008.0
2025-09-09 10:23:19,859 - INFO -     Coluna M: INPAL
2025-09-09 10:23:19,859 - INFO -     Coluna N: 35.0
2025-09-09 10:23:19,859 - INFO -     Coluna O: N
2025-09-09 10:23:19,859 - INFO -     Coluna P: RB40
2025-09-09 10:23:19,859 - INFO -     Coluna Q: 1.0
2025-09-09 10:23:19,859 - INFO -     Coluna R: JG
2025-09-09 10:23:19,860 - INFO -     Coluna S: 2103.0
2025-09-09 10:23:19,860 - INFO -     Coluna T: SUSIN
2025-09-09 10:23:19,860 - INFO -     Coluna U: SUSIN
2025-09-09 10:23:19,973 - INFO - Executando login...
2025-09-09 10:23:19,973 - INFO - Iniciando execução e login no programa
2025-09-09 10:23:19,974 - INFO - Iniciando programa: \\192.168.1.250\Programas\SYSTEAM\PROGRAMA\Indust\Engenh.exe
2025-09-09 10:23:19,995 - INFO - Programa iniciado com PID: 9668
2025-09-09 10:23:19,995 - INFO - Aguardando abertura da janela do programa...
2025-09-09 10:23:22,996 - INFO - Iniciando processo de login...
2025-09-09 10:23:22,997 - INFO - Inserindo nome de usuário
2025-09-09 10:23:25,204 - INFO - Inserindo senha
2025-09-09 10:23:27,410 - INFO - Usando número de empresa: 200
2025-09-09 10:23:30,620 - INFO - Login realizado com sucesso - Empresa: 200
2025-09-09 10:23:33,622 - INFO - Acessando configurador...
2025-09-09 10:23:33,623 - INFO - Iniciando acesso ao configurador...
2025-09-09 10:23:35,624 - INFO - Passo 1: Procurando e clicando no menu systeam...
2025-09-09 10:23:35,626 - INFO - Procurando imagem: img/menu systeam.PNG
2025-09-09 10:23:35,756 - INFO - Imagem encontrada em: Point(x=np.int64(26), y=np.int64(42))
2025-09-09 10:23:35,858 - INFO - Clique realizado em: Point(x=np.int64(26), y=np.int64(42))
2025-09-09 10:23:36,360 - INFO - Passo 2: Digitando 'configurador'...
2025-09-09 10:23:36,361 - INFO - Digitando texto: configurador
2025-09-09 10:23:36,973 - INFO - Passo 3: Procurando e clicando no módulo...
2025-09-09 10:23:36,974 - INFO - Procurando imagem: img/modulo item por descricao.PNG
2025-09-09 10:23:37,095 - INFO - Imagem encontrada em: Point(x=np.int64(660), y=np.int64(246))
2025-09-09 10:23:37,203 - INFO - Clique realizado em: Point(x=np.int64(660), y=np.int64(246))
2025-09-09 10:23:37,204 - INFO - Configurador acessado com sucesso!
2025-09-09 10:23:38,204 - INFO - Pesquisando tipo 973...
2025-09-09 10:23:38,205 - INFO - Iniciando pesquisa do tipo: 973
2025-09-09 10:23:40,206 - INFO - Passo 1: Procurando e clicando no botão pesquisar tipos...
2025-09-09 10:23:40,207 - INFO - Procurando imagem: img/pesquisar tipos 615.PNG
2025-09-09 10:23:40,304 - INFO - Imagem encontrada em: Point(x=np.int64(620), y=np.int64(78))
2025-09-09 10:23:40,422 - INFO - Clique realizado em: Point(x=np.int64(620), y=np.int64(78))
2025-09-09 10:23:40,923 - INFO - Passo 2: Digitando '973'...
2025-09-09 10:23:40,925 - INFO - Digitando texto: 973
2025-09-09 10:23:41,632 - INFO - Pesquisa do tipo 973 realizada com sucesso!
2025-09-09 10:23:41,633 - INFO - Processo completo executado com sucesso!
2025-09-09 10:23:43,634 - INFO - Navegando com 7x Tab...
2025-09-09 10:23:44,737 - INFO - Tab 1/7 pressionado
2025-09-09 10:23:45,140 - INFO - Tab 2/7 pressionado
2025-09-09 10:23:45,543 - INFO - Tab 3/7 pressionado
2025-09-09 10:23:45,945 - INFO - Tab 4/7 pressionado
2025-09-09 10:23:46,347 - INFO - Tab 5/7 pressionado
2025-09-09 10:23:46,750 - INFO - Tab 6/7 pressionado
2025-09-09 10:23:47,153 - INFO - Tab 7/7 pressionado
2025-09-09 10:23:47,453 - INFO - Navegação com 7x Tab concluída!
2025-09-09 10:23:48,455 - INFO - Processando linha 74
2025-09-09 10:23:48,455 - INFO - === INSERÇÃO SEQUENCIAL CONFIGURADA ===
2025-09-09 10:23:48,455 - INFO - Preenchendo colunas: C até U
2025-09-09 10:23:48,455 - INFO - Total de colunas: 19
2025-09-09 10:23:49,457 - INFO - 📝 INSERINDO C: '1'
2025-09-09 10:23:50,260 - INFO - 📝 INSERINDO D: '230'
2025-09-09 10:23:51,073 - INFO - 📝 INSERINDO E: '2135'
2025-09-09 10:23:51,876 - INFO - 📝 INSERINDO F: 'INPAL'
2025-09-09 10:23:52,686 - INFO - 📝 INSERINDO G: '35'
2025-09-09 10:23:53,489 - INFO - 📝 INSERINDO H: 'N'
2025-09-09 10:23:54,294 - INFO - 📝 INSERINDO I: 'RB40'
2025-09-09 10:23:55,099 - INFO - 📝 INSERINDO J: '2'
2025-09-09 10:23:55,917 - INFO - 📝 INSERINDO K: '230'
2025-09-09 10:23:56,723 - INFO - 📝 INSERINDO L: '1008'
2025-09-09 10:23:57,542 - INFO - 📝 INSERINDO M: 'INPAL'
2025-09-09 10:23:58,352 - INFO - 📝 INSERINDO N: '35'
2025-09-09 10:23:59,156 - INFO - 📝 INSERINDO O: 'N'
2025-09-09 10:23:59,961 - INFO - 📝 INSERINDO P: 'RB40'
2025-09-09 10:24:00,771 - INFO - 📝 INSERINDO Q: '1'
2025-09-09 10:24:01,574 - INFO - 📝 INSERINDO R: 'JG'
2025-09-09 10:24:02,379 - INFO - 📝 INSERINDO S: '2103'
2025-09-09 10:24:03,184 - INFO - 📝 INSERINDO T: 'SUSIN'
2025-09-09 10:24:03,995 - INFO - 📝 INSERINDO U: 'SUSIN'
2025-09-09 10:24:04,403 - INFO - Pressionando F2 para finalizar...
2025-09-09 10:24:04,505 - INFO - Aguardando após F2...
2025-09-09 10:24:07,506 - INFO - ✅ Inserção configurada concluída!
2025-09-09 10:24:07,507 - INFO - === PROCESSANDO RESULTADO APÓS F2 ===
2025-09-09 10:24:10,712 - INFO - ♻️ ITEM JÁ CADASTRADO - janela informacao.PNG encontrada diretamente!
2025-09-09 10:24:10,713 - INFO - Extraindo PA da janela na posição: Box(left=np.int64(675), top=np.int64(408), width=57, height=76)
2025-09-09 10:24:10,713 - INFO - Capturando região da tela para OCR...
2025-09-09 10:24:10,747 - INFO - Iniciando pré-processamento da imagem para melhorar a leitura...
2025-09-09 10:24:10,801 - INFO - 💾 Imagem pré-processada para OCR salva como: DEBUG_imagem_para_ocr_1757424250.png
2025-09-09 10:24:10,988 - INFO - 📄 TEXTO EXTRAÍDO DA IMAGEM PROCESSADA:
Informação x
Descrição Completa “CAIXILHO MADEIRA REFLORESTADA JG
8726 - PALHA RB40 - REB 40,5 €/2 PCS LAT. 2135 X230X35 E 1
PC SUP. 1008 X 230 X 35 MM EMB. 2103 FECH. S/USIN DOS.
S/USIN UM. 10-16%” já cadastrada para o item “PA127448"

2025-09-09 10:24:10,988 - INFO - Texto original do OCR: 'Informação x\nDescrição Completa “CAIXILHO MADEIRA REFLORESTADA JG\n8726 - PALHA RB40 - REB 40,5 €/2 PCS LAT. 2135 X230X35 E 1\nPC SUP. 1008 X 230 X 35 MM EMB. 2103 FECH. S/USIN DOS.\nS/USIN UM. 10-16%” já cadastrada para o item “PA127448"\n'
2025-09-09 10:24:10,988 - INFO - Texto após correções automáticas: '1NF0RMAÇÃ0 X DE5CR1ÇÃ0 C0MPLE7A “CA1X1LH0 MADE1RA REFL0RE57ADA JG 8726 - PALHA R840 - RE8 40,5 €/2 PC5 LA7. 2135 X230X35 E 1 PC 5UP. 1008 X 230 X 35 MM EM8. 2103 FECH. 5/U51N D05. 5/U51N UM. 10-16%” JÁ CADA57RADA PARA 0 17EM “PA127448" '
2025-09-09 10:24:10,989 - INFO - Testando padrão numérico 1: ITEM\s*[\'"]?PA(\d{4,8})[\'"]?
2025-09-09 10:24:10,989 - INFO - Testando padrão numérico 2: CADASTRAD[AO]\s+PARA\s+O\s+ITEM\s*[\'"]?PA(\d{4,8})[\'"]?
2025-09-09 10:24:10,990 - INFO - Testando padrão numérico 3: PA(\d{4,8})
2025-09-09 10:24:10,990 - INFO - ✓ SUCESSO! PA numérico extraído com padrão 3: PA127448
2025-09-09 10:24:12,092 - INFO - ✅ PA EXTRAÍDO: PA127448
2025-09-09 10:24:12,093 - INFO - Procurando planilha mais recente em: \\192.168.1.250\Programas\robo custos\lancar
2025-09-09 10:24:12,096 - INFO - Padrão *.xlsx: 1 arquivos encontrados
2025-09-09 10:24:12,097 - INFO - Padrão *.xls: 0 arquivos encontrados
2025-09-09 10:24:12,097 - INFO - Padrão *.csv: 0 arquivos encontrados
2025-09-09 10:24:12,098 - INFO - Total de arquivos encontrados: 1
2025-09-09 10:24:12,100 - INFO - Arquivo: 973.xlsx
2025-09-09 10:24:12,101 - INFO -   Data modificação: Tue Sep  9 10:23:13 2025
2025-09-09 10:24:12,101 - INFO -   Tamanho: 40841 bytes
2025-09-09 10:24:12,102 - INFO - Arquivo mais recente selecionado: 973.xlsx
2025-09-09 10:24:12,102 - INFO -   Caminho: \\192.168.1.250\Programas\robo custos\lancar\973.xlsx
2025-09-09 10:24:12,103 - INFO -   Data: Tue Sep  9 10:23:13 2025
2025-09-09 10:24:12,103 - INFO - Abrindo planilha '973.xlsx' para salvar o PA...
2025-09-09 10:24:12,506 - INFO - Procurando aba com (973) no nome...
2025-09-09 10:24:12,531 - INFO - Verificando aba: 1 PA BATENTE JG (973)
2025-09-09 10:24:12,531 - INFO - ✅ Aba configurada encontrada: 1 PA BATENTE JG (973)
2025-09-09 10:24:12,532 - INFO - Usando aba: 1 PA BATENTE JG (973)
2025-09-09 10:24:12,532 - INFO - Escrevendo o código 'PA127448' na célula B74...
2025-09-09 10:24:12,535 - INFO - Salvando o ficheiro Excel...
2025-09-09 10:24:12,785 - INFO - Fechando o ficheiro Excel...
2025-09-09 10:24:12,808 - INFO - Encerrando a instância do Excel...
2025-09-09 10:24:12,902 - INFO - Aguardando 1 segundo para garantir que o ficheiro foi atualizado na rede...
2025-09-09 10:24:13,903 - INFO - ✅ Código PA salvo na aba configurada - linha 74.
2025-09-09 10:24:13,905 - INFO - === PROCESSO COMPLETO COM INSERÇÃO FINALIZADO ===
2025-09-09 10:24:13,905 - INFO - ⏸️ Pausa 
2025-09-09 10:24:14,906 - INFO - Procurando planilha mais recente em: \\192.168.1.250\Programas\robo custos\lancar
2025-09-09 10:24:14,907 - INFO - Padrão *.xlsx: 1 arquivos encontrados
2025-09-09 10:24:14,908 - INFO - Padrão *.xls: 0 arquivos encontrados
2025-09-09 10:24:14,909 - INFO - Padrão *.csv: 0 arquivos encontrados
2025-09-09 10:24:14,909 - INFO - Total de arquivos encontrados: 1
2025-09-09 10:24:14,911 - INFO - Arquivo: 973.xlsx
2025-09-09 10:24:14,912 - INFO -   Data modificação: Tue Sep  9 10:24:12 2025
2025-09-09 10:24:14,912 - INFO -   Tamanho: 40853 bytes
2025-09-09 10:24:14,912 - INFO - Arquivo mais recente selecionado: 973.xlsx
2025-09-09 10:24:14,913 - INFO -   Caminho: \\192.168.1.250\Programas\robo custos\lancar\973.xlsx
2025-09-09 10:24:14,913 - INFO -   Data: Tue Sep  9 10:24:12 2025
2025-09-09 10:24:14,913 - INFO - Procurando próxima linha sem PA na coluna B (aba (973))...
2025-09-09 10:24:15,276 - INFO - Procurando aba com (973) no nome...
2025-09-09 10:24:15,300 - INFO - Verificando aba: 1 PA BATENTE JG (973)
2025-09-09 10:24:15,300 - INFO - ✅ Aba configurada encontrada: 1 PA BATENTE JG (973)
2025-09-09 10:24:15,301 - INFO - Usando aba: 1 PA BATENTE JG (973)
2025-09-09 10:24:15,987 - INFO - Fim dos dados na linha 228
2025-09-09 10:24:15,988 - INFO - Todas as linhas já foram processadas!
2025-09-09 10:24:16,102 - INFO - 🎉 === TODAS AS LINHAS FORAM PROCESSADAS! ===
2025-09-09 10:24:16,102 - INFO - 
================================================================================
🏁 === CADASTRO COMPLETO FINALIZADO ===
   ✅ Sucesso: 1
   ❌ Falhas: 0
================================================================================
2025-09-09 10:24:16,102 - INFO - 🎉 === ROBÔ EXECUTADO COM SUCESSO TOTAL! ===
2025-09-09 10:24:16,102 - INFO - Sistema finalizado. Pressione Ctrl+C para sair.
2025-09-09 10:36:21,610 - INFO - 
🛑 Execução interrompida pelo usuário.
