2025-09-09 11:29:26,205 - INFO - 🚀 === INICIANDO CADASTRO COMPLETO A PARTIR DO MAIN ===
2025-09-09 11:29:26,205 - INFO - Procurando planilha mais recente em: \\192.168.1.250\Programas\robo custos\lancar
2025-09-09 11:29:26,206 - INFO - Padrão *.xlsx: 1 arquivos encontrados
2025-09-09 11:29:26,206 - INFO - Padrão *.xls: 0 arquivos encontrados
2025-09-09 11:29:26,206 - INFO - Padrão *.csv: 0 arquivos encontrados
2025-09-09 11:29:26,206 - INFO - Total de arquivos encontrados: 1
2025-09-09 11:29:26,208 - INFO - Arquivo: 973.xlsx
2025-09-09 11:29:26,208 - INFO -   Data modificação: Tue Sep  9 11:29:15 2025
2025-09-09 11:29:26,209 - INFO -   Tamanho: 39857 bytes
2025-09-09 11:29:26,209 - INFO - Arquivo mais recente selecionado: 973.xlsx
2025-09-09 11:29:26,209 - INFO -   Caminho: \\192.168.1.250\Programas\robo custos\lancar\973.xlsx
2025-09-09 11:29:26,209 - INFO -   Data: Tue Sep  9 11:29:15 2025
2025-09-09 11:29:26,209 - INFO - Procurando próxima linha sem PA na coluna B (aba (973))...
2025-09-09 11:29:26,724 - INFO - Procurando aba com (973) no nome...
2025-09-09 11:29:26,739 - INFO - Verificando aba: 1 PA BATENTE JG (973)
2025-09-09 11:29:26,740 - INFO - ✅ Aba configurada encontrada: 1 PA BATENTE JG (973)
2025-09-09 11:29:26,740 - INFO - Usando aba: 1 PA BATENTE JG (973)
2025-09-09 11:29:26,752 - INFO - Próxima linha para processar (sem PA na coluna B): 4
2025-09-09 11:29:26,877 - INFO - 
================================================================================
📌 PROCESSANDO LINHA 4 (Sucesso: 0, Falhas: 0)
================================================================================
2025-09-09 11:29:26,878 - INFO - 🔑 PRIMEIRA LINHA - Executando processo completo com login...
2025-09-09 11:29:26,878 - INFO - === INICIANDO PROCESSO COMPLETO COM INSERÇÃO ===
2025-09-09 11:29:26,878 - INFO - Iniciando processo completo...
2025-09-09 11:29:26,878 - INFO - Lendo dados da próxima linha sem PA na coluna B...
2025-09-09 11:29:26,878 - INFO - Procurando planilha mais recente em: \\192.168.1.250\Programas\robo custos\lancar
2025-09-09 11:29:26,879 - INFO - Padrão *.xlsx: 1 arquivos encontrados
2025-09-09 11:29:26,879 - INFO - Padrão *.xls: 0 arquivos encontrados
2025-09-09 11:29:26,879 - INFO - Padrão *.csv: 0 arquivos encontrados
2025-09-09 11:29:26,879 - INFO - Total de arquivos encontrados: 1
2025-09-09 11:29:26,880 - INFO - Arquivo: 973.xlsx
2025-09-09 11:29:26,881 - INFO -   Data modificação: Tue Sep  9 11:29:15 2025
2025-09-09 11:29:26,881 - INFO -   Tamanho: 39857 bytes
2025-09-09 11:29:26,881 - INFO - Arquivo mais recente selecionado: 973.xlsx
2025-09-09 11:29:26,881 - INFO -   Caminho: \\192.168.1.250\Programas\robo custos\lancar\973.xlsx
2025-09-09 11:29:26,881 - INFO -   Data: Tue Sep  9 11:29:15 2025
2025-09-09 11:29:26,881 - INFO - Procurando próxima linha sem PA na coluna B (aba (973))...
2025-09-09 11:29:27,233 - INFO - Procurando aba com (973) no nome...
2025-09-09 11:29:27,237 - INFO - Verificando aba: 1 PA BATENTE JG (973)
2025-09-09 11:29:27,237 - INFO - ✅ Aba configurada encontrada: 1 PA BATENTE JG (973)
2025-09-09 11:29:27,237 - INFO - Usando aba: 1 PA BATENTE JG (973)
2025-09-09 11:29:27,245 - INFO - Próxima linha para processar (sem PA na coluna B): 4
2025-09-09 11:29:27,371 - INFO - Procurando planilha mais recente em: \\192.168.1.250\Programas\robo custos\lancar
2025-09-09 11:29:27,371 - INFO - Padrão *.xlsx: 1 arquivos encontrados
2025-09-09 11:29:27,372 - INFO - Padrão *.xls: 0 arquivos encontrados
2025-09-09 11:29:27,372 - INFO - Padrão *.csv: 0 arquivos encontrados
2025-09-09 11:29:27,372 - INFO - Total de arquivos encontrados: 1
2025-09-09 11:29:27,373 - INFO - Arquivo: 973.xlsx
2025-09-09 11:29:27,374 - INFO -   Data modificação: Tue Sep  9 11:29:15 2025
2025-09-09 11:29:27,374 - INFO -   Tamanho: 39857 bytes
2025-09-09 11:29:27,374 - INFO - Arquivo mais recente selecionado: 973.xlsx
2025-09-09 11:29:27,374 - INFO -   Caminho: \\192.168.1.250\Programas\robo custos\lancar\973.xlsx
2025-09-09 11:29:27,374 - INFO -   Data: Tue Sep  9 11:29:15 2025
2025-09-09 11:29:27,374 - INFO - Abrindo planilha via COM: \\192.168.1.250\Programas\robo custos\lancar\973.xlsx
2025-09-09 11:29:27,743 - INFO - Planilha aberta com sucesso!
2025-09-09 11:29:27,743 - INFO - Procurando aba com (973) no nome...
2025-09-09 11:29:27,745 - INFO - Verificando aba: 1 PA BATENTE JG (973)
2025-09-09 11:29:27,745 - INFO - ✅ Aba configurada encontrada: 1 PA BATENTE JG (973)
2025-09-09 11:29:27,746 - INFO - Usando aba: 1 PA BATENTE JG (973), linha: 4
2025-09-09 11:29:27,746 - INFO - Número extraído do nome da aba '1 PA BATENTE JG (973)': 973
2025-09-09 11:29:27,773 - INFO - Dados lidos da aba configurada - linha 4:
2025-09-09 11:29:27,773 - INFO -   Arquivo: 973.xlsx
2025-09-09 11:29:27,774 - INFO -   Nome da aba: 1 PA BATENTE JG (973)
2025-09-09 11:29:27,774 - INFO -   Número extraído: 973 (✅ CORRETO)
2025-09-09 11:29:27,774 - INFO -   Coluna A (controle): 1 PA BATENTE JG (973)
2025-09-09 11:29:27,774 - INFO -   Coluna B (PA existente): None
2025-09-09 11:29:27,774 - INFO -   📋 COLUNAS CONFIGURADAS (C até U):
2025-09-09 11:29:27,774 - INFO -     Coluna C: 1.0
2025-09-09 11:29:27,774 - INFO -     Coluna D: 90.0
2025-09-09 11:29:27,774 - INFO -     Coluna E: 2135.0
2025-09-09 11:29:27,774 - INFO -     Coluna F: INP
2025-09-09 11:29:27,774 - INFO -     Coluna G: 35.0
2025-09-09 11:29:27,774 - INFO -     Coluna H: N
2025-09-09 11:29:27,774 - INFO -     Coluna I: RB40
2025-09-09 11:29:27,774 - INFO -     Coluna J: 2.0
2025-09-09 11:29:27,775 - INFO -     Coluna K: 90.0
2025-09-09 11:29:27,775 - INFO -     Coluna L: 1008.0
2025-09-09 11:29:27,775 - INFO -     Coluna M: INP
2025-09-09 11:29:27,775 - INFO -     Coluna N: 35.0
2025-09-09 11:29:27,775 - INFO -     Coluna O: N
2025-09-09 11:29:27,775 - INFO -     Coluna P: RB40
2025-09-09 11:29:27,775 - INFO -     Coluna Q: 1.0
2025-09-09 11:29:27,775 - INFO -     Coluna R: JG
2025-09-09 11:29:27,775 - INFO -     Coluna S: 2103.0
2025-09-09 11:29:27,775 - INFO -     Coluna T: SUSIN
2025-09-09 11:29:27,775 - INFO -     Coluna U: SUSIN
2025-09-09 11:29:27,897 - INFO - Executando login...
2025-09-09 11:29:27,897 - INFO - Iniciando execução e login no programa
2025-09-09 11:29:27,899 - INFO - Iniciando programa: \\192.168.1.250\Programas\SYSTEAM\PROGRAMA\Indust\Engenh.exe
2025-09-09 11:29:28,745 - INFO - Programa iniciado com PID: 13372
2025-09-09 11:29:28,745 - INFO - Aguardando abertura da janela do programa...
2025-09-09 11:29:31,747 - INFO - Iniciando processo de login...
2025-09-09 11:29:31,748 - INFO - Inserindo nome de usuário
2025-09-09 11:29:33,958 - INFO - Inserindo senha
2025-09-09 11:29:36,169 - INFO - Usando número de empresa: 200
2025-09-09 11:29:39,380 - INFO - Login realizado com sucesso - Empresa: 200
2025-09-09 11:29:42,381 - INFO - Acessando configurador...
2025-09-09 11:29:42,382 - INFO - Iniciando acesso ao configurador...
2025-09-09 11:29:44,384 - INFO - Passo 1: Procurando e clicando no menu systeam...
2025-09-09 11:29:44,386 - INFO - Procurando imagem: img/menu systeam.PNG
2025-09-09 11:29:44,489 - INFO - Imagem encontrada em: Point(x=np.int64(26), y=np.int64(42))
2025-09-09 11:29:44,620 - INFO - Clique realizado em: Point(x=np.int64(26), y=np.int64(42))
2025-09-09 11:29:45,121 - INFO - Passo 2: Digitando 'configurador'...
2025-09-09 11:29:45,123 - INFO - Digitando texto: configurador
2025-09-09 11:29:45,729 - INFO - Passo 3: Procurando e clicando no módulo...
2025-09-09 11:29:45,730 - INFO - Procurando imagem: img/modulo item por descricao.PNG
2025-09-09 11:29:45,806 - INFO - Imagem encontrada em: Point(x=np.int64(660), y=np.int64(246))
2025-09-09 11:29:45,933 - INFO - Clique realizado em: Point(x=np.int64(660), y=np.int64(246))
2025-09-09 11:29:45,934 - INFO - Configurador acessado com sucesso!
2025-09-09 11:29:46,934 - INFO - Pesquisando tipo 973...
2025-09-09 11:29:46,935 - INFO - Iniciando pesquisa do tipo: 973
2025-09-09 11:29:48,936 - INFO - Passo 1: Procurando e clicando no botão pesquisar tipos...
2025-09-09 11:29:48,938 - INFO - Procurando imagem: img/pesquisar tipos 615.PNG
2025-09-09 11:29:49,016 - INFO - Imagem encontrada em: Point(x=np.int64(620), y=np.int64(78))
2025-09-09 11:29:49,120 - INFO - Clique realizado em: Point(x=np.int64(620), y=np.int64(78))
2025-09-09 11:29:49,621 - INFO - Passo 2: Digitando '973'...
2025-09-09 11:29:49,622 - INFO - Digitando texto: 973
2025-09-09 11:29:50,326 - INFO - Pesquisa do tipo 973 realizada com sucesso!
2025-09-09 11:29:50,327 - INFO - Processo completo executado com sucesso!
2025-09-09 11:29:52,329 - INFO - Navegando com 7x Tab...
2025-09-09 11:29:53,432 - INFO - Tab 1/7 pressionado
2025-09-09 11:29:53,834 - INFO - Tab 2/7 pressionado
2025-09-09 11:29:54,237 - INFO - Tab 3/7 pressionado
2025-09-09 11:29:54,640 - INFO - Tab 4/7 pressionado
2025-09-09 11:29:55,042 - INFO - Tab 5/7 pressionado
2025-09-09 11:29:55,444 - INFO - Tab 6/7 pressionado
2025-09-09 11:29:55,846 - INFO - Tab 7/7 pressionado
2025-09-09 11:29:56,148 - INFO - Navegação com 7x Tab concluída!
2025-09-09 11:29:57,149 - INFO - Processando linha 4
2025-09-09 11:29:57,150 - INFO - === INSERÇÃO SEQUENCIAL CONFIGURADA ===
2025-09-09 11:29:57,151 - INFO - Preenchendo colunas: C até U
2025-09-09 11:29:57,152 - INFO - Total de colunas: 19
2025-09-09 11:29:58,154 - INFO - 📝 INSERINDO C: '1'
2025-09-09 11:29:59,158 - INFO - 📝 INSERINDO D: '90'
2025-09-09 11:30:00,162 - INFO - 📝 INSERINDO E: '2135'
2025-09-09 11:30:01,170 - INFO - 📝 INSERINDO F: 'INP'
2025-09-09 11:30:02,177 - INFO - 📝 INSERINDO G: '35'
2025-09-09 11:30:03,182 - INFO - 📝 INSERINDO H: 'N'
2025-09-09 11:30:04,186 - INFO - 📝 INSERINDO I: 'RB40'
2025-09-09 11:30:05,193 - INFO - 📝 INSERINDO J: '2'
2025-09-09 11:30:06,198 - INFO - 📝 INSERINDO K: '90'
2025-09-09 11:30:07,202 - INFO - 📝 INSERINDO L: '1008'
2025-09-09 11:30:08,209 - INFO - 📝 INSERINDO M: 'INP'
2025-09-09 11:30:09,219 - INFO - 📝 INSERINDO N: '35'
2025-09-09 11:30:09,301 - INFO - 
🛑 Execução interrompida pelo usuário.
