2025-09-09 10:58:35,792 - INFO - 🚀 === INICIANDO CADASTRO COMPLETO A PARTIR DO MAIN ===
2025-09-09 10:58:35,793 - INFO - Procurando planilha mais recente em: \\192.168.1.250\Programas\robo custos\lancar
2025-09-09 10:58:35,795 - INFO - Padrão *.xlsx: 1 arquivos encontrados
2025-09-09 10:58:35,796 - INFO - Padrão *.xls: 0 arquivos encontrados
2025-09-09 10:58:35,796 - INFO - Padrão *.csv: 0 arquivos encontrados
2025-09-09 10:58:35,796 - INFO - Total de arquivos encontrados: 1
2025-09-09 10:58:35,797 - INFO - Arquivo: 973.xlsx
2025-09-09 10:58:35,797 - INFO -   Data modificação: Tue Sep  9 10:47:03 2025
2025-09-09 10:58:35,799 - INFO -   Tamanho: 39883 bytes
2025-09-09 10:58:35,799 - INFO - Arquivo mais recente selecionado: 973.xlsx
2025-09-09 10:58:35,800 - INFO -   Caminho: \\192.168.1.250\Programas\robo custos\lancar\973.xlsx
2025-09-09 10:58:35,800 - INFO -   Data: Tue Sep  9 10:47:03 2025
2025-09-09 10:58:35,800 - INFO - Procurando próxima linha sem PA na coluna B (aba (973))...
2025-09-09 10:58:36,176 - INFO - Procurando aba com (973) no nome...
2025-09-09 10:58:36,199 - INFO - Verificando aba: 1 PA BATENTE JG (973)
2025-09-09 10:58:36,199 - INFO - ✅ Aba configurada encontrada: 1 PA BATENTE JG (973)
2025-09-09 10:58:36,200 - INFO - Usando aba: 1 PA BATENTE JG (973)
2025-09-09 10:58:36,207 - INFO - Próxima linha para processar (sem PA na coluna B): 4
2025-09-09 10:58:36,334 - INFO - 
================================================================================
📌 PROCESSANDO LINHA 4 (Sucesso: 0, Falhas: 0)
================================================================================
2025-09-09 10:58:36,334 - INFO - 🔑 PRIMEIRA LINHA - Executando processo completo com login...
2025-09-09 10:58:36,334 - INFO - === INICIANDO PROCESSO COMPLETO COM INSERÇÃO ===
2025-09-09 10:58:36,334 - INFO - Iniciando processo completo...
2025-09-09 10:58:36,334 - INFO - Lendo dados da próxima linha sem PA na coluna B...
2025-09-09 10:58:36,334 - INFO - Procurando planilha mais recente em: \\192.168.1.250\Programas\robo custos\lancar
2025-09-09 10:58:36,335 - INFO - Padrão *.xlsx: 1 arquivos encontrados
2025-09-09 10:58:36,335 - INFO - Padrão *.xls: 0 arquivos encontrados
2025-09-09 10:58:36,335 - INFO - Padrão *.csv: 0 arquivos encontrados
2025-09-09 10:58:36,335 - INFO - Total de arquivos encontrados: 1
2025-09-09 10:58:36,337 - INFO - Arquivo: 973.xlsx
2025-09-09 10:58:36,338 - INFO -   Data modificação: Tue Sep  9 10:47:03 2025
2025-09-09 10:58:36,338 - INFO -   Tamanho: 39883 bytes
2025-09-09 10:58:36,338 - INFO - Arquivo mais recente selecionado: 973.xlsx
2025-09-09 10:58:36,338 - INFO -   Caminho: \\192.168.1.250\Programas\robo custos\lancar\973.xlsx
2025-09-09 10:58:36,338 - INFO -   Data: Tue Sep  9 10:47:03 2025
2025-09-09 10:58:36,338 - INFO - Procurando próxima linha sem PA na coluna B (aba (973))...
2025-09-09 10:58:36,683 - INFO - Procurando aba com (973) no nome...
2025-09-09 10:58:36,706 - INFO - Verificando aba: 1 PA BATENTE JG (973)
2025-09-09 10:58:36,706 - INFO - ✅ Aba configurada encontrada: 1 PA BATENTE JG (973)
2025-09-09 10:58:36,706 - INFO - Usando aba: 1 PA BATENTE JG (973)
2025-09-09 10:58:36,714 - INFO - Próxima linha para processar (sem PA na coluna B): 4
2025-09-09 10:58:36,831 - INFO - Procurando planilha mais recente em: \\192.168.1.250\Programas\robo custos\lancar
2025-09-09 10:58:36,832 - INFO - Padrão *.xlsx: 1 arquivos encontrados
2025-09-09 10:58:36,832 - INFO - Padrão *.xls: 0 arquivos encontrados
2025-09-09 10:58:36,832 - INFO - Padrão *.csv: 0 arquivos encontrados
2025-09-09 10:58:36,832 - INFO - Total de arquivos encontrados: 1
2025-09-09 10:58:36,834 - INFO - Arquivo: 973.xlsx
2025-09-09 10:58:36,834 - INFO -   Data modificação: Tue Sep  9 10:47:03 2025
2025-09-09 10:58:36,834 - INFO -   Tamanho: 39883 bytes
2025-09-09 10:58:36,834 - INFO - Arquivo mais recente selecionado: 973.xlsx
2025-09-09 10:58:36,834 - INFO -   Caminho: \\192.168.1.250\Programas\robo custos\lancar\973.xlsx
2025-09-09 10:58:36,834 - INFO -   Data: Tue Sep  9 10:47:03 2025
2025-09-09 10:58:36,834 - INFO - Abrindo planilha via COM: \\192.168.1.250\Programas\robo custos\lancar\973.xlsx
2025-09-09 10:58:37,194 - INFO - Planilha aberta com sucesso!
2025-09-09 10:58:37,194 - INFO - Procurando aba com (973) no nome...
2025-09-09 10:58:37,218 - INFO - Verificando aba: 1 PA BATENTE JG (973)
2025-09-09 10:58:37,219 - INFO - ✅ Aba configurada encontrada: 1 PA BATENTE JG (973)
2025-09-09 10:58:37,219 - INFO - Usando aba: 1 PA BATENTE JG (973), linha: 4
2025-09-09 10:58:37,219 - INFO - Número extraído do nome da aba '1 PA BATENTE JG (973)': 973
2025-09-09 10:58:37,245 - INFO - Dados lidos da aba configurada - linha 4:
2025-09-09 10:58:37,245 - INFO -   Arquivo: 973.xlsx
2025-09-09 10:58:37,245 - INFO -   Nome da aba: 1 PA BATENTE JG (973)
2025-09-09 10:58:37,246 - INFO -   Número extraído: 973 (✅ CORRETO)
2025-09-09 10:58:37,246 - INFO -   Coluna A (controle): 1 PA BATENTE JG (973)
2025-09-09 10:58:37,246 - INFO -   Coluna B (PA existente): None
2025-09-09 10:58:37,246 - INFO -   📋 COLUNAS CONFIGURADAS (C até U):
2025-09-09 10:58:37,246 - INFO -     Coluna C: 1.0
2025-09-09 10:58:37,246 - INFO -     Coluna D: 90.0
2025-09-09 10:58:37,246 - INFO -     Coluna E: 2135.0
2025-09-09 10:58:37,246 - INFO -     Coluna F: INP
2025-09-09 10:58:37,246 - INFO -     Coluna G: 35.0
2025-09-09 10:58:37,246 - INFO -     Coluna H: N
2025-09-09 10:58:37,246 - INFO -     Coluna I: RB40
2025-09-09 10:58:37,246 - INFO -     Coluna J: 2.0
2025-09-09 10:58:37,247 - INFO -     Coluna K: 90.0
2025-09-09 10:58:37,247 - INFO -     Coluna L: 1008.0
2025-09-09 10:58:37,247 - INFO -     Coluna M: INP
2025-09-09 10:58:37,247 - INFO -     Coluna N: 35.0
2025-09-09 10:58:37,247 - INFO -     Coluna O: N
2025-09-09 10:58:37,247 - INFO -     Coluna P: RB40
2025-09-09 10:58:37,247 - INFO -     Coluna Q: 1.0
2025-09-09 10:58:37,247 - INFO -     Coluna R: JG
2025-09-09 10:58:37,247 - INFO -     Coluna S: 2103.0
2025-09-09 10:58:37,248 - INFO -     Coluna T: SUSIN
2025-09-09 10:58:37,248 - INFO -     Coluna U: SUSIN
2025-09-09 10:58:37,366 - INFO - Executando login...
2025-09-09 10:58:37,366 - INFO - Iniciando execução e login no programa
2025-09-09 10:58:37,368 - INFO - Iniciando programa: \\192.168.1.250\Programas\SYSTEAM\PROGRAMA\Indust\Engenh.exe
2025-09-09 10:58:38,293 - INFO - Programa iniciado com PID: 19888
2025-09-09 10:58:38,293 - INFO - Aguardando abertura da janela do programa...
2025-09-09 10:58:41,295 - INFO - Iniciando processo de login...
2025-09-09 10:58:41,297 - INFO - Inserindo nome de usuário
2025-09-09 10:58:43,507 - INFO - Inserindo senha
2025-09-09 10:58:45,715 - INFO - Usando número de empresa: 200
2025-09-09 10:58:48,926 - INFO - Login realizado com sucesso - Empresa: 200
2025-09-09 10:58:51,928 - INFO - Acessando configurador...
2025-09-09 10:58:51,928 - INFO - Iniciando acesso ao configurador...
2025-09-09 10:58:53,930 - INFO - Passo 1: Procurando e clicando no menu systeam...
2025-09-09 10:58:53,932 - INFO - Procurando imagem: img/menu systeam.PNG
2025-09-09 10:58:54,035 - INFO - Imagem encontrada em: Point(x=np.int64(26), y=np.int64(42))
2025-09-09 10:58:54,162 - INFO - Clique realizado em: Point(x=np.int64(26), y=np.int64(42))
2025-09-09 10:58:54,663 - INFO - Passo 2: Digitando 'configurador'...
2025-09-09 10:58:54,664 - INFO - Digitando texto: configurador
2025-09-09 10:58:55,276 - INFO - Passo 3: Procurando e clicando no módulo...
2025-09-09 10:58:55,278 - INFO - Procurando imagem: img/modulo item por descricao.PNG
2025-09-09 10:58:55,374 - INFO - Imagem encontrada em: Point(x=np.int64(660), y=np.int64(246))
2025-09-09 10:58:55,505 - INFO - Clique realizado em: Point(x=np.int64(660), y=np.int64(246))
2025-09-09 10:58:55,505 - INFO - Configurador acessado com sucesso!
2025-09-09 10:58:56,506 - INFO - Pesquisando tipo 973...
2025-09-09 10:58:56,507 - INFO - Iniciando pesquisa do tipo: 973
2025-09-09 10:58:58,509 - INFO - Passo 1: Procurando e clicando no botão pesquisar tipos...
2025-09-09 10:58:58,511 - INFO - Procurando imagem: img/pesquisar tipos 615.PNG
2025-09-09 10:58:58,626 - INFO - Imagem encontrada em: Point(x=np.int64(620), y=np.int64(78))
2025-09-09 10:58:58,755 - INFO - Clique realizado em: Point(x=np.int64(620), y=np.int64(78))
2025-09-09 10:58:59,257 - INFO - Passo 2: Digitando '973'...
2025-09-09 10:58:59,258 - INFO - Digitando texto: 973
2025-09-09 10:58:59,965 - INFO - Pesquisa do tipo 973 realizada com sucesso!
2025-09-09 10:58:59,965 - INFO - Processo completo executado com sucesso!
2025-09-09 10:59:01,981 - INFO - Navegando com 7x Tab...
2025-09-09 10:59:03,084 - INFO - Tab 1/7 pressionado
2025-09-09 10:59:03,487 - INFO - Tab 2/7 pressionado
2025-09-09 10:59:03,890 - INFO - Tab 3/7 pressionado
2025-09-09 10:59:04,293 - INFO - Tab 4/7 pressionado
2025-09-09 10:59:04,696 - INFO - Tab 5/7 pressionado
2025-09-09 10:59:05,099 - INFO - Tab 6/7 pressionado
2025-09-09 10:59:05,502 - INFO - Tab 7/7 pressionado
2025-09-09 10:59:05,804 - INFO - Navegação com 7x Tab concluída!
2025-09-09 10:59:06,806 - INFO - Processando linha 4
2025-09-09 10:59:06,807 - INFO - === INSERÇÃO SEQUENCIAL CONFIGURADA ===
2025-09-09 10:59:06,808 - INFO - Preenchendo colunas: C até U
2025-09-09 10:59:06,809 - INFO - Total de colunas: 19
2025-09-09 10:59:07,810 - INFO - 📝 INSERINDO C: '1'
2025-09-09 10:59:09,014 - INFO - 📝 INSERINDO D: '90'
2025-09-09 10:59:10,217 - INFO - 📝 INSERINDO E: '2135'
2025-09-09 10:59:11,423 - INFO - 📝 INSERINDO F: 'INP'
2025-09-09 10:59:12,633 - INFO - 📝 INSERINDO G: '35'
2025-09-09 10:59:13,839 - INFO - 📝 INSERINDO H: 'N'
2025-09-09 10:59:15,044 - INFO - 📝 INSERINDO I: 'RB40'
2025-09-09 10:59:16,250 - INFO - 📝 INSERINDO J: '2'
2025-09-09 10:59:17,455 - INFO - 📝 INSERINDO K: '90'
2025-09-09 10:59:18,661 - INFO - 📝 INSERINDO L: '1008'
2025-09-09 10:59:19,870 - INFO - 📝 INSERINDO M: 'INP'
2025-09-09 10:59:21,081 - INFO - 📝 INSERINDO N: '35'
2025-09-09 10:59:22,285 - INFO - 📝 INSERINDO O: 'N'
2025-09-09 10:59:23,492 - INFO - 📝 INSERINDO P: 'RB40'
2025-09-09 10:59:24,699 - INFO - 📝 INSERINDO Q: '1'
2025-09-09 10:59:25,902 - INFO - 📝 INSERINDO R: 'JG'
2025-09-09 10:59:27,112 - INFO - 📝 INSERINDO S: '2103'
2025-09-09 10:59:28,317 - INFO - 📝 INSERINDO T: 'SUSIN'
