2025-09-09 10:39:02,710 - INFO - 🚀 === INICIANDO CADASTRO COMPLETO A PARTIR DO MAIN ===
2025-09-09 10:39:02,710 - INFO - Procurando planilha mais recente em: \\192.168.1.250\Programas\robo custos\lancar
2025-09-09 10:39:02,711 - INFO - Padrão *.xlsx: 1 arquivos encontrados
2025-09-09 10:39:02,711 - INFO - Padrão *.xls: 0 arquivos encontrados
2025-09-09 10:39:02,711 - INFO - Padrão *.csv: 0 arquivos encontrados
2025-09-09 10:39:02,712 - INFO - Total de arquivos encontrados: 1
2025-09-09 10:39:02,713 - INFO - Arquivo: 973.xlsx
2025-09-09 10:39:02,713 - INFO -   Data modificação: Tue Sep  9 10:38:53 2025
2025-09-09 10:39:02,720 - INFO -   Tamanho: 41734 bytes
2025-09-09 10:39:02,720 - INFO - Arquivo mais recente selecionado: 973.xlsx
2025-09-09 10:39:02,720 - INFO -   Caminho: \\192.168.1.250\Programas\robo custos\lancar\973.xlsx
2025-09-09 10:39:02,720 - INFO -   Data: Tue Sep  9 10:38:53 2025
2025-09-09 10:39:02,721 - INFO - Procurando próxima linha sem PA na coluna B (aba (973))...
2025-09-09 10:39:03,068 - INFO - Procurando aba com (973) no nome...
2025-09-09 10:39:03,072 - INFO - Verificando aba: 1 PA BATENTE JG (973)
2025-09-09 10:39:03,072 - INFO - ✅ Aba configurada encontrada: 1 PA BATENTE JG (973)
2025-09-09 10:39:03,072 - INFO - Usando aba: 1 PA BATENTE JG (973)
2025-09-09 10:39:03,092 - INFO - Próxima linha para processar (sem PA na coluna B): 7
2025-09-09 10:39:03,209 - INFO - 
================================================================================
📌 PROCESSANDO LINHA 7 (Sucesso: 0, Falhas: 0)
================================================================================
2025-09-09 10:39:03,209 - INFO - 🔑 PRIMEIRA LINHA - Executando processo completo com login...
2025-09-09 10:39:03,210 - INFO - === INICIANDO PROCESSO COMPLETO COM INSERÇÃO ===
2025-09-09 10:39:03,210 - INFO - Iniciando processo completo...
2025-09-09 10:39:03,210 - INFO - Lendo dados da próxima linha sem PA na coluna B...
2025-09-09 10:39:03,210 - INFO - Procurando planilha mais recente em: \\192.168.1.250\Programas\robo custos\lancar
2025-09-09 10:39:03,210 - INFO - Padrão *.xlsx: 1 arquivos encontrados
2025-09-09 10:39:03,210 - INFO - Padrão *.xls: 0 arquivos encontrados
2025-09-09 10:39:03,211 - INFO - Padrão *.csv: 0 arquivos encontrados
2025-09-09 10:39:03,211 - INFO - Total de arquivos encontrados: 1
2025-09-09 10:39:03,212 - INFO - Arquivo: 973.xlsx
2025-09-09 10:39:03,212 - INFO -   Data modificação: Tue Sep  9 10:38:53 2025
2025-09-09 10:39:03,212 - INFO -   Tamanho: 41734 bytes
2025-09-09 10:39:03,212 - INFO - Arquivo mais recente selecionado: 973.xlsx
2025-09-09 10:39:03,212 - INFO -   Caminho: \\192.168.1.250\Programas\robo custos\lancar\973.xlsx
2025-09-09 10:39:03,212 - INFO -   Data: Tue Sep  9 10:38:53 2025
2025-09-09 10:39:03,212 - INFO - Procurando próxima linha sem PA na coluna B (aba (973))...
2025-09-09 10:39:03,578 - INFO - Procurando aba com (973) no nome...
2025-09-09 10:39:03,581 - INFO - Verificando aba: 1 PA BATENTE JG (973)
2025-09-09 10:39:03,581 - INFO - ✅ Aba configurada encontrada: 1 PA BATENTE JG (973)
2025-09-09 10:39:03,582 - INFO - Usando aba: 1 PA BATENTE JG (973)
2025-09-09 10:39:03,597 - INFO - Próxima linha para processar (sem PA na coluna B): 7
2025-09-09 10:39:03,709 - INFO - Procurando planilha mais recente em: \\192.168.1.250\Programas\robo custos\lancar
2025-09-09 10:39:03,709 - INFO - Padrão *.xlsx: 1 arquivos encontrados
2025-09-09 10:39:03,710 - INFO - Padrão *.xls: 0 arquivos encontrados
2025-09-09 10:39:03,710 - INFO - Padrão *.csv: 0 arquivos encontrados
2025-09-09 10:39:03,710 - INFO - Total de arquivos encontrados: 1
2025-09-09 10:39:03,721 - INFO - Arquivo: 973.xlsx
2025-09-09 10:39:03,721 - INFO -   Data modificação: Tue Sep  9 10:38:53 2025
2025-09-09 10:39:03,721 - INFO -   Tamanho: 41734 bytes
2025-09-09 10:39:03,722 - INFO - Arquivo mais recente selecionado: 973.xlsx
2025-09-09 10:39:03,722 - INFO -   Caminho: \\192.168.1.250\Programas\robo custos\lancar\973.xlsx
2025-09-09 10:39:03,722 - INFO -   Data: Tue Sep  9 10:38:53 2025
2025-09-09 10:39:03,722 - INFO - Abrindo planilha via COM: \\192.168.1.250\Programas\robo custos\lancar\973.xlsx
2025-09-09 10:39:04,089 - INFO - Planilha aberta com sucesso!
2025-09-09 10:39:04,090 - INFO - Procurando aba com (973) no nome...
2025-09-09 10:39:04,092 - INFO - Verificando aba: 1 PA BATENTE JG (973)
2025-09-09 10:39:04,093 - INFO - ✅ Aba configurada encontrada: 1 PA BATENTE JG (973)
2025-09-09 10:39:04,093 - INFO - Usando aba: 1 PA BATENTE JG (973), linha: 7
2025-09-09 10:39:04,093 - INFO - Número extraído do nome da aba '1 PA BATENTE JG (973)': 973
2025-09-09 10:39:04,120 - INFO - Dados lidos da aba configurada - linha 7:
2025-09-09 10:39:04,120 - INFO -   Arquivo: 973.xlsx
2025-09-09 10:39:04,120 - INFO -   Nome da aba: 1 PA BATENTE JG (973)
2025-09-09 10:39:04,120 - INFO -   Número extraído: 973 (✅ CORRETO)
2025-09-09 10:39:04,120 - INFO -   Coluna A (controle): 1 PA BATENTE JG (973)
2025-09-09 10:39:04,121 - INFO -   Coluna B (PA existente): None
2025-09-09 10:39:04,121 - INFO -   📋 COLUNAS CONFIGURADAS (C até U):
2025-09-09 10:39:04,121 - INFO -     Coluna C: 1.0
2025-09-09 10:39:04,121 - INFO -     Coluna D: 150.0
2025-09-09 10:39:04,121 - INFO -     Coluna E: 2135.0
2025-09-09 10:39:04,121 - INFO -     Coluna F: INP
2025-09-09 10:39:04,121 - INFO -     Coluna G: 35.0
2025-09-09 10:39:04,121 - INFO -     Coluna H: N
2025-09-09 10:39:04,121 - INFO -     Coluna I: RB40
2025-09-09 10:39:04,121 - INFO -     Coluna J: 2.0
2025-09-09 10:39:04,121 - INFO -     Coluna K: 150.0
2025-09-09 10:39:04,121 - INFO -     Coluna L: 1008.0
2025-09-09 10:39:04,122 - INFO -     Coluna M: INP
2025-09-09 10:39:04,122 - INFO -     Coluna N: 35.0
2025-09-09 10:39:04,122 - INFO -     Coluna O: N
2025-09-09 10:39:04,122 - INFO -     Coluna P: RB40
2025-09-09 10:39:04,122 - INFO -     Coluna Q: 1.0
2025-09-09 10:39:04,122 - INFO -     Coluna R: JG
2025-09-09 10:39:04,122 - INFO -     Coluna S: 2103.0
2025-09-09 10:39:04,122 - INFO -     Coluna T: SUSIN
2025-09-09 10:39:04,122 - INFO -     Coluna U: SUSIN
2025-09-09 10:39:04,235 - INFO - Executando login...
2025-09-09 10:39:04,236 - INFO - Iniciando execução e login no programa
2025-09-09 10:39:04,238 - INFO - Iniciando programa: \\192.168.1.250\Programas\SYSTEAM\PROGRAMA\Indust\Engenh.exe
2025-09-09 10:39:05,105 - INFO - Programa iniciado com PID: 8260
2025-09-09 10:39:05,105 - INFO - Aguardando abertura da janela do programa...
2025-09-09 10:39:08,107 - INFO - Iniciando processo de login...
2025-09-09 10:39:08,108 - INFO - Inserindo nome de usuário
2025-09-09 10:39:10,319 - INFO - Inserindo senha
2025-09-09 10:39:12,530 - INFO - Usando número de empresa: 200
2025-09-09 10:39:15,742 - INFO - Login realizado com sucesso - Empresa: 200
2025-09-09 10:39:18,744 - INFO - Acessando configurador...
2025-09-09 10:39:18,745 - INFO - Iniciando acesso ao configurador...
2025-09-09 10:39:20,746 - INFO - Passo 1: Procurando e clicando no menu systeam...
2025-09-09 10:39:20,748 - INFO - Procurando imagem: img/menu systeam.PNG
2025-09-09 10:39:20,846 - INFO - Imagem encontrada em: Point(x=np.int64(26), y=np.int64(42))
2025-09-09 10:39:20,949 - INFO - Clique realizado em: Point(x=np.int64(26), y=np.int64(42))
2025-09-09 10:39:21,450 - INFO - Passo 2: Digitando 'configurador'...
2025-09-09 10:39:21,451 - INFO - Digitando texto: configurador
2025-09-09 10:39:22,059 - INFO - Passo 3: Procurando e clicando no módulo...
2025-09-09 10:39:22,061 - INFO - Procurando imagem: img/modulo item por descricao.PNG
2025-09-09 10:39:22,170 - INFO - Imagem encontrada em: Point(x=np.int64(660), y=np.int64(246))
2025-09-09 10:39:22,292 - INFO - Clique realizado em: Point(x=np.int64(660), y=np.int64(246))
2025-09-09 10:39:22,293 - INFO - Configurador acessado com sucesso!
2025-09-09 10:39:23,294 - INFO - Pesquisando tipo 973...
2025-09-09 10:39:23,294 - INFO - Iniciando pesquisa do tipo: 973
2025-09-09 10:39:25,296 - INFO - Passo 1: Procurando e clicando no botão pesquisar tipos...
2025-09-09 10:39:25,297 - INFO - Procurando imagem: img/pesquisar tipos 615.PNG
2025-09-09 10:39:25,375 - INFO - Imagem encontrada em: Point(x=np.int64(620), y=np.int64(78))
2025-09-09 10:39:25,480 - INFO - Clique realizado em: Point(x=np.int64(620), y=np.int64(78))
2025-09-09 10:39:25,981 - INFO - Passo 2: Digitando '973'...
2025-09-09 10:39:25,982 - INFO - Digitando texto: 973
2025-09-09 10:39:26,685 - INFO - Pesquisa do tipo 973 realizada com sucesso!
2025-09-09 10:39:26,686 - INFO - Processo completo executado com sucesso!
2025-09-09 10:39:28,687 - INFO - Navegando com 7x Tab...
2025-09-09 10:39:29,790 - INFO - Tab 1/7 pressionado
2025-09-09 10:39:30,193 - INFO - Tab 2/7 pressionado
2025-09-09 10:39:30,596 - INFO - Tab 3/7 pressionado
2025-09-09 10:39:31,000 - INFO - Tab 4/7 pressionado
2025-09-09 10:39:31,403 - INFO - Tab 5/7 pressionado
2025-09-09 10:39:31,806 - INFO - Tab 6/7 pressionado
2025-09-09 10:39:32,208 - INFO - Tab 7/7 pressionado
2025-09-09 10:39:32,509 - INFO - Navegação com 7x Tab concluída!
2025-09-09 10:39:33,511 - INFO - Processando linha 7
2025-09-09 10:39:33,512 - INFO - === INSERÇÃO SEQUENCIAL CONFIGURADA ===
2025-09-09 10:39:33,513 - INFO - Preenchendo colunas: C até U
2025-09-09 10:39:33,514 - INFO - Total de colunas: 19
2025-09-09 10:39:34,515 - INFO - 📝 INSERINDO C: '1'
2025-09-09 10:39:35,319 - INFO - 📝 INSERINDO D: '150'
2025-09-09 10:39:36,125 - INFO - 📝 INSERINDO E: '2135'
2025-09-09 10:39:36,928 - INFO - 📝 INSERINDO F: 'INP'
2025-09-09 10:39:37,735 - INFO - 📝 INSERINDO G: '35'
2025-09-09 10:39:38,539 - INFO - 📝 INSERINDO H: 'N'
2025-09-09 10:39:39,344 - INFO - 📝 INSERINDO I: 'RB40'
2025-09-09 10:39:40,148 - INFO - 📝 INSERINDO J: '2'
2025-09-09 10:39:40,951 - INFO - 📝 INSERINDO K: '150'
2025-09-09 10:39:41,758 - INFO - 📝 INSERINDO L: '1008'
2025-09-09 10:39:42,567 - INFO - 📝 INSERINDO M: 'INP'
2025-09-09 10:39:43,377 - INFO - 📝 INSERINDO N: '35'
2025-09-09 10:39:44,195 - INFO - 📝 INSERINDO O: 'N'
2025-09-09 10:39:45,001 - INFO - 📝 INSERINDO P: 'RB40'
2025-09-09 10:39:45,812 - INFO - 📝 INSERINDO Q: '1'
2025-09-09 10:39:46,617 - INFO - 📝 INSERINDO R: 'JG'
2025-09-09 10:39:47,424 - INFO - 📝 INSERINDO S: '2103'
2025-09-09 10:39:48,232 - INFO - 📝 INSERINDO T: 'SUSIN'
2025-09-09 10:39:49,047 - INFO - 📝 INSERINDO U: 'SUSIN'
2025-09-09 10:39:49,458 - INFO - Pressionando F2 para finalizar...
2025-09-09 10:39:49,561 - INFO - Aguardando após F2...
2025-09-09 10:39:52,562 - INFO - ✅ Inserção configurada concluída!
2025-09-09 10:39:52,563 - INFO - === PROCESSANDO RESULTADO APÓS F2 ===
2025-09-09 10:39:55,772 - INFO - ♻️ ITEM JÁ CADASTRADO - janela informacao.PNG encontrada diretamente!
2025-09-09 10:39:55,772 - INFO - Extraindo PA da janela na posição: Box(left=np.int64(676), top=np.int64(401), width=57, height=76)
2025-09-09 10:39:55,773 - INFO - Capturando região da tela para OCR...
2025-09-09 10:39:55,809 - INFO - Iniciando pré-processamento da imagem para melhorar a leitura...
2025-09-09 10:39:55,848 - INFO - 💾 Imagem pré-processada para OCR salva como: DEBUG_imagem_para_ocr_1757425195.png
2025-09-09 10:39:56,043 - INFO - 📄 TEXTO EXTRAÍDO DA IMAGEM PROCESSADA:
Informação x
Descrição Completa “CAIXILHO MADEIRA REFLORESTADA JG
8701 - BRANCO NEVE PLUS RB40 - REB 40,5 €/ 2 PCS LAT. 2135
X150X35 E 1 PC SUP. 1008 X 150 X 35 MM EMB. 2103 FECH.
S/USIN DOS. S/USIN UM. 10-16%" já cadastrada para o item
*PA126924"

2025-09-09 10:39:56,043 - INFO - Texto original do OCR: 'Informação x\nDescrição Completa “CAIXILHO MADEIRA REFLORESTADA JG\n8701 - BRANCO NEVE PLUS RB40 - REB 40,5 €/ 2 PCS LAT. 2135\nX150X35 E 1 PC SUP. 1008 X 150 X 35 MM EMB. 2103 FECH.\nS/USIN DOS. S/USIN UM. 10-16%" já cadastrada para o item\n*PA126924"\n'
2025-09-09 10:39:56,044 - INFO - Texto após correções automáticas: '1NF0RMAÇÃ0 X DE5CR1ÇÃ0 C0MPLE7A “CA1X1LH0 MADE1RA REFL0RE57ADA JG 8701 - 8RANC0 NEVE PLU5 R840 - RE8 40,5 €/ 2 PC5 LA7. 2135 X150X35 E 1 PC 5UP. 1008 X 150 X 35 MM EM8. 2103 FECH. 5/U51N D05. 5/U51N UM. 10-16%" JÁ CADA57RADA PARA 0 17EM *PA126924" '
2025-09-09 10:39:56,044 - INFO - Testando padrão numérico 1: ITEM\s*[\'"]?PA(\d{4,8})[\'"]?
2025-09-09 10:39:56,044 - INFO - Testando padrão numérico 2: CADASTRAD[AO]\s+PARA\s+O\s+ITEM\s*[\'"]?PA(\d{4,8})[\'"]?
2025-09-09 10:39:56,045 - INFO - Testando padrão numérico 3: PA(\d{4,8})
2025-09-09 10:39:56,045 - INFO - ✓ SUCESSO! PA numérico extraído com padrão 3: PA126924
2025-09-09 10:39:57,147 - INFO - ✅ PA EXTRAÍDO: PA126924
2025-09-09 10:39:57,148 - INFO - Procurando planilha mais recente em: \\192.168.1.250\Programas\robo custos\lancar
2025-09-09 10:39:57,155 - INFO - Padrão *.xlsx: 1 arquivos encontrados
2025-09-09 10:39:57,157 - INFO - Padrão *.xls: 0 arquivos encontrados
2025-09-09 10:39:57,159 - INFO - Padrão *.csv: 0 arquivos encontrados
2025-09-09 10:39:57,161 - INFO - Total de arquivos encontrados: 1
2025-09-09 10:39:57,164 - INFO - Arquivo: 973.xlsx
2025-09-09 10:39:57,165 - INFO -   Data modificação: Tue Sep  9 10:38:53 2025
2025-09-09 10:39:57,166 - INFO -   Tamanho: 41734 bytes
2025-09-09 10:39:57,166 - INFO - Arquivo mais recente selecionado: 973.xlsx
2025-09-09 10:39:57,167 - INFO -   Caminho: \\192.168.1.250\Programas\robo custos\lancar\973.xlsx
2025-09-09 10:39:57,168 - INFO -   Data: Tue Sep  9 10:38:53 2025
2025-09-09 10:39:57,168 - INFO - Abrindo planilha '973.xlsx' para salvar o PA...
2025-09-09 10:39:57,542 - INFO - Procurando aba com (973) no nome...
2025-09-09 10:39:57,544 - INFO - Verificando aba: 1 PA BATENTE JG (973)
2025-09-09 10:39:57,544 - INFO - ✅ Aba configurada encontrada: 1 PA BATENTE JG (973)
2025-09-09 10:39:57,545 - INFO - Usando aba: 1 PA BATENTE JG (973)
2025-09-09 10:39:57,545 - INFO - Escrevendo o código 'PA126924' na célula B7...
2025-09-09 10:39:57,569 - INFO - Salvando o ficheiro Excel...
2025-09-09 10:39:57,968 - INFO - Fechando o ficheiro Excel...
2025-09-09 10:39:57,981 - INFO - Encerrando a instância do Excel...
2025-09-09 10:39:58,076 - INFO - Aguardando 1 segundo para garantir que o ficheiro foi atualizado na rede...
2025-09-09 10:39:59,077 - INFO - ✅ Código PA salvo na aba configurada - linha 7.
2025-09-09 10:39:59,080 - INFO - === PROCESSO COMPLETO COM INSERÇÃO FINALIZADO ===
2025-09-09 10:39:59,081 - INFO - ⏸️ Pausa 
2025-09-09 10:40:00,083 - INFO - Procurando planilha mais recente em: \\192.168.1.250\Programas\robo custos\lancar
2025-09-09 10:40:00,086 - INFO - Padrão *.xlsx: 1 arquivos encontrados
2025-09-09 10:40:00,087 - INFO - Padrão *.xls: 0 arquivos encontrados
2025-09-09 10:40:00,089 - INFO - Padrão *.csv: 0 arquivos encontrados
2025-09-09 10:40:00,089 - INFO - Total de arquivos encontrados: 1
2025-09-09 10:40:00,091 - INFO - Arquivo: 973.xlsx
2025-09-09 10:40:00,092 - INFO -   Data modificação: Tue Sep  9 10:39:57 2025
2025-09-09 10:40:00,092 - INFO -   Tamanho: 41737 bytes
2025-09-09 10:40:00,093 - INFO - Arquivo mais recente selecionado: 973.xlsx
2025-09-09 10:40:00,094 - INFO -   Caminho: \\192.168.1.250\Programas\robo custos\lancar\973.xlsx
2025-09-09 10:40:00,094 - INFO -   Data: Tue Sep  9 10:39:57 2025
2025-09-09 10:40:00,094 - INFO - Procurando próxima linha sem PA na coluna B (aba (973))...
2025-09-09 10:40:00,474 - INFO - Procurando aba com (973) no nome...
2025-09-09 10:40:00,497 - INFO - Verificando aba: 1 PA BATENTE JG (973)
2025-09-09 10:40:00,498 - INFO - ✅ Aba configurada encontrada: 1 PA BATENTE JG (973)
2025-09-09 10:40:00,498 - INFO - Usando aba: 1 PA BATENTE JG (973)
2025-09-09 10:40:01,153 - INFO - Fim dos dados na linha 228
2025-09-09 10:40:01,154 - INFO - Todas as linhas já foram processadas!
2025-09-09 10:40:01,265 - INFO - 🎉 === TODAS AS LINHAS FORAM PROCESSADAS! ===
2025-09-09 10:40:01,265 - INFO - 
================================================================================
🏁 === CADASTRO COMPLETO FINALIZADO ===
   ✅ Sucesso: 1
   ❌ Falhas: 0
================================================================================
2025-09-09 10:40:01,266 - INFO - 🎉 === ROBÔ EXECUTADO COM SUCESSO TOTAL! ===
2025-09-09 10:40:01,266 - INFO - Sistema finalizado. Pressione Ctrl+C para sair.
