2025-09-09 16:54:34,854 - INFO - 🚀 === INICIANDO CADASTRO COMPLETO A PARTIR DO MAIN ===
2025-09-09 16:54:34,855 - INFO - Procurando planilha mais recente em: \\192.168.1.250\Programas\robo custos\lancar
2025-09-09 16:54:34,855 - INFO - Padrão *.xlsx: 1 arquivos encontrados
2025-09-09 16:54:34,856 - INFO - Padrão *.xls: 0 arquivos encontrados
2025-09-09 16:54:34,856 - INFO - Padrão *.csv: 0 arquivos encontrados
2025-09-09 16:54:34,857 - INFO - Total de arquivos encontrados: 1
2025-09-09 16:54:34,858 - INFO - Arquivo: 973.xlsx
2025-09-09 16:54:34,859 - INFO -   Data modificação: Tue Sep  9 16:54:32 2025
2025-09-09 16:54:34,859 - INFO -   Tamanho: 41462 bytes
2025-09-09 16:54:34,859 - INFO - Arquivo mais recente selecionado: 973.xlsx
2025-09-09 16:54:34,860 - INFO -   Caminho: \\192.168.1.250\Programas\robo custos\lancar\973.xlsx
2025-09-09 16:54:34,860 - INFO -   Data: Tue Sep  9 16:54:32 2025
2025-09-09 16:54:34,860 - INFO - Procurando próxima linha sem PA na coluna B (aba (973))...
2025-09-09 16:54:35,253 - INFO - Procurando aba com (973) no nome...
2025-09-09 16:54:35,264 - INFO - Verificando aba: 1 PA BATENTE JG (973)
2025-09-09 16:54:35,264 - INFO - ✅ Aba configurada encontrada: 1 PA BATENTE JG (973)
2025-09-09 16:54:35,265 - INFO - Usando aba: 1 PA BATENTE JG (973)
2025-09-09 16:54:35,457 - INFO - Próxima linha para processar (sem PA na coluna B): 84
2025-09-09 16:54:35,612 - INFO - 
================================================================================
📌 PROCESSANDO LINHA 84 (Sucesso: 0, Falhas: 0)
================================================================================
2025-09-09 16:54:35,612 - INFO - 🔑 PRIMEIRA LINHA - Executando processo completo com login...
2025-09-09 16:54:35,613 - INFO - === INICIANDO PROCESSO COMPLETO COM INSERÇÃO ===
2025-09-09 16:54:35,613 - INFO - Iniciando processo completo...
2025-09-09 16:54:35,613 - INFO - Lendo dados da próxima linha sem PA na coluna B...
2025-09-09 16:54:35,613 - INFO - Procurando planilha mais recente em: \\192.168.1.250\Programas\robo custos\lancar
2025-09-09 16:54:35,613 - INFO - Padrão *.xlsx: 1 arquivos encontrados
2025-09-09 16:54:35,614 - INFO - Padrão *.xls: 0 arquivos encontrados
2025-09-09 16:54:35,614 - INFO - Padrão *.csv: 0 arquivos encontrados
2025-09-09 16:54:35,614 - INFO - Total de arquivos encontrados: 1
2025-09-09 16:54:35,615 - INFO - Arquivo: 973.xlsx
2025-09-09 16:54:35,615 - INFO -   Data modificação: Tue Sep  9 16:54:32 2025
2025-09-09 16:54:35,615 - INFO -   Tamanho: 41462 bytes
2025-09-09 16:54:35,615 - INFO - Arquivo mais recente selecionado: 973.xlsx
2025-09-09 16:54:35,616 - INFO -   Caminho: \\192.168.1.250\Programas\robo custos\lancar\973.xlsx
2025-09-09 16:54:35,616 - INFO -   Data: Tue Sep  9 16:54:32 2025
2025-09-09 16:54:35,616 - INFO - Procurando próxima linha sem PA na coluna B (aba (973))...
2025-09-09 16:54:35,981 - INFO - Procurando aba com (973) no nome...
2025-09-09 16:54:35,984 - INFO - Verificando aba: 1 PA BATENTE JG (973)
2025-09-09 16:54:35,985 - INFO - ✅ Aba configurada encontrada: 1 PA BATENTE JG (973)
2025-09-09 16:54:35,985 - INFO - Usando aba: 1 PA BATENTE JG (973)
2025-09-09 16:54:36,175 - INFO - Próxima linha para processar (sem PA na coluna B): 84
2025-09-09 16:54:36,322 - INFO - Procurando planilha mais recente em: \\192.168.1.250\Programas\robo custos\lancar
2025-09-09 16:54:36,323 - INFO - Padrão *.xlsx: 1 arquivos encontrados
2025-09-09 16:54:36,323 - INFO - Padrão *.xls: 0 arquivos encontrados
2025-09-09 16:54:36,323 - INFO - Padrão *.csv: 0 arquivos encontrados
2025-09-09 16:54:36,323 - INFO - Total de arquivos encontrados: 1
2025-09-09 16:54:36,326 - INFO - Arquivo: 973.xlsx
2025-09-09 16:54:36,326 - INFO -   Data modificação: Tue Sep  9 16:54:32 2025
2025-09-09 16:54:36,326 - INFO -   Tamanho: 41462 bytes
2025-09-09 16:54:36,326 - INFO - Arquivo mais recente selecionado: 973.xlsx
2025-09-09 16:54:36,326 - INFO -   Caminho: \\192.168.1.250\Programas\robo custos\lancar\973.xlsx
2025-09-09 16:54:36,326 - INFO -   Data: Tue Sep  9 16:54:32 2025
2025-09-09 16:54:36,326 - INFO - Abrindo planilha via COM: \\192.168.1.250\Programas\robo custos\lancar\973.xlsx
2025-09-09 16:54:36,689 - INFO - Planilha aberta com sucesso!
2025-09-09 16:54:36,689 - INFO - Procurando aba com (973) no nome...
2025-09-09 16:54:36,692 - INFO - Verificando aba: 1 PA BATENTE JG (973)
2025-09-09 16:54:36,692 - INFO - ✅ Aba configurada encontrada: 1 PA BATENTE JG (973)
2025-09-09 16:54:36,693 - INFO - Usando aba: 1 PA BATENTE JG (973), linha: 84
2025-09-09 16:54:36,693 - INFO - Número extraído do nome da aba '1 PA BATENTE JG (973)': 973
2025-09-09 16:54:36,733 - INFO - Dados lidos da aba configurada - linha 84:
2025-09-09 16:54:36,733 - INFO -   Arquivo: 973.xlsx
2025-09-09 16:54:36,733 - INFO -   Nome da aba: 1 PA BATENTE JG (973)
2025-09-09 16:54:36,734 - INFO -   Número extraído: 973 (✅ CORRETO)
2025-09-09 16:54:36,734 - INFO -   Coluna A (controle): 1 PA BATENTE JG (973)
2025-09-09 16:54:36,734 - INFO -   Coluna B (PA existente): None
2025-09-09 16:54:36,734 - INFO -   📋 COLUNAS CONFIGURADAS (C até U):
2025-09-09 16:54:36,734 - INFO -     Coluna C: 1.0
2025-09-09 16:54:36,734 - INFO -     Coluna D: 70.0
2025-09-09 16:54:36,734 - INFO -     Coluna E: 2635.0
2025-09-09 16:54:36,734 - INFO -     Coluna F: IN
2025-09-09 16:54:36,734 - INFO -     Coluna G: 35.0
2025-09-09 16:54:36,734 - INFO -     Coluna H: N
2025-09-09 16:54:36,734 - INFO -     Coluna I: RB40
2025-09-09 16:54:36,734 - INFO -     Coluna J: 2.0
2025-09-09 16:54:36,734 - INFO -     Coluna K: 70.0
2025-09-09 16:54:36,735 - INFO -     Coluna L: 1008.0
2025-09-09 16:54:36,735 - INFO -     Coluna M: IN
2025-09-09 16:54:36,735 - INFO -     Coluna N: 35.0
2025-09-09 16:54:36,735 - INFO -     Coluna O: N
2025-09-09 16:54:36,735 - INFO -     Coluna P: RB40
2025-09-09 16:54:36,735 - INFO -     Coluna Q: 1.0
2025-09-09 16:54:36,735 - INFO -     Coluna R: JG
2025-09-09 16:54:36,735 - INFO -     Coluna S: 2103.0
2025-09-09 16:54:36,735 - INFO -     Coluna T: SUSIN
2025-09-09 16:54:36,735 - INFO -     Coluna U: SUSIN
2025-09-09 16:54:36,879 - INFO - Executando login...
2025-09-09 16:54:36,879 - INFO - Iniciando execução e login no programa
2025-09-09 16:54:36,883 - INFO - Iniciando programa: \\192.168.1.250\Programas\SYSTEAM\PROGRAMA\Indust\Engenh.exe
2025-09-09 16:54:37,819 - INFO - Programa iniciado com PID: 29936
2025-09-09 16:54:37,820 - INFO - Aguardando abertura da janela do programa...
2025-09-09 16:54:40,821 - INFO - Iniciando processo de login...
2025-09-09 16:54:40,822 - INFO - Inserindo nome de usuário
2025-09-09 16:54:43,031 - INFO - Inserindo senha
2025-09-09 16:54:45,241 - INFO - Usando número de empresa: 200
2025-09-09 16:54:48,451 - INFO - Login realizado com sucesso - Empresa: 200
2025-09-09 16:54:51,451 - INFO - Acessando configurador...
2025-09-09 16:54:51,453 - INFO - Iniciando acesso ao configurador...
2025-09-09 16:54:53,454 - INFO - Passo 1: Procurando e clicando no menu systeam...
2025-09-09 16:54:53,455 - INFO - Procurando imagem: img/menu systeam.PNG
2025-09-09 16:54:54,299 - INFO - 
🛑 Execução interrompida pelo usuário.
