2025-09-10 11:16:17,770 - INFO - 🚀 === INICIANDO CADASTRO COMPLETO A PARTIR DO MAIN ===
2025-09-10 11:16:17,770 - INFO - Procurando planilha mais recente em: \\192.168.1.250\Programas\robo custos\lancar
2025-09-10 11:16:17,775 - INFO - Padrão *.xlsx: 1 arquivos encontrados
2025-09-10 11:16:17,775 - INFO - Padrão *.xls: 0 arquivos encontrados
2025-09-10 11:16:17,775 - INFO - Padrão *.csv: 0 arquivos encontrados
2025-09-10 11:16:17,775 - INFO - Total de arquivos encontrados: 1
2025-09-10 11:16:17,777 - INFO - Arquivo: 973.xlsx
2025-09-10 11:16:17,777 - INFO -   Data modificação: Wed Sep 10 11:08:57 2025
2025-09-10 11:16:17,784 - INFO -   Tamanho: 41576 bytes
2025-09-10 11:16:17,784 - INFO - Arquivo mais recente selecionado: 973.xlsx
2025-09-10 11:16:17,784 - INFO -   Caminho: \\192.168.1.250\Programas\robo custos\lancar\973.xlsx
2025-09-10 11:16:17,785 - INFO -   Data: Wed Sep 10 11:08:57 2025
2025-09-10 11:16:17,785 - INFO - Procurando próxima linha sem PA na coluna B (aba (973))...
2025-09-10 11:16:18,492 - INFO - Procurando aba com (973) no nome...
2025-09-10 11:16:18,518 - INFO - Verificando aba: 1 PA BATENTE JG (973)
2025-09-10 11:16:18,518 - INFO - ✅ Aba configurada encontrada: 1 PA BATENTE JG (973)
2025-09-10 11:16:18,518 - INFO - Usando aba: 1 PA BATENTE JG (973)
2025-09-10 11:16:18,721 - INFO - Próxima linha para processar (sem PA na coluna B): 92
2025-09-10 11:16:18,871 - INFO - 
================================================================================
📌 PROCESSANDO LINHA 92 (Sucesso: 0, Falhas: 0)
================================================================================
2025-09-10 11:16:18,871 - INFO - 🔑 PRIMEIRA LINHA - Executando processo completo com login...
2025-09-10 11:16:18,872 - INFO - === INICIANDO PROCESSO COMPLETO COM INSERÇÃO ===
2025-09-10 11:16:18,872 - INFO - Iniciando processo completo...
2025-09-10 11:16:18,872 - INFO - Lendo dados da próxima linha sem PA na coluna B...
2025-09-10 11:16:18,872 - INFO - Procurando planilha mais recente em: \\192.168.1.250\Programas\robo custos\lancar
2025-09-10 11:16:18,872 - INFO - Padrão *.xlsx: 1 arquivos encontrados
2025-09-10 11:16:18,873 - INFO - Padrão *.xls: 0 arquivos encontrados
2025-09-10 11:16:18,873 - INFO - Padrão *.csv: 0 arquivos encontrados
2025-09-10 11:16:18,873 - INFO - Total de arquivos encontrados: 1
2025-09-10 11:16:18,874 - INFO - Arquivo: 973.xlsx
2025-09-10 11:16:18,875 - INFO -   Data modificação: Wed Sep 10 11:08:57 2025
2025-09-10 11:16:18,875 - INFO -   Tamanho: 41576 bytes
2025-09-10 11:16:18,875 - INFO - Arquivo mais recente selecionado: 973.xlsx
2025-09-10 11:16:18,875 - INFO -   Caminho: \\192.168.1.250\Programas\robo custos\lancar\973.xlsx
2025-09-10 11:16:18,875 - INFO -   Data: Wed Sep 10 11:08:57 2025
2025-09-10 11:16:18,875 - INFO - Procurando próxima linha sem PA na coluna B (aba (973))...
2025-09-10 11:16:19,574 - INFO - Procurando aba com (973) no nome...
2025-09-10 11:16:19,601 - INFO - Verificando aba: 1 PA BATENTE JG (973)
2025-09-10 11:16:19,601 - INFO - ✅ Aba configurada encontrada: 1 PA BATENTE JG (973)
2025-09-10 11:16:19,602 - INFO - Usando aba: 1 PA BATENTE JG (973)
2025-09-10 11:16:19,802 - INFO - Próxima linha para processar (sem PA na coluna B): 92
2025-09-10 11:16:19,947 - INFO - Procurando planilha mais recente em: \\192.168.1.250\Programas\robo custos\lancar
2025-09-10 11:16:19,947 - INFO - Padrão *.xlsx: 1 arquivos encontrados
2025-09-10 11:16:19,948 - INFO - Padrão *.xls: 0 arquivos encontrados
2025-09-10 11:16:19,948 - INFO - Padrão *.csv: 0 arquivos encontrados
2025-09-10 11:16:19,948 - INFO - Total de arquivos encontrados: 1
2025-09-10 11:16:19,949 - INFO - Arquivo: 973.xlsx
2025-09-10 11:16:19,949 - INFO -   Data modificação: Wed Sep 10 11:08:57 2025
2025-09-10 11:16:19,949 - INFO -   Tamanho: 41576 bytes
2025-09-10 11:16:19,950 - INFO - Arquivo mais recente selecionado: 973.xlsx
2025-09-10 11:16:19,950 - INFO -   Caminho: \\192.168.1.250\Programas\robo custos\lancar\973.xlsx
2025-09-10 11:16:19,950 - INFO -   Data: Wed Sep 10 11:08:57 2025
2025-09-10 11:16:19,950 - INFO - Abrindo planilha via COM: \\192.168.1.250\Programas\robo custos\lancar\973.xlsx
2025-09-10 11:16:20,614 - INFO - Planilha aberta com sucesso!
2025-09-10 11:16:20,614 - INFO - Procurando aba com (973) no nome...
2025-09-10 11:16:20,639 - INFO - Verificando aba: 1 PA BATENTE JG (973)
2025-09-10 11:16:20,639 - INFO - ✅ Aba configurada encontrada: 1 PA BATENTE JG (973)
2025-09-10 11:16:20,639 - INFO - Usando aba: 1 PA BATENTE JG (973), linha: 92
2025-09-10 11:16:20,639 - INFO - Número extraído do nome da aba '1 PA BATENTE JG (973)': 973
2025-09-10 11:16:20,663 - INFO - Dados lidos da aba configurada - linha 92:
2025-09-10 11:16:20,663 - INFO -   Arquivo: 973.xlsx
2025-09-10 11:16:20,663 - INFO -   Nome da aba: 1 PA BATENTE JG (973)
2025-09-10 11:16:20,663 - INFO -   Número extraído: 973 (✅ CORRETO)
2025-09-10 11:16:20,663 - INFO -   Coluna A (controle): 1 PA BATENTE JG (973)
2025-09-10 11:16:20,663 - INFO -   Coluna B (PA existente): None
2025-09-10 11:16:20,664 - INFO -   📋 COLUNAS CONFIGURADAS (C até U):
2025-09-10 11:16:20,664 - INFO -     Coluna C: 1.0
2025-09-10 11:16:20,664 - INFO -     Coluna D: 230.0
2025-09-10 11:16:20,664 - INFO -     Coluna E: 2635.0
2025-09-10 11:16:20,664 - INFO -     Coluna F: IN
2025-09-10 11:16:20,664 - INFO -     Coluna G: 35.0
2025-09-10 11:16:20,664 - INFO -     Coluna H: N
2025-09-10 11:16:20,664 - INFO -     Coluna I: RB40
2025-09-10 11:16:20,664 - INFO -     Coluna J: 2.0
2025-09-10 11:16:20,664 - INFO -     Coluna K: 230.0
2025-09-10 11:16:20,664 - INFO -     Coluna L: 1008.0
2025-09-10 11:16:20,664 - INFO -     Coluna M: IN
2025-09-10 11:16:20,664 - INFO -     Coluna N: 35.0
2025-09-10 11:16:20,664 - INFO -     Coluna O: N
2025-09-10 11:16:20,664 - INFO -     Coluna P: RB40
2025-09-10 11:16:20,664 - INFO -     Coluna Q: 1.0
2025-09-10 11:16:20,665 - INFO -     Coluna R: JG
2025-09-10 11:16:20,665 - INFO -     Coluna S: 2103.0
2025-09-10 11:16:20,665 - INFO -     Coluna T: SUSIN
2025-09-10 11:16:20,665 - INFO -     Coluna U: SUSIN
2025-09-10 11:16:20,809 - INFO - Executando login...
2025-09-10 11:16:20,809 - INFO - Iniciando execução e login no programa
2025-09-10 11:16:20,810 - INFO - Iniciando programa: \\192.168.1.250\Programas\SYSTEAM\PROGRAMA\Indust\Engenh.exe
2025-09-10 11:16:21,687 - INFO - Programa iniciado com PID: 22832
2025-09-10 11:16:21,687 - INFO - Aguardando abertura da janela do programa...
2025-09-10 11:16:24,689 - INFO - Iniciando processo de login...
2025-09-10 11:16:24,690 - INFO - Inserindo nome de usuário
2025-09-10 11:16:26,901 - INFO - Inserindo senha
2025-09-10 11:16:29,111 - INFO - Usando número de empresa: 200
2025-09-10 11:16:32,320 - INFO - Login realizado com sucesso - Empresa: 200
2025-09-10 11:16:35,321 - INFO - Acessando configurador...
2025-09-10 11:16:35,322 - INFO - Iniciando acesso ao configurador...
2025-09-10 11:16:37,323 - INFO - Passo 1: Procurando e clicando no menu systeam...
2025-09-10 11:16:37,325 - INFO - Procurando imagem: img/menu systeam.PNG
2025-09-10 11:16:37,419 - INFO - Imagem encontrada em: Point(x=np.int64(26), y=np.int64(42))
2025-09-10 11:16:37,548 - INFO - Clique realizado em: Point(x=np.int64(26), y=np.int64(42))
2025-09-10 11:16:38,049 - INFO - Passo 2: Digitando 'configurador'...
2025-09-10 11:16:38,050 - INFO - Digitando texto: configurador
2025-09-10 11:16:38,665 - INFO - Passo 3: Procurando e clicando no módulo...
2025-09-10 11:16:38,666 - INFO - Procurando imagem: img/modulo item por descricao.PNG
2025-09-10 11:16:38,768 - INFO - Imagem encontrada em: Point(x=np.int64(660), y=np.int64(246))
2025-09-10 11:16:38,892 - INFO - Clique realizado em: Point(x=np.int64(660), y=np.int64(246))
2025-09-10 11:16:38,892 - INFO - Configurador acessado com sucesso!
2025-09-10 11:16:39,893 - INFO - Pesquisando tipo 973...
2025-09-10 11:16:39,895 - INFO - Iniciando pesquisa do tipo: 973
2025-09-10 11:16:41,897 - INFO - Passo 1: Procurando e clicando no botão pesquisar tipos...
2025-09-10 11:16:41,898 - INFO - Procurando imagem: img/pesquisar tipos 615.PNG
2025-09-10 11:16:42,010 - INFO - Imagem encontrada em: Point(x=np.int64(620), y=np.int64(78))
2025-09-10 11:16:42,141 - INFO - Clique realizado em: Point(x=np.int64(620), y=np.int64(78))
2025-09-10 11:16:42,642 - INFO - Passo 2: Digitando '973'...
2025-09-10 11:16:42,643 - INFO - Digitando texto: 973
2025-09-10 11:16:43,349 - INFO - Pesquisa do tipo 973 realizada com sucesso!
2025-09-10 11:16:43,350 - INFO - Processo completo executado com sucesso!
2025-09-10 11:16:45,352 - INFO - Navegando com 7x Tab...
2025-09-10 11:16:46,454 - INFO - Tab 1/7 pressionado
2025-09-10 11:16:46,856 - INFO - Tab 2/7 pressionado
2025-09-10 11:16:47,259 - INFO - Tab 3/7 pressionado
2025-09-10 11:16:47,662 - INFO - Tab 4/7 pressionado
2025-09-10 11:16:48,065 - INFO - Tab 5/7 pressionado
2025-09-10 11:16:48,469 - INFO - Tab 6/7 pressionado
2025-09-10 11:16:48,872 - INFO - Tab 7/7 pressionado
2025-09-10 11:16:49,174 - INFO - Navegação com 7x Tab concluída!
2025-09-10 11:16:50,175 - INFO - Processando linha 92
2025-09-10 11:16:50,175 - INFO - === INSERÇÃO SEQUENCIAL CONFIGURADA ===
2025-09-10 11:16:50,176 - INFO - Preenchendo colunas: C até U
2025-09-10 11:16:50,176 - INFO - Total de colunas: 19
2025-09-10 11:16:51,177 - INFO - 📝 INSERINDO C: '1'
2025-09-10 11:16:53,381 - INFO - 📝 INSERINDO D: '230'
2025-09-10 11:16:55,586 - INFO - 📝 INSERINDO E: '2635'
2025-09-10 11:16:57,795 - INFO - 📝 INSERINDO F: 'IN'
2025-09-10 11:17:00,000 - INFO - 📝 INSERINDO G: '35'
2025-09-10 11:17:02,204 - INFO - 📝 INSERINDO H: 'N'
2025-09-10 11:17:04,410 - INFO - 📝 INSERINDO I: 'RB40'
2025-09-10 11:17:06,618 - INFO - 📝 INSERINDO J: '2'
2025-09-10 11:17:08,824 - INFO - 📝 INSERINDO K: '230'
2025-09-10 11:17:11,032 - INFO - 📝 INSERINDO L: '1008'
2025-09-10 11:17:13,237 - INFO - 📝 INSERINDO M: 'IN'
2025-09-10 11:17:15,445 - INFO - 📝 INSERINDO N: '35'
2025-09-10 11:17:17,652 - INFO - 📝 INSERINDO O: 'N'
2025-09-10 11:17:19,855 - INFO - 📝 INSERINDO P: 'RB40'
2025-09-10 11:17:22,067 - INFO - 📝 INSERINDO Q: '1'
2025-09-10 11:17:24,272 - INFO - 📝 INSERINDO R: 'JG'
2025-09-10 11:17:26,482 - INFO - 📝 INSERINDO S: '2103'
2025-09-10 11:17:28,690 - INFO - 📝 INSERINDO T: 'SUSIN'
2025-09-10 11:17:30,907 - INFO - 📝 INSERINDO U: 'SUSIN'
2025-09-10 11:17:32,016 - INFO - Pressionando F2 para finalizar...
2025-09-10 11:17:32,117 - INFO - Aguardando após F2...
2025-09-10 11:17:35,118 - INFO - ✅ Inserção configurada concluída!
2025-09-10 11:17:35,119 - INFO - === PROCESSANDO RESULTADO APÓS F2 ===
2025-09-10 11:17:38,310 - INFO - ♻️ ITEM JÁ CADASTRADO - janela informacao.PNG encontrada diretamente!
2025-09-10 11:17:38,311 - INFO - Extraindo PA da janela na posição: Box(left=np.int64(675), top=np.int64(408), width=57, height=76)
2025-09-10 11:17:38,311 - INFO - Capturando região da tela para OCR...
2025-09-10 11:17:38,343 - INFO - Iniciando pré-processamento da imagem para melhorar a leitura...
2025-09-10 11:17:38,378 - INFO - 💾 Imagem pré-processada para OCR salva como: DEBUG_imagem_para_ocr_1757513858.png
2025-09-10 11:17:38,574 - INFO - 📄 TEXTO EXTRAÍDO DA IMAGEM PROCESSADA:
Informação x
Descrição Completa “CAIXILHO MADEIRA REFLORESTADA JG
8700 - BRANCO NEVE RB40 - REB 40,5 €/ 2 PCS LAT. 2635 X 230
X35 E 1 PCSUP. 1008 X 230 X 35 MM EMEB. 2103 FECH. S/USIN
DOB. S/USIN UM. 10-16%” já cadastrada para o item 'PA95166"

2025-09-10 11:17:38,575 - INFO - Texto original do OCR: 'Informação x\nDescrição Completa “CAIXILHO MADEIRA REFLORESTADA JG\n8700 - BRANCO NEVE RB40 - REB 40,5 €/ 2 PCS LAT. 2635 X 230\nX35 E 1 PCSUP. 1008 X 230 X 35 MM EMEB. 2103 FECH. S/USIN\nDOB. S/USIN UM. 10-16%” já cadastrada para o item \'PA95166"\n'
2025-09-10 11:17:38,575 - INFO - Texto após correções automáticas: '1NF0RMAÇÃ0 X DE5CR1ÇÃ0 C0MPLE7A “CA1X1LH0 MADE1RA REFL0RE57ADA JG 8700 - 8RANC0 NEVE R840 - RE8 40,5 €/ 2 PC5 LA7. 2635 X 230 X35 E 1 PC5UP. 1008 X 230 X 35 MM EME8. 2103 FECH. 5/U51N D08. 5/U51N UM. 10-16%” JÁ CADA57RADA PARA 0 17EM \'PA95166" '
2025-09-10 11:17:38,576 - INFO - Testando padrão numérico 1: ITEM\s*[\'"]?PA(\d{4,8})[\'"]?
2025-09-10 11:17:38,576 - INFO - Testando padrão numérico 2: CADASTRAD[AO]\s+PARA\s+O\s+ITEM\s*[\'"]?PA(\d{4,8})[\'"]?
2025-09-10 11:17:38,577 - INFO - Testando padrão numérico 3: PA(\d{4,8})
2025-09-10 11:17:38,577 - INFO - ✓ SUCESSO! PA numérico extraído com padrão 3: PA95166
2025-09-10 11:17:39,679 - INFO - ✅ PA EXTRAÍDO: PA95166
2025-09-10 11:17:39,681 - INFO - Procurando planilha mais recente em: \\192.168.1.250\Programas\robo custos\lancar
2025-09-10 11:17:39,688 - INFO - Padrão *.xlsx: 1 arquivos encontrados
2025-09-10 11:17:39,690 - INFO - Padrão *.xls: 0 arquivos encontrados
2025-09-10 11:17:39,692 - INFO - Padrão *.csv: 0 arquivos encontrados
2025-09-10 11:17:39,693 - INFO - Total de arquivos encontrados: 1
2025-09-10 11:17:39,697 - INFO - Arquivo: 973.xlsx
2025-09-10 11:17:39,698 - INFO -   Data modificação: Wed Sep 10 11:08:57 2025
2025-09-10 11:17:39,699 - INFO -   Tamanho: 41576 bytes
2025-09-10 11:17:39,700 - INFO - Arquivo mais recente selecionado: 973.xlsx
2025-09-10 11:17:39,701 - INFO -   Caminho: \\192.168.1.250\Programas\robo custos\lancar\973.xlsx
2025-09-10 11:17:39,701 - INFO -   Data: Wed Sep 10 11:08:57 2025
2025-09-10 11:17:39,702 - INFO - Abrindo planilha '973.xlsx' para salvar o PA...
2025-09-10 11:17:40,447 - INFO - Procurando aba com (973) no nome...
2025-09-10 11:17:40,471 - INFO - Verificando aba: 1 PA BATENTE JG (973)
2025-09-10 11:17:40,471 - INFO - ✅ Aba configurada encontrada: 1 PA BATENTE JG (973)
2025-09-10 11:17:40,471 - INFO - Usando aba: 1 PA BATENTE JG (973)
2025-09-10 11:17:40,472 - INFO - Escrevendo o código 'PA95166' na célula B92...
2025-09-10 11:17:40,474 - INFO - Salvando o ficheiro Excel...
2025-09-10 11:17:40,592 - INFO - Fechando o ficheiro Excel...
2025-09-10 11:17:40,606 - INFO - Encerrando a instância do Excel...
2025-09-10 11:17:40,730 - INFO - Aguardando 1 segundo para garantir que o ficheiro foi atualizado na rede...
2025-09-10 11:17:41,731 - INFO - ✅ Código PA salvo na aba configurada - linha 92.
2025-09-10 11:17:41,734 - INFO - === PROCESSO COMPLETO COM INSERÇÃO FINALIZADO ===
2025-09-10 11:17:41,735 - INFO - ⏸️ Pausa 
2025-09-10 11:17:42,737 - INFO - Procurando planilha mais recente em: \\192.168.1.250\Programas\robo custos\lancar
2025-09-10 11:17:42,740 - INFO - Padrão *.xlsx: 1 arquivos encontrados
2025-09-10 11:17:42,742 - INFO - Padrão *.xls: 0 arquivos encontrados
2025-09-10 11:17:42,744 - INFO - Padrão *.csv: 0 arquivos encontrados
2025-09-10 11:17:42,745 - INFO - Total de arquivos encontrados: 1
2025-09-10 11:17:42,749 - INFO - Arquivo: 973.xlsx
2025-09-10 11:17:42,750 - INFO -   Data modificação: Wed Sep 10 11:17:40 2025
2025-09-10 11:17:42,751 - INFO -   Tamanho: 41584 bytes
2025-09-10 11:17:42,752 - INFO - Arquivo mais recente selecionado: 973.xlsx
2025-09-10 11:17:42,753 - INFO -   Caminho: \\192.168.1.250\Programas\robo custos\lancar\973.xlsx
2025-09-10 11:17:42,754 - INFO -   Data: Wed Sep 10 11:17:40 2025
2025-09-10 11:17:42,755 - INFO - Procurando próxima linha sem PA na coluna B (aba (973))...
2025-09-10 11:17:43,178 - INFO - Procurando aba com (973) no nome...
2025-09-10 11:17:43,203 - INFO - Verificando aba: 1 PA BATENTE JG (973)
2025-09-10 11:17:43,203 - INFO - ✅ Aba configurada encontrada: 1 PA BATENTE JG (973)
2025-09-10 11:17:43,203 - INFO - Usando aba: 1 PA BATENTE JG (973)
2025-09-10 11:17:43,848 - INFO - Fim dos dados na linha 228
2025-09-10 11:17:43,848 - INFO - Todas as linhas já foram processadas!
2025-09-10 11:17:43,989 - INFO - 🎉 === TODAS AS LINHAS FORAM PROCESSADAS! ===
2025-09-10 11:17:43,989 - INFO - 
================================================================================
🏁 === CADASTRO COMPLETO FINALIZADO ===
   ✅ Sucesso: 1
   ❌ Falhas: 0
================================================================================
2025-09-10 11:17:43,989 - INFO - 🎉 === ROBÔ EXECUTADO COM SUCESSO TOTAL! ===
2025-09-10 11:17:43,989 - INFO - Sistema finalizado. Pressione Ctrl+C para sair.
2025-09-10 11:17:49,504 - INFO - 
🛑 Execução interrompida pelo usuário.
