2025-09-09 11:19:10,519 - INFO - 🚀 === INICIANDO CADASTRO COMPLETO A PARTIR DO MAIN ===
2025-09-09 11:19:10,519 - INFO - Procurando planilha mais recente em: \\192.168.1.250\Programas\robo custos\lancar
2025-09-09 11:19:10,522 - INFO - Padrão *.xlsx: 1 arquivos encontrados
2025-09-09 11:19:10,522 - INFO - Padrão *.xls: 0 arquivos encontrados
2025-09-09 11:19:10,522 - INFO - Padrão *.csv: 0 arquivos encontrados
2025-09-09 11:19:10,522 - INFO - Total de arquivos encontrados: 1
2025-09-09 11:19:10,524 - INFO - Arquivo: 973.xlsx
2025-09-09 11:19:10,524 - INFO -   Data modificação: Tue Sep  9 11:16:58 2025
2025-09-09 11:19:10,546 - INFO -   Tamanho: 39865 bytes
2025-09-09 11:19:10,546 - INFO - Arquivo mais recente selecionado: 973.xlsx
2025-09-09 11:19:10,546 - INFO -   Caminho: \\192.168.1.250\Programas\robo custos\lancar\973.xlsx
2025-09-09 11:19:10,546 - INFO -   Data: Tue Sep  9 11:16:58 2025
2025-09-09 11:19:10,547 - INFO - Procurando próxima linha sem PA na coluna B (aba (973))...
2025-09-09 11:19:10,931 - INFO - Procurando aba com (973) no nome...
2025-09-09 11:19:10,936 - INFO - Verificando aba: 1 PA BATENTE JG (973)
2025-09-09 11:19:10,936 - INFO - ✅ Aba configurada encontrada: 1 PA BATENTE JG (973)
2025-09-09 11:19:10,936 - INFO - Usando aba: 1 PA BATENTE JG (973)
2025-09-09 11:19:10,943 - INFO - Próxima linha para processar (sem PA na coluna B): 3
2025-09-09 11:19:11,080 - INFO - 
================================================================================
📌 PROCESSANDO LINHA 3 (Sucesso: 0, Falhas: 0)
================================================================================
2025-09-09 11:19:11,081 - INFO - 🔑 PRIMEIRA LINHA - Executando processo completo com login...
2025-09-09 11:19:11,081 - INFO - === INICIANDO PROCESSO COMPLETO COM INSERÇÃO ===
2025-09-09 11:19:11,081 - INFO - Iniciando processo completo...
2025-09-09 11:19:11,081 - INFO - Lendo dados da próxima linha sem PA na coluna B...
2025-09-09 11:19:11,081 - INFO - Procurando planilha mais recente em: \\192.168.1.250\Programas\robo custos\lancar
2025-09-09 11:19:11,082 - INFO - Padrão *.xlsx: 1 arquivos encontrados
2025-09-09 11:19:11,082 - INFO - Padrão *.xls: 0 arquivos encontrados
2025-09-09 11:19:11,082 - INFO - Padrão *.csv: 0 arquivos encontrados
2025-09-09 11:19:11,082 - INFO - Total de arquivos encontrados: 1
2025-09-09 11:19:11,084 - INFO - Arquivo: 973.xlsx
2025-09-09 11:19:11,084 - INFO -   Data modificação: Tue Sep  9 11:16:58 2025
2025-09-09 11:19:11,084 - INFO -   Tamanho: 39865 bytes
2025-09-09 11:19:11,084 - INFO - Arquivo mais recente selecionado: 973.xlsx
2025-09-09 11:19:11,084 - INFO -   Caminho: \\192.168.1.250\Programas\robo custos\lancar\973.xlsx
2025-09-09 11:19:11,084 - INFO -   Data: Tue Sep  9 11:16:58 2025
2025-09-09 11:19:11,084 - INFO - Procurando próxima linha sem PA na coluna B (aba (973))...
2025-09-09 11:19:11,443 - INFO - Procurando aba com (973) no nome...
2025-09-09 11:19:11,446 - INFO - Verificando aba: 1 PA BATENTE JG (973)
2025-09-09 11:19:11,446 - INFO - ✅ Aba configurada encontrada: 1 PA BATENTE JG (973)
2025-09-09 11:19:11,447 - INFO - Usando aba: 1 PA BATENTE JG (973)
2025-09-09 11:19:11,452 - INFO - Próxima linha para processar (sem PA na coluna B): 3
2025-09-09 11:19:11,587 - INFO - Procurando planilha mais recente em: \\192.168.1.250\Programas\robo custos\lancar
2025-09-09 11:19:11,588 - INFO - Padrão *.xlsx: 1 arquivos encontrados
2025-09-09 11:19:11,588 - INFO - Padrão *.xls: 0 arquivos encontrados
2025-09-09 11:19:11,588 - INFO - Padrão *.csv: 0 arquivos encontrados
2025-09-09 11:19:11,589 - INFO - Total de arquivos encontrados: 1
2025-09-09 11:19:11,590 - INFO - Arquivo: 973.xlsx
2025-09-09 11:19:11,590 - INFO -   Data modificação: Tue Sep  9 11:16:58 2025
2025-09-09 11:19:11,590 - INFO -   Tamanho: 39865 bytes
2025-09-09 11:19:11,590 - INFO - Arquivo mais recente selecionado: 973.xlsx
2025-09-09 11:19:11,590 - INFO -   Caminho: \\192.168.1.250\Programas\robo custos\lancar\973.xlsx
2025-09-09 11:19:11,590 - INFO -   Data: Tue Sep  9 11:16:58 2025
2025-09-09 11:19:11,591 - INFO - Abrindo planilha via COM: \\192.168.1.250\Programas\robo custos\lancar\973.xlsx
2025-09-09 11:19:11,970 - INFO - Planilha aberta com sucesso!
2025-09-09 11:19:11,970 - INFO - Procurando aba com (973) no nome...
2025-09-09 11:19:11,974 - INFO - Verificando aba: 1 PA BATENTE JG (973)
2025-09-09 11:19:11,974 - INFO - ✅ Aba configurada encontrada: 1 PA BATENTE JG (973)
2025-09-09 11:19:11,975 - INFO - Usando aba: 1 PA BATENTE JG (973), linha: 3
2025-09-09 11:19:11,975 - INFO - Número extraído do nome da aba '1 PA BATENTE JG (973)': 973
2025-09-09 11:19:12,010 - INFO - Dados lidos da aba configurada - linha 3:
2025-09-09 11:19:12,010 - INFO -   Arquivo: 973.xlsx
2025-09-09 11:19:12,010 - INFO -   Nome da aba: 1 PA BATENTE JG (973)
2025-09-09 11:19:12,010 - INFO -   Número extraído: 973 (✅ CORRETO)
2025-09-09 11:19:12,010 - INFO -   Coluna A (controle): 1 PA BATENTE JG (973)
2025-09-09 11:19:12,010 - INFO -   Coluna B (PA existente): None
2025-09-09 11:19:12,010 - INFO -   📋 COLUNAS CONFIGURADAS (C até U):
2025-09-09 11:19:12,010 - INFO -     Coluna C: 1.0
2025-09-09 11:19:12,010 - INFO -     Coluna D: 70.0
2025-09-09 11:19:12,010 - INFO -     Coluna E: 2135.0
2025-09-09 11:19:12,010 - INFO -     Coluna F: INP
2025-09-09 11:19:12,011 - INFO -     Coluna G: 35.0
2025-09-09 11:19:12,011 - INFO -     Coluna H: N
2025-09-09 11:19:12,011 - INFO -     Coluna I: RB40
2025-09-09 11:19:12,011 - INFO -     Coluna J: 2.0
2025-09-09 11:19:12,011 - INFO -     Coluna K: 70.0
2025-09-09 11:19:12,011 - INFO -     Coluna L: 1008.0
2025-09-09 11:19:12,011 - INFO -     Coluna M: INP
2025-09-09 11:19:12,011 - INFO -     Coluna N: 35.0
2025-09-09 11:19:12,011 - INFO -     Coluna O: N
2025-09-09 11:19:12,011 - INFO -     Coluna P: RB40
2025-09-09 11:19:12,011 - INFO -     Coluna Q: 1.0
2025-09-09 11:19:12,011 - INFO -     Coluna R: JG
2025-09-09 11:19:12,011 - INFO -     Coluna S: 2103.0
2025-09-09 11:19:12,011 - INFO -     Coluna T: SUSIN
2025-09-09 11:19:12,012 - INFO -     Coluna U: SUSIN
2025-09-09 11:19:12,142 - INFO - Executando login...
2025-09-09 11:19:12,143 - INFO - Iniciando execução e login no programa
2025-09-09 11:19:12,145 - INFO - Iniciando programa: \\192.168.1.250\Programas\SYSTEAM\PROGRAMA\Indust\Engenh.exe
2025-09-09 11:19:13,059 - INFO - Programa iniciado com PID: 17616
2025-09-09 11:19:13,060 - INFO - Aguardando abertura da janela do programa...
2025-09-09 11:19:16,061 - INFO - Iniciando processo de login...
2025-09-09 11:19:16,063 - INFO - Inserindo nome de usuário
2025-09-09 11:19:18,273 - INFO - Inserindo senha
2025-09-09 11:19:20,479 - INFO - Usando número de empresa: 200
2025-09-09 11:19:23,686 - INFO - Login realizado com sucesso - Empresa: 200
2025-09-09 11:19:26,688 - INFO - Acessando configurador...
2025-09-09 11:19:26,690 - INFO - Iniciando acesso ao configurador...
2025-09-09 11:19:28,692 - INFO - Passo 1: Procurando e clicando no menu systeam...
2025-09-09 11:19:28,694 - INFO - Procurando imagem: img/menu systeam.PNG
2025-09-09 11:19:28,781 - INFO - Imagem encontrada em: Point(x=np.int64(26), y=np.int64(42))
2025-09-09 11:19:28,905 - INFO - Clique realizado em: Point(x=np.int64(26), y=np.int64(42))
2025-09-09 11:19:29,407 - INFO - Passo 2: Digitando 'configurador'...
2025-09-09 11:19:29,408 - INFO - Digitando texto: configurador
2025-09-09 11:19:30,016 - INFO - Passo 3: Procurando e clicando no módulo...
2025-09-09 11:19:30,018 - INFO - Procurando imagem: img/modulo item por descricao.PNG
2025-09-09 11:19:30,137 - INFO - Imagem encontrada em: Point(x=np.int64(660), y=np.int64(246))
2025-09-09 11:19:30,248 - INFO - Clique realizado em: Point(x=np.int64(660), y=np.int64(246))
2025-09-09 11:19:30,248 - INFO - Configurador acessado com sucesso!
2025-09-09 11:19:31,249 - INFO - Pesquisando tipo 973...
2025-09-09 11:19:31,251 - INFO - Iniciando pesquisa do tipo: 973
2025-09-09 11:19:33,252 - INFO - Passo 1: Procurando e clicando no botão pesquisar tipos...
2025-09-09 11:19:33,254 - INFO - Procurando imagem: img/pesquisar tipos 615.PNG
2025-09-09 11:19:33,335 - INFO - Imagem encontrada em: Point(x=np.int64(620), y=np.int64(78))
2025-09-09 11:19:33,466 - INFO - Clique realizado em: Point(x=np.int64(620), y=np.int64(78))
2025-09-09 11:19:33,967 - INFO - Passo 2: Digitando '973'...
2025-09-09 11:19:33,968 - INFO - Digitando texto: 973
2025-09-09 11:19:34,673 - INFO - Pesquisa do tipo 973 realizada com sucesso!
2025-09-09 11:19:34,674 - INFO - Processo completo executado com sucesso!
2025-09-09 11:19:36,676 - INFO - Navegando com 7x Tab...
2025-09-09 11:19:37,778 - INFO - Tab 1/7 pressionado
2025-09-09 11:19:38,180 - INFO - Tab 2/7 pressionado
2025-09-09 11:19:38,583 - INFO - Tab 3/7 pressionado
2025-09-09 11:19:38,985 - INFO - Tab 4/7 pressionado
2025-09-09 11:19:39,388 - INFO - Tab 5/7 pressionado
2025-09-09 11:19:39,790 - INFO - Tab 6/7 pressionado
2025-09-09 11:19:40,192 - INFO - Tab 7/7 pressionado
2025-09-09 11:19:40,493 - INFO - Navegação com 7x Tab concluída!
2025-09-09 11:19:41,495 - INFO - Processando linha 3
2025-09-09 11:19:41,496 - INFO - === INSERÇÃO SEQUENCIAL CONFIGURADA ===
2025-09-09 11:19:41,497 - INFO - Preenchendo colunas: C até U
2025-09-09 11:19:41,498 - INFO - Total de colunas: 19
2025-09-09 11:19:42,499 - INFO - 📝 INSERINDO C: '1'
2025-09-09 11:19:44,101 - INFO - 📝 INSERINDO D: '70'
2025-09-09 11:19:45,707 - INFO - 📝 INSERINDO E: '2135'
2025-09-09 11:19:47,310 - INFO - 📝 INSERINDO F: 'INP'
2025-09-09 11:19:48,918 - INFO - 📝 INSERINDO G: '35'
2025-09-09 11:19:50,522 - INFO - 📝 INSERINDO H: 'N'
2025-09-09 11:19:52,125 - INFO - 📝 INSERINDO I: 'RB40'
2025-09-09 11:19:53,733 - INFO - 📝 INSERINDO J: '2'
2025-09-09 11:19:55,338 - INFO - 📝 INSERINDO K: '70'
2025-09-09 11:19:56,941 - INFO - 📝 INSERINDO L: '1008'
2025-09-09 11:19:58,547 - INFO - 📝 INSERINDO M: 'INP'
2025-09-09 11:20:00,153 - INFO - 📝 INSERINDO N: '35'
2025-09-09 11:20:01,758 - INFO - 📝 INSERINDO O: 'N'
2025-09-09 11:20:03,365 - INFO - 📝 INSERINDO P: 'RB40'
2025-09-09 11:20:04,971 - INFO - 📝 INSERINDO Q: '1'
2025-09-09 11:20:06,576 - INFO - 📝 INSERINDO R: 'JG'
2025-09-09 11:20:08,181 - INFO - 📝 INSERINDO S: '2103'
2025-09-09 11:20:09,790 - INFO - 📝 INSERINDO T: 'SUSIN'
2025-09-09 11:20:11,395 - INFO - 📝 INSERINDO U: 'SUSIN'
2025-09-09 11:20:12,202 - INFO - Pressionando F2 para finalizar...
2025-09-09 11:20:12,304 - INFO - Aguardando após F2...
2025-09-09 11:20:15,305 - INFO - ✅ Inserção configurada concluída!
2025-09-09 11:20:15,306 - INFO - === PROCESSANDO RESULTADO APÓS F2 ===
2025-09-09 11:20:18,417 - INFO - 🆕 ITEM NOVO DETECTADO - janela CONFIRMAR.PNG encontrada!
2025-09-09 11:20:18,418 - INFO - 🎯 Procurando e clicando em img/SIM.PNG...
2025-09-09 11:20:18,623 - INFO - ✅ SIM clicado com sucesso na posição: Point(x=np.int64(861), y=np.int64(517))
2025-09-09 11:20:18,624 - INFO - Aguardando sistema processar após SIM...
2025-09-09 11:20:23,625 - INFO - Aguardando janela informacao.PNG aparecer após SIM...
2025-09-09 11:20:23,625 - INFO - ⏳ Aguardando janela informacao.PNG aparecer após confirmar item novo...
2025-09-09 11:20:24,823 - INFO - 🎉 Janela informacao.PNG encontrada após cadastro!
2025-09-09 11:20:26,824 - INFO - Extraindo PA da janela na posição: Box(left=np.int64(675), top=np.int64(395), width=57, height=76)
2025-09-09 11:20:26,825 - INFO - Capturando região da tela para OCR...
2025-09-09 11:20:26,863 - INFO - Iniciando pré-processamento da imagem para melhorar a leitura...
2025-09-09 11:20:26,899 - INFO - 💾 Imagem pré-processada para OCR salva como: DEBUG_imagem_para_ocr_1757427626.png
2025-09-09 11:20:27,100 - INFO - 📄 TEXTO EXTRAÍDO DA IMAGEM PROCESSADA:
Informação X
Item(ns) incluído(s) com sucesso!
O Código - Descrição
PA139514 - CAIXILHO MADEIRA REFLORESTADA JG 8701 -
BRANCO NEVE PLUS RB40 - REB 40,5 €/ 2 PCS LAT. 2135 X 70X
35 E 1 PC SUP. 1008 X 70 X 35 MM EMEB. 2103 DOB. S/USIN UM.
10-16%

2025-09-09 11:20:27,101 - INFO - Texto original do OCR: 'Informação X\nItem(ns) incluído(s) com sucesso!\nO Código - Descrição\nPA139514 - CAIXILHO MADEIRA REFLORESTADA JG 8701 -\nBRANCO NEVE PLUS RB40 - REB 40,5 €/ 2 PCS LAT. 2135 X 70X\n35 E 1 PC SUP. 1008 X 70 X 35 MM EMEB. 2103 DOB. S/USIN UM.\n10-16%\n'
2025-09-09 11:20:27,101 - INFO - Texto após correções automáticas: '1NF0RMAÇÃ0 X 17EM(N5) 1NCLUÍD0(5) C0M 5UCE550! 0 CÓD1G0 - DE5CR1ÇÃ0 PA139514 - CA1X1LH0 MADE1RA REFL0RE57ADA JG 8701 - 8RANC0 NEVE PLU5 R840 - RE8 40,5 €/ 2 PC5 LA7. 2135 X 70X 35 E 1 PC 5UP. 1008 X 70 X 35 MM EME8. 2103 D08. 5/U51N UM. 10-16% '
2025-09-09 11:20:27,102 - INFO - Testando padrão numérico 1: ITEM\s*[\'"]?PA(\d{4,8})[\'"]?
2025-09-09 11:20:27,102 - INFO - Testando padrão numérico 2: CADASTRAD[AO]\s+PARA\s+O\s+ITEM\s*[\'"]?PA(\d{4,8})[\'"]?
2025-09-09 11:20:27,102 - INFO - Testando padrão numérico 3: PA(\d{4,8})
2025-09-09 11:20:27,103 - INFO - ✓ SUCESSO! PA numérico extraído com padrão 3: PA139514
2025-09-09 11:20:28,204 - INFO - ✅ PA EXTRAÍDO: PA139514
2025-09-09 11:20:28,205 - INFO - Procurando planilha mais recente em: \\192.168.1.250\Programas\robo custos\lancar
2025-09-09 11:20:28,208 - INFO - Padrão *.xlsx: 1 arquivos encontrados
2025-09-09 11:20:28,209 - INFO - Padrão *.xls: 0 arquivos encontrados
2025-09-09 11:20:28,209 - INFO - Padrão *.csv: 0 arquivos encontrados
2025-09-09 11:20:28,210 - INFO - Total de arquivos encontrados: 1
2025-09-09 11:20:28,211 - INFO - Arquivo: 973.xlsx
2025-09-09 11:20:28,211 - INFO -   Data modificação: Tue Sep  9 11:16:58 2025
2025-09-09 11:20:28,212 - INFO -   Tamanho: 39865 bytes
2025-09-09 11:20:28,212 - INFO - Arquivo mais recente selecionado: 973.xlsx
2025-09-09 11:20:28,212 - INFO -   Caminho: \\192.168.1.250\Programas\robo custos\lancar\973.xlsx
2025-09-09 11:20:28,212 - INFO -   Data: Tue Sep  9 11:16:58 2025
2025-09-09 11:20:28,212 - INFO - Abrindo planilha '973.xlsx' para salvar o PA...
2025-09-09 11:20:28,587 - INFO - Procurando aba com (973) no nome...
2025-09-09 11:20:28,591 - INFO - Verificando aba: 1 PA BATENTE JG (973)
2025-09-09 11:20:28,591 - INFO - ✅ Aba configurada encontrada: 1 PA BATENTE JG (973)
2025-09-09 11:20:28,592 - INFO - Usando aba: 1 PA BATENTE JG (973)
2025-09-09 11:20:28,592 - INFO - Escrevendo o código 'PA139514' na célula B3...
2025-09-09 11:20:28,614 - INFO - Salvando o ficheiro Excel...
2025-09-09 11:20:28,827 - INFO - Fechando o ficheiro Excel...
2025-09-09 11:20:28,843 - INFO - Encerrando a instância do Excel...
2025-09-09 11:20:28,947 - INFO - Aguardando 1 segundo para garantir que o ficheiro foi atualizado na rede...
2025-09-09 11:20:29,948 - INFO - ✅ Código PA salvo na aba configurada - linha 3.
2025-09-09 11:20:29,949 - INFO - === PROCESSO COMPLETO COM INSERÇÃO FINALIZADO ===
2025-09-09 11:20:29,950 - INFO - ⏸️ Pausa 
2025-09-09 11:20:30,951 - INFO - Procurando planilha mais recente em: \\192.168.1.250\Programas\robo custos\lancar
2025-09-09 11:20:30,953 - INFO - Padrão *.xlsx: 1 arquivos encontrados
2025-09-09 11:20:30,953 - INFO - Padrão *.xls: 0 arquivos encontrados
2025-09-09 11:20:30,954 - INFO - Padrão *.csv: 0 arquivos encontrados
2025-09-09 11:20:30,954 - INFO - Total de arquivos encontrados: 1
2025-09-09 11:20:30,956 - INFO - Arquivo: 973.xlsx
2025-09-09 11:20:30,956 - INFO -   Data modificação: Tue Sep  9 11:20:28 2025
2025-09-09 11:20:30,956 - INFO -   Tamanho: 39879 bytes
2025-09-09 11:20:30,957 - INFO - Arquivo mais recente selecionado: 973.xlsx
2025-09-09 11:20:30,957 - INFO -   Caminho: \\192.168.1.250\Programas\robo custos\lancar\973.xlsx
2025-09-09 11:20:30,957 - INFO -   Data: Tue Sep  9 11:20:28 2025
2025-09-09 11:20:30,958 - INFO - Procurando próxima linha sem PA na coluna B (aba (973))...
2025-09-09 11:20:31,317 - INFO - Procurando aba com (973) no nome...
2025-09-09 11:20:31,343 - INFO - Verificando aba: 1 PA BATENTE JG (973)
2025-09-09 11:20:31,343 - INFO - ✅ Aba configurada encontrada: 1 PA BATENTE JG (973)
2025-09-09 11:20:31,344 - INFO - Usando aba: 1 PA BATENTE JG (973)
2025-09-09 11:20:31,352 - INFO - Próxima linha para processar (sem PA na coluna B): 4
2025-09-09 11:20:31,477 - INFO - 
================================================================================
📌 PROCESSANDO LINHA 4 (Sucesso: 1, Falhas: 0)
================================================================================
2025-09-09 11:20:31,478 - INFO - 🔄 LINHA SEGUINTE (4) - Executando sequência de reinício...
2025-09-09 11:20:31,478 - INFO - 🔄 === INICIANDO SEQUÊNCIA DE REINÍCIO (SIMPLIFICADA) ===
2025-09-09 11:20:31,478 - INFO - 🔍 Verificando se a janela de informação precisa ser fechada...
2025-09-09 11:20:31,569 - INFO - ✅ Janela de informação não está na tela.
2025-09-09 11:20:31,570 - INFO - Dimensões da tela: 1746x922
2025-09-09 11:20:31,571 - INFO - Passo 1: Movendo mouse para o centro (873, 461) e clicando.
2025-09-09 11:20:33,344 - INFO - Passo 2: Pressionando Home.
2025-09-09 11:20:33,947 - INFO - ✅ Sequência de reinício SIMPLIFICADA executada com sucesso!
2025-09-09 11:20:33,948 - INFO - 📋 PROCESSANDO LINHA 4...
2025-09-09 11:20:33,949 - INFO - Procurando planilha mais recente em: \\192.168.1.250\Programas\robo custos\lancar
2025-09-09 11:20:33,951 - INFO - Padrão *.xlsx: 1 arquivos encontrados
2025-09-09 11:20:33,954 - INFO - Padrão *.xls: 0 arquivos encontrados
2025-09-09 11:20:33,955 - INFO - Padrão *.csv: 0 arquivos encontrados
2025-09-09 11:20:33,956 - INFO - Total de arquivos encontrados: 1
2025-09-09 11:20:33,960 - INFO - Arquivo: 973.xlsx
2025-09-09 11:20:33,961 - INFO -   Data modificação: Tue Sep  9 11:20:28 2025
2025-09-09 11:20:33,962 - INFO -   Tamanho: 39879 bytes
2025-09-09 11:20:33,963 - INFO - Arquivo mais recente selecionado: 973.xlsx
2025-09-09 11:20:33,963 - INFO -   Caminho: \\192.168.1.250\Programas\robo custos\lancar\973.xlsx
2025-09-09 11:20:33,964 - INFO -   Data: Tue Sep  9 11:20:28 2025
2025-09-09 11:20:33,965 - INFO - Abrindo planilha via COM: \\192.168.1.250\Programas\robo custos\lancar\973.xlsx
2025-09-09 11:20:34,369 - INFO - Planilha aberta com sucesso!
2025-09-09 11:20:34,370 - INFO - Procurando aba com (973) no nome...
2025-09-09 11:20:34,395 - INFO - Verificando aba: 1 PA BATENTE JG (973)
2025-09-09 11:20:34,395 - INFO - ✅ Aba configurada encontrada: 1 PA BATENTE JG (973)
2025-09-09 11:20:34,396 - INFO - Usando aba: 1 PA BATENTE JG (973), linha: 4
2025-09-09 11:20:34,397 - INFO - Número extraído do nome da aba '1 PA BATENTE JG (973)': 973
2025-09-09 11:20:34,426 - INFO - Dados lidos da aba configurada - linha 4:
2025-09-09 11:20:34,427 - INFO -   Arquivo: 973.xlsx
2025-09-09 11:20:34,427 - INFO -   Nome da aba: 1 PA BATENTE JG (973)
2025-09-09 11:20:34,427 - INFO -   Número extraído: 973 (✅ CORRETO)
2025-09-09 11:20:34,427 - INFO -   Coluna A (controle): 1 PA BATENTE JG (973)
2025-09-09 11:20:34,427 - INFO -   Coluna B (PA existente): None
2025-09-09 11:20:34,428 - INFO -   📋 COLUNAS CONFIGURADAS (C até U):
2025-09-09 11:20:34,428 - INFO -     Coluna C: 1.0
2025-09-09 11:20:34,428 - INFO -     Coluna D: 90.0
2025-09-09 11:20:34,428 - INFO -     Coluna E: 2135.0
2025-09-09 11:20:34,428 - INFO -     Coluna F: INP
2025-09-09 11:20:34,428 - INFO -     Coluna G: 35.0
2025-09-09 11:20:34,429 - INFO -     Coluna H: N
2025-09-09 11:20:34,429 - INFO -     Coluna I: RB40
2025-09-09 11:20:34,429 - INFO -     Coluna J: 2.0
2025-09-09 11:20:34,429 - INFO -     Coluna K: 90.0
2025-09-09 11:20:34,429 - INFO -     Coluna L: 1008.0
2025-09-09 11:20:34,430 - INFO -     Coluna M: INP
2025-09-09 11:20:34,430 - INFO -     Coluna N: 35.0
2025-09-09 11:20:34,430 - INFO -     Coluna O: N
2025-09-09 11:20:34,430 - INFO -     Coluna P: RB40
2025-09-09 11:20:34,430 - INFO -     Coluna Q: 1.0
2025-09-09 11:20:34,430 - INFO -     Coluna R: JG
2025-09-09 11:20:34,430 - INFO -     Coluna S: 2103.0
2025-09-09 11:20:34,431 - INFO -     Coluna T: SUSIN
2025-09-09 11:20:34,431 - INFO -     Coluna U: SUSIN
2025-09-09 11:20:34,571 - INFO - Processando linha 4
2025-09-09 11:20:34,571 - INFO - === INSERÇÃO SEQUENCIAL CONFIGURADA ===
2025-09-09 11:20:34,571 - INFO - Preenchendo colunas: C até U
2025-09-09 11:20:34,571 - INFO - Total de colunas: 19
2025-09-09 11:20:35,572 - INFO - 📝 INSERINDO C: '1'
2025-09-09 11:20:37,177 - INFO - 📝 INSERINDO D: '90'
2025-09-09 11:20:38,783 - INFO - 📝 INSERINDO E: '2135'
2025-09-09 11:20:40,387 - INFO - 📝 INSERINDO F: 'INP'
2025-09-09 11:20:41,994 - INFO - 📝 INSERINDO G: '35'
2025-09-09 11:20:43,598 - INFO - 📝 INSERINDO H: 'N'
2025-09-09 11:20:45,204 - INFO - 📝 INSERINDO I: 'RB40'
2025-09-09 11:20:46,813 - INFO - 📝 INSERINDO J: '2'
2025-09-09 11:20:48,417 - INFO - 📝 INSERINDO K: '90'
2025-09-09 11:20:50,023 - INFO - 📝 INSERINDO L: '1008'
2025-09-09 11:20:51,626 - INFO - 📝 INSERINDO M: 'INP'
2025-09-09 11:20:53,236 - INFO - 📝 INSERINDO N: '35'
2025-09-09 11:20:54,842 - INFO - 📝 INSERINDO O: 'N'
2025-09-09 11:20:56,449 - INFO - 📝 INSERINDO P: 'RB40'
2025-09-09 11:20:58,056 - INFO - 📝 INSERINDO Q: '1'
2025-09-09 11:20:59,661 - INFO - 📝 INSERINDO R: 'JG'
2025-09-09 11:21:01,265 - INFO - 📝 INSERINDO S: '2103'
2025-09-09 11:21:02,873 - INFO - 📝 INSERINDO T: 'SUSIN'
2025-09-09 11:21:04,479 - INFO - 📝 INSERINDO U: 'SUSIN'
2025-09-09 11:21:05,282 - INFO - Pressionando F2 para finalizar...
2025-09-09 11:21:05,384 - INFO - Aguardando após F2...
2025-09-09 11:21:08,386 - INFO - ✅ Inserção configurada concluída!
2025-09-09 11:21:08,387 - INFO - === PROCESSANDO RESULTADO APÓS F2 ===
2025-09-09 11:21:11,572 - INFO - ♻️ ITEM JÁ CADASTRADO - janela informacao.PNG encontrada diretamente!
2025-09-09 11:21:11,573 - INFO - Extraindo PA da janela na posição: Box(left=np.int64(769), top=np.int64(418), width=57, height=76)
2025-09-09 11:21:11,573 - INFO - Capturando região da tela para OCR...
2025-09-09 11:21:11,606 - INFO - Iniciando pré-processamento da imagem para melhorar a leitura...
2025-09-09 11:21:11,625 - INFO - 💾 Imagem pré-processada para OCR salva como: DEBUG_imagem_para_ocr_1757427671.png
2025-09-09 11:21:11,740 - INFO - 📄 TEXTO EXTRAÍDO DA IMAGEM PROCESSADA:
Informação x
Informe toda(s) coluna(s).

2025-09-09 11:21:11,741 - INFO - Texto original do OCR: 'Informação x\nInforme toda(s) coluna(s).\n'
2025-09-09 11:21:11,741 - INFO - Texto após correções automáticas: '1NF0RMAÇÃ0 X 1NF0RME 70DA(5) C0LUNA(5). '
2025-09-09 11:21:11,741 - INFO - Testando padrão numérico 1: ITEM\s*[\'"]?PA(\d{4,8})[\'"]?
2025-09-09 11:21:11,742 - INFO - Testando padrão numérico 2: CADASTRAD[AO]\s+PARA\s+O\s+ITEM\s*[\'"]?PA(\d{4,8})[\'"]?
2025-09-09 11:21:11,742 - INFO - Testando padrão numérico 3: PA(\d{4,8})
2025-09-09 11:21:11,742 - INFO - Testando padrão numérico 4: BA(\d{4,8})
2025-09-09 11:21:11,742 - WARNING - NENHUM código PA numérico encontrado no texto, mesmo após correções.
2025-09-09 11:21:11,743 - WARNING - Texto original analisado: Informação x Informe toda(s) coluna(s). ...
2025-09-09 11:21:12,844 - WARNING - ⚠️ PA NÃO foi extraído da região marcada
2025-09-09 11:21:12,845 - WARNING - ✗ Código PA não foi obtido. Salvando status de erro na planilha.
2025-09-09 11:21:12,846 - WARNING - Código PA inválido, não salvando na planilha
2025-09-09 11:21:12,846 - INFO - ⏸️ Pausa 
2025-09-09 11:21:13,847 - INFO - Procurando planilha mais recente em: \\192.168.1.250\Programas\robo custos\lancar
2025-09-09 11:21:13,854 - INFO - Padrão *.xlsx: 1 arquivos encontrados
2025-09-09 11:21:13,857 - INFO - Padrão *.xls: 0 arquivos encontrados
2025-09-09 11:21:13,859 - INFO - Padrão *.csv: 0 arquivos encontrados
2025-09-09 11:21:13,859 - INFO - Total de arquivos encontrados: 1
2025-09-09 11:21:13,864 - INFO - Arquivo: 973.xlsx
2025-09-09 11:21:13,865 - INFO -   Data modificação: Tue Sep  9 11:20:28 2025
2025-09-09 11:21:13,866 - INFO -   Tamanho: 39879 bytes
2025-09-09 11:21:13,867 - INFO - Arquivo mais recente selecionado: 973.xlsx
2025-09-09 11:21:13,867 - INFO -   Caminho: \\192.168.1.250\Programas\robo custos\lancar\973.xlsx
2025-09-09 11:21:13,867 - INFO -   Data: Tue Sep  9 11:20:28 2025
2025-09-09 11:21:13,867 - INFO - Procurando próxima linha sem PA na coluna B (aba (973))...
2025-09-09 11:21:14,581 - INFO - Procurando aba com (973) no nome...
2025-09-09 11:21:14,609 - INFO - Verificando aba: 1 PA BATENTE JG (973)
2025-09-09 11:21:14,609 - INFO - ✅ Aba configurada encontrada: 1 PA BATENTE JG (973)
2025-09-09 11:21:14,609 - INFO - Usando aba: 1 PA BATENTE JG (973)
2025-09-09 11:21:14,619 - INFO - Próxima linha para processar (sem PA na coluna B): 4
2025-09-09 11:21:14,745 - INFO - 
================================================================================
📌 PROCESSANDO LINHA 4 (Sucesso: 1, Falhas: 1)
================================================================================
2025-09-09 11:21:14,745 - INFO - 🔄 LINHA SEGUINTE (4) - Executando sequência de reinício...
2025-09-09 11:21:14,746 - INFO - 🔄 === INICIANDO SEQUÊNCIA DE REINÍCIO (SIMPLIFICADA) ===
2025-09-09 11:21:14,746 - INFO - 🔍 Verificando se a janela de informação precisa ser fechada...
2025-09-09 11:21:14,852 - INFO - ✅ Janela de informação não está na tela.
2025-09-09 11:21:14,853 - INFO - Dimensões da tela: 1746x922
2025-09-09 11:21:14,853 - INFO - Passo 1: Movendo mouse para o centro (873, 461) e clicando.
2025-09-09 11:21:16,626 - INFO - Passo 2: Pressionando Home.
2025-09-09 11:21:17,228 - INFO - ✅ Sequência de reinício SIMPLIFICADA executada com sucesso!
2025-09-09 11:21:17,229 - INFO - 📋 PROCESSANDO LINHA 4...
2025-09-09 11:21:17,230 - INFO - Procurando planilha mais recente em: \\192.168.1.250\Programas\robo custos\lancar
2025-09-09 11:21:17,233 - INFO - Padrão *.xlsx: 1 arquivos encontrados
2025-09-09 11:21:17,233 - INFO - Padrão *.xls: 0 arquivos encontrados
2025-09-09 11:21:17,234 - INFO - Padrão *.csv: 0 arquivos encontrados
2025-09-09 11:21:17,234 - INFO - Total de arquivos encontrados: 1
2025-09-09 11:21:17,236 - INFO - Arquivo: 973.xlsx
2025-09-09 11:21:17,237 - INFO -   Data modificação: Tue Sep  9 11:20:28 2025
2025-09-09 11:21:17,238 - INFO -   Tamanho: 39879 bytes
2025-09-09 11:21:17,239 - INFO - Arquivo mais recente selecionado: 973.xlsx
2025-09-09 11:21:17,239 - INFO -   Caminho: \\192.168.1.250\Programas\robo custos\lancar\973.xlsx
2025-09-09 11:21:17,240 - INFO -   Data: Tue Sep  9 11:20:28 2025
2025-09-09 11:21:17,241 - INFO - Abrindo planilha via COM: \\192.168.1.250\Programas\robo custos\lancar\973.xlsx
2025-09-09 11:21:17,623 - INFO - Planilha aberta com sucesso!
2025-09-09 11:21:17,623 - INFO - Procurando aba com (973) no nome...
2025-09-09 11:21:17,648 - INFO - Verificando aba: 1 PA BATENTE JG (973)
2025-09-09 11:21:17,648 - INFO - ✅ Aba configurada encontrada: 1 PA BATENTE JG (973)
2025-09-09 11:21:17,649 - INFO - Usando aba: 1 PA BATENTE JG (973), linha: 4
2025-09-09 11:21:17,649 - INFO - Número extraído do nome da aba '1 PA BATENTE JG (973)': 973
2025-09-09 11:21:17,679 - INFO - Dados lidos da aba configurada - linha 4:
2025-09-09 11:21:17,680 - INFO -   Arquivo: 973.xlsx
2025-09-09 11:21:17,680 - INFO -   Nome da aba: 1 PA BATENTE JG (973)
2025-09-09 11:21:17,680 - INFO -   Número extraído: 973 (✅ CORRETO)
2025-09-09 11:21:17,680 - INFO -   Coluna A (controle): 1 PA BATENTE JG (973)
2025-09-09 11:21:17,680 - INFO -   Coluna B (PA existente): None
2025-09-09 11:21:17,681 - INFO -   📋 COLUNAS CONFIGURADAS (C até U):
2025-09-09 11:21:17,681 - INFO -     Coluna C: 1.0
2025-09-09 11:21:17,681 - INFO -     Coluna D: 90.0
2025-09-09 11:21:17,681 - INFO -     Coluna E: 2135.0
2025-09-09 11:21:17,681 - INFO -     Coluna F: INP
2025-09-09 11:21:17,681 - INFO -     Coluna G: 35.0
2025-09-09 11:21:17,682 - INFO -     Coluna H: N
2025-09-09 11:21:17,682 - INFO -     Coluna I: RB40
2025-09-09 11:21:17,682 - INFO -     Coluna J: 2.0
2025-09-09 11:21:17,682 - INFO -     Coluna K: 90.0
2025-09-09 11:21:17,682 - INFO -     Coluna L: 1008.0
2025-09-09 11:21:17,682 - INFO -     Coluna M: INP
2025-09-09 11:21:17,682 - INFO -     Coluna N: 35.0
2025-09-09 11:21:17,682 - INFO -     Coluna O: N
2025-09-09 11:21:17,683 - INFO -     Coluna P: RB40
2025-09-09 11:21:17,683 - INFO -     Coluna Q: 1.0
2025-09-09 11:21:17,683 - INFO -     Coluna R: JG
2025-09-09 11:21:17,683 - INFO -     Coluna S: 2103.0
2025-09-09 11:21:17,683 - INFO -     Coluna T: SUSIN
2025-09-09 11:21:17,683 - INFO -     Coluna U: SUSIN
2025-09-09 11:21:17,814 - INFO - Processando linha 4
2025-09-09 11:21:17,814 - INFO - === INSERÇÃO SEQUENCIAL CONFIGURADA ===
2025-09-09 11:21:17,814 - INFO - Preenchendo colunas: C até U
2025-09-09 11:21:17,815 - INFO - Total de colunas: 19
2025-09-09 11:21:18,815 - INFO - 📝 INSERINDO C: '1'
2025-09-09 11:21:20,420 - INFO - 📝 INSERINDO D: '90'
2025-09-09 11:21:22,024 - INFO - 📝 INSERINDO E: '2135'
2025-09-09 11:21:23,628 - INFO - 📝 INSERINDO F: 'INP'
2025-09-09 11:21:25,234 - INFO - 📝 INSERINDO G: '35'
2025-09-09 11:21:26,837 - INFO - 📝 INSERINDO H: 'N'
2025-09-09 11:21:28,443 - INFO - 📝 INSERINDO I: 'RB40'
2025-09-09 11:21:30,048 - INFO - 📝 INSERINDO J: '2'
2025-09-09 11:21:31,651 - INFO - 📝 INSERINDO K: '90'
2025-09-09 11:21:33,255 - INFO - 📝 INSERINDO L: '1008'
2025-09-09 11:21:34,863 - INFO - 📝 INSERINDO M: 'INP'
2025-09-09 11:21:36,473 - INFO - 📝 INSERINDO N: '35'
2025-09-09 11:21:38,078 - INFO - 📝 INSERINDO O: 'N'
2025-09-09 11:21:39,685 - INFO - 📝 INSERINDO P: 'RB40'
2025-09-09 11:21:41,294 - INFO - 📝 INSERINDO Q: '1'
2025-09-09 11:21:42,898 - INFO - 📝 INSERINDO R: 'JG'
2025-09-09 11:21:44,504 - INFO - 📝 INSERINDO S: '2103'
2025-09-09 11:21:46,111 - INFO - 📝 INSERINDO T: 'SUSIN'
2025-09-09 11:21:47,717 - INFO - 📝 INSERINDO U: 'SUSIN'
2025-09-09 11:21:48,521 - INFO - Pressionando F2 para finalizar...
2025-09-09 11:21:48,623 - INFO - Aguardando após F2...
2025-09-09 11:21:51,625 - INFO - ✅ Inserção configurada concluída!
2025-09-09 11:21:51,625 - INFO - === PROCESSANDO RESULTADO APÓS F2 ===
2025-09-09 11:21:54,823 - INFO - ♻️ ITEM JÁ CADASTRADO - janela informacao.PNG encontrada diretamente!
2025-09-09 11:21:54,824 - INFO - Extraindo PA da janela na posição: Box(left=np.int64(676), top=np.int64(401), width=57, height=76)
2025-09-09 11:21:54,824 - INFO - Capturando região da tela para OCR...
2025-09-09 11:21:54,855 - INFO - Iniciando pré-processamento da imagem para melhorar a leitura...
2025-09-09 11:21:54,876 - INFO - 💾 Imagem pré-processada para OCR salva como: DEBUG_imagem_para_ocr_1757427714.png
2025-09-09 11:21:55,057 - INFO - 📄 TEXTO EXTRAÍDO DA IMAGEM PROCESSADA:
Informação x
Descrição Completa “CAIXILHO MADEIRA REFLORESTADA JG
8701 - BRANCO NEVE PLUS RB40 - REB 40,5 €/ 2 PCS LAT. 2135
X90X35 E 1 PC SUP. 1008 X 90 X 35 MM EMEB. 2103 FECH.
S/USIN DOS. S/USIN UM. 10-16%" já cadastrada para o item
*PA139339"

2025-09-09 11:21:55,057 - INFO - Texto original do OCR: 'Informação x\nDescrição Completa “CAIXILHO MADEIRA REFLORESTADA JG\n8701 - BRANCO NEVE PLUS RB40 - REB 40,5 €/ 2 PCS LAT. 2135\nX90X35 E 1 PC SUP. 1008 X 90 X 35 MM EMEB. 2103 FECH.\nS/USIN DOS. S/USIN UM. 10-16%" já cadastrada para o item\n*PA139339"\n'
2025-09-09 11:21:55,058 - INFO - Texto após correções automáticas: '1NF0RMAÇÃ0 X DE5CR1ÇÃ0 C0MPLE7A “CA1X1LH0 MADE1RA REFL0RE57ADA JG 8701 - 8RANC0 NEVE PLU5 R840 - RE8 40,5 €/ 2 PC5 LA7. 2135 X90X35 E 1 PC 5UP. 1008 X 90 X 35 MM EME8. 2103 FECH. 5/U51N D05. 5/U51N UM. 10-16%" JÁ CADA57RADA PARA 0 17EM *PA139339" '
2025-09-09 11:21:55,058 - INFO - Testando padrão numérico 1: ITEM\s*[\'"]?PA(\d{4,8})[\'"]?
2025-09-09 11:21:55,059 - INFO - Testando padrão numérico 2: CADASTRAD[AO]\s+PARA\s+O\s+ITEM\s*[\'"]?PA(\d{4,8})[\'"]?
2025-09-09 11:21:55,059 - INFO - Testando padrão numérico 3: PA(\d{4,8})
2025-09-09 11:21:55,059 - INFO - ✓ SUCESSO! PA numérico extraído com padrão 3: PA139339
2025-09-09 11:21:56,161 - INFO - ✅ PA EXTRAÍDO: PA139339
2025-09-09 11:21:56,163 - INFO - Procurando planilha mais recente em: \\192.168.1.250\Programas\robo custos\lancar
2025-09-09 11:21:56,168 - INFO - Padrão *.xlsx: 1 arquivos encontrados
2025-09-09 11:21:56,171 - INFO - Padrão *.xls: 0 arquivos encontrados
2025-09-09 11:21:56,173 - INFO - Padrão *.csv: 0 arquivos encontrados
2025-09-09 11:21:56,174 - INFO - Total de arquivos encontrados: 1
2025-09-09 11:21:56,180 - INFO - Arquivo: 973.xlsx
2025-09-09 11:21:56,181 - INFO -   Data modificação: Tue Sep  9 11:20:28 2025
2025-09-09 11:21:56,182 - INFO -   Tamanho: 39879 bytes
2025-09-09 11:21:56,183 - INFO - Arquivo mais recente selecionado: 973.xlsx
2025-09-09 11:21:56,184 - INFO -   Caminho: \\192.168.1.250\Programas\robo custos\lancar\973.xlsx
2025-09-09 11:21:56,184 - INFO -   Data: Tue Sep  9 11:20:28 2025
2025-09-09 11:21:56,185 - INFO - Abrindo planilha '973.xlsx' para salvar o PA...
2025-09-09 11:21:56,577 - INFO - Procurando aba com (973) no nome...
2025-09-09 11:21:56,603 - INFO - Verificando aba: 1 PA BATENTE JG (973)
2025-09-09 11:21:56,604 - INFO - ✅ Aba configurada encontrada: 1 PA BATENTE JG (973)
2025-09-09 11:21:56,604 - INFO - Usando aba: 1 PA BATENTE JG (973)
2025-09-09 11:21:56,604 - INFO - Escrevendo o código 'PA139339' na célula B4...
2025-09-09 11:21:56,607 - INFO - Salvando o ficheiro Excel...
2025-09-09 11:21:56,913 - INFO - Fechando o ficheiro Excel...
2025-09-09 11:21:56,961 - INFO - Encerrando a instância do Excel...
2025-09-09 11:21:57,067 - INFO - Aguardando 1 segundo para garantir que o ficheiro foi atualizado na rede...
2025-09-09 11:21:58,068 - INFO - ✅ Código PA salvo na aba configurada - linha 4.
2025-09-09 11:21:58,070 - INFO - ✅ Linha 4 processada com sucesso!
2025-09-09 11:21:58,070 - INFO - ⏸️ Pausa 
2025-09-09 11:21:59,071 - INFO - Procurando planilha mais recente em: \\192.168.1.250\Programas\robo custos\lancar
2025-09-09 11:21:59,074 - INFO - Padrão *.xlsx: 1 arquivos encontrados
2025-09-09 11:21:59,075 - INFO - Padrão *.xls: 0 arquivos encontrados
2025-09-09 11:21:59,076 - INFO - Padrão *.csv: 0 arquivos encontrados
2025-09-09 11:21:59,077 - INFO - Total de arquivos encontrados: 1
2025-09-09 11:21:59,079 - INFO - Arquivo: 973.xlsx
2025-09-09 11:21:59,079 - INFO -   Data modificação: Tue Sep  9 11:21:56 2025
2025-09-09 11:21:59,080 - INFO -   Tamanho: 39887 bytes
2025-09-09 11:21:59,080 - INFO - Arquivo mais recente selecionado: 973.xlsx
2025-09-09 11:21:59,080 - INFO -   Caminho: \\192.168.1.250\Programas\robo custos\lancar\973.xlsx
2025-09-09 11:21:59,080 - INFO -   Data: Tue Sep  9 11:21:56 2025
2025-09-09 11:21:59,081 - INFO - Procurando próxima linha sem PA na coluna B (aba (973))...
2025-09-09 11:21:59,458 - INFO - Procurando aba com (973) no nome...
2025-09-09 11:21:59,482 - INFO - Verificando aba: 1 PA BATENTE JG (973)
2025-09-09 11:21:59,482 - INFO - ✅ Aba configurada encontrada: 1 PA BATENTE JG (973)
2025-09-09 11:21:59,483 - INFO - Usando aba: 1 PA BATENTE JG (973)
2025-09-09 11:21:59,496 - INFO - Próxima linha para processar (sem PA na coluna B): 5
2025-09-09 11:21:59,624 - INFO - 
================================================================================
📌 PROCESSANDO LINHA 5 (Sucesso: 2, Falhas: 1)
================================================================================
2025-09-09 11:21:59,624 - INFO - 🔄 LINHA SEGUINTE (5) - Executando sequência de reinício...
2025-09-09 11:21:59,625 - INFO - 🔄 === INICIANDO SEQUÊNCIA DE REINÍCIO (SIMPLIFICADA) ===
2025-09-09 11:21:59,625 - INFO - 🔍 Verificando se a janela de informação precisa ser fechada...
2025-09-09 11:21:59,725 - INFO - ✅ Janela de informação não está na tela.
2025-09-09 11:21:59,726 - INFO - Dimensões da tela: 1746x922
2025-09-09 11:21:59,727 - INFO - Passo 1: Movendo mouse para o centro (873, 461) e clicando.
2025-09-09 11:22:01,500 - INFO - Passo 2: Pressionando Home.
2025-09-09 11:22:02,102 - INFO - ✅ Sequência de reinício SIMPLIFICADA executada com sucesso!
2025-09-09 11:22:02,103 - INFO - 📋 PROCESSANDO LINHA 5...
2025-09-09 11:22:02,104 - INFO - Procurando planilha mais recente em: \\192.168.1.250\Programas\robo custos\lancar
2025-09-09 11:22:02,107 - INFO - Padrão *.xlsx: 1 arquivos encontrados
2025-09-09 11:22:02,109 - INFO - Padrão *.xls: 0 arquivos encontrados
2025-09-09 11:22:02,111 - INFO - Padrão *.csv: 0 arquivos encontrados
2025-09-09 11:22:02,112 - INFO - Total de arquivos encontrados: 1
2025-09-09 11:22:02,118 - INFO - Arquivo: 973.xlsx
2025-09-09 11:22:02,119 - INFO -   Data modificação: Tue Sep  9 11:21:56 2025
2025-09-09 11:22:02,120 - INFO -   Tamanho: 39887 bytes
2025-09-09 11:22:02,121 - INFO - Arquivo mais recente selecionado: 973.xlsx
2025-09-09 11:22:02,121 - INFO -   Caminho: \\192.168.1.250\Programas\robo custos\lancar\973.xlsx
2025-09-09 11:22:02,122 - INFO -   Data: Tue Sep  9 11:21:56 2025
2025-09-09 11:22:02,122 - INFO - Abrindo planilha via COM: \\192.168.1.250\Programas\robo custos\lancar\973.xlsx
2025-09-09 11:22:02,504 - INFO - Planilha aberta com sucesso!
2025-09-09 11:22:02,504 - INFO - Procurando aba com (973) no nome...
2025-09-09 11:22:02,531 - INFO - Verificando aba: 1 PA BATENTE JG (973)
2025-09-09 11:22:02,531 - INFO - ✅ Aba configurada encontrada: 1 PA BATENTE JG (973)
2025-09-09 11:22:02,532 - INFO - Usando aba: 1 PA BATENTE JG (973), linha: 5
2025-09-09 11:22:02,532 - INFO - Número extraído do nome da aba '1 PA BATENTE JG (973)': 973
2025-09-09 11:22:02,562 - INFO - Dados lidos da aba configurada - linha 5:
2025-09-09 11:22:02,563 - INFO -   Arquivo: 973.xlsx
2025-09-09 11:22:02,563 - INFO -   Nome da aba: 1 PA BATENTE JG (973)
2025-09-09 11:22:02,563 - INFO -   Número extraído: 973 (✅ CORRETO)
2025-09-09 11:22:02,564 - INFO -   Coluna A (controle): 1 PA BATENTE JG (973)
2025-09-09 11:22:02,564 - INFO -   Coluna B (PA existente): None
2025-09-09 11:22:02,564 - INFO -   📋 COLUNAS CONFIGURADAS (C até U):
2025-09-09 11:22:02,564 - INFO -     Coluna C: 1.0
2025-09-09 11:22:02,565 - INFO -     Coluna D: 110.0
2025-09-09 11:22:02,565 - INFO -     Coluna E: 2135.0
2025-09-09 11:22:02,565 - INFO -     Coluna F: INP
2025-09-09 11:22:02,565 - INFO -     Coluna G: 35.0
2025-09-09 11:22:02,565 - INFO -     Coluna H: N
2025-09-09 11:22:02,565 - INFO -     Coluna I: RB40
2025-09-09 11:22:02,566 - INFO -     Coluna J: 2.0
2025-09-09 11:22:02,566 - INFO -     Coluna K: 110.0
2025-09-09 11:22:02,566 - INFO -     Coluna L: 1008.0
2025-09-09 11:22:02,566 - INFO -     Coluna M: INP
2025-09-09 11:22:02,566 - INFO -     Coluna N: 35.0
2025-09-09 11:22:02,566 - INFO -     Coluna O: N
2025-09-09 11:22:02,566 - INFO -     Coluna P: RB40
2025-09-09 11:22:02,566 - INFO -     Coluna Q: 1.0
2025-09-09 11:22:02,566 - INFO -     Coluna R: JG
2025-09-09 11:22:02,566 - INFO -     Coluna S: 2103.0
2025-09-09 11:22:02,567 - INFO -     Coluna T: SUSIN
2025-09-09 11:22:02,567 - INFO -     Coluna U: SUSIN
2025-09-09 11:22:02,693 - INFO - Processando linha 5
2025-09-09 11:22:02,694 - INFO - === INSERÇÃO SEQUENCIAL CONFIGURADA ===
2025-09-09 11:22:02,694 - INFO - Preenchendo colunas: C até U
2025-09-09 11:22:02,694 - INFO - Total de colunas: 19
2025-09-09 11:22:03,695 - INFO - 📝 INSERINDO C: '1'
2025-09-09 11:22:05,300 - INFO - 📝 INSERINDO D: '110'
2025-09-09 11:22:06,904 - INFO - 📝 INSERINDO E: '2135'
2025-09-09 11:22:08,509 - INFO - 📝 INSERINDO F: 'INP'
2025-09-09 11:22:10,118 - INFO - 📝 INSERINDO G: '35'
2025-09-09 11:22:11,721 - INFO - 📝 INSERINDO H: 'N'
2025-09-09 11:22:13,326 - INFO - 📝 INSERINDO I: 'RB40'
2025-09-09 11:22:14,930 - INFO - 📝 INSERINDO J: '2'
2025-09-09 11:22:16,534 - INFO - 📝 INSERINDO K: '110'
2025-09-09 11:22:18,140 - INFO - 📝 INSERINDO L: '1008'
2025-09-09 11:22:19,745 - INFO - 📝 INSERINDO M: 'INP'
2025-09-09 11:22:21,352 - INFO - 📝 INSERINDO N: '35'
2025-09-09 11:22:22,956 - INFO - 📝 INSERINDO O: 'N'
2025-09-09 11:22:24,561 - INFO - 📝 INSERINDO P: 'RB40'
2025-09-09 11:22:26,165 - INFO - 📝 INSERINDO Q: '1'
2025-09-09 11:22:27,770 - INFO - 📝 INSERINDO R: 'JG'
2025-09-09 11:22:29,375 - INFO - 📝 INSERINDO S: '2103'
2025-09-09 11:22:30,984 - INFO - 📝 INSERINDO T: 'SUSIN'
2025-09-09 11:22:32,589 - INFO - 📝 INSERINDO U: 'SUSIN'
2025-09-09 11:22:33,393 - INFO - Pressionando F2 para finalizar...
2025-09-09 11:22:33,494 - INFO - Aguardando após F2...
2025-09-09 11:22:36,495 - INFO - ✅ Inserção configurada concluída!
2025-09-09 11:22:36,496 - INFO - === PROCESSANDO RESULTADO APÓS F2 ===
2025-09-09 11:22:39,698 - INFO - ♻️ ITEM JÁ CADASTRADO - janela informacao.PNG encontrada diretamente!
2025-09-09 11:22:39,698 - INFO - Extraindo PA da janela na posição: Box(left=np.int64(676), top=np.int64(401), width=57, height=76)
2025-09-09 11:22:39,699 - INFO - Capturando região da tela para OCR...
2025-09-09 11:22:39,732 - INFO - Iniciando pré-processamento da imagem para melhorar a leitura...
2025-09-09 11:22:39,758 - INFO - 💾 Imagem pré-processada para OCR salva como: DEBUG_imagem_para_ocr_1757427759.png
2025-09-09 11:22:39,945 - INFO - 📄 TEXTO EXTRAÍDO DA IMAGEM PROCESSADA:
Informação x
Descrição Completa “CAIXILHO MADEIRA REFLORESTADA JG
8701 - BRANCO NEVE PLUS RB40 - REB 40,5 €/ 2 PCS LAT. 2135
X90X35 E 1 PC SUP. 1008 X 90 X 35 MM EMEB. 2103 FECH.
S/USIN DOS. S/USIN UM. 10-16%" já cadastrada para o item
*PA139339"

2025-09-09 11:22:39,945 - INFO - Texto original do OCR: 'Informação x\nDescrição Completa “CAIXILHO MADEIRA REFLORESTADA JG\n8701 - BRANCO NEVE PLUS RB40 - REB 40,5 €/ 2 PCS LAT. 2135\nX90X35 E 1 PC SUP. 1008 X 90 X 35 MM EMEB. 2103 FECH.\nS/USIN DOS. S/USIN UM. 10-16%" já cadastrada para o item\n*PA139339"\n'
2025-09-09 11:22:39,946 - INFO - Texto após correções automáticas: '1NF0RMAÇÃ0 X DE5CR1ÇÃ0 C0MPLE7A “CA1X1LH0 MADE1RA REFL0RE57ADA JG 8701 - 8RANC0 NEVE PLU5 R840 - RE8 40,5 €/ 2 PC5 LA7. 2135 X90X35 E 1 PC 5UP. 1008 X 90 X 35 MM EME8. 2103 FECH. 5/U51N D05. 5/U51N UM. 10-16%" JÁ CADA57RADA PARA 0 17EM *PA139339" '
2025-09-09 11:22:39,946 - INFO - Testando padrão numérico 1: ITEM\s*[\'"]?PA(\d{4,8})[\'"]?
2025-09-09 11:22:39,947 - INFO - Testando padrão numérico 2: CADASTRAD[AO]\s+PARA\s+O\s+ITEM\s*[\'"]?PA(\d{4,8})[\'"]?
2025-09-09 11:22:39,947 - INFO - Testando padrão numérico 3: PA(\d{4,8})
2025-09-09 11:22:39,947 - INFO - ✓ SUCESSO! PA numérico extraído com padrão 3: PA139339
2025-09-09 11:22:41,048 - INFO - ✅ PA EXTRAÍDO: PA139339
2025-09-09 11:22:41,050 - INFO - Procurando planilha mais recente em: \\192.168.1.250\Programas\robo custos\lancar
2025-09-09 11:22:41,065 - INFO - Padrão *.xlsx: 1 arquivos encontrados
2025-09-09 11:22:41,067 - INFO - Padrão *.xls: 0 arquivos encontrados
2025-09-09 11:22:41,068 - INFO - Padrão *.csv: 0 arquivos encontrados
2025-09-09 11:22:41,069 - INFO - Total de arquivos encontrados: 1
2025-09-09 11:22:41,072 - INFO - Arquivo: 973.xlsx
2025-09-09 11:22:41,072 - INFO -   Data modificação: Tue Sep  9 11:21:56 2025
2025-09-09 11:22:41,073 - INFO -   Tamanho: 39887 bytes
2025-09-09 11:22:41,074 - INFO - Arquivo mais recente selecionado: 973.xlsx
2025-09-09 11:22:41,075 - INFO -   Caminho: \\192.168.1.250\Programas\robo custos\lancar\973.xlsx
2025-09-09 11:22:41,075 - INFO -   Data: Tue Sep  9 11:21:56 2025
2025-09-09 11:22:41,076 - INFO - Abrindo planilha '973.xlsx' para salvar o PA...
2025-09-09 11:22:41,461 - INFO - Procurando aba com (973) no nome...
2025-09-09 11:22:41,485 - INFO - Verificando aba: 1 PA BATENTE JG (973)
2025-09-09 11:22:41,485 - INFO - ✅ Aba configurada encontrada: 1 PA BATENTE JG (973)
2025-09-09 11:22:41,485 - INFO - Usando aba: 1 PA BATENTE JG (973)
2025-09-09 11:22:41,485 - INFO - Escrevendo o código 'PA139339' na célula B5...
2025-09-09 11:22:41,488 - INFO - Salvando o ficheiro Excel...
2025-09-09 11:22:41,741 - INFO - Fechando o ficheiro Excel...
2025-09-09 11:22:41,762 - INFO - Encerrando a instância do Excel...
2025-09-09 11:22:41,871 - INFO - Aguardando 1 segundo para garantir que o ficheiro foi atualizado na rede...
2025-09-09 11:22:42,871 - INFO - ✅ Código PA salvo na aba configurada - linha 5.
2025-09-09 11:22:42,873 - INFO - ✅ Linha 5 processada com sucesso!
2025-09-09 11:22:42,874 - INFO - ⏸️ Pausa 
2025-09-09 11:22:43,875 - INFO - Procurando planilha mais recente em: \\192.168.1.250\Programas\robo custos\lancar
2025-09-09 11:22:43,878 - INFO - Padrão *.xlsx: 1 arquivos encontrados
2025-09-09 11:22:43,880 - INFO - Padrão *.xls: 0 arquivos encontrados
2025-09-09 11:22:43,882 - INFO - Padrão *.csv: 0 arquivos encontrados
2025-09-09 11:22:43,884 - INFO - Total de arquivos encontrados: 1
2025-09-09 11:22:43,888 - INFO - Arquivo: 973.xlsx
2025-09-09 11:22:43,889 - INFO -   Data modificação: Tue Sep  9 11:22:41 2025
2025-09-09 11:22:43,890 - INFO -   Tamanho: 39886 bytes
2025-09-09 11:22:43,890 - INFO - Arquivo mais recente selecionado: 973.xlsx
2025-09-09 11:22:43,891 - INFO -   Caminho: \\192.168.1.250\Programas\robo custos\lancar\973.xlsx
2025-09-09 11:22:43,892 - INFO -   Data: Tue Sep  9 11:22:41 2025
2025-09-09 11:22:43,892 - INFO - Procurando próxima linha sem PA na coluna B (aba (973))...
2025-09-09 11:22:44,578 - INFO - Procurando aba com (973) no nome...
2025-09-09 11:22:44,604 - INFO - Verificando aba: 1 PA BATENTE JG (973)
2025-09-09 11:22:44,604 - INFO - ✅ Aba configurada encontrada: 1 PA BATENTE JG (973)
2025-09-09 11:22:44,604 - INFO - Usando aba: 1 PA BATENTE JG (973)
2025-09-09 11:22:44,620 - INFO - Próxima linha para processar (sem PA na coluna B): 6
2025-09-09 11:22:44,743 - INFO - 
================================================================================
📌 PROCESSANDO LINHA 6 (Sucesso: 3, Falhas: 1)
================================================================================
2025-09-09 11:22:44,744 - INFO - 🔄 LINHA SEGUINTE (6) - Executando sequência de reinício...
2025-09-09 11:22:44,744 - INFO - 🔄 === INICIANDO SEQUÊNCIA DE REINÍCIO (SIMPLIFICADA) ===
2025-09-09 11:22:44,744 - INFO - 🔍 Verificando se a janela de informação precisa ser fechada...
2025-09-09 11:22:44,850 - INFO - ✅ Janela de informação não está na tela.
2025-09-09 11:22:44,851 - INFO - Dimensões da tela: 1746x922
2025-09-09 11:22:44,851 - INFO - Passo 1: Movendo mouse para o centro (873, 461) e clicando.
2025-09-09 11:22:46,627 - INFO - Passo 2: Pressionando Home.
2025-09-09 11:22:47,228 - INFO - ✅ Sequência de reinício SIMPLIFICADA executada com sucesso!
2025-09-09 11:22:47,230 - INFO - 📋 PROCESSANDO LINHA 6...
2025-09-09 11:22:47,231 - INFO - Procurando planilha mais recente em: \\192.168.1.250\Programas\robo custos\lancar
2025-09-09 11:22:47,233 - INFO - Padrão *.xlsx: 1 arquivos encontrados
2025-09-09 11:22:47,236 - INFO - Padrão *.xls: 0 arquivos encontrados
2025-09-09 11:22:47,238 - INFO - Padrão *.csv: 0 arquivos encontrados
2025-09-09 11:22:47,239 - INFO - Total de arquivos encontrados: 1
2025-09-09 11:22:47,243 - INFO - Arquivo: 973.xlsx
2025-09-09 11:22:47,244 - INFO -   Data modificação: Tue Sep  9 11:22:41 2025
2025-09-09 11:22:47,245 - INFO -   Tamanho: 39886 bytes
2025-09-09 11:22:47,246 - INFO - Arquivo mais recente selecionado: 973.xlsx
2025-09-09 11:22:47,247 - INFO -   Caminho: \\192.168.1.250\Programas\robo custos\lancar\973.xlsx
2025-09-09 11:22:47,248 - INFO -   Data: Tue Sep  9 11:22:41 2025
2025-09-09 11:22:47,248 - INFO - Abrindo planilha via COM: \\192.168.1.250\Programas\robo custos\lancar\973.xlsx
2025-09-09 11:22:47,616 - INFO - Planilha aberta com sucesso!
2025-09-09 11:22:47,617 - INFO - Procurando aba com (973) no nome...
2025-09-09 11:22:47,640 - INFO - Verificando aba: 1 PA BATENTE JG (973)
2025-09-09 11:22:47,641 - INFO - ✅ Aba configurada encontrada: 1 PA BATENTE JG (973)
2025-09-09 11:22:47,641 - INFO - Usando aba: 1 PA BATENTE JG (973), linha: 6
2025-09-09 11:22:47,642 - INFO - Número extraído do nome da aba '1 PA BATENTE JG (973)': 973
2025-09-09 11:22:47,673 - INFO - Dados lidos da aba configurada - linha 6:
2025-09-09 11:22:47,673 - INFO -   Arquivo: 973.xlsx
2025-09-09 11:22:47,674 - INFO -   Nome da aba: 1 PA BATENTE JG (973)
2025-09-09 11:22:47,674 - INFO -   Número extraído: 973 (✅ CORRETO)
2025-09-09 11:22:47,674 - INFO -   Coluna A (controle): 1 PA BATENTE JG (973)
2025-09-09 11:22:47,674 - INFO -   Coluna B (PA existente): None
2025-09-09 11:22:47,674 - INFO -   📋 COLUNAS CONFIGURADAS (C até U):
2025-09-09 11:22:47,675 - INFO -     Coluna C: 1.0
2025-09-09 11:22:47,675 - INFO -     Coluna D: 130.0
2025-09-09 11:22:47,675 - INFO -     Coluna E: 2135.0
2025-09-09 11:22:47,675 - INFO -     Coluna F: INP
2025-09-09 11:22:47,676 - INFO -     Coluna G: 35.0
2025-09-09 11:22:47,676 - INFO -     Coluna H: N
2025-09-09 11:22:47,676 - INFO -     Coluna I: RB40
2025-09-09 11:22:47,676 - INFO -     Coluna J: 2.0
2025-09-09 11:22:47,676 - INFO -     Coluna K: 130.0
2025-09-09 11:22:47,676 - INFO -     Coluna L: 1008.0
2025-09-09 11:22:47,676 - INFO -     Coluna M: INP
2025-09-09 11:22:47,676 - INFO -     Coluna N: 35.0
2025-09-09 11:22:47,677 - INFO -     Coluna O: N
2025-09-09 11:22:47,677 - INFO -     Coluna P: RB40
2025-09-09 11:22:47,677 - INFO -     Coluna Q: 1.0
2025-09-09 11:22:47,677 - INFO -     Coluna R: JG
2025-09-09 11:22:47,677 - INFO -     Coluna S: 2103.0
2025-09-09 11:22:47,677 - INFO -     Coluna T: SUSIN
2025-09-09 11:22:47,677 - INFO -     Coluna U: SUSIN
2025-09-09 11:22:47,804 - INFO - Processando linha 6
2025-09-09 11:22:47,804 - INFO - === INSERÇÃO SEQUENCIAL CONFIGURADA ===
2025-09-09 11:22:47,804 - INFO - Preenchendo colunas: C até U
2025-09-09 11:22:47,804 - INFO - Total de colunas: 19
2025-09-09 11:22:48,805 - INFO - 📝 INSERINDO C: '1'
2025-09-09 11:22:50,410 - INFO - 📝 INSERINDO D: '130'
2025-09-09 11:22:52,018 - INFO - 📝 INSERINDO E: '2135'
2025-09-09 11:22:53,629 - INFO - 📝 INSERINDO F: 'INP'
2025-09-09 11:22:55,236 - INFO - 📝 INSERINDO G: '35'
2025-09-09 11:22:56,842 - INFO - 📝 INSERINDO H: 'N'
2025-09-09 11:22:58,448 - INFO - 📝 INSERINDO I: 'RB40'
2025-09-09 11:23:00,054 - INFO - 📝 INSERINDO J: '2'
2025-09-09 11:23:01,659 - INFO - 📝 INSERINDO K: '130'
2025-09-09 11:23:03,263 - INFO - 📝 INSERINDO L: '1008'
2025-09-09 11:23:04,871 - INFO - 📝 INSERINDO M: 'INP'
2025-09-09 11:23:06,483 - INFO - 📝 INSERINDO N: '35'
2025-09-09 11:23:08,086 - INFO - 📝 INSERINDO O: 'N'
2025-09-09 11:23:09,690 - INFO - 📝 INSERINDO P: 'RB40'
2025-09-09 11:23:11,296 - INFO - 📝 INSERINDO Q: '1'
2025-09-09 11:23:12,901 - INFO - 📝 INSERINDO R: 'JG'
2025-09-09 11:23:14,506 - INFO - 📝 INSERINDO S: '2103'
2025-09-09 11:23:16,113 - INFO - 📝 INSERINDO T: 'SUSIN'
2025-09-09 11:23:17,717 - INFO - 📝 INSERINDO U: 'SUSIN'
2025-09-09 11:23:18,524 - INFO - Pressionando F2 para finalizar...
2025-09-09 11:23:18,626 - INFO - Aguardando após F2...
2025-09-09 11:23:21,628 - INFO - ✅ Inserção configurada concluída!
2025-09-09 11:23:21,628 - INFO - === PROCESSANDO RESULTADO APÓS F2 ===
2025-09-09 11:23:24,823 - INFO - ♻️ ITEM JÁ CADASTRADO - janela informacao.PNG encontrada diretamente!
2025-09-09 11:23:24,823 - INFO - Extraindo PA da janela na posição: Box(left=np.int64(676), top=np.int64(401), width=57, height=76)
2025-09-09 11:23:24,824 - INFO - Capturando região da tela para OCR...
2025-09-09 11:23:24,856 - INFO - Iniciando pré-processamento da imagem para melhorar a leitura...
2025-09-09 11:23:24,883 - INFO - 💾 Imagem pré-processada para OCR salva como: DEBUG_imagem_para_ocr_1757427804.png
2025-09-09 11:23:25,069 - INFO - 📄 TEXTO EXTRAÍDO DA IMAGEM PROCESSADA:
Informação x
Descrição Completa “CAIXILHO MADEIRA REFLORESTADA JG
8701 - BRANCO NEVE PLUS RB40 - REB 40,5 €/ 2 PCS LAT. 2135
X90X35 E 1 PC SUP. 1008 X 90 X 35 MM EMEB. 2103 FECH.
S/USIN DOS. S/USIN UM. 10-16%" já cadastrada para o item
*PA139339"

2025-09-09 11:23:25,070 - INFO - Texto original do OCR: 'Informação x\nDescrição Completa “CAIXILHO MADEIRA REFLORESTADA JG\n8701 - BRANCO NEVE PLUS RB40 - REB 40,5 €/ 2 PCS LAT. 2135\nX90X35 E 1 PC SUP. 1008 X 90 X 35 MM EMEB. 2103 FECH.\nS/USIN DOS. S/USIN UM. 10-16%" já cadastrada para o item\n*PA139339"\n'
2025-09-09 11:23:25,070 - INFO - Texto após correções automáticas: '1NF0RMAÇÃ0 X DE5CR1ÇÃ0 C0MPLE7A “CA1X1LH0 MADE1RA REFL0RE57ADA JG 8701 - 8RANC0 NEVE PLU5 R840 - RE8 40,5 €/ 2 PC5 LA7. 2135 X90X35 E 1 PC 5UP. 1008 X 90 X 35 MM EME8. 2103 FECH. 5/U51N D05. 5/U51N UM. 10-16%" JÁ CADA57RADA PARA 0 17EM *PA139339" '
2025-09-09 11:23:25,071 - INFO - Testando padrão numérico 1: ITEM\s*[\'"]?PA(\d{4,8})[\'"]?
2025-09-09 11:23:25,071 - INFO - Testando padrão numérico 2: CADASTRAD[AO]\s+PARA\s+O\s+ITEM\s*[\'"]?PA(\d{4,8})[\'"]?
2025-09-09 11:23:25,071 - INFO - Testando padrão numérico 3: PA(\d{4,8})
2025-09-09 11:23:25,072 - INFO - ✓ SUCESSO! PA numérico extraído com padrão 3: PA139339
2025-09-09 11:23:26,173 - INFO - ✅ PA EXTRAÍDO: PA139339
2025-09-09 11:23:26,173 - INFO - Procurando planilha mais recente em: \\192.168.1.250\Programas\robo custos\lancar
2025-09-09 11:23:26,176 - INFO - Padrão *.xlsx: 1 arquivos encontrados
2025-09-09 11:23:26,176 - INFO - Padrão *.xls: 0 arquivos encontrados
2025-09-09 11:23:26,177 - INFO - Padrão *.csv: 0 arquivos encontrados
2025-09-09 11:23:26,177 - INFO - Total de arquivos encontrados: 1
2025-09-09 11:23:26,180 - INFO - Arquivo: 973.xlsx
2025-09-09 11:23:26,180 - INFO -   Data modificação: Tue Sep  9 11:22:41 2025
2025-09-09 11:23:26,180 - INFO -   Tamanho: 39886 bytes
2025-09-09 11:23:26,180 - INFO - Arquivo mais recente selecionado: 973.xlsx
2025-09-09 11:23:26,181 - INFO -   Caminho: \\192.168.1.250\Programas\robo custos\lancar\973.xlsx
2025-09-09 11:23:26,181 - INFO -   Data: Tue Sep  9 11:22:41 2025
2025-09-09 11:23:26,181 - INFO - Abrindo planilha '973.xlsx' para salvar o PA...
2025-09-09 11:23:26,557 - INFO - Procurando aba com (973) no nome...
2025-09-09 11:23:26,585 - INFO - Verificando aba: 1 PA BATENTE JG (973)
2025-09-09 11:23:26,585 - INFO - ✅ Aba configurada encontrada: 1 PA BATENTE JG (973)
2025-09-09 11:23:26,586 - INFO - Usando aba: 1 PA BATENTE JG (973)
2025-09-09 11:23:26,586 - INFO - Escrevendo o código 'PA139339' na célula B6...
2025-09-09 11:23:26,589 - INFO - Salvando o ficheiro Excel...
2025-09-09 11:23:26,703 - INFO - Fechando o ficheiro Excel...
2025-09-09 11:23:26,715 - INFO - Encerrando a instância do Excel...
2025-09-09 11:23:26,819 - INFO - Aguardando 1 segundo para garantir que o ficheiro foi atualizado na rede...
2025-09-09 11:23:27,820 - INFO - ✅ Código PA salvo na aba configurada - linha 6.
2025-09-09 11:23:27,822 - INFO - ✅ Linha 6 processada com sucesso!
2025-09-09 11:23:27,823 - INFO - ⏸️ Pausa 
2025-09-09 11:23:28,824 - INFO - Procurando planilha mais recente em: \\192.168.1.250\Programas\robo custos\lancar
2025-09-09 11:23:28,827 - INFO - Padrão *.xlsx: 1 arquivos encontrados
2025-09-09 11:23:28,830 - INFO - Padrão *.xls: 0 arquivos encontrados
2025-09-09 11:23:28,832 - INFO - Padrão *.csv: 0 arquivos encontrados
2025-09-09 11:23:28,833 - INFO - Total de arquivos encontrados: 1
2025-09-09 11:23:28,837 - INFO - Arquivo: 973.xlsx
2025-09-09 11:23:28,838 - INFO -   Data modificação: Tue Sep  9 11:23:26 2025
2025-09-09 11:23:28,839 - INFO -   Tamanho: 39886 bytes
2025-09-09 11:23:28,840 - INFO - Arquivo mais recente selecionado: 973.xlsx
2025-09-09 11:23:28,840 - INFO -   Caminho: \\192.168.1.250\Programas\robo custos\lancar\973.xlsx
2025-09-09 11:23:28,841 - INFO -   Data: Tue Sep  9 11:23:26 2025
2025-09-09 11:23:28,841 - INFO - Procurando próxima linha sem PA na coluna B (aba (973))...
2025-09-09 11:23:29,211 - INFO - Procurando aba com (973) no nome...
2025-09-09 11:23:29,237 - INFO - Verificando aba: 1 PA BATENTE JG (973)
2025-09-09 11:23:29,237 - INFO - ✅ Aba configurada encontrada: 1 PA BATENTE JG (973)
2025-09-09 11:23:29,238 - INFO - Usando aba: 1 PA BATENTE JG (973)
2025-09-09 11:23:29,255 - INFO - Próxima linha para processar (sem PA na coluna B): 7
2025-09-09 11:23:29,381 - INFO - 
================================================================================
📌 PROCESSANDO LINHA 7 (Sucesso: 4, Falhas: 1)
================================================================================
2025-09-09 11:23:29,382 - INFO - 🔄 LINHA SEGUINTE (7) - Executando sequência de reinício...
2025-09-09 11:23:29,382 - INFO - 🔄 === INICIANDO SEQUÊNCIA DE REINÍCIO (SIMPLIFICADA) ===
2025-09-09 11:23:29,382 - INFO - 🔍 Verificando se a janela de informação precisa ser fechada...
2025-09-09 11:23:29,474 - INFO - ✅ Janela de informação não está na tela.
2025-09-09 11:23:29,475 - INFO - Dimensões da tela: 1746x922
2025-09-09 11:23:29,475 - INFO - Passo 1: Movendo mouse para o centro (873, 461) e clicando.
2025-09-09 11:23:31,249 - INFO - Passo 2: Pressionando Home.
2025-09-09 11:23:31,852 - INFO - ✅ Sequência de reinício SIMPLIFICADA executada com sucesso!
2025-09-09 11:23:31,854 - INFO - 📋 PROCESSANDO LINHA 7...
2025-09-09 11:23:31,855 - INFO - Procurando planilha mais recente em: \\192.168.1.250\Programas\robo custos\lancar
2025-09-09 11:23:31,857 - INFO - Padrão *.xlsx: 1 arquivos encontrados
2025-09-09 11:23:31,860 - INFO - Padrão *.xls: 0 arquivos encontrados
2025-09-09 11:23:31,862 - INFO - Padrão *.csv: 0 arquivos encontrados
2025-09-09 11:23:31,863 - INFO - Total de arquivos encontrados: 1
2025-09-09 11:23:31,867 - INFO - Arquivo: 973.xlsx
2025-09-09 11:23:31,867 - INFO -   Data modificação: Tue Sep  9 11:23:26 2025
2025-09-09 11:23:31,868 - INFO -   Tamanho: 39886 bytes
2025-09-09 11:23:31,869 - INFO - Arquivo mais recente selecionado: 973.xlsx
2025-09-09 11:23:31,869 - INFO -   Caminho: \\192.168.1.250\Programas\robo custos\lancar\973.xlsx
2025-09-09 11:23:31,870 - INFO -   Data: Tue Sep  9 11:23:26 2025
2025-09-09 11:23:31,870 - INFO - Abrindo planilha via COM: \\192.168.1.250\Programas\robo custos\lancar\973.xlsx
2025-09-09 11:23:32,245 - INFO - Planilha aberta com sucesso!
2025-09-09 11:23:32,245 - INFO - Procurando aba com (973) no nome...
2025-09-09 11:23:32,269 - INFO - Verificando aba: 1 PA BATENTE JG (973)
2025-09-09 11:23:32,269 - INFO - ✅ Aba configurada encontrada: 1 PA BATENTE JG (973)
2025-09-09 11:23:32,269 - INFO - Usando aba: 1 PA BATENTE JG (973), linha: 7
2025-09-09 11:23:32,269 - INFO - Número extraído do nome da aba '1 PA BATENTE JG (973)': 973
2025-09-09 11:23:32,299 - INFO - Dados lidos da aba configurada - linha 7:
2025-09-09 11:23:32,300 - INFO -   Arquivo: 973.xlsx
2025-09-09 11:23:32,300 - INFO -   Nome da aba: 1 PA BATENTE JG (973)
2025-09-09 11:23:32,300 - INFO -   Número extraído: 973 (✅ CORRETO)
2025-09-09 11:23:32,300 - INFO -   Coluna A (controle): 1 PA BATENTE JG (973)
2025-09-09 11:23:32,301 - INFO -   Coluna B (PA existente): None
2025-09-09 11:23:32,301 - INFO -   📋 COLUNAS CONFIGURADAS (C até U):
2025-09-09 11:23:32,301 - INFO -     Coluna C: 1.0
2025-09-09 11:23:32,301 - INFO -     Coluna D: 150.0
2025-09-09 11:23:32,301 - INFO -     Coluna E: 2135.0
2025-09-09 11:23:32,301 - INFO -     Coluna F: INP
2025-09-09 11:23:32,302 - INFO -     Coluna G: 35.0
2025-09-09 11:23:32,302 - INFO -     Coluna H: N
2025-09-09 11:23:32,302 - INFO -     Coluna I: RB40
2025-09-09 11:23:32,302 - INFO -     Coluna J: 2.0
2025-09-09 11:23:32,302 - INFO -     Coluna K: 150.0
2025-09-09 11:23:32,302 - INFO -     Coluna L: 1008.0
2025-09-09 11:23:32,302 - INFO -     Coluna M: INP
2025-09-09 11:23:32,302 - INFO -     Coluna N: 35.0
2025-09-09 11:23:32,303 - INFO -     Coluna O: N
2025-09-09 11:23:32,303 - INFO -     Coluna P: RB40
2025-09-09 11:23:32,303 - INFO -     Coluna Q: 1.0
2025-09-09 11:23:32,303 - INFO -     Coluna R: JG
2025-09-09 11:23:32,303 - INFO -     Coluna S: 2103.0
2025-09-09 11:23:32,303 - INFO -     Coluna T: SUSIN
2025-09-09 11:23:32,303 - INFO -     Coluna U: SUSIN
2025-09-09 11:23:32,449 - INFO - Processando linha 7
2025-09-09 11:23:32,449 - INFO - === INSERÇÃO SEQUENCIAL CONFIGURADA ===
2025-09-09 11:23:32,450 - INFO - Preenchendo colunas: C até U
2025-09-09 11:23:32,450 - INFO - Total de colunas: 19
2025-09-09 11:23:33,451 - INFO - 📝 INSERINDO C: '1'
2025-09-09 11:23:35,056 - INFO - 📝 INSERINDO D: '150'
2025-09-09 11:23:36,663 - INFO - 📝 INSERINDO E: '2135'
2025-09-09 11:23:38,271 - INFO - 📝 INSERINDO F: 'INP'
2025-09-09 11:23:39,884 - INFO - 📝 INSERINDO G: '35'
2025-09-09 11:23:41,489 - INFO - 📝 INSERINDO H: 'N'
2025-09-09 11:23:43,094 - INFO - 📝 INSERINDO I: 'RB40'
2025-09-09 11:23:44,698 - INFO - 📝 INSERINDO J: '2'
2025-09-09 11:23:46,303 - INFO - 📝 INSERINDO K: '150'
2025-09-09 11:23:47,907 - INFO - 📝 INSERINDO L: '1008'
2025-09-09 11:23:49,514 - INFO - 📝 INSERINDO M: 'INP'
2025-09-09 11:23:51,121 - INFO - 📝 INSERINDO N: '35'
2025-09-09 11:23:52,727 - INFO - 📝 INSERINDO O: 'N'
2025-09-09 11:23:54,333 - INFO - 📝 INSERINDO P: 'RB40'
2025-09-09 11:23:55,940 - INFO - 📝 INSERINDO Q: '1'
2025-09-09 11:23:57,545 - INFO - 📝 INSERINDO R: 'JG'
2025-09-09 11:23:59,154 - INFO - 📝 INSERINDO S: '2103'
2025-09-09 11:24:00,761 - INFO - 📝 INSERINDO T: 'SUSIN'
2025-09-09 11:24:02,377 - INFO - 📝 INSERINDO U: 'SUSIN'
2025-09-09 11:24:03,182 - INFO - Pressionando F2 para finalizar...
2025-09-09 11:24:03,284 - INFO - Aguardando após F2...
2025-09-09 11:24:06,286 - INFO - ✅ Inserção configurada concluída!
2025-09-09 11:24:06,286 - INFO - === PROCESSANDO RESULTADO APÓS F2 ===
2025-09-09 11:24:09,480 - INFO - ♻️ ITEM JÁ CADASTRADO - janela informacao.PNG encontrada diretamente!
2025-09-09 11:24:09,480 - INFO - Extraindo PA da janela na posição: Box(left=np.int64(676), top=np.int64(401), width=57, height=76)
2025-09-09 11:24:09,481 - INFO - Capturando região da tela para OCR...
2025-09-09 11:24:09,511 - INFO - Iniciando pré-processamento da imagem para melhorar a leitura...
2025-09-09 11:24:09,538 - INFO - 💾 Imagem pré-processada para OCR salva como: DEBUG_imagem_para_ocr_1757427849.png
2025-09-09 11:24:09,740 - INFO - 📄 TEXTO EXTRAÍDO DA IMAGEM PROCESSADA:
Informação x
Descrição Completa “CAIXILHO MADEIRA REFLORESTADA JG
8701 - BRANCO NEVE PLUS RB40 - REB 40,5 €/ 2 PCS LAT. 2135
X150X35 E 1 PC SUP. 1008 X 150 X 35 MM EMB. 2103 FECH.
S/USIN DOS. S/USIN UM. 10-16%" já cadastrada para o item
*PA126924"

2025-09-09 11:24:09,740 - INFO - Texto original do OCR: 'Informação x\nDescrição Completa “CAIXILHO MADEIRA REFLORESTADA JG\n8701 - BRANCO NEVE PLUS RB40 - REB 40,5 €/ 2 PCS LAT. 2135\nX150X35 E 1 PC SUP. 1008 X 150 X 35 MM EMB. 2103 FECH.\nS/USIN DOS. S/USIN UM. 10-16%" já cadastrada para o item\n*PA126924"\n'
2025-09-09 11:24:09,741 - INFO - Texto após correções automáticas: '1NF0RMAÇÃ0 X DE5CR1ÇÃ0 C0MPLE7A “CA1X1LH0 MADE1RA REFL0RE57ADA JG 8701 - 8RANC0 NEVE PLU5 R840 - RE8 40,5 €/ 2 PC5 LA7. 2135 X150X35 E 1 PC 5UP. 1008 X 150 X 35 MM EM8. 2103 FECH. 5/U51N D05. 5/U51N UM. 10-16%" JÁ CADA57RADA PARA 0 17EM *PA126924" '
2025-09-09 11:24:09,741 - INFO - Testando padrão numérico 1: ITEM\s*[\'"]?PA(\d{4,8})[\'"]?
2025-09-09 11:24:09,741 - INFO - Testando padrão numérico 2: CADASTRAD[AO]\s+PARA\s+O\s+ITEM\s*[\'"]?PA(\d{4,8})[\'"]?
2025-09-09 11:24:09,741 - INFO - Testando padrão numérico 3: PA(\d{4,8})
2025-09-09 11:24:09,742 - INFO - ✓ SUCESSO! PA numérico extraído com padrão 3: PA126924
2025-09-09 11:24:10,844 - INFO - ✅ PA EXTRAÍDO: PA126924
2025-09-09 11:24:10,846 - INFO - Procurando planilha mais recente em: \\192.168.1.250\Programas\robo custos\lancar
2025-09-09 11:24:10,850 - INFO - Padrão *.xlsx: 1 arquivos encontrados
2025-09-09 11:24:10,852 - INFO - Padrão *.xls: 0 arquivos encontrados
2025-09-09 11:24:10,853 - INFO - Padrão *.csv: 0 arquivos encontrados
2025-09-09 11:24:10,854 - INFO - Total de arquivos encontrados: 1
2025-09-09 11:24:10,858 - INFO - Arquivo: 973.xlsx
2025-09-09 11:24:10,859 - INFO -   Data modificação: Tue Sep  9 11:23:26 2025
2025-09-09 11:24:10,859 - INFO -   Tamanho: 39886 bytes
2025-09-09 11:24:10,860 - INFO - Arquivo mais recente selecionado: 973.xlsx
2025-09-09 11:24:10,860 - INFO -   Caminho: \\192.168.1.250\Programas\robo custos\lancar\973.xlsx
2025-09-09 11:24:10,860 - INFO -   Data: Tue Sep  9 11:23:26 2025
2025-09-09 11:24:10,860 - INFO - Abrindo planilha '973.xlsx' para salvar o PA...
2025-09-09 11:24:11,251 - INFO - Procurando aba com (973) no nome...
2025-09-09 11:24:11,276 - INFO - Verificando aba: 1 PA BATENTE JG (973)
2025-09-09 11:24:11,277 - INFO - ✅ Aba configurada encontrada: 1 PA BATENTE JG (973)
2025-09-09 11:24:11,277 - INFO - Usando aba: 1 PA BATENTE JG (973)
2025-09-09 11:24:11,277 - INFO - Escrevendo o código 'PA126924' na célula B7...
2025-09-09 11:24:11,280 - INFO - Salvando o ficheiro Excel...
2025-09-09 11:24:11,663 - INFO - Fechando o ficheiro Excel...
2025-09-09 11:24:11,686 - INFO - Encerrando a instância do Excel...
2025-09-09 11:24:11,790 - INFO - Aguardando 1 segundo para garantir que o ficheiro foi atualizado na rede...
2025-09-09 11:24:12,791 - INFO - ✅ Código PA salvo na aba configurada - linha 7.
2025-09-09 11:24:12,794 - INFO - ✅ Linha 7 processada com sucesso!
2025-09-09 11:24:12,795 - INFO - ⏸️ Pausa 
2025-09-09 11:24:13,797 - INFO - Procurando planilha mais recente em: \\192.168.1.250\Programas\robo custos\lancar
2025-09-09 11:24:13,800 - INFO - Padrão *.xlsx: 1 arquivos encontrados
2025-09-09 11:24:13,803 - INFO - Padrão *.xls: 0 arquivos encontrados
2025-09-09 11:24:13,805 - INFO - Padrão *.csv: 0 arquivos encontrados
2025-09-09 11:24:13,806 - INFO - Total de arquivos encontrados: 1
2025-09-09 11:24:13,810 - INFO - Arquivo: 973.xlsx
2025-09-09 11:24:13,811 - INFO -   Data modificação: Tue Sep  9 11:24:11 2025
2025-09-09 11:24:13,811 - INFO -   Tamanho: 39895 bytes
2025-09-09 11:24:13,812 - INFO - Arquivo mais recente selecionado: 973.xlsx
2025-09-09 11:24:13,812 - INFO -   Caminho: \\192.168.1.250\Programas\robo custos\lancar\973.xlsx
2025-09-09 11:24:13,812 - INFO -   Data: Tue Sep  9 11:24:11 2025
2025-09-09 11:24:13,812 - INFO - Procurando próxima linha sem PA na coluna B (aba (973))...
2025-09-09 11:24:14,179 - INFO - Procurando aba com (973) no nome...
2025-09-09 11:24:14,206 - INFO - Verificando aba: 1 PA BATENTE JG (973)
2025-09-09 11:24:14,206 - INFO - ✅ Aba configurada encontrada: 1 PA BATENTE JG (973)
2025-09-09 11:24:14,206 - INFO - Usando aba: 1 PA BATENTE JG (973)
2025-09-09 11:24:14,227 - INFO - Próxima linha para processar (sem PA na coluna B): 8
2025-09-09 11:24:14,352 - INFO - 
================================================================================
📌 PROCESSANDO LINHA 8 (Sucesso: 5, Falhas: 1)
================================================================================
2025-09-09 11:24:14,353 - INFO - 🔄 LINHA SEGUINTE (8) - Executando sequência de reinício...
2025-09-09 11:24:14,353 - INFO - 🔄 === INICIANDO SEQUÊNCIA DE REINÍCIO (SIMPLIFICADA) ===
2025-09-09 11:24:14,353 - INFO - 🔍 Verificando se a janela de informação precisa ser fechada...
2025-09-09 11:24:14,443 - INFO - ✅ Janela de informação não está na tela.
2025-09-09 11:24:14,444 - INFO - Dimensões da tela: 1746x922
2025-09-09 11:24:14,444 - INFO - Passo 1: Movendo mouse para o centro (873, 461) e clicando.
2025-09-09 11:24:16,218 - INFO - Passo 2: Pressionando Home.
2025-09-09 11:24:16,821 - INFO - ✅ Sequência de reinício SIMPLIFICADA executada com sucesso!
2025-09-09 11:24:16,822 - INFO - 📋 PROCESSANDO LINHA 8...
2025-09-09 11:24:16,822 - INFO - Procurando planilha mais recente em: \\192.168.1.250\Programas\robo custos\lancar
2025-09-09 11:24:16,825 - INFO - Padrão *.xlsx: 1 arquivos encontrados
2025-09-09 11:24:16,827 - INFO - Padrão *.xls: 0 arquivos encontrados
2025-09-09 11:24:16,828 - INFO - Padrão *.csv: 0 arquivos encontrados
2025-09-09 11:24:16,829 - INFO - Total de arquivos encontrados: 1
2025-09-09 11:24:16,833 - INFO - Arquivo: 973.xlsx
2025-09-09 11:24:16,834 - INFO -   Data modificação: Tue Sep  9 11:24:11 2025
2025-09-09 11:24:16,835 - INFO -   Tamanho: 39895 bytes
2025-09-09 11:24:16,836 - INFO - Arquivo mais recente selecionado: 973.xlsx
2025-09-09 11:24:16,836 - INFO -   Caminho: \\192.168.1.250\Programas\robo custos\lancar\973.xlsx
2025-09-09 11:24:16,837 - INFO -   Data: Tue Sep  9 11:24:11 2025
2025-09-09 11:24:16,838 - INFO - Abrindo planilha via COM: \\192.168.1.250\Programas\robo custos\lancar\973.xlsx
2025-09-09 11:24:17,542 - INFO - Planilha aberta com sucesso!
2025-09-09 11:24:17,542 - INFO - Procurando aba com (973) no nome...
2025-09-09 11:24:17,568 - INFO - Verificando aba: 1 PA BATENTE JG (973)
2025-09-09 11:24:17,568 - INFO - ✅ Aba configurada encontrada: 1 PA BATENTE JG (973)
2025-09-09 11:24:17,569 - INFO - Usando aba: 1 PA BATENTE JG (973), linha: 8
2025-09-09 11:24:17,569 - INFO - Número extraído do nome da aba '1 PA BATENTE JG (973)': 973
2025-09-09 11:24:17,600 - INFO - Dados lidos da aba configurada - linha 8:
2025-09-09 11:24:17,601 - INFO -   Arquivo: 973.xlsx
2025-09-09 11:24:17,601 - INFO -   Nome da aba: 1 PA BATENTE JG (973)
2025-09-09 11:24:17,601 - INFO -   Número extraído: 973 (✅ CORRETO)
2025-09-09 11:24:17,601 - INFO -   Coluna A (controle): 1 PA BATENTE JG (973)
2025-09-09 11:24:17,602 - INFO -   Coluna B (PA existente): None
2025-09-09 11:24:17,602 - INFO -   📋 COLUNAS CONFIGURADAS (C até U):
2025-09-09 11:24:17,602 - INFO -     Coluna C: 1.0
2025-09-09 11:24:17,602 - INFO -     Coluna D: 170.0
2025-09-09 11:24:17,602 - INFO -     Coluna E: 2135.0
2025-09-09 11:24:17,603 - INFO -     Coluna F: INP
2025-09-09 11:24:17,603 - INFO -     Coluna G: 35.0
2025-09-09 11:24:17,603 - INFO -     Coluna H: N
2025-09-09 11:24:17,603 - INFO -     Coluna I: RB40
2025-09-09 11:24:17,603 - INFO -     Coluna J: 2.0
2025-09-09 11:24:17,604 - INFO -     Coluna K: 170.0
2025-09-09 11:24:17,604 - INFO -     Coluna L: 1008.0
2025-09-09 11:24:17,604 - INFO -     Coluna M: INP
2025-09-09 11:24:17,604 - INFO -     Coluna N: 35.0
2025-09-09 11:24:17,604 - INFO -     Coluna O: N
2025-09-09 11:24:17,604 - INFO -     Coluna P: RB40
2025-09-09 11:24:17,604 - INFO -     Coluna Q: 1.0
2025-09-09 11:24:17,604 - INFO -     Coluna R: JG
2025-09-09 11:24:17,605 - INFO -     Coluna S: 2103.0
2025-09-09 11:24:17,605 - INFO -     Coluna T: SUSIN
2025-09-09 11:24:17,605 - INFO -     Coluna U: SUSIN
2025-09-09 11:24:17,731 - INFO - Processando linha 8
2025-09-09 11:24:17,731 - INFO - === INSERÇÃO SEQUENCIAL CONFIGURADA ===
2025-09-09 11:24:17,732 - INFO - Preenchendo colunas: C até U
2025-09-09 11:24:17,732 - INFO - Total de colunas: 19
2025-09-09 11:24:18,733 - INFO - 📝 INSERINDO C: '1'
2025-09-09 11:24:20,336 - INFO - 📝 INSERINDO D: '170'
2025-09-09 11:24:21,943 - INFO - 📝 INSERINDO E: '2135'
2025-09-09 11:24:23,546 - INFO - 📝 INSERINDO F: 'INP'
2025-09-09 11:24:25,153 - INFO - 📝 INSERINDO G: '35'
2025-09-09 11:24:26,759 - INFO - 📝 INSERINDO H: 'N'
2025-09-09 11:24:28,365 - INFO - 📝 INSERINDO I: 'RB40'
2025-09-09 11:24:29,975 - INFO - 📝 INSERINDO J: '2'
2025-09-09 11:24:31,580 - INFO - 📝 INSERINDO K: '170'
2025-09-09 11:24:33,184 - INFO - 📝 INSERINDO L: '1008'
2025-09-09 11:24:34,790 - INFO - 📝 INSERINDO M: 'INP'
2025-09-09 11:24:36,398 - INFO - 📝 INSERINDO N: '35'
2025-09-09 11:24:38,003 - INFO - 📝 INSERINDO O: 'N'
2025-09-09 11:24:39,608 - INFO - 📝 INSERINDO P: 'RB40'
2025-09-09 11:24:41,214 - INFO - 📝 INSERINDO Q: '1'
2025-09-09 11:24:42,818 - INFO - 📝 INSERINDO R: 'JG'
2025-09-09 11:24:44,427 - INFO - 📝 INSERINDO S: '2103'
2025-09-09 11:24:46,033 - INFO - 📝 INSERINDO T: 'SUSIN'
2025-09-09 11:24:47,638 - INFO - 📝 INSERINDO U: 'SUSIN'
2025-09-09 11:24:48,444 - INFO - Pressionando F2 para finalizar...
2025-09-09 11:24:48,546 - INFO - Aguardando após F2...
2025-09-09 11:24:51,546 - INFO - ✅ Inserção configurada concluída!
2025-09-09 11:24:51,547 - INFO - === PROCESSANDO RESULTADO APÓS F2 ===
2025-09-09 11:24:54,760 - INFO - ♻️ ITEM JÁ CADASTRADO - janela informacao.PNG encontrada diretamente!
2025-09-09 11:24:54,760 - INFO - Extraindo PA da janela na posição: Box(left=np.int64(676), top=np.int64(401), width=57, height=76)
2025-09-09 11:24:54,761 - INFO - Capturando região da tela para OCR...
2025-09-09 11:24:54,794 - INFO - Iniciando pré-processamento da imagem para melhorar a leitura...
2025-09-09 11:24:54,820 - INFO - 💾 Imagem pré-processada para OCR salva como: DEBUG_imagem_para_ocr_1757427894.png
2025-09-09 11:24:55,012 - INFO - 📄 TEXTO EXTRAÍDO DA IMAGEM PROCESSADA:
Informação x
Descrição Completa “CAIXILHO MADEIRA REFLORESTADA JG
8701 - BRANCO NEVE PLUS RB40 - REB 40,5 €/ 2 PCS LAT. 2135
X170X35 E 1 PC SUP. 1008 X 170 X 35 MM EMB. 2103 FECH.
S/USIN DOS. S/USIN UM. 10-16%" já cadastrada para o item
*PA130983"

2025-09-09 11:24:55,012 - INFO - Texto original do OCR: 'Informação x\nDescrição Completa “CAIXILHO MADEIRA REFLORESTADA JG\n8701 - BRANCO NEVE PLUS RB40 - REB 40,5 €/ 2 PCS LAT. 2135\nX170X35 E 1 PC SUP. 1008 X 170 X 35 MM EMB. 2103 FECH.\nS/USIN DOS. S/USIN UM. 10-16%" já cadastrada para o item\n*PA130983"\n'
2025-09-09 11:24:55,013 - INFO - Texto após correções automáticas: '1NF0RMAÇÃ0 X DE5CR1ÇÃ0 C0MPLE7A “CA1X1LH0 MADE1RA REFL0RE57ADA JG 8701 - 8RANC0 NEVE PLU5 R840 - RE8 40,5 €/ 2 PC5 LA7. 2135 X170X35 E 1 PC 5UP. 1008 X 170 X 35 MM EM8. 2103 FECH. 5/U51N D05. 5/U51N UM. 10-16%" JÁ CADA57RADA PARA 0 17EM *PA130983" '
2025-09-09 11:24:55,013 - INFO - Testando padrão numérico 1: ITEM\s*[\'"]?PA(\d{4,8})[\'"]?
2025-09-09 11:24:55,014 - INFO - Testando padrão numérico 2: CADASTRAD[AO]\s+PARA\s+O\s+ITEM\s*[\'"]?PA(\d{4,8})[\'"]?
2025-09-09 11:24:55,014 - INFO - Testando padrão numérico 3: PA(\d{4,8})
2025-09-09 11:24:55,014 - INFO - ✓ SUCESSO! PA numérico extraído com padrão 3: PA130983
2025-09-09 11:24:56,116 - INFO - ✅ PA EXTRAÍDO: PA130983
2025-09-09 11:24:56,117 - INFO - Procurando planilha mais recente em: \\192.168.1.250\Programas\robo custos\lancar
2025-09-09 11:24:56,125 - INFO - Padrão *.xlsx: 1 arquivos encontrados
2025-09-09 11:24:56,128 - INFO - Padrão *.xls: 0 arquivos encontrados
2025-09-09 11:24:56,129 - INFO - Padrão *.csv: 0 arquivos encontrados
2025-09-09 11:24:56,130 - INFO - Total de arquivos encontrados: 1
2025-09-09 11:24:56,135 - INFO - Arquivo: 973.xlsx
2025-09-09 11:24:56,136 - INFO -   Data modificação: Tue Sep  9 11:24:11 2025
2025-09-09 11:24:56,136 - INFO -   Tamanho: 39895 bytes
2025-09-09 11:24:56,137 - INFO - Arquivo mais recente selecionado: 973.xlsx
2025-09-09 11:24:56,138 - INFO -   Caminho: \\192.168.1.250\Programas\robo custos\lancar\973.xlsx
2025-09-09 11:24:56,138 - INFO -   Data: Tue Sep  9 11:24:11 2025
2025-09-09 11:24:56,139 - INFO - Abrindo planilha '973.xlsx' para salvar o PA...
2025-09-09 11:24:56,532 - INFO - Procurando aba com (973) no nome...
2025-09-09 11:24:56,557 - INFO - Verificando aba: 1 PA BATENTE JG (973)
2025-09-09 11:24:56,557 - INFO - ✅ Aba configurada encontrada: 1 PA BATENTE JG (973)
2025-09-09 11:24:56,557 - INFO - Usando aba: 1 PA BATENTE JG (973)
2025-09-09 11:24:56,557 - INFO - Escrevendo o código 'PA130983' na célula B8...
2025-09-09 11:24:56,560 - INFO - Salvando o ficheiro Excel...
2025-09-09 11:24:57,038 - INFO - Fechando o ficheiro Excel...
2025-09-09 11:24:57,055 - INFO - Encerrando a instância do Excel...
2025-09-09 11:24:57,163 - INFO - Aguardando 1 segundo para garantir que o ficheiro foi atualizado na rede...
2025-09-09 11:24:58,164 - INFO - ✅ Código PA salvo na aba configurada - linha 8.
2025-09-09 11:24:58,167 - INFO - ✅ Linha 8 processada com sucesso!
2025-09-09 11:24:58,168 - INFO - ⏸️ Pausa 
2025-09-09 11:24:59,170 - INFO - Procurando planilha mais recente em: \\192.168.1.250\Programas\robo custos\lancar
2025-09-09 11:24:59,173 - INFO - Padrão *.xlsx: 1 arquivos encontrados
2025-09-09 11:24:59,176 - INFO - Padrão *.xls: 0 arquivos encontrados
2025-09-09 11:24:59,178 - INFO - Padrão *.csv: 0 arquivos encontrados
2025-09-09 11:24:59,179 - INFO - Total de arquivos encontrados: 1
2025-09-09 11:24:59,182 - INFO - Arquivo: 973.xlsx
2025-09-09 11:24:59,183 - INFO -   Data modificação: Tue Sep  9 11:24:56 2025
2025-09-09 11:24:59,184 - INFO -   Tamanho: 39904 bytes
2025-09-09 11:24:59,184 - INFO - Arquivo mais recente selecionado: 973.xlsx
2025-09-09 11:24:59,185 - INFO -   Caminho: \\192.168.1.250\Programas\robo custos\lancar\973.xlsx
2025-09-09 11:24:59,186 - INFO -   Data: Tue Sep  9 11:24:56 2025
2025-09-09 11:24:59,186 - INFO - Procurando próxima linha sem PA na coluna B (aba (973))...
2025-09-09 11:24:59,558 - INFO - Procurando aba com (973) no nome...
2025-09-09 11:24:59,582 - INFO - Verificando aba: 1 PA BATENTE JG (973)
2025-09-09 11:24:59,582 - INFO - ✅ Aba configurada encontrada: 1 PA BATENTE JG (973)
2025-09-09 11:24:59,583 - INFO - Usando aba: 1 PA BATENTE JG (973)
2025-09-09 11:24:59,607 - INFO - Próxima linha para processar (sem PA na coluna B): 9
2025-09-09 11:24:59,735 - INFO - 
================================================================================
📌 PROCESSANDO LINHA 9 (Sucesso: 6, Falhas: 1)
================================================================================
2025-09-09 11:24:59,735 - INFO - 🔄 LINHA SEGUINTE (9) - Executando sequência de reinício...
2025-09-09 11:24:59,736 - INFO - 🔄 === INICIANDO SEQUÊNCIA DE REINÍCIO (SIMPLIFICADA) ===
2025-09-09 11:24:59,736 - INFO - 🔍 Verificando se a janela de informação precisa ser fechada...
2025-09-09 11:24:59,817 - INFO - ✅ Janela de informação não está na tela.
2025-09-09 11:24:59,818 - INFO - Dimensões da tela: 1746x922
2025-09-09 11:24:59,818 - INFO - Passo 1: Movendo mouse para o centro (873, 461) e clicando.
2025-09-09 11:25:01,592 - INFO - Passo 2: Pressionando Home.
2025-09-09 11:25:02,195 - INFO - ✅ Sequência de reinício SIMPLIFICADA executada com sucesso!
2025-09-09 11:25:02,196 - INFO - 📋 PROCESSANDO LINHA 9...
2025-09-09 11:25:02,197 - INFO - Procurando planilha mais recente em: \\192.168.1.250\Programas\robo custos\lancar
2025-09-09 11:25:02,200 - INFO - Padrão *.xlsx: 1 arquivos encontrados
2025-09-09 11:25:02,201 - INFO - Padrão *.xls: 0 arquivos encontrados
2025-09-09 11:25:02,201 - INFO - Padrão *.csv: 0 arquivos encontrados
2025-09-09 11:25:02,201 - INFO - Total de arquivos encontrados: 1
2025-09-09 11:25:02,204 - INFO - Arquivo: 973.xlsx
2025-09-09 11:25:02,204 - INFO -   Data modificação: Tue Sep  9 11:24:56 2025
2025-09-09 11:25:02,204 - INFO -   Tamanho: 39904 bytes
2025-09-09 11:25:02,205 - INFO - Arquivo mais recente selecionado: 973.xlsx
2025-09-09 11:25:02,205 - INFO -   Caminho: \\192.168.1.250\Programas\robo custos\lancar\973.xlsx
2025-09-09 11:25:02,206 - INFO -   Data: Tue Sep  9 11:24:56 2025
2025-09-09 11:25:02,206 - INFO - Abrindo planilha via COM: \\192.168.1.250\Programas\robo custos\lancar\973.xlsx
2025-09-09 11:25:02,586 - INFO - Planilha aberta com sucesso!
2025-09-09 11:25:02,586 - INFO - Procurando aba com (973) no nome...
2025-09-09 11:25:02,612 - INFO - Verificando aba: 1 PA BATENTE JG (973)
2025-09-09 11:25:02,612 - INFO - ✅ Aba configurada encontrada: 1 PA BATENTE JG (973)
2025-09-09 11:25:02,613 - INFO - Usando aba: 1 PA BATENTE JG (973), linha: 9
2025-09-09 11:25:02,613 - INFO - Número extraído do nome da aba '1 PA BATENTE JG (973)': 973
2025-09-09 11:25:02,643 - INFO - Dados lidos da aba configurada - linha 9:
2025-09-09 11:25:02,644 - INFO -   Arquivo: 973.xlsx
2025-09-09 11:25:02,644 - INFO -   Nome da aba: 1 PA BATENTE JG (973)
2025-09-09 11:25:02,644 - INFO -   Número extraído: 973 (✅ CORRETO)
2025-09-09 11:25:02,644 - INFO -   Coluna A (controle): 1 PA BATENTE JG (973)
2025-09-09 11:25:02,645 - INFO -   Coluna B (PA existente): None
2025-09-09 11:25:02,645 - INFO -   📋 COLUNAS CONFIGURADAS (C até U):
2025-09-09 11:25:02,645 - INFO -     Coluna C: 1.0
2025-09-09 11:25:02,645 - INFO -     Coluna D: 190.0
2025-09-09 11:25:02,646 - INFO -     Coluna E: 2135.0
2025-09-09 11:25:02,646 - INFO -     Coluna F: INP
2025-09-09 11:25:02,646 - INFO -     Coluna G: 35.0
2025-09-09 11:25:02,646 - INFO -     Coluna H: N
2025-09-09 11:25:02,646 - INFO -     Coluna I: RB40
2025-09-09 11:25:02,646 - INFO -     Coluna J: 2.0
2025-09-09 11:25:02,647 - INFO -     Coluna K: 190.0
2025-09-09 11:25:02,647 - INFO -     Coluna L: 1008.0
2025-09-09 11:25:02,647 - INFO -     Coluna M: INP
2025-09-09 11:25:02,647 - INFO -     Coluna N: 35.0
2025-09-09 11:25:02,647 - INFO -     Coluna O: N
2025-09-09 11:25:02,647 - INFO -     Coluna P: RB40
2025-09-09 11:25:02,648 - INFO -     Coluna Q: 1.0
2025-09-09 11:25:02,648 - INFO -     Coluna R: JG
2025-09-09 11:25:02,648 - INFO -     Coluna S: 2103.0
2025-09-09 11:25:02,648 - INFO -     Coluna T: SUSIN
2025-09-09 11:25:02,648 - INFO -     Coluna U: SUSIN
2025-09-09 11:25:02,772 - INFO - Processando linha 9
2025-09-09 11:25:02,772 - INFO - === INSERÇÃO SEQUENCIAL CONFIGURADA ===
2025-09-09 11:25:02,772 - INFO - Preenchendo colunas: C até U
2025-09-09 11:25:02,773 - INFO - Total de colunas: 19
2025-09-09 11:25:03,773 - INFO - 📝 INSERINDO C: '1'
2025-09-09 11:25:05,378 - INFO - 📝 INSERINDO D: '190'
2025-09-09 11:25:06,985 - INFO - 📝 INSERINDO E: '2135'
2025-09-09 11:25:08,589 - INFO - 📝 INSERINDO F: 'INP'
2025-09-09 11:25:10,196 - INFO - 📝 INSERINDO G: '35'
2025-09-09 11:25:11,801 - INFO - 📝 INSERINDO H: 'N'
2025-09-09 11:25:13,404 - INFO - 📝 INSERINDO I: 'RB40'
2025-09-09 11:25:15,010 - INFO - 📝 INSERINDO J: '2'
2025-09-09 11:25:16,613 - INFO - 📝 INSERINDO K: '190'
2025-09-09 11:25:18,220 - INFO - 📝 INSERINDO L: '1008'
2025-09-09 11:25:19,823 - INFO - 📝 INSERINDO M: 'INP'
2025-09-09 11:25:21,428 - INFO - 📝 INSERINDO N: '35'
2025-09-09 11:25:23,032 - INFO - 📝 INSERINDO O: 'N'
2025-09-09 11:25:24,639 - INFO - 📝 INSERINDO P: 'RB40'
2025-09-09 11:25:26,250 - INFO - 📝 INSERINDO Q: '1'
2025-09-09 11:25:27,854 - INFO - 📝 INSERINDO R: 'JG'
2025-09-09 11:25:29,462 - INFO - 📝 INSERINDO S: '2103'
2025-09-09 11:25:31,081 - INFO - 📝 INSERINDO T: 'SUSIN'
2025-09-09 11:25:32,690 - INFO - 📝 INSERINDO U: 'SUSIN'
2025-09-09 11:25:33,497 - INFO - Pressionando F2 para finalizar...
2025-09-09 11:25:33,599 - INFO - Aguardando após F2...
2025-09-09 11:25:36,601 - INFO - ✅ Inserção configurada concluída!
2025-09-09 11:25:36,602 - INFO - === PROCESSANDO RESULTADO APÓS F2 ===
2025-09-09 11:25:39,790 - INFO - ♻️ ITEM JÁ CADASTRADO - janela informacao.PNG encontrada diretamente!
2025-09-09 11:25:39,791 - INFO - Extraindo PA da janela na posição: Box(left=np.int64(676), top=np.int64(401), width=57, height=76)
2025-09-09 11:25:39,791 - INFO - Capturando região da tela para OCR...
2025-09-09 11:25:39,824 - INFO - Iniciando pré-processamento da imagem para melhorar a leitura...
2025-09-09 11:25:39,851 - INFO - 💾 Imagem pré-processada para OCR salva como: DEBUG_imagem_para_ocr_1757427939.png
2025-09-09 11:25:40,039 - INFO - 📄 TEXTO EXTRAÍDO DA IMAGEM PROCESSADA:
Informação x
Descrição Completa “CAIXILHO MADEIRA REFLORESTADA JG
8701 - BRANCO NEVE PLUS RB40 - REB 40,5 €/ 2 PCS LAT. 2135
X190X35 E 1 PC SUP. 1008 X 190 X 35 MM EMB. 2103 FECH.
S/USIN DOS. S/USIN UM. 10-16%" já cadastrada para o item
*PA130984"

2025-09-09 11:25:40,040 - INFO - Texto original do OCR: 'Informação x\nDescrição Completa “CAIXILHO MADEIRA REFLORESTADA JG\n8701 - BRANCO NEVE PLUS RB40 - REB 40,5 €/ 2 PCS LAT. 2135\nX190X35 E 1 PC SUP. 1008 X 190 X 35 MM EMB. 2103 FECH.\nS/USIN DOS. S/USIN UM. 10-16%" já cadastrada para o item\n*PA130984"\n'
2025-09-09 11:25:40,040 - INFO - Texto após correções automáticas: '1NF0RMAÇÃ0 X DE5CR1ÇÃ0 C0MPLE7A “CA1X1LH0 MADE1RA REFL0RE57ADA JG 8701 - 8RANC0 NEVE PLU5 R840 - RE8 40,5 €/ 2 PC5 LA7. 2135 X190X35 E 1 PC 5UP. 1008 X 190 X 35 MM EM8. 2103 FECH. 5/U51N D05. 5/U51N UM. 10-16%" JÁ CADA57RADA PARA 0 17EM *PA130984" '
2025-09-09 11:25:40,040 - INFO - Testando padrão numérico 1: ITEM\s*[\'"]?PA(\d{4,8})[\'"]?
2025-09-09 11:25:40,041 - INFO - Testando padrão numérico 2: CADASTRAD[AO]\s+PARA\s+O\s+ITEM\s*[\'"]?PA(\d{4,8})[\'"]?
2025-09-09 11:25:40,041 - INFO - Testando padrão numérico 3: PA(\d{4,8})
2025-09-09 11:25:40,041 - INFO - ✓ SUCESSO! PA numérico extraído com padrão 3: PA130984
2025-09-09 11:25:41,143 - INFO - ✅ PA EXTRAÍDO: PA130984
2025-09-09 11:25:41,144 - INFO - Procurando planilha mais recente em: \\192.168.1.250\Programas\robo custos\lancar
2025-09-09 11:25:41,146 - INFO - Padrão *.xlsx: 1 arquivos encontrados
2025-09-09 11:25:41,147 - INFO - Padrão *.xls: 0 arquivos encontrados
2025-09-09 11:25:41,147 - INFO - Padrão *.csv: 0 arquivos encontrados
2025-09-09 11:25:41,147 - INFO - Total de arquivos encontrados: 1
2025-09-09 11:25:41,150 - INFO - Arquivo: 973.xlsx
2025-09-09 11:25:41,150 - INFO -   Data modificação: Tue Sep  9 11:24:56 2025
2025-09-09 11:25:41,150 - INFO -   Tamanho: 39904 bytes
2025-09-09 11:25:41,151 - INFO - Arquivo mais recente selecionado: 973.xlsx
2025-09-09 11:25:41,151 - INFO -   Caminho: \\192.168.1.250\Programas\robo custos\lancar\973.xlsx
2025-09-09 11:25:41,151 - INFO -   Data: Tue Sep  9 11:24:56 2025
2025-09-09 11:25:41,151 - INFO - Abrindo planilha '973.xlsx' para salvar o PA...
2025-09-09 11:25:41,524 - INFO - Procurando aba com (973) no nome...
2025-09-09 11:25:41,551 - INFO - Verificando aba: 1 PA BATENTE JG (973)
2025-09-09 11:25:41,551 - INFO - ✅ Aba configurada encontrada: 1 PA BATENTE JG (973)
2025-09-09 11:25:41,551 - INFO - Usando aba: 1 PA BATENTE JG (973)
2025-09-09 11:25:41,551 - INFO - Escrevendo o código 'PA130984' na célula B9...
2025-09-09 11:25:41,555 - INFO - Salvando o ficheiro Excel...
2025-09-09 11:25:42,106 - INFO - Fechando o ficheiro Excel...
2025-09-09 11:25:42,127 - INFO - Encerrando a instância do Excel...
2025-09-09 11:25:42,235 - INFO - Aguardando 1 segundo para garantir que o ficheiro foi atualizado na rede...
2025-09-09 11:25:43,236 - INFO - ✅ Código PA salvo na aba configurada - linha 9.
2025-09-09 11:25:43,239 - INFO - ✅ Linha 9 processada com sucesso!
2025-09-09 11:25:43,240 - INFO - ⏸️ Pausa 
2025-09-09 11:25:44,242 - INFO - Procurando planilha mais recente em: \\192.168.1.250\Programas\robo custos\lancar
2025-09-09 11:25:44,244 - INFO - Padrão *.xlsx: 1 arquivos encontrados
2025-09-09 11:25:44,245 - INFO - Padrão *.xls: 0 arquivos encontrados
2025-09-09 11:25:44,247 - INFO - Padrão *.csv: 0 arquivos encontrados
2025-09-09 11:25:44,248 - INFO - Total de arquivos encontrados: 1
2025-09-09 11:25:44,252 - INFO - Arquivo: 973.xlsx
2025-09-09 11:25:44,253 - INFO -   Data modificação: Tue Sep  9 11:25:41 2025
2025-09-09 11:25:44,254 - INFO -   Tamanho: 39908 bytes
2025-09-09 11:25:44,254 - INFO - Arquivo mais recente selecionado: 973.xlsx
2025-09-09 11:25:44,255 - INFO -   Caminho: \\192.168.1.250\Programas\robo custos\lancar\973.xlsx
2025-09-09 11:25:44,256 - INFO -   Data: Tue Sep  9 11:25:41 2025
2025-09-09 11:25:44,257 - INFO - Procurando próxima linha sem PA na coluna B (aba (973))...
2025-09-09 11:25:44,630 - INFO - Procurando aba com (973) no nome...
2025-09-09 11:25:44,654 - INFO - Verificando aba: 1 PA BATENTE JG (973)
2025-09-09 11:25:44,655 - INFO - ✅ Aba configurada encontrada: 1 PA BATENTE JG (973)
2025-09-09 11:25:44,655 - INFO - Usando aba: 1 PA BATENTE JG (973)
2025-09-09 11:25:44,682 - INFO - Próxima linha para processar (sem PA na coluna B): 10
2025-09-09 11:25:44,805 - INFO - 
================================================================================
📌 PROCESSANDO LINHA 10 (Sucesso: 7, Falhas: 1)
================================================================================
2025-09-09 11:25:44,806 - INFO - 🔄 LINHA SEGUINTE (10) - Executando sequência de reinício...
2025-09-09 11:25:44,806 - INFO - 🔄 === INICIANDO SEQUÊNCIA DE REINÍCIO (SIMPLIFICADA) ===
2025-09-09 11:25:44,806 - INFO - 🔍 Verificando se a janela de informação precisa ser fechada...
2025-09-09 11:25:44,914 - INFO - ✅ Janela de informação não está na tela.
2025-09-09 11:25:44,915 - INFO - Dimensões da tela: 1746x922
2025-09-09 11:25:44,915 - INFO - Passo 1: Movendo mouse para o centro (873, 461) e clicando.
2025-09-09 11:25:46,685 - INFO - Passo 2: Pressionando Home.
2025-09-09 11:25:47,289 - INFO - ✅ Sequência de reinício SIMPLIFICADA executada com sucesso!
2025-09-09 11:25:47,289 - INFO - 📋 PROCESSANDO LINHA 10...
2025-09-09 11:25:47,289 - INFO - Procurando planilha mais recente em: \\192.168.1.250\Programas\robo custos\lancar
2025-09-09 11:25:47,290 - INFO - Padrão *.xlsx: 1 arquivos encontrados
2025-09-09 11:25:47,290 - INFO - Padrão *.xls: 0 arquivos encontrados
2025-09-09 11:25:47,291 - INFO - Padrão *.csv: 0 arquivos encontrados
2025-09-09 11:25:47,291 - INFO - Total de arquivos encontrados: 1
2025-09-09 11:25:47,293 - INFO - Arquivo: 973.xlsx
2025-09-09 11:25:47,293 - INFO -   Data modificação: Tue Sep  9 11:25:41 2025
2025-09-09 11:25:47,293 - INFO -   Tamanho: 39908 bytes
2025-09-09 11:25:47,293 - INFO - Arquivo mais recente selecionado: 973.xlsx
2025-09-09 11:25:47,294 - INFO -   Caminho: \\192.168.1.250\Programas\robo custos\lancar\973.xlsx
2025-09-09 11:25:47,294 - INFO -   Data: Tue Sep  9 11:25:41 2025
2025-09-09 11:25:47,294 - INFO - Abrindo planilha via COM: \\192.168.1.250\Programas\robo custos\lancar\973.xlsx
2025-09-09 11:25:47,663 - INFO - Planilha aberta com sucesso!
2025-09-09 11:25:47,663 - INFO - Procurando aba com (973) no nome...
2025-09-09 11:25:47,686 - INFO - Verificando aba: 1 PA BATENTE JG (973)
2025-09-09 11:25:47,686 - INFO - ✅ Aba configurada encontrada: 1 PA BATENTE JG (973)
2025-09-09 11:25:47,686 - INFO - Usando aba: 1 PA BATENTE JG (973), linha: 10
2025-09-09 11:25:47,687 - INFO - Número extraído do nome da aba '1 PA BATENTE JG (973)': 973
2025-09-09 11:25:47,718 - INFO - Dados lidos da aba configurada - linha 10:
2025-09-09 11:25:47,718 - INFO -   Arquivo: 973.xlsx
2025-09-09 11:25:47,718 - INFO -   Nome da aba: 1 PA BATENTE JG (973)
2025-09-09 11:25:47,719 - INFO -   Número extraído: 973 (✅ CORRETO)
2025-09-09 11:25:47,719 - INFO -   Coluna A (controle): 1 PA BATENTE JG (973)
2025-09-09 11:25:47,719 - INFO -   Coluna B (PA existente): None
2025-09-09 11:25:47,719 - INFO -   📋 COLUNAS CONFIGURADAS (C até U):
2025-09-09 11:25:47,719 - INFO -     Coluna C: 1.0
2025-09-09 11:25:47,720 - INFO -     Coluna D: 210.0
2025-09-09 11:25:47,720 - INFO -     Coluna E: 2135.0
2025-09-09 11:25:47,720 - INFO -     Coluna F: INP
2025-09-09 11:25:47,720 - INFO -     Coluna G: 35.0
2025-09-09 11:25:47,720 - INFO -     Coluna H: N
2025-09-09 11:25:47,721 - INFO -     Coluna I: RB40
2025-09-09 11:25:47,721 - INFO -     Coluna J: 2.0
2025-09-09 11:25:47,721 - INFO -     Coluna K: 210.0
2025-09-09 11:25:47,721 - INFO -     Coluna L: 1008.0
2025-09-09 11:25:47,721 - INFO -     Coluna M: INP
2025-09-09 11:25:47,721 - INFO -     Coluna N: 35.0
2025-09-09 11:25:47,721 - INFO -     Coluna O: N
2025-09-09 11:25:47,722 - INFO -     Coluna P: RB40
2025-09-09 11:25:47,722 - INFO -     Coluna Q: 1.0
2025-09-09 11:25:47,722 - INFO -     Coluna R: JG
2025-09-09 11:25:47,722 - INFO -     Coluna S: 2103.0
2025-09-09 11:25:47,722 - INFO -     Coluna T: SUSIN
2025-09-09 11:25:47,722 - INFO -     Coluna U: SUSIN
2025-09-09 11:25:47,848 - INFO - Processando linha 10
2025-09-09 11:25:47,848 - INFO - === INSERÇÃO SEQUENCIAL CONFIGURADA ===
2025-09-09 11:25:47,848 - INFO - Preenchendo colunas: C até U
2025-09-09 11:25:47,848 - INFO - Total de colunas: 19
2025-09-09 11:25:48,849 - INFO - 📝 INSERINDO C: '1'
2025-09-09 11:25:50,455 - INFO - 📝 INSERINDO D: '210'
2025-09-09 11:25:52,062 - INFO - 📝 INSERINDO E: '2135'
2025-09-09 11:25:53,666 - INFO - 📝 INSERINDO F: 'INP'
2025-09-09 11:25:55,277 - INFO - 📝 INSERINDO G: '35'
2025-09-09 11:25:56,881 - INFO - 📝 INSERINDO H: 'N'
2025-09-09 11:25:58,487 - INFO - 📝 INSERINDO I: 'RB40'
2025-09-09 11:26:00,093 - INFO - 📝 INSERINDO J: '2'
2025-09-09 11:26:01,696 - INFO - 📝 INSERINDO K: '210'
2025-09-09 11:26:03,305 - INFO - 📝 INSERINDO L: '1008'
2025-09-09 11:26:04,910 - INFO - 📝 INSERINDO M: 'INP'
2025-09-09 11:26:06,516 - INFO - 📝 INSERINDO N: '35'
2025-09-09 11:26:08,124 - INFO - 📝 INSERINDO O: 'N'
2025-09-09 11:26:09,728 - INFO - 📝 INSERINDO P: 'RB40'
2025-09-09 11:26:11,337 - INFO - 📝 INSERINDO Q: '1'
2025-09-09 11:26:12,941 - INFO - 📝 INSERINDO R: 'JG'
2025-09-09 11:26:14,545 - INFO - 📝 INSERINDO S: '2103'
2025-09-09 11:26:16,153 - INFO - 📝 INSERINDO T: 'SUSIN'
2025-09-09 11:26:17,761 - INFO - 📝 INSERINDO U: 'SUSIN'
2025-09-09 11:26:18,566 - INFO - Pressionando F2 para finalizar...
2025-09-09 11:26:18,668 - INFO - Aguardando após F2...
2025-09-09 11:26:21,669 - INFO - ✅ Inserção configurada concluída!
2025-09-09 11:26:21,671 - INFO - === PROCESSANDO RESULTADO APÓS F2 ===
2025-09-09 11:26:24,884 - INFO - ♻️ ITEM JÁ CADASTRADO - janela informacao.PNG encontrada diretamente!
2025-09-09 11:26:24,885 - INFO - Extraindo PA da janela na posição: Box(left=np.int64(676), top=np.int64(401), width=57, height=76)
2025-09-09 11:26:24,885 - INFO - Capturando região da tela para OCR...
2025-09-09 11:26:24,918 - INFO - Iniciando pré-processamento da imagem para melhorar a leitura...
2025-09-09 11:26:24,944 - INFO - 💾 Imagem pré-processada para OCR salva como: DEBUG_imagem_para_ocr_1757427984.png
2025-09-09 11:26:25,134 - INFO - 📄 TEXTO EXTRAÍDO DA IMAGEM PROCESSADA:
Informação x
Descrição Completa “CAIXILHO MADEIRA REFLORESTADA JG
8701 - BRANCO NEVE PLUS RB40 - REB 40,5 €/ 2 PCS LAT. 2135
X210X35 E 1 PC SUP. 1008 X 210 X 35 MM EMEB. 2103 FECH.
S/USIN DOS. S/USIN UM. 10-16%" já cadastrada para o item
*PA139341º

2025-09-09 11:26:25,134 - INFO - Texto original do OCR: 'Informação x\nDescrição Completa “CAIXILHO MADEIRA REFLORESTADA JG\n8701 - BRANCO NEVE PLUS RB40 - REB 40,5 €/ 2 PCS LAT. 2135\nX210X35 E 1 PC SUP. 1008 X 210 X 35 MM EMEB. 2103 FECH.\nS/USIN DOS. S/USIN UM. 10-16%" já cadastrada para o item\n*PA139341º\n'
2025-09-09 11:26:25,135 - INFO - Texto após correções automáticas: '1NF0RMAÇÃ0 X DE5CR1ÇÃ0 C0MPLE7A “CA1X1LH0 MADE1RA REFL0RE57ADA JG 8701 - 8RANC0 NEVE PLU5 R840 - RE8 40,5 €/ 2 PC5 LA7. 2135 X210X35 E 1 PC 5UP. 1008 X 210 X 35 MM EME8. 2103 FECH. 5/U51N D05. 5/U51N UM. 10-16%" JÁ CADA57RADA PARA 0 17EM *PA139341º '
2025-09-09 11:26:25,135 - INFO - Testando padrão numérico 1: ITEM\s*[\'"]?PA(\d{4,8})[\'"]?
2025-09-09 11:26:25,135 - INFO - Testando padrão numérico 2: CADASTRAD[AO]\s+PARA\s+O\s+ITEM\s*[\'"]?PA(\d{4,8})[\'"]?
2025-09-09 11:26:25,136 - INFO - Testando padrão numérico 3: PA(\d{4,8})
2025-09-09 11:26:25,136 - INFO - ✓ SUCESSO! PA numérico extraído com padrão 3: PA139341
2025-09-09 11:26:26,237 - INFO - ✅ PA EXTRAÍDO: PA139341
2025-09-09 11:26:26,238 - INFO - Procurando planilha mais recente em: \\192.168.1.250\Programas\robo custos\lancar
2025-09-09 11:26:26,242 - INFO - Padrão *.xlsx: 1 arquivos encontrados
2025-09-09 11:26:26,243 - INFO - Padrão *.xls: 0 arquivos encontrados
2025-09-09 11:26:26,245 - INFO - Padrão *.csv: 0 arquivos encontrados
2025-09-09 11:26:26,246 - INFO - Total de arquivos encontrados: 1
2025-09-09 11:26:26,250 - INFO - Arquivo: 973.xlsx
2025-09-09 11:26:26,251 - INFO -   Data modificação: Tue Sep  9 11:25:41 2025
2025-09-09 11:26:26,251 - INFO -   Tamanho: 39908 bytes
2025-09-09 11:26:26,252 - INFO - Arquivo mais recente selecionado: 973.xlsx
2025-09-09 11:26:26,252 - INFO -   Caminho: \\192.168.1.250\Programas\robo custos\lancar\973.xlsx
2025-09-09 11:26:26,253 - INFO -   Data: Tue Sep  9 11:25:41 2025
2025-09-09 11:26:26,253 - INFO - Abrindo planilha '973.xlsx' para salvar o PA...
2025-09-09 11:26:26,978 - INFO - Procurando aba com (973) no nome...
2025-09-09 11:26:27,001 - INFO - Verificando aba: 1 PA BATENTE JG (973)
2025-09-09 11:26:27,001 - INFO - ✅ Aba configurada encontrada: 1 PA BATENTE JG (973)
2025-09-09 11:26:27,001 - INFO - Usando aba: 1 PA BATENTE JG (973)
2025-09-09 11:26:27,001 - INFO - Escrevendo o código 'PA139341' na célula B10...
2025-09-09 11:26:27,004 - INFO - Salvando o ficheiro Excel...
2025-09-09 11:26:27,500 - INFO - Fechando o ficheiro Excel...
2025-09-09 11:26:27,514 - INFO - Encerrando a instância do Excel...
2025-09-09 11:26:27,619 - INFO - Aguardando 1 segundo para garantir que o ficheiro foi atualizado na rede...
