2025-09-09 11:47:59,139 - INFO - 🚀 === INICIANDO CADASTRO COMPLETO A PARTIR DO MAIN ===
2025-09-09 11:47:59,140 - INFO - Procurando planilha mais recente em: \\192.168.1.250\Programas\robo custos\lancar
2025-09-09 11:47:59,145 - INFO - Padrão *.xlsx: 1 arquivos encontrados
2025-09-09 11:47:59,145 - INFO - Padrão *.xls: 0 arquivos encontrados
2025-09-09 11:47:59,146 - INFO - Padrão *.csv: 0 arquivos encontrados
2025-09-09 11:47:59,146 - INFO - Total de arquivos encontrados: 1
2025-09-09 11:47:59,147 - INFO - Arquivo: 973.xlsx
2025-09-09 11:47:59,147 - INFO -   Data modificação: Tue Sep  9 11:47:49 2025
2025-09-09 11:47:59,154 - INFO -   Tamanho: 39840 bytes
2025-09-09 11:47:59,154 - INFO - Arquivo mais recente selecionado: 973.xlsx
2025-09-09 11:47:59,154 - INFO -   Caminho: \\192.168.1.250\Programas\robo custos\lancar\973.xlsx
2025-09-09 11:47:59,155 - INFO -   Data: Tue Sep  9 11:47:49 2025
2025-09-09 11:47:59,155 - INFO - Procurando próxima linha sem PA na coluna B (aba (973))...
2025-09-09 11:47:59,562 - INFO - Procurando aba com (973) no nome...
2025-09-09 11:47:59,566 - INFO - Verificando aba: 1 PA BATENTE JG (973)
2025-09-09 11:47:59,566 - INFO - ✅ Aba configurada encontrada: 1 PA BATENTE JG (973)
2025-09-09 11:47:59,567 - INFO - Usando aba: 1 PA BATENTE JG (973)
2025-09-09 11:47:59,576 - INFO - Próxima linha para processar (sem PA na coluna B): 3
2025-09-09 11:47:59,727 - INFO - 
================================================================================
📌 PROCESSANDO LINHA 3 (Sucesso: 0, Falhas: 0)
================================================================================
2025-09-09 11:47:59,727 - INFO - 🔑 PRIMEIRA LINHA - Executando processo completo com login...
2025-09-09 11:47:59,727 - INFO - === INICIANDO PROCESSO COMPLETO COM INSERÇÃO ===
2025-09-09 11:47:59,728 - INFO - Iniciando processo completo...
2025-09-09 11:47:59,728 - INFO - Lendo dados da próxima linha sem PA na coluna B...
2025-09-09 11:47:59,728 - INFO - Procurando planilha mais recente em: \\192.168.1.250\Programas\robo custos\lancar
2025-09-09 11:47:59,728 - INFO - Padrão *.xlsx: 1 arquivos encontrados
2025-09-09 11:47:59,728 - INFO - Padrão *.xls: 0 arquivos encontrados
2025-09-09 11:47:59,729 - INFO - Padrão *.csv: 0 arquivos encontrados
2025-09-09 11:47:59,729 - INFO - Total de arquivos encontrados: 1
2025-09-09 11:47:59,730 - INFO - Arquivo: 973.xlsx
2025-09-09 11:47:59,730 - INFO -   Data modificação: Tue Sep  9 11:47:49 2025
2025-09-09 11:47:59,730 - INFO -   Tamanho: 39840 bytes
2025-09-09 11:47:59,730 - INFO - Arquivo mais recente selecionado: 973.xlsx
2025-09-09 11:47:59,731 - INFO -   Caminho: \\192.168.1.250\Programas\robo custos\lancar\973.xlsx
2025-09-09 11:47:59,731 - INFO -   Data: Tue Sep  9 11:47:49 2025
2025-09-09 11:47:59,731 - INFO - Procurando próxima linha sem PA na coluna B (aba (973))...
2025-09-09 11:48:00,437 - INFO - Procurando aba com (973) no nome...
2025-09-09 11:48:00,440 - INFO - Verificando aba: 1 PA BATENTE JG (973)
2025-09-09 11:48:00,441 - INFO - ✅ Aba configurada encontrada: 1 PA BATENTE JG (973)
2025-09-09 11:48:00,441 - INFO - Usando aba: 1 PA BATENTE JG (973)
2025-09-09 11:48:00,447 - INFO - Próxima linha para processar (sem PA na coluna B): 3
2025-09-09 11:48:00,591 - INFO - Procurando planilha mais recente em: \\192.168.1.250\Programas\robo custos\lancar
2025-09-09 11:48:00,592 - INFO - Padrão *.xlsx: 1 arquivos encontrados
2025-09-09 11:48:00,592 - INFO - Padrão *.xls: 0 arquivos encontrados
2025-09-09 11:48:00,592 - INFO - Padrão *.csv: 0 arquivos encontrados
2025-09-09 11:48:00,592 - INFO - Total de arquivos encontrados: 1
2025-09-09 11:48:00,593 - INFO - Arquivo: 973.xlsx
2025-09-09 11:48:00,594 - INFO -   Data modificação: Tue Sep  9 11:47:49 2025
2025-09-09 11:48:00,594 - INFO -   Tamanho: 39840 bytes
2025-09-09 11:48:00,594 - INFO - Arquivo mais recente selecionado: 973.xlsx
2025-09-09 11:48:00,594 - INFO -   Caminho: \\192.168.1.250\Programas\robo custos\lancar\973.xlsx
2025-09-09 11:48:00,594 - INFO -   Data: Tue Sep  9 11:47:49 2025
2025-09-09 11:48:00,594 - INFO - Abrindo planilha via COM: \\192.168.1.250\Programas\robo custos\lancar\973.xlsx
2025-09-09 11:48:01,285 - INFO - Planilha aberta com sucesso!
2025-09-09 11:48:01,285 - INFO - Procurando aba com (973) no nome...
2025-09-09 11:48:01,288 - INFO - Verificando aba: 1 PA BATENTE JG (973)
2025-09-09 11:48:01,289 - INFO - ✅ Aba configurada encontrada: 1 PA BATENTE JG (973)
2025-09-09 11:48:01,289 - INFO - Usando aba: 1 PA BATENTE JG (973), linha: 3
2025-09-09 11:48:01,289 - INFO - Número extraído do nome da aba '1 PA BATENTE JG (973)': 973
2025-09-09 11:48:01,324 - INFO - Dados lidos da aba configurada - linha 3:
2025-09-09 11:48:01,324 - INFO -   Arquivo: 973.xlsx
2025-09-09 11:48:01,324 - INFO -   Nome da aba: 1 PA BATENTE JG (973)
2025-09-09 11:48:01,324 - INFO -   Número extraído: 973 (✅ CORRETO)
2025-09-09 11:48:01,324 - INFO -   Coluna A (controle): 1 PA BATENTE JG (973)
2025-09-09 11:48:01,324 - INFO -   Coluna B (PA existente): None
2025-09-09 11:48:01,324 - INFO -   📋 COLUNAS CONFIGURADAS (C até U):
2025-09-09 11:48:01,324 - INFO -     Coluna C: 1.0
2025-09-09 11:48:01,325 - INFO -     Coluna D: 70.0
2025-09-09 11:48:01,325 - INFO -     Coluna E: 2135.0
2025-09-09 11:48:01,325 - INFO -     Coluna F: INP
2025-09-09 11:48:01,325 - INFO -     Coluna G: 35.0
2025-09-09 11:48:01,325 - INFO -     Coluna H: N
2025-09-09 11:48:01,325 - INFO -     Coluna I: RB40
2025-09-09 11:48:01,325 - INFO -     Coluna J: 2.0
2025-09-09 11:48:01,326 - INFO -     Coluna K: 70.0
2025-09-09 11:48:01,326 - INFO -     Coluna L: 1008.0
2025-09-09 11:48:01,326 - INFO -     Coluna M: INP
2025-09-09 11:48:01,326 - INFO -     Coluna N: 35.0
2025-09-09 11:48:01,326 - INFO -     Coluna O: N
2025-09-09 11:48:01,326 - INFO -     Coluna P: RB40
2025-09-09 11:48:01,326 - INFO -     Coluna Q: 1.0
2025-09-09 11:48:01,326 - INFO -     Coluna R: JG
2025-09-09 11:48:01,326 - INFO -     Coluna S: 2103.0
2025-09-09 11:48:01,326 - INFO -     Coluna T: SUSIN
2025-09-09 11:48:01,327 - INFO -     Coluna U: SUSIN
2025-09-09 11:48:01,450 - INFO - Executando login...
2025-09-09 11:48:01,450 - INFO - Iniciando execução e login no programa
2025-09-09 11:48:01,452 - INFO - Iniciando programa: \\192.168.1.250\Programas\SYSTEAM\PROGRAMA\Indust\Engenh.exe
2025-09-09 11:48:02,360 - INFO - Programa iniciado com PID: 20832
2025-09-09 11:48:02,360 - INFO - Aguardando abertura da janela do programa...
2025-09-09 11:48:05,362 - INFO - Iniciando processo de login...
2025-09-09 11:48:05,363 - INFO - Inserindo nome de usuário
2025-09-09 11:48:07,575 - INFO - Inserindo senha
2025-09-09 11:48:09,785 - INFO - Usando número de empresa: 200
2025-09-09 11:48:12,998 - INFO - Login realizado com sucesso - Empresa: 200
2025-09-09 11:48:15,999 - INFO - Acessando configurador...
2025-09-09 11:48:16,000 - INFO - Iniciando acesso ao configurador...
2025-09-09 11:48:18,001 - INFO - Passo 1: Procurando e clicando no menu systeam...
2025-09-09 11:48:18,003 - INFO - Procurando imagem: img/menu systeam.PNG
2025-09-09 11:48:18,078 - INFO - Imagem encontrada em: Point(x=np.int64(26), y=np.int64(42))
2025-09-09 11:48:18,208 - INFO - Clique realizado em: Point(x=np.int64(26), y=np.int64(42))
2025-09-09 11:48:18,709 - INFO - Passo 2: Digitando 'configurador'...
2025-09-09 11:48:18,711 - INFO - Digitando texto: configurador
2025-09-09 11:48:19,324 - INFO - Passo 3: Procurando e clicando no módulo...
2025-09-09 11:48:19,326 - INFO - Procurando imagem: img/modulo item por descricao.PNG
2025-09-09 11:48:19,436 - INFO - Imagem encontrada em: Point(x=np.int64(660), y=np.int64(246))
2025-09-09 11:48:19,552 - INFO - Clique realizado em: Point(x=np.int64(660), y=np.int64(246))
2025-09-09 11:48:19,552 - INFO - Configurador acessado com sucesso!
2025-09-09 11:48:20,553 - INFO - Pesquisando tipo 973...
2025-09-09 11:48:20,554 - INFO - Iniciando pesquisa do tipo: 973
2025-09-09 11:48:22,556 - INFO - Passo 1: Procurando e clicando no botão pesquisar tipos...
2025-09-09 11:48:22,558 - INFO - Procurando imagem: img/pesquisar tipos 615.PNG
2025-09-09 11:48:22,638 - INFO - Imagem encontrada em: Point(x=np.int64(620), y=np.int64(78))
2025-09-09 11:48:22,770 - INFO - Clique realizado em: Point(x=np.int64(620), y=np.int64(78))
2025-09-09 11:48:23,271 - INFO - Passo 2: Digitando '973'...
2025-09-09 11:48:23,272 - INFO - Digitando texto: 973
2025-09-09 11:48:23,978 - INFO - Pesquisa do tipo 973 realizada com sucesso!
2025-09-09 11:48:23,978 - INFO - Processo completo executado com sucesso!
2025-09-09 11:48:25,979 - INFO - Navegando com 7x Tab...
2025-09-09 11:48:27,081 - INFO - Tab 1/7 pressionado
2025-09-09 11:48:27,485 - INFO - Tab 2/7 pressionado
2025-09-09 11:48:27,887 - INFO - Tab 3/7 pressionado
2025-09-09 11:48:28,291 - INFO - Tab 4/7 pressionado
2025-09-09 11:48:28,694 - INFO - Tab 5/7 pressionado
2025-09-09 11:48:29,097 - INFO - Tab 6/7 pressionado
2025-09-09 11:48:29,500 - INFO - Tab 7/7 pressionado
2025-09-09 11:48:29,802 - INFO - Navegação com 7x Tab concluída!
2025-09-09 11:48:30,803 - INFO - Processando linha 3
2025-09-09 11:48:30,804 - INFO - === INSERÇÃO SEQUENCIAL CONFIGURADA ===
2025-09-09 11:48:30,805 - INFO - Preenchendo colunas: C até U
2025-09-09 11:48:30,806 - INFO - Total de colunas: 19
2025-09-09 11:48:31,808 - INFO - 📝 INSERINDO C: '1'
2025-09-09 11:48:33,012 - INFO - 📝 INSERINDO D: '70'
2025-09-09 11:48:34,217 - INFO - 📝 INSERINDO E: '2135'
2025-09-09 11:48:35,421 - INFO - 📝 INSERINDO F: 'INP'
2025-09-09 11:48:36,626 - INFO - 📝 INSERINDO G: '35'
2025-09-09 11:48:37,829 - INFO - 📝 INSERINDO H: 'N'
2025-09-09 11:48:39,035 - INFO - 📝 INSERINDO I: 'RB40'
2025-09-09 11:48:40,244 - INFO - 📝 INSERINDO J: '2'
2025-09-09 11:48:41,449 - INFO - 📝 INSERINDO K: '70'
2025-09-09 11:48:42,655 - INFO - 📝 INSERINDO L: '1008'
2025-09-09 11:48:43,860 - INFO - 📝 INSERINDO M: 'INP'
2025-09-09 11:48:45,067 - INFO - 📝 INSERINDO N: '35'
2025-09-09 11:48:46,271 - INFO - 📝 INSERINDO O: 'N'
2025-09-09 11:48:47,475 - INFO - 📝 INSERINDO P: 'RB40'
2025-09-09 11:48:48,681 - INFO - 📝 INSERINDO Q: '1'
2025-09-09 11:48:49,884 - INFO - 📝 INSERINDO R: 'JG'
2025-09-09 11:48:51,089 - INFO - 📝 INSERINDO S: '2103'
2025-09-09 11:48:52,294 - INFO - 📝 INSERINDO T: 'SUSIN'
2025-09-09 11:48:53,510 - INFO - 📝 INSERINDO U: 'SUSIN'
2025-09-09 11:48:54,117 - INFO - Pressionando F2 para finalizar...
2025-09-09 11:48:54,220 - INFO - Aguardando após F2...
2025-09-09 11:48:57,221 - INFO - ✅ Inserção configurada concluída!
2025-09-09 11:48:57,222 - INFO - === PROCESSANDO RESULTADO APÓS F2 ===
2025-09-09 11:49:00,439 - INFO - ♻️ ITEM JÁ CADASTRADO - janela informacao.PNG encontrada diretamente!
2025-09-09 11:49:00,440 - INFO - Extraindo PA da janela na posição: Box(left=np.int64(676), top=np.int64(401), width=57, height=76)
2025-09-09 11:49:00,440 - INFO - Capturando região da tela para OCR...
2025-09-09 11:49:00,474 - INFO - Iniciando pré-processamento da imagem para melhorar a leitura...
2025-09-09 11:49:00,510 - INFO - 💾 Imagem pré-processada para OCR salva como: DEBUG_imagem_para_ocr_1757429340.png
2025-09-09 11:49:00,708 - INFO - 📄 TEXTO EXTRAÍDO DA IMAGEM PROCESSADA:
Informação x
Descrição Completa “CAIXILHO MADEIRA REFLORESTADA JG
8701 - BRANCO NEVE PLUS RB40 - REB 40,5 €/ 2 PCS LAT. 2135
X70X35 E 1 PC SUP. 1008 X 70 X 35 MM EMEB. 2103 FECH.
S/USIN DOS. S/USIN UM. 10-16%" já cadastrada para o item
*PA139338'

2025-09-09 11:49:00,708 - INFO - Texto original do OCR: 'Informação x\nDescrição Completa “CAIXILHO MADEIRA REFLORESTADA JG\n8701 - BRANCO NEVE PLUS RB40 - REB 40,5 €/ 2 PCS LAT. 2135\nX70X35 E 1 PC SUP. 1008 X 70 X 35 MM EMEB. 2103 FECH.\nS/USIN DOS. S/USIN UM. 10-16%" já cadastrada para o item\n*PA139338\'\n'
2025-09-09 11:49:00,709 - INFO - Texto após correções automáticas: '1NF0RMAÇÃ0 X DE5CR1ÇÃ0 C0MPLE7A “CA1X1LH0 MADE1RA REFL0RE57ADA JG 8701 - 8RANC0 NEVE PLU5 R840 - RE8 40,5 €/ 2 PC5 LA7. 2135 X70X35 E 1 PC 5UP. 1008 X 70 X 35 MM EME8. 2103 FECH. 5/U51N D05. 5/U51N UM. 10-16%" JÁ CADA57RADA PARA 0 17EM *PA139338\' '
2025-09-09 11:49:00,709 - INFO - Testando padrão numérico 1: ITEM\s*[\'"]?PA(\d{4,8})[\'"]?
2025-09-09 11:49:00,709 - INFO - Testando padrão numérico 2: CADASTRAD[AO]\s+PARA\s+O\s+ITEM\s*[\'"]?PA(\d{4,8})[\'"]?
2025-09-09 11:49:00,710 - INFO - Testando padrão numérico 3: PA(\d{4,8})
2025-09-09 11:49:00,710 - INFO - ✓ SUCESSO! PA numérico extraído com padrão 3: PA139338
2025-09-09 11:49:01,811 - INFO - ✅ PA EXTRAÍDO: PA139338
2025-09-09 11:49:01,813 - INFO - Procurando planilha mais recente em: \\192.168.1.250\Programas\robo custos\lancar
2025-09-09 11:49:01,819 - INFO - Padrão *.xlsx: 1 arquivos encontrados
2025-09-09 11:49:01,821 - INFO - Padrão *.xls: 0 arquivos encontrados
2025-09-09 11:49:01,824 - INFO - Padrão *.csv: 0 arquivos encontrados
2025-09-09 11:49:01,825 - INFO - Total de arquivos encontrados: 1
2025-09-09 11:49:01,830 - INFO - Arquivo: 973.xlsx
2025-09-09 11:49:01,831 - INFO -   Data modificação: Tue Sep  9 11:47:49 2025
2025-09-09 11:49:01,832 - INFO -   Tamanho: 39840 bytes
2025-09-09 11:49:01,832 - INFO - Arquivo mais recente selecionado: 973.xlsx
2025-09-09 11:49:01,833 - INFO -   Caminho: \\192.168.1.250\Programas\robo custos\lancar\973.xlsx
2025-09-09 11:49:01,833 - INFO -   Data: Tue Sep  9 11:47:49 2025
2025-09-09 11:49:01,833 - INFO - Abrindo planilha '973.xlsx' para salvar o PA...
2025-09-09 11:49:02,218 - INFO - Procurando aba com (973) no nome...
2025-09-09 11:49:02,222 - INFO - Verificando aba: 1 PA BATENTE JG (973)
2025-09-09 11:49:02,222 - INFO - ✅ Aba configurada encontrada: 1 PA BATENTE JG (973)
2025-09-09 11:49:02,223 - INFO - Usando aba: 1 PA BATENTE JG (973)
2025-09-09 11:49:02,223 - INFO - Escrevendo o código 'PA139338' na célula B3...
2025-09-09 11:49:02,250 - INFO - Salvando o ficheiro Excel...
2025-09-09 11:49:02,491 - INFO - Fechando o ficheiro Excel...
2025-09-09 11:49:02,513 - INFO - Encerrando a instância do Excel...
2025-09-09 11:49:02,616 - INFO - Aguardando 1 segundo para garantir que o ficheiro foi atualizado na rede...
2025-09-09 11:49:03,617 - INFO - ✅ Código PA salvo na aba configurada - linha 3.
2025-09-09 11:49:03,619 - INFO - === PROCESSO COMPLETO COM INSERÇÃO FINALIZADO ===
2025-09-09 11:49:03,620 - INFO - ⏸️ Pausa 
2025-09-09 11:49:04,622 - INFO - Procurando planilha mais recente em: \\192.168.1.250\Programas\robo custos\lancar
2025-09-09 11:49:04,626 - INFO - Padrão *.xlsx: 1 arquivos encontrados
2025-09-09 11:49:04,627 - INFO - Padrão *.xls: 0 arquivos encontrados
2025-09-09 11:49:04,628 - INFO - Padrão *.csv: 0 arquivos encontrados
2025-09-09 11:49:04,628 - INFO - Total de arquivos encontrados: 1
2025-09-09 11:49:04,630 - INFO - Arquivo: 973.xlsx
2025-09-09 11:49:04,630 - INFO -   Data modificação: Tue Sep  9 11:49:02 2025
2025-09-09 11:49:04,630 - INFO -   Tamanho: 39881 bytes
2025-09-09 11:49:04,631 - INFO - Arquivo mais recente selecionado: 973.xlsx
2025-09-09 11:49:04,631 - INFO -   Caminho: \\192.168.1.250\Programas\robo custos\lancar\973.xlsx
2025-09-09 11:49:04,631 - INFO -   Data: Tue Sep  9 11:49:02 2025
2025-09-09 11:49:04,631 - INFO - Procurando próxima linha sem PA na coluna B (aba (973))...
2025-09-09 11:49:05,026 - INFO - Procurando aba com (973) no nome...
2025-09-09 11:49:05,052 - INFO - Verificando aba: 1 PA BATENTE JG (973)
2025-09-09 11:49:05,052 - INFO - ✅ Aba configurada encontrada: 1 PA BATENTE JG (973)
2025-09-09 11:49:05,052 - INFO - Usando aba: 1 PA BATENTE JG (973)
2025-09-09 11:49:05,061 - INFO - Próxima linha para processar (sem PA na coluna B): 4
2025-09-09 11:49:05,184 - INFO - 
================================================================================
📌 PROCESSANDO LINHA 4 (Sucesso: 1, Falhas: 0)
================================================================================
2025-09-09 11:49:05,185 - INFO - 🔄 LINHA SEGUINTE (4) - Executando sequência de reinício...
2025-09-09 11:49:05,185 - INFO - 🔄 === INICIANDO SEQUÊNCIA DE REINÍCIO (SIMPLIFICADA) ===
2025-09-09 11:49:05,185 - INFO - 🔍 Verificando se a janela de informação precisa ser fechada...
2025-09-09 11:49:05,284 - INFO - ✅ Janela de informação não está na tela.
2025-09-09 11:49:05,285 - INFO - Dimensões da tela: 1746x922
2025-09-09 11:49:05,286 - INFO - Passo 1: Movendo mouse para o centro (873, 461) e clicando.
2025-09-09 11:49:07,055 - INFO - Passo 2: Pressionando Home.
2025-09-09 11:49:07,656 - INFO - ✅ Sequência de reinício SIMPLIFICADA executada com sucesso!
2025-09-09 11:49:07,658 - INFO - 📋 PROCESSANDO LINHA 4...
2025-09-09 11:49:07,659 - INFO - Procurando planilha mais recente em: \\192.168.1.250\Programas\robo custos\lancar
2025-09-09 11:49:07,662 - INFO - Padrão *.xlsx: 1 arquivos encontrados
2025-09-09 11:49:07,665 - INFO - Padrão *.xls: 0 arquivos encontrados
2025-09-09 11:49:07,667 - INFO - Padrão *.csv: 0 arquivos encontrados
2025-09-09 11:49:07,668 - INFO - Total de arquivos encontrados: 1
2025-09-09 11:49:07,672 - INFO - Arquivo: 973.xlsx
2025-09-09 11:49:07,673 - INFO -   Data modificação: Tue Sep  9 11:49:02 2025
2025-09-09 11:49:07,674 - INFO -   Tamanho: 39881 bytes
2025-09-09 11:49:07,675 - INFO - Arquivo mais recente selecionado: 973.xlsx
2025-09-09 11:49:07,675 - INFO -   Caminho: \\192.168.1.250\Programas\robo custos\lancar\973.xlsx
2025-09-09 11:49:07,676 - INFO -   Data: Tue Sep  9 11:49:02 2025
2025-09-09 11:49:07,677 - INFO - Abrindo planilha via COM: \\192.168.1.250\Programas\robo custos\lancar\973.xlsx
2025-09-09 11:49:08,070 - INFO - Planilha aberta com sucesso!
2025-09-09 11:49:08,070 - INFO - Procurando aba com (973) no nome...
2025-09-09 11:49:08,095 - INFO - Verificando aba: 1 PA BATENTE JG (973)
2025-09-09 11:49:08,095 - INFO - ✅ Aba configurada encontrada: 1 PA BATENTE JG (973)
2025-09-09 11:49:08,096 - INFO - Usando aba: 1 PA BATENTE JG (973), linha: 4
2025-09-09 11:49:08,096 - INFO - Número extraído do nome da aba '1 PA BATENTE JG (973)': 973
2025-09-09 11:49:08,126 - INFO - Dados lidos da aba configurada - linha 4:
2025-09-09 11:49:08,127 - INFO -   Arquivo: 973.xlsx
2025-09-09 11:49:08,127 - INFO -   Nome da aba: 1 PA BATENTE JG (973)
2025-09-09 11:49:08,127 - INFO -   Número extraído: 973 (✅ CORRETO)
2025-09-09 11:49:08,127 - INFO -   Coluna A (controle): 1 PA BATENTE JG (973)
2025-09-09 11:49:08,128 - INFO -   Coluna B (PA existente): None
2025-09-09 11:49:08,128 - INFO -   📋 COLUNAS CONFIGURADAS (C até U):
2025-09-09 11:49:08,128 - INFO -     Coluna C: 1.0
2025-09-09 11:49:08,128 - INFO -     Coluna D: 90.0
2025-09-09 11:49:08,128 - INFO -     Coluna E: 2135.0
2025-09-09 11:49:08,129 - INFO -     Coluna F: INP
2025-09-09 11:49:08,129 - INFO -     Coluna G: 35.0
2025-09-09 11:49:08,129 - INFO -     Coluna H: N
2025-09-09 11:49:08,129 - INFO -     Coluna I: RB40
2025-09-09 11:49:08,129 - INFO -     Coluna J: 2.0
2025-09-09 11:49:08,129 - INFO -     Coluna K: 90.0
2025-09-09 11:49:08,130 - INFO -     Coluna L: 1008.0
2025-09-09 11:49:08,130 - INFO -     Coluna M: INP
2025-09-09 11:49:08,130 - INFO -     Coluna N: 35.0
2025-09-09 11:49:08,130 - INFO -     Coluna O: N
2025-09-09 11:49:08,130 - INFO -     Coluna P: RB40
2025-09-09 11:49:08,131 - INFO -     Coluna Q: 1.0
2025-09-09 11:49:08,131 - INFO -     Coluna R: JG
2025-09-09 11:49:08,131 - INFO -     Coluna S: 2103.0
2025-09-09 11:49:08,131 - INFO -     Coluna T: SUSIN
2025-09-09 11:49:08,131 - INFO -     Coluna U: SUSIN
2025-09-09 11:49:08,271 - INFO - Processando linha 4
2025-09-09 11:49:08,271 - INFO - === INSERÇÃO SEQUENCIAL CONFIGURADA ===
2025-09-09 11:49:08,271 - INFO - Preenchendo colunas: C até U
2025-09-09 11:49:08,271 - INFO - Total de colunas: 19
2025-09-09 11:49:09,272 - INFO - 📝 INSERINDO C: '1'
2025-09-09 11:49:10,476 - INFO - 📝 INSERINDO D: '90'
2025-09-09 11:49:11,679 - INFO - 📝 INSERINDO E: '2135'
2025-09-09 11:49:12,887 - INFO - 📝 INSERINDO F: 'INP'
2025-09-09 11:49:14,092 - INFO - 📝 INSERINDO G: '35'
2025-09-09 11:49:15,299 - INFO - 📝 INSERINDO H: 'N'
2025-09-09 11:49:16,504 - INFO - 📝 INSERINDO I: 'RB40'
2025-09-09 11:49:17,710 - INFO - 📝 INSERINDO J: '2'
2025-09-09 11:49:18,914 - INFO - 📝 INSERINDO K: '90'
2025-09-09 11:49:20,123 - INFO - 📝 INSERINDO L: '1008'
2025-09-09 11:49:21,331 - INFO - 📝 INSERINDO M: 'INP'
2025-09-09 11:49:22,540 - INFO - 📝 INSERINDO N: '35'
2025-09-09 11:49:23,099 - INFO - 
🛑 Execução interrompida pelo usuário.
