2025-09-09 10:50:32,735 - INFO - 🚀 === INICIANDO CADASTRO COMPLETO A PARTIR DO MAIN ===
2025-09-09 10:50:32,735 - INFO - Procurando planilha mais recente em: \\192.168.1.250\Programas\robo custos\lancar
2025-09-09 10:50:32,737 - INFO - Padrão *.xlsx: 1 arquivos encontrados
2025-09-09 10:50:32,737 - INFO - Padrão *.xls: 0 arquivos encontrados
2025-09-09 10:50:32,737 - INFO - Padrão *.csv: 0 arquivos encontrados
2025-09-09 10:50:32,738 - INFO - Total de arquivos encontrados: 1
2025-09-09 10:50:32,740 - INFO - Arquivo: 973.xlsx
2025-09-09 10:50:32,740 - INFO -   Data modificação: Tue Sep  9 10:47:03 2025
2025-09-09 10:50:32,746 - INFO -   Tamanho: 39883 bytes
2025-09-09 10:50:32,746 - INFO - Arquivo mais recente selecionado: 973.xlsx
2025-09-09 10:50:32,747 - INFO -   Caminho: \\192.168.1.250\Programas\robo custos\lancar\973.xlsx
2025-09-09 10:50:32,747 - INFO -   Data: Tue Sep  9 10:47:03 2025
2025-09-09 10:50:32,747 - INFO - Procurando próxima linha sem PA na coluna B (aba (973))...
2025-09-09 10:50:33,104 - INFO - Procurando aba com (973) no nome...
2025-09-09 10:50:33,125 - INFO - Verificando aba: 1 PA BATENTE JG (973)
2025-09-09 10:50:33,125 - INFO - ✅ Aba configurada encontrada: 1 PA BATENTE JG (973)
2025-09-09 10:50:33,126 - INFO - Usando aba: 1 PA BATENTE JG (973)
2025-09-09 10:50:33,134 - INFO - Próxima linha para processar (sem PA na coluna B): 4
2025-09-09 10:50:33,253 - INFO - 
================================================================================
📌 PROCESSANDO LINHA 4 (Sucesso: 0, Falhas: 0)
================================================================================
2025-09-09 10:50:33,253 - INFO - 🔑 PRIMEIRA LINHA - Executando processo completo com login...
2025-09-09 10:50:33,253 - INFO - === INICIANDO PROCESSO COMPLETO COM INSERÇÃO ===
2025-09-09 10:50:33,253 - INFO - Iniciando processo completo...
2025-09-09 10:50:33,253 - INFO - Lendo dados da próxima linha sem PA na coluna B...
2025-09-09 10:50:33,253 - INFO - Procurando planilha mais recente em: \\192.168.1.250\Programas\robo custos\lancar
2025-09-09 10:50:33,254 - INFO - Padrão *.xlsx: 1 arquivos encontrados
2025-09-09 10:50:33,254 - INFO - Padrão *.xls: 0 arquivos encontrados
2025-09-09 10:50:33,254 - INFO - Padrão *.csv: 0 arquivos encontrados
2025-09-09 10:50:33,254 - INFO - Total de arquivos encontrados: 1
2025-09-09 10:50:33,255 - INFO - Arquivo: 973.xlsx
2025-09-09 10:50:33,256 - INFO -   Data modificação: Tue Sep  9 10:47:03 2025
2025-09-09 10:50:33,256 - INFO -   Tamanho: 39883 bytes
2025-09-09 10:50:33,256 - INFO - Arquivo mais recente selecionado: 973.xlsx
2025-09-09 10:50:33,256 - INFO -   Caminho: \\192.168.1.250\Programas\robo custos\lancar\973.xlsx
2025-09-09 10:50:33,256 - INFO -   Data: Tue Sep  9 10:47:03 2025
2025-09-09 10:50:33,256 - INFO - Procurando próxima linha sem PA na coluna B (aba (973))...
2025-09-09 10:50:33,605 - INFO - Procurando aba com (973) no nome...
2025-09-09 10:50:33,628 - INFO - Verificando aba: 1 PA BATENTE JG (973)
2025-09-09 10:50:33,628 - INFO - ✅ Aba configurada encontrada: 1 PA BATENTE JG (973)
2025-09-09 10:50:33,629 - INFO - Usando aba: 1 PA BATENTE JG (973)
2025-09-09 10:50:33,635 - INFO - Próxima linha para processar (sem PA na coluna B): 4
2025-09-09 10:50:33,752 - INFO - Procurando planilha mais recente em: \\192.168.1.250\Programas\robo custos\lancar
2025-09-09 10:50:33,752 - INFO - Padrão *.xlsx: 1 arquivos encontrados
2025-09-09 10:50:33,753 - INFO - Padrão *.xls: 0 arquivos encontrados
2025-09-09 10:50:33,753 - INFO - Padrão *.csv: 0 arquivos encontrados
2025-09-09 10:50:33,753 - INFO - Total de arquivos encontrados: 1
2025-09-09 10:50:33,754 - INFO - Arquivo: 973.xlsx
2025-09-09 10:50:33,754 - INFO -   Data modificação: Tue Sep  9 10:47:03 2025
2025-09-09 10:50:33,754 - INFO -   Tamanho: 39883 bytes
2025-09-09 10:50:33,754 - INFO - Arquivo mais recente selecionado: 973.xlsx
2025-09-09 10:50:33,755 - INFO -   Caminho: \\192.168.1.250\Programas\robo custos\lancar\973.xlsx
2025-09-09 10:50:33,755 - INFO -   Data: Tue Sep  9 10:47:03 2025
2025-09-09 10:50:33,755 - INFO - Abrindo planilha via COM: \\192.168.1.250\Programas\robo custos\lancar\973.xlsx
2025-09-09 10:50:34,481 - INFO - Planilha aberta com sucesso!
2025-09-09 10:50:34,481 - INFO - Procurando aba com (973) no nome...
2025-09-09 10:50:34,503 - INFO - Verificando aba: 1 PA BATENTE JG (973)
2025-09-09 10:50:34,504 - INFO - ✅ Aba configurada encontrada: 1 PA BATENTE JG (973)
2025-09-09 10:50:34,504 - INFO - Usando aba: 1 PA BATENTE JG (973), linha: 4
2025-09-09 10:50:34,504 - INFO - Número extraído do nome da aba '1 PA BATENTE JG (973)': 973
2025-09-09 10:50:34,529 - INFO - Dados lidos da aba configurada - linha 4:
2025-09-09 10:50:34,529 - INFO -   Arquivo: 973.xlsx
2025-09-09 10:50:34,529 - INFO -   Nome da aba: 1 PA BATENTE JG (973)
2025-09-09 10:50:34,529 - INFO -   Número extraído: 973 (✅ CORRETO)
2025-09-09 10:50:34,529 - INFO -   Coluna A (controle): 1 PA BATENTE JG (973)
2025-09-09 10:50:34,529 - INFO -   Coluna B (PA existente): None
2025-09-09 10:50:34,529 - INFO -   📋 COLUNAS CONFIGURADAS (C até U):
2025-09-09 10:50:34,530 - INFO -     Coluna C: 1.0
2025-09-09 10:50:34,530 - INFO -     Coluna D: 90.0
2025-09-09 10:50:34,530 - INFO -     Coluna E: 2135.0
2025-09-09 10:50:34,530 - INFO -     Coluna F: INP
2025-09-09 10:50:34,530 - INFO -     Coluna G: 35.0
2025-09-09 10:50:34,530 - INFO -     Coluna H: N
2025-09-09 10:50:34,530 - INFO -     Coluna I: RB40
2025-09-09 10:50:34,530 - INFO -     Coluna J: 2.0
2025-09-09 10:50:34,530 - INFO -     Coluna K: 90.0
2025-09-09 10:50:34,530 - INFO -     Coluna L: 1008.0
2025-09-09 10:50:34,530 - INFO -     Coluna M: INP
2025-09-09 10:50:34,530 - INFO -     Coluna N: 35.0
2025-09-09 10:50:34,530 - INFO -     Coluna O: N
2025-09-09 10:50:34,531 - INFO -     Coluna P: RB40
2025-09-09 10:50:34,531 - INFO -     Coluna Q: 1.0
2025-09-09 10:50:34,531 - INFO -     Coluna R: JG
2025-09-09 10:50:34,531 - INFO -     Coluna S: 2103.0
2025-09-09 10:50:34,531 - INFO -     Coluna T: SUSIN
2025-09-09 10:50:34,531 - INFO -     Coluna U: SUSIN
2025-09-09 10:50:34,644 - INFO - Executando login...
2025-09-09 10:50:34,644 - INFO - Iniciando execução e login no programa
2025-09-09 10:50:34,645 - INFO - Iniciando programa: \\192.168.1.250\Programas\SYSTEAM\PROGRAMA\Indust\Engenh.exe
2025-09-09 10:50:34,664 - INFO - Programa iniciado com PID: 10924
2025-09-09 10:50:34,664 - INFO - Aguardando abertura da janela do programa...
2025-09-09 10:50:37,666 - INFO - Iniciando processo de login...
2025-09-09 10:50:37,667 - INFO - Inserindo nome de usuário
2025-09-09 10:50:39,878 - INFO - Inserindo senha
2025-09-09 10:50:42,090 - INFO - Usando número de empresa: 200
2025-09-09 10:50:45,301 - INFO - Login realizado com sucesso - Empresa: 200
2025-09-09 10:50:48,302 - INFO - Acessando configurador...
2025-09-09 10:50:48,303 - INFO - Iniciando acesso ao configurador...
2025-09-09 10:50:50,305 - INFO - Passo 1: Procurando e clicando no menu systeam...
2025-09-09 10:50:50,306 - INFO - Procurando imagem: img/menu systeam.PNG
2025-09-09 10:50:50,411 - INFO - Imagem encontrada em: Point(x=np.int64(26), y=np.int64(42))
2025-09-09 10:50:50,540 - INFO - Clique realizado em: Point(x=np.int64(26), y=np.int64(42))
2025-09-09 10:50:51,041 - INFO - Passo 2: Digitando 'configurador'...
2025-09-09 10:50:51,043 - INFO - Digitando texto: configurador
2025-09-09 10:50:51,657 - INFO - Passo 3: Procurando e clicando no módulo...
2025-09-09 10:50:51,659 - INFO - Procurando imagem: img/modulo item por descricao.PNG
2025-09-09 10:50:51,757 - INFO - Imagem encontrada em: Point(x=np.int64(660), y=np.int64(246))
2025-09-09 10:50:51,884 - INFO - Clique realizado em: Point(x=np.int64(660), y=np.int64(246))
2025-09-09 10:50:51,885 - INFO - Configurador acessado com sucesso!
2025-09-09 10:50:52,885 - INFO - Pesquisando tipo 973...
2025-09-09 10:50:52,887 - INFO - Iniciando pesquisa do tipo: 973
2025-09-09 10:50:54,888 - INFO - Passo 1: Procurando e clicando no botão pesquisar tipos...
2025-09-09 10:50:54,890 - INFO - Procurando imagem: img/pesquisar tipos 615.PNG
2025-09-09 10:50:54,966 - INFO - Imagem encontrada em: Point(x=np.int64(620), y=np.int64(78))
2025-09-09 10:50:55,071 - INFO - Clique realizado em: Point(x=np.int64(620), y=np.int64(78))
2025-09-09 10:50:55,572 - INFO - Passo 2: Digitando '973'...
2025-09-09 10:50:55,573 - INFO - Digitando texto: 973
2025-09-09 10:50:56,278 - INFO - Pesquisa do tipo 973 realizada com sucesso!
2025-09-09 10:50:56,279 - INFO - Processo completo executado com sucesso!
2025-09-09 10:50:58,281 - INFO - Navegando com 7x Tab...
2025-09-09 10:50:59,384 - INFO - Tab 1/7 pressionado
2025-09-09 10:50:59,787 - INFO - Tab 2/7 pressionado
2025-09-09 10:51:00,190 - INFO - Tab 3/7 pressionado
2025-09-09 10:51:00,592 - INFO - Tab 4/7 pressionado
2025-09-09 10:51:00,996 - INFO - Tab 5/7 pressionado
2025-09-09 10:51:01,398 - INFO - Tab 6/7 pressionado
2025-09-09 10:51:01,801 - INFO - Tab 7/7 pressionado
2025-09-09 10:51:02,102 - INFO - Navegação com 7x Tab concluída!
2025-09-09 10:51:03,103 - INFO - Processando linha 4
2025-09-09 10:51:03,104 - INFO - === INSERÇÃO SEQUENCIAL CONFIGURADA ===
2025-09-09 10:51:03,105 - INFO - Preenchendo colunas: C até U
2025-09-09 10:51:03,106 - INFO - Total de colunas: 19
2025-09-09 10:51:04,108 - INFO - 📝 INSERINDO C: '1'
2025-09-09 10:51:04,912 - INFO - 📝 INSERINDO D: '90'
2025-09-09 10:51:05,716 - INFO - 📝 INSERINDO E: '2135'
2025-09-09 10:51:06,524 - INFO - 📝 INSERINDO F: 'INP'
2025-09-09 10:51:07,330 - INFO - 📝 INSERINDO G: '35'
2025-09-09 10:51:08,134 - INFO - 📝 INSERINDO H: 'N'
2025-09-09 10:51:08,938 - INFO - 📝 INSERINDO I: 'RB40'
2025-09-09 10:51:09,742 - INFO - 📝 INSERINDO J: '2'
2025-09-09 10:51:10,547 - INFO - 📝 INSERINDO K: '90'
2025-09-09 10:51:11,353 - INFO - 📝 INSERINDO L: '1008'
2025-09-09 10:51:12,156 - INFO - 📝 INSERINDO M: 'INP'
2025-09-09 10:51:12,967 - INFO - 📝 INSERINDO N: '35'
2025-09-09 10:51:13,772 - INFO - 📝 INSERINDO O: 'N'
2025-09-09 10:51:14,578 - INFO - 📝 INSERINDO P: 'RB40'
2025-09-09 10:51:15,383 - INFO - 📝 INSERINDO Q: '1'
2025-09-09 10:51:16,186 - INFO - 📝 INSERINDO R: 'JG'
2025-09-09 10:51:16,992 - INFO - 📝 INSERINDO S: '2103'
