2025-09-10 11:34:58,530 - INFO - 🚀 === INICIANDO CADASTRO COMPLETO A PARTIR DO MAIN ===
2025-09-10 11:34:58,531 - INFO - Procurando planilha mais recente em: \\192.168.1.250\Programas\robo custos\lancar
2025-09-10 11:34:58,533 - INFO - Padrão *.xlsx: 1 arquivos encontrados
2025-09-10 11:34:58,533 - INFO - Padrão *.xls: 0 arquivos encontrados
2025-09-10 11:34:58,533 - INFO - Padrão *.csv: 0 arquivos encontrados
2025-09-10 11:34:58,533 - INFO - Total de arquivos encontrados: 1
2025-09-10 11:34:58,535 - INFO - Arquivo: 973.xlsx
2025-09-10 11:34:58,536 - INFO -   Data modificação: Wed Sep 10 11:33:32 2025
2025-09-10 11:34:58,537 - INFO -   Tamanho: 41994 bytes
2025-09-10 11:34:58,537 - INFO - Arquivo mais recente selecionado: 973.xlsx
2025-09-10 11:34:58,538 - INFO -   Caminho: \\192.168.1.250\Programas\robo custos\lancar\973.xlsx
2025-09-10 11:34:58,538 - INFO -   Data: Wed Sep 10 11:33:32 2025
2025-09-10 11:34:58,538 - INFO - Procurando próxima linha sem PA na coluna B (aba (973))...
2025-09-10 11:34:58,941 - INFO - Procurando aba com (973) no nome...
2025-09-10 11:34:58,945 - INFO - Verificando aba: 1 PA BATENTE JG (973)
2025-09-10 11:34:58,945 - INFO - ✅ Aba configurada encontrada: 1 PA BATENTE JG (973)
2025-09-10 11:34:58,946 - INFO - Usando aba: 1 PA BATENTE JG (973)
2025-09-10 11:34:59,160 - INFO - Próxima linha para processar (sem PA na coluna B): 92
2025-09-10 11:34:59,315 - INFO - 
================================================================================
📌 PROCESSANDO LINHA 92 (Sucesso: 0, Falhas: 0)
================================================================================
2025-09-10 11:34:59,316 - INFO - 🔑 PRIMEIRA LINHA - Executando processo completo com login...
2025-09-10 11:34:59,316 - INFO - === INICIANDO PROCESSO COMPLETO COM INSERÇÃO ===
2025-09-10 11:34:59,316 - INFO - Iniciando processo completo...
2025-09-10 11:34:59,316 - INFO - Lendo dados da próxima linha sem PA na coluna B...
2025-09-10 11:34:59,316 - INFO - Procurando planilha mais recente em: \\192.168.1.250\Programas\robo custos\lancar
2025-09-10 11:34:59,317 - INFO - Padrão *.xlsx: 1 arquivos encontrados
2025-09-10 11:34:59,317 - INFO - Padrão *.xls: 0 arquivos encontrados
2025-09-10 11:34:59,317 - INFO - Padrão *.csv: 0 arquivos encontrados
2025-09-10 11:34:59,317 - INFO - Total de arquivos encontrados: 1
2025-09-10 11:34:59,319 - INFO - Arquivo: 973.xlsx
2025-09-10 11:34:59,319 - INFO -   Data modificação: Wed Sep 10 11:33:32 2025
2025-09-10 11:34:59,319 - INFO -   Tamanho: 41994 bytes
2025-09-10 11:34:59,319 - INFO - Arquivo mais recente selecionado: 973.xlsx
2025-09-10 11:34:59,320 - INFO -   Caminho: \\192.168.1.250\Programas\robo custos\lancar\973.xlsx
2025-09-10 11:34:59,320 - INFO -   Data: Wed Sep 10 11:33:32 2025
2025-09-10 11:34:59,320 - INFO - Procurando próxima linha sem PA na coluna B (aba (973))...
2025-09-10 11:35:00,015 - INFO - Procurando aba com (973) no nome...
2025-09-10 11:35:00,018 - INFO - Verificando aba: 1 PA BATENTE JG (973)
2025-09-10 11:35:00,019 - INFO - ✅ Aba configurada encontrada: 1 PA BATENTE JG (973)
2025-09-10 11:35:00,019 - INFO - Usando aba: 1 PA BATENTE JG (973)
2025-09-10 11:35:00,225 - INFO - Próxima linha para processar (sem PA na coluna B): 92
2025-09-10 11:35:00,371 - INFO - Procurando planilha mais recente em: \\192.168.1.250\Programas\robo custos\lancar
2025-09-10 11:35:00,372 - INFO - Padrão *.xlsx: 1 arquivos encontrados
2025-09-10 11:35:00,372 - INFO - Padrão *.xls: 0 arquivos encontrados
2025-09-10 11:35:00,372 - INFO - Padrão *.csv: 0 arquivos encontrados
2025-09-10 11:35:00,373 - INFO - Total de arquivos encontrados: 1
2025-09-10 11:35:00,374 - INFO - Arquivo: 973.xlsx
2025-09-10 11:35:00,374 - INFO -   Data modificação: Wed Sep 10 11:33:32 2025
2025-09-10 11:35:00,374 - INFO -   Tamanho: 41994 bytes
2025-09-10 11:35:00,374 - INFO - Arquivo mais recente selecionado: 973.xlsx
2025-09-10 11:35:00,374 - INFO -   Caminho: \\192.168.1.250\Programas\robo custos\lancar\973.xlsx
2025-09-10 11:35:00,374 - INFO -   Data: Wed Sep 10 11:33:32 2025
2025-09-10 11:35:00,374 - INFO - Abrindo planilha via COM: \\192.168.1.250\Programas\robo custos\lancar\973.xlsx
2025-09-10 11:35:01,079 - INFO - Planilha aberta com sucesso!
2025-09-10 11:35:01,080 - INFO - Procurando aba com (973) no nome...
2025-09-10 11:35:01,083 - INFO - Verificando aba: 1 PA BATENTE JG (973)
2025-09-10 11:35:01,083 - INFO - ✅ Aba configurada encontrada: 1 PA BATENTE JG (973)
2025-09-10 11:35:01,084 - INFO - Usando aba: 1 PA BATENTE JG (973), linha: 92
2025-09-10 11:35:01,084 - INFO - Número extraído do nome da aba '1 PA BATENTE JG (973)': 973
2025-09-10 11:35:01,118 - INFO - Dados lidos da aba configurada - linha 92:
2025-09-10 11:35:01,118 - INFO -   Arquivo: 973.xlsx
2025-09-10 11:35:01,118 - INFO -   Nome da aba: 1 PA BATENTE JG (973)
2025-09-10 11:35:01,119 - INFO -   Número extraído: 973 (✅ CORRETO)
2025-09-10 11:35:01,119 - INFO -   Coluna A (controle): 1 PA BATENTE JG (973)
2025-09-10 11:35:01,119 - INFO -   Coluna B (PA existente): None
2025-09-10 11:35:01,119 - INFO -   📋 COLUNAS CONFIGURADAS (C até U):
2025-09-10 11:35:01,119 - INFO -     Coluna C: 1.0
2025-09-10 11:35:01,119 - INFO -     Coluna D: 230.0
2025-09-10 11:35:01,119 - INFO -     Coluna E: 2635.0
2025-09-10 11:35:01,119 - INFO -     Coluna F: IN
2025-09-10 11:35:01,119 - INFO -     Coluna G: 35.0
2025-09-10 11:35:01,119 - INFO -     Coluna H: N
2025-09-10 11:35:01,119 - INFO -     Coluna I: RB40
2025-09-10 11:35:01,119 - INFO -     Coluna J: 2.0
2025-09-10 11:35:01,119 - INFO -     Coluna K: 230.0
2025-09-10 11:35:01,119 - INFO -     Coluna L: 1008.0
2025-09-10 11:35:01,119 - INFO -     Coluna M: IN
2025-09-10 11:35:01,120 - INFO -     Coluna N: 35.0
2025-09-10 11:35:01,120 - INFO -     Coluna O: N
2025-09-10 11:35:01,120 - INFO -     Coluna P: RB40
2025-09-10 11:35:01,120 - INFO -     Coluna Q: 1.0
2025-09-10 11:35:01,120 - INFO -     Coluna R: JG
2025-09-10 11:35:01,120 - INFO -     Coluna S: 2103.0
2025-09-10 11:35:01,120 - INFO -     Coluna T: SUSIN
2025-09-10 11:35:01,120 - INFO -     Coluna U: SUSIN
2025-09-10 11:35:01,265 - INFO - Executando login...
2025-09-10 11:35:01,266 - INFO - Iniciando execução e login no programa
2025-09-10 11:35:01,269 - INFO - Iniciando programa: \\192.168.1.250\Programas\SYSTEAM\PROGRAMA\Indust\Engenh.exe
2025-09-10 11:35:02,154 - INFO - Programa iniciado com PID: 16928
2025-09-10 11:35:02,154 - INFO - Aguardando abertura da janela do programa...
2025-09-10 11:35:05,156 - INFO - Iniciando processo de login...
2025-09-10 11:35:05,158 - INFO - Inserindo nome de usuário
2025-09-10 11:35:07,369 - INFO - Inserindo senha
2025-09-10 11:35:09,579 - INFO - Usando número de empresa: 200
2025-09-10 11:35:12,791 - INFO - Login realizado com sucesso - Empresa: 200
2025-09-10 11:35:15,793 - INFO - Acessando configurador...
2025-09-10 11:35:15,794 - INFO - Iniciando acesso ao configurador...
2025-09-10 11:35:17,795 - INFO - Passo 1: Procurando e clicando no menu systeam...
2025-09-10 11:35:17,797 - INFO - Procurando imagem: img/menu systeam.PNG
2025-09-10 11:35:17,875 - INFO - Imagem encontrada em: Point(x=np.int64(26), y=np.int64(42))
2025-09-10 11:35:18,008 - INFO - Clique realizado em: Point(x=np.int64(26), y=np.int64(42))
2025-09-10 11:35:18,510 - INFO - Passo 2: Digitando 'configurador'...
2025-09-10 11:35:18,511 - INFO - Digitando texto: configurador
2025-09-10 11:35:19,122 - INFO - Passo 3: Procurando e clicando no módulo...
2025-09-10 11:35:19,124 - INFO - Procurando imagem: img/modulo item por descricao.PNG
2025-09-10 11:35:19,228 - INFO - Imagem encontrada em: Point(x=np.int64(660), y=np.int64(246))
2025-09-10 11:35:19,351 - INFO - Clique realizado em: Point(x=np.int64(660), y=np.int64(246))
2025-09-10 11:35:19,351 - INFO - Configurador acessado com sucesso!
2025-09-10 11:35:20,352 - INFO - Pesquisando tipo 973...
2025-09-10 11:35:20,353 - INFO - Iniciando pesquisa do tipo: 973
2025-09-10 11:35:22,354 - INFO - Passo 1: Procurando e clicando no botão pesquisar tipos...
2025-09-10 11:35:22,356 - INFO - Procurando imagem: img/pesquisar tipos 615.PNG
2025-09-10 11:35:22,436 - INFO - Imagem encontrada em: Point(x=np.int64(620), y=np.int64(78))
2025-09-10 11:35:22,539 - INFO - Clique realizado em: Point(x=np.int64(620), y=np.int64(78))
2025-09-10 11:35:23,040 - INFO - Passo 2: Digitando '973'...
2025-09-10 11:35:23,041 - INFO - Digitando texto: 973
2025-09-10 11:35:23,747 - INFO - Pesquisa do tipo 973 realizada com sucesso!
2025-09-10 11:35:23,748 - INFO - Processo completo executado com sucesso!
2025-09-10 11:35:25,749 - INFO - Navegando com 7x Tab...
2025-09-10 11:35:26,852 - INFO - Tab 1/7 pressionado
2025-09-10 11:35:27,255 - INFO - Tab 2/7 pressionado
2025-09-10 11:35:27,657 - INFO - Tab 3/7 pressionado
2025-09-10 11:35:28,060 - INFO - Tab 4/7 pressionado
2025-09-10 11:35:28,463 - INFO - Tab 5/7 pressionado
2025-09-10 11:35:28,866 - INFO - Tab 6/7 pressionado
2025-09-10 11:35:29,268 - INFO - Tab 7/7 pressionado
2025-09-10 11:35:29,570 - INFO - Navegação com 7x Tab concluída!
2025-09-10 11:35:30,572 - INFO - Processando linha 92
2025-09-10 11:35:30,573 - INFO - === INSERÇÃO SEQUENCIAL CONFIGURADA (DIGITAÇÃO PAUSADA) ===
2025-09-10 11:35:30,573 - INFO - Preenchendo colunas: C até U
2025-09-10 11:35:30,574 - INFO - Total de colunas: 19
2025-09-10 11:35:30,574 - INFO - Tempo entre caracteres: 0.1s
2025-09-10 11:35:31,575 - INFO - 📝 DIGITANDO CAMPO C: '1'
2025-09-10 11:35:31,576 - INFO - Digitando pausadamente: '1' (intervalo: 0.1s)
2025-09-10 11:35:32,480 - INFO - 📝 DIGITANDO CAMPO D: '230'
2025-09-10 11:35:32,481 - INFO - Digitando pausadamente: '230' (intervalo: 0.1s)
2025-09-10 11:35:33,792 - INFO - 📝 DIGITANDO CAMPO E: '2635'
2025-09-10 11:35:33,792 - INFO - Digitando pausadamente: '2635' (intervalo: 0.1s)
2025-09-10 11:35:35,301 - INFO - 📝 DIGITANDO CAMPO F: 'IN'
2025-09-10 11:35:35,302 - INFO - Digitando pausadamente: 'IN' (intervalo: 0.1s)
2025-09-10 11:35:36,410 - INFO - 📝 DIGITANDO CAMPO G: '35'
2025-09-10 11:35:36,410 - INFO - Digitando pausadamente: '35' (intervalo: 0.1s)
2025-09-10 11:35:37,517 - INFO - 📝 DIGITANDO CAMPO H: 'N'
2025-09-10 11:35:37,518 - INFO - Digitando pausadamente: 'N' (intervalo: 0.1s)
2025-09-10 11:35:38,425 - INFO - 📝 DIGITANDO CAMPO I: 'RB40'
2025-09-10 11:35:38,426 - INFO - Digitando pausadamente: 'RB40' (intervalo: 0.1s)
2025-09-10 11:35:39,942 - INFO - 📝 DIGITANDO CAMPO J: '2'
2025-09-10 11:35:39,943 - INFO - Digitando pausadamente: '2' (intervalo: 0.1s)
2025-09-10 11:35:40,849 - INFO - 📝 DIGITANDO CAMPO K: '230'
2025-09-10 11:35:40,850 - INFO - Digitando pausadamente: '230' (intervalo: 0.1s)
2025-09-10 11:35:42,159 - INFO - 📝 DIGITANDO CAMPO L: '1008'
2025-09-10 11:35:42,161 - INFO - Digitando pausadamente: '1008' (intervalo: 0.1s)
2025-09-10 11:35:43,669 - INFO - 📝 DIGITANDO CAMPO M: 'IN'
2025-09-10 11:35:43,669 - INFO - Digitando pausadamente: 'IN' (intervalo: 0.1s)
2025-09-10 11:35:44,321 - INFO - 
🛑 Execução interrompida pelo usuário.
