2025-09-10 11:56:01,760 - INFO - 🚀 === INICIANDO CADASTRO COMPLETO A PARTIR DO MAIN ===
2025-09-10 11:56:01,760 - INFO - Procurando planilha mais recente em: \\192.168.1.250\Programas\robo custos\lancar
2025-09-10 11:56:01,763 - INFO - Padrão *.xlsx: 1 arquivos encontrados
2025-09-10 11:56:01,764 - INFO - Padrão *.xls: 0 arquivos encontrados
2025-09-10 11:56:01,764 - INFO - Padrão *.csv: 0 arquivos encontrados
2025-09-10 11:56:01,764 - INFO - Total de arquivos encontrados: 1
2025-09-10 11:56:01,766 - INFO - Arquivo: 973.xlsx
2025-09-10 11:56:01,766 - INFO -   Data modificação: Wed Sep 10 11:47:15 2025
2025-09-10 11:56:01,773 - INFO -   Tamanho: 39990 bytes
2025-09-10 11:56:01,773 - INFO - Arquivo mais recente selecionado: 973.xlsx
2025-09-10 11:56:01,773 - INFO -   Caminho: \\192.168.1.250\Programas\robo custos\lancar\973.xlsx
2025-09-10 11:56:01,773 - INFO -   Data: Wed Sep 10 11:47:15 2025
2025-09-10 11:56:01,774 - INFO - Procurando próxima linha sem PA na coluna B (aba (973))...
2025-09-10 11:56:02,465 - INFO - Procurando aba com (973) no nome...
2025-09-10 11:56:02,469 - INFO - Verificando aba: 1 PA BATENTE JG (973)
2025-09-10 11:56:02,469 - INFO - ✅ Aba configurada encontrada: 1 PA BATENTE JG (973)
2025-09-10 11:56:02,469 - INFO - Usando aba: 1 PA BATENTE JG (973)
2025-09-10 11:56:02,502 - INFO - Próxima linha para processar (sem PA na coluna B): 9
2025-09-10 11:56:02,650 - INFO - 
================================================================================
📌 PROCESSANDO LINHA 9 (Sucesso: 0, Falhas: 0)
================================================================================
2025-09-10 11:56:02,651 - INFO - 🔑 PRIMEIRA LINHA - Executando processo completo com login...
2025-09-10 11:56:02,651 - INFO - === INICIANDO PROCESSO COMPLETO COM INSERÇÃO ===
2025-09-10 11:56:02,651 - INFO - Iniciando processo completo...
2025-09-10 11:56:02,651 - INFO - Lendo dados da próxima linha sem PA na coluna B...
2025-09-10 11:56:02,651 - INFO - Procurando planilha mais recente em: \\192.168.1.250\Programas\robo custos\lancar
2025-09-10 11:56:02,652 - INFO - Padrão *.xlsx: 1 arquivos encontrados
2025-09-10 11:56:02,652 - INFO - Padrão *.xls: 0 arquivos encontrados
2025-09-10 11:56:02,652 - INFO - Padrão *.csv: 0 arquivos encontrados
2025-09-10 11:56:02,652 - INFO - Total de arquivos encontrados: 1
2025-09-10 11:56:02,653 - INFO - Arquivo: 973.xlsx
2025-09-10 11:56:02,654 - INFO -   Data modificação: Wed Sep 10 11:47:15 2025
2025-09-10 11:56:02,654 - INFO -   Tamanho: 39990 bytes
2025-09-10 11:56:02,654 - INFO - Arquivo mais recente selecionado: 973.xlsx
2025-09-10 11:56:02,654 - INFO -   Caminho: \\192.168.1.250\Programas\robo custos\lancar\973.xlsx
2025-09-10 11:56:02,654 - INFO -   Data: Wed Sep 10 11:47:15 2025
2025-09-10 11:56:02,654 - INFO - Procurando próxima linha sem PA na coluna B (aba (973))...
2025-09-10 11:56:03,020 - INFO - Procurando aba com (973) no nome...
2025-09-10 11:56:03,024 - INFO - Verificando aba: 1 PA BATENTE JG (973)
2025-09-10 11:56:03,024 - INFO - ✅ Aba configurada encontrada: 1 PA BATENTE JG (973)
2025-09-10 11:56:03,025 - INFO - Usando aba: 1 PA BATENTE JG (973)
2025-09-10 11:56:03,048 - INFO - Próxima linha para processar (sem PA na coluna B): 9
2025-09-10 11:56:03,194 - INFO - Procurando planilha mais recente em: \\192.168.1.250\Programas\robo custos\lancar
2025-09-10 11:56:03,194 - INFO - Padrão *.xlsx: 1 arquivos encontrados
2025-09-10 11:56:03,194 - INFO - Padrão *.xls: 0 arquivos encontrados
2025-09-10 11:56:03,195 - INFO - Padrão *.csv: 0 arquivos encontrados
2025-09-10 11:56:03,195 - INFO - Total de arquivos encontrados: 1
2025-09-10 11:56:03,196 - INFO - Arquivo: 973.xlsx
2025-09-10 11:56:03,196 - INFO -   Data modificação: Wed Sep 10 11:47:15 2025
2025-09-10 11:56:03,196 - INFO -   Tamanho: 39990 bytes
2025-09-10 11:56:03,196 - INFO - Arquivo mais recente selecionado: 973.xlsx
2025-09-10 11:56:03,196 - INFO -   Caminho: \\192.168.1.250\Programas\robo custos\lancar\973.xlsx
2025-09-10 11:56:03,196 - INFO -   Data: Wed Sep 10 11:47:15 2025
2025-09-10 11:56:03,196 - INFO - Abrindo planilha via COM: \\192.168.1.250\Programas\robo custos\lancar\973.xlsx
2025-09-10 11:56:03,909 - INFO - Planilha aberta com sucesso!
2025-09-10 11:56:03,909 - INFO - Procurando aba com (973) no nome...
2025-09-10 11:56:03,913 - INFO - Verificando aba: 1 PA BATENTE JG (973)
2025-09-10 11:56:03,913 - INFO - ✅ Aba configurada encontrada: 1 PA BATENTE JG (973)
2025-09-10 11:56:03,913 - INFO - Usando aba: 1 PA BATENTE JG (973), linha: 9
2025-09-10 11:56:03,914 - INFO - Número extraído do nome da aba '1 PA BATENTE JG (973)': 973
2025-09-10 11:56:03,949 - INFO - Dados lidos da aba configurada - linha 9:
2025-09-10 11:56:03,949 - INFO -   Arquivo: 973.xlsx
2025-09-10 11:56:03,950 - INFO -   Nome da aba: 1 PA BATENTE JG (973)
2025-09-10 11:56:03,950 - INFO -   Número extraído: 973 (✅ CORRETO)
2025-09-10 11:56:03,950 - INFO -   Coluna A (controle): 1 PA BATENTE JG (973)
2025-09-10 11:56:03,950 - INFO -   Coluna B (PA existente): None
2025-09-10 11:56:03,950 - INFO -   📋 COLUNAS CONFIGURADAS (C até U):
2025-09-10 11:56:03,950 - INFO -     Coluna C: 1.0
2025-09-10 11:56:03,950 - INFO -     Coluna D: 190.0
2025-09-10 11:56:03,950 - INFO -     Coluna E: 2135.0
2025-09-10 11:56:03,950 - INFO -     Coluna F: INP
2025-09-10 11:56:03,950 - INFO -     Coluna G: 35.0
2025-09-10 11:56:03,950 - INFO -     Coluna H: N
2025-09-10 11:56:03,951 - INFO -     Coluna I: RB40
2025-09-10 11:56:03,951 - INFO -     Coluna J: 2.0
2025-09-10 11:56:03,951 - INFO -     Coluna K: 190.0
2025-09-10 11:56:03,951 - INFO -     Coluna L: 1008.0
2025-09-10 11:56:03,951 - INFO -     Coluna M: INP
2025-09-10 11:56:03,951 - INFO -     Coluna N: 35.0
2025-09-10 11:56:03,951 - INFO -     Coluna O: N
2025-09-10 11:56:03,951 - INFO -     Coluna P: RB40
2025-09-10 11:56:03,951 - INFO -     Coluna Q: 1.0
2025-09-10 11:56:03,951 - INFO -     Coluna R: JG
2025-09-10 11:56:03,951 - INFO -     Coluna S: 2103.0
2025-09-10 11:56:03,951 - INFO -     Coluna T: SUSIN
2025-09-10 11:56:03,951 - INFO -     Coluna U: SUSIN
2025-09-10 11:56:04,095 - INFO - Executando login...
2025-09-10 11:56:04,095 - INFO - Iniciando execução e login no programa
2025-09-10 11:56:04,096 - INFO - Iniciando programa: \\192.168.1.250\Programas\SYSTEAM\PROGRAMA\Indust\Engenh.exe
2025-09-10 11:56:04,118 - INFO - Programa iniciado com PID: 32080
2025-09-10 11:56:04,118 - INFO - Aguardando abertura da janela do programa...
2025-09-10 11:56:07,119 - INFO - Iniciando processo de login...
2025-09-10 11:56:07,121 - INFO - Inserindo nome de usuário
2025-09-10 11:56:09,332 - INFO - Inserindo senha
2025-09-10 11:56:11,543 - INFO - Usando número de empresa: 200
2025-09-10 11:56:14,755 - INFO - Login realizado com sucesso - Empresa: 200
2025-09-10 11:56:17,756 - INFO - Acessando configurador...
2025-09-10 11:56:17,757 - INFO - Iniciando acesso ao configurador...
2025-09-10 11:56:19,758 - INFO - Passo 1: Procurando e clicando no menu systeam...
2025-09-10 11:56:19,760 - INFO - Procurando imagem: img/menu systeam.PNG
2025-09-10 11:56:19,842 - INFO - Imagem encontrada em: Point(x=np.int64(26), y=np.int64(42))
2025-09-10 11:56:19,968 - INFO - Clique realizado em: Point(x=np.int64(26), y=np.int64(42))
2025-09-10 11:56:20,469 - INFO - Passo 2: Digitando 'configurador'...
2025-09-10 11:56:20,471 - INFO - Digitando texto: configurador
2025-09-10 11:56:21,084 - INFO - Passo 3: Procurando e clicando no módulo...
2025-09-10 11:56:21,085 - INFO - Procurando imagem: img/modulo item por descricao.PNG
2025-09-10 11:56:21,190 - INFO - Imagem encontrada em: Point(x=np.int64(660), y=np.int64(246))
2025-09-10 11:56:21,313 - INFO - Clique realizado em: Point(x=np.int64(660), y=np.int64(246))
2025-09-10 11:56:21,313 - INFO - Configurador acessado com sucesso!
2025-09-10 11:56:22,314 - INFO - Pesquisando tipo 973...
2025-09-10 11:56:22,315 - INFO - Iniciando pesquisa do tipo: 973
2025-09-10 11:56:24,316 - INFO - Passo 1: Procurando e clicando no botão pesquisar tipos...
2025-09-10 11:56:24,316 - INFO - Procurando imagem: img/pesquisar tipos 615.PNG
2025-09-10 11:56:24,394 - INFO - Imagem encontrada em: Point(x=np.int64(620), y=np.int64(78))
2025-09-10 11:56:24,501 - INFO - Clique realizado em: Point(x=np.int64(620), y=np.int64(78))
2025-09-10 11:56:25,002 - INFO - Passo 2: Digitando '973'...
2025-09-10 11:56:25,003 - INFO - Digitando texto: 973
2025-09-10 11:56:25,709 - INFO - Pesquisa do tipo 973 realizada com sucesso!
2025-09-10 11:56:25,710 - INFO - Processo completo executado com sucesso!
2025-09-10 11:56:27,712 - INFO - Navegando com 7x Tab...
2025-09-10 11:56:28,814 - INFO - Tab 1/7 pressionado
2025-09-10 11:56:29,218 - INFO - Tab 2/7 pressionado
2025-09-10 11:56:29,621 - INFO - Tab 3/7 pressionado
2025-09-10 11:56:30,023 - INFO - Tab 4/7 pressionado
2025-09-10 11:56:30,427 - INFO - Tab 5/7 pressionado
2025-09-10 11:56:30,830 - INFO - Tab 6/7 pressionado
2025-09-10 11:56:31,233 - INFO - Tab 7/7 pressionado
2025-09-10 11:56:31,534 - INFO - Navegação com 7x Tab concluída!
2025-09-10 11:56:32,536 - INFO - Processando linha 9
2025-09-10 11:56:32,537 - INFO - === INSERÇÃO SEQUENCIAL CONFIGURADA (DIGITAÇÃO PAUSADA + PULAR COLUNAS) ===
2025-09-10 11:56:32,538 - INFO - Preenchendo colunas: C até U
2025-09-10 11:56:32,539 - INFO - Total de colunas: 19
2025-09-10 11:56:32,540 - INFO - Colunas para pular: ['C', 'G', 'J', 'N', 'O', 'Q', 'R']
2025-09-10 11:56:32,541 - INFO - Tempo entre caracteres: 0.1s
2025-09-10 11:56:33,542 - INFO - Pulando coluna C (configurada para pular)
2025-09-10 11:56:34,645 - INFO - Digitando campo D: '190'
2025-09-10 11:56:34,645 - INFO - Digitando pausadamente: '190' (intervalo: 0.1s)
2025-09-10 11:56:37,353 - INFO - Digitando campo E: '2135'
2025-09-10 11:56:37,355 - INFO - Digitando pausadamente: '2135' (intervalo: 0.1s)
2025-09-10 11:56:40,266 - INFO - Digitando campo F: 'INP'
2025-09-10 11:56:40,267 - INFO - Digitando pausadamente: 'INP' (intervalo: 0.1s)
2025-09-10 11:56:42,979 - INFO - Pulando coluna G (configurada para pular)
2025-09-10 11:56:44,081 - INFO - Digitando campo H: 'N'
2025-09-10 11:56:44,082 - INFO - Digitando pausadamente: 'N' (intervalo: 0.1s)
2025-09-10 11:56:46,390 - INFO - Digitando campo I: 'RB40'
2025-09-10 11:56:46,390 - INFO - Digitando pausadamente: 'RB40' (intervalo: 0.1s)
2025-09-10 11:56:49,300 - INFO - Pulando coluna J (configurada para pular)
2025-09-10 11:56:50,403 - INFO - Digitando campo K: '190'
2025-09-10 11:56:50,404 - INFO - Digitando pausadamente: '190' (intervalo: 0.1s)
2025-09-10 11:56:53,112 - INFO - Digitando campo L: '1008'
2025-09-10 11:56:53,114 - INFO - Digitando pausadamente: '1008' (intervalo: 0.1s)
2025-09-10 11:56:56,025 - INFO - Digitando campo M: 'INP'
2025-09-10 11:56:56,026 - INFO - Digitando pausadamente: 'INP' (intervalo: 0.1s)
2025-09-10 11:56:58,740 - INFO - Pulando coluna N (configurada para pular)
2025-09-10 11:56:59,845 - INFO - Pulando coluna O (configurada para pular)
2025-09-10 11:57:00,946 - INFO - Digitando campo P: 'RB40'
2025-09-10 11:57:00,948 - INFO - Digitando pausadamente: 'RB40' (intervalo: 0.1s)
2025-09-10 11:57:03,862 - INFO - Pulando coluna Q (configurada para pular)
2025-09-10 11:57:04,964 - INFO - Pulando coluna R (configurada para pular)
2025-09-10 11:57:06,066 - INFO - Digitando campo S: '2103'
2025-09-10 11:57:06,067 - INFO - Digitando pausadamente: '2103' (intervalo: 0.1s)
2025-09-10 11:57:08,978 - INFO - Digitando campo T: 'SUSIN'
2025-09-10 11:57:08,979 - INFO - Digitando pausadamente: 'SUSIN' (intervalo: 0.1s)
2025-09-10 11:57:12,097 - INFO - Digitando campo U: 'SUSIN'
2025-09-10 11:57:12,098 - INFO - Digitando pausadamente: 'SUSIN' (intervalo: 0.1s)
2025-09-10 11:57:14,118 - INFO - Pressionando F2 para finalizar...
2025-09-10 11:57:14,221 - INFO - Aguardando após F2...
2025-09-10 11:57:17,222 - INFO - Inserção configurada concluída!
2025-09-10 11:57:17,224 - INFO - === PROCESSANDO RESULTADO APÓS F2 ===
2025-09-10 11:57:22,182 - INFO - 
🛑 Execução interrompida pelo usuário.
