2025-09-09 11:56:33,823 - INFO - 🚀 === INICIANDO CADASTRO COMPLETO A PARTIR DO MAIN ===
2025-09-09 11:56:33,824 - INFO - Procurando planilha mais recente em: \\192.168.1.250\Programas\robo custos\lancar
2025-09-09 11:56:33,827 - INFO - Padrão *.xlsx: 1 arquivos encontrados
2025-09-09 11:56:33,827 - INFO - Padrão *.xls: 0 arquivos encontrados
2025-09-09 11:56:33,828 - INFO - Padrão *.csv: 0 arquivos encontrados
2025-09-09 11:56:33,828 - INFO - Total de arquivos encontrados: 1
2025-09-09 11:56:33,833 - INFO - Arquivo: 973.xlsx
2025-09-09 11:56:33,833 - INFO -   Data modificação: Tue Sep  9 11:54:07 2025
2025-09-09 11:56:33,840 - INFO -   Tamanho: 39836 bytes
2025-09-09 11:56:33,840 - INFO - Arquivo mais recente selecionado: 973.xlsx
2025-09-09 11:56:33,840 - INFO -   Caminho: \\192.168.1.250\Programas\robo custos\lancar\973.xlsx
2025-09-09 11:56:33,840 - INFO -   Data: Tue Sep  9 11:54:07 2025
2025-09-09 11:56:33,841 - INFO - Procurando próxima linha sem PA na coluna B (aba (973))...
2025-09-09 11:56:34,530 - INFO - Procurando aba com (973) no nome...
2025-09-09 11:56:34,534 - INFO - Verificando aba: 1 PA BATENTE JG (973)
2025-09-09 11:56:34,534 - INFO - ✅ Aba configurada encontrada: 1 PA BATENTE JG (973)
2025-09-09 11:56:34,534 - INFO - Usando aba: 1 PA BATENTE JG (973)
2025-09-09 11:56:34,543 - INFO - Próxima linha para processar (sem PA na coluna B): 3
2025-09-09 11:56:34,695 - INFO - 
================================================================================
📌 PROCESSANDO LINHA 3 (Sucesso: 0, Falhas: 0)
================================================================================
2025-09-09 11:56:34,695 - INFO - 🔑 PRIMEIRA LINHA - Executando processo completo com login...
2025-09-09 11:56:34,695 - INFO - === INICIANDO PROCESSO COMPLETO COM INSERÇÃO ===
2025-09-09 11:56:34,696 - INFO - Iniciando processo completo...
2025-09-09 11:56:34,696 - INFO - Lendo dados da próxima linha sem PA na coluna B...
2025-09-09 11:56:34,696 - INFO - Procurando planilha mais recente em: \\192.168.1.250\Programas\robo custos\lancar
2025-09-09 11:56:34,696 - INFO - Padrão *.xlsx: 1 arquivos encontrados
2025-09-09 11:56:34,696 - INFO - Padrão *.xls: 0 arquivos encontrados
2025-09-09 11:56:34,697 - INFO - Padrão *.csv: 0 arquivos encontrados
2025-09-09 11:56:34,697 - INFO - Total de arquivos encontrados: 1
2025-09-09 11:56:34,698 - INFO - Arquivo: 973.xlsx
2025-09-09 11:56:34,698 - INFO -   Data modificação: Tue Sep  9 11:54:07 2025
2025-09-09 11:56:34,698 - INFO -   Tamanho: 39836 bytes
2025-09-09 11:56:34,699 - INFO - Arquivo mais recente selecionado: 973.xlsx
2025-09-09 11:56:34,699 - INFO -   Caminho: \\192.168.1.250\Programas\robo custos\lancar\973.xlsx
2025-09-09 11:56:34,699 - INFO -   Data: Tue Sep  9 11:54:07 2025
2025-09-09 11:56:34,699 - INFO - Procurando próxima linha sem PA na coluna B (aba (973))...
2025-09-09 11:56:35,095 - INFO - Procurando aba com (973) no nome...
2025-09-09 11:56:35,099 - INFO - Verificando aba: 1 PA BATENTE JG (973)
2025-09-09 11:56:35,099 - INFO - ✅ Aba configurada encontrada: 1 PA BATENTE JG (973)
2025-09-09 11:56:35,099 - INFO - Usando aba: 1 PA BATENTE JG (973)
2025-09-09 11:56:35,109 - INFO - Próxima linha para processar (sem PA na coluna B): 3
2025-09-09 11:56:35,235 - INFO - Procurando planilha mais recente em: \\192.168.1.250\Programas\robo custos\lancar
2025-09-09 11:56:35,236 - INFO - Padrão *.xlsx: 1 arquivos encontrados
2025-09-09 11:56:35,236 - INFO - Padrão *.xls: 0 arquivos encontrados
2025-09-09 11:56:35,236 - INFO - Padrão *.csv: 0 arquivos encontrados
2025-09-09 11:56:35,237 - INFO - Total de arquivos encontrados: 1
2025-09-09 11:56:35,238 - INFO - Arquivo: 973.xlsx
2025-09-09 11:56:35,238 - INFO -   Data modificação: Tue Sep  9 11:54:07 2025
2025-09-09 11:56:35,238 - INFO -   Tamanho: 39836 bytes
2025-09-09 11:56:35,238 - INFO - Arquivo mais recente selecionado: 973.xlsx
2025-09-09 11:56:35,238 - INFO -   Caminho: \\192.168.1.250\Programas\robo custos\lancar\973.xlsx
2025-09-09 11:56:35,238 - INFO -   Data: Tue Sep  9 11:54:07 2025
2025-09-09 11:56:35,238 - INFO - Abrindo planilha via COM: \\192.168.1.250\Programas\robo custos\lancar\973.xlsx
2025-09-09 11:56:35,616 - INFO - Planilha aberta com sucesso!
2025-09-09 11:56:35,616 - INFO - Procurando aba com (973) no nome...
2025-09-09 11:56:35,619 - INFO - Verificando aba: 1 PA BATENTE JG (973)
2025-09-09 11:56:35,619 - INFO - ✅ Aba configurada encontrada: 1 PA BATENTE JG (973)
2025-09-09 11:56:35,619 - INFO - Usando aba: 1 PA BATENTE JG (973), linha: 3
2025-09-09 11:56:35,620 - INFO - Número extraído do nome da aba '1 PA BATENTE JG (973)': 973
2025-09-09 11:56:35,645 - INFO - Dados lidos da aba configurada - linha 3:
2025-09-09 11:56:35,645 - INFO -   Arquivo: 973.xlsx
2025-09-09 11:56:35,645 - INFO -   Nome da aba: 1 PA BATENTE JG (973)
2025-09-09 11:56:35,646 - INFO -   Número extraído: 973 (✅ CORRETO)
2025-09-09 11:56:35,646 - INFO -   Coluna A (controle): 1 PA BATENTE JG (973)
2025-09-09 11:56:35,646 - INFO -   Coluna B (PA existente): None
2025-09-09 11:56:35,646 - INFO -   📋 COLUNAS CONFIGURADAS (C até U):
2025-09-09 11:56:35,646 - INFO -     Coluna C: 1.0
2025-09-09 11:56:35,646 - INFO -     Coluna D: 70.0
2025-09-09 11:56:35,646 - INFO -     Coluna E: 2135.0
2025-09-09 11:56:35,646 - INFO -     Coluna F: INP
2025-09-09 11:56:35,646 - INFO -     Coluna G: 35.0
2025-09-09 11:56:35,646 - INFO -     Coluna H: N
2025-09-09 11:56:35,646 - INFO -     Coluna I: RB40
2025-09-09 11:56:35,646 - INFO -     Coluna J: 2.0
2025-09-09 11:56:35,646 - INFO -     Coluna K: 70.0
2025-09-09 11:56:35,646 - INFO -     Coluna L: 1008.0
2025-09-09 11:56:35,646 - INFO -     Coluna M: INP
2025-09-09 11:56:35,647 - INFO -     Coluna N: 35.0
2025-09-09 11:56:35,647 - INFO -     Coluna O: N
2025-09-09 11:56:35,647 - INFO -     Coluna P: RB40
2025-09-09 11:56:35,647 - INFO -     Coluna Q: 1.0
2025-09-09 11:56:35,647 - INFO -     Coluna R: JG
2025-09-09 11:56:35,647 - INFO -     Coluna S: 2103.0
2025-09-09 11:56:35,647 - INFO -     Coluna T: SUSIN
2025-09-09 11:56:35,647 - INFO -     Coluna U: SUSIN
2025-09-09 11:56:35,771 - INFO - Executando login...
2025-09-09 11:56:35,771 - INFO - Iniciando execução e login no programa
2025-09-09 11:56:35,773 - INFO - Iniciando programa: \\192.168.1.250\Programas\SYSTEAM\PROGRAMA\Indust\Engenh.exe
2025-09-09 11:56:36,693 - INFO - Programa iniciado com PID: 24012
2025-09-09 11:56:36,693 - INFO - Aguardando abertura da janela do programa...
2025-09-09 11:56:39,695 - INFO - Iniciando processo de login...
2025-09-09 11:56:39,696 - INFO - Inserindo nome de usuário
2025-09-09 11:56:41,908 - INFO - Inserindo senha
2025-09-09 11:56:44,115 - INFO - Usando número de empresa: 200
2025-09-09 11:56:47,327 - INFO - Login realizado com sucesso - Empresa: 200
2025-09-09 11:56:50,329 - INFO - Acessando configurador...
2025-09-09 11:56:50,329 - INFO - Iniciando acesso ao configurador...
2025-09-09 11:56:52,331 - INFO - Passo 1: Procurando e clicando no menu systeam...
2025-09-09 11:56:52,332 - INFO - Procurando imagem: img/menu systeam.PNG
2025-09-09 11:56:52,427 - INFO - Imagem encontrada em: Point(x=np.int64(26), y=np.int64(42))
2025-09-09 11:56:52,550 - INFO - Clique realizado em: Point(x=np.int64(26), y=np.int64(42))
2025-09-09 11:56:53,052 - INFO - Passo 2: Digitando 'configurador'...
2025-09-09 11:56:53,053 - INFO - Digitando texto: configurador
2025-09-09 11:56:53,666 - INFO - Passo 3: Procurando e clicando no módulo...
2025-09-09 11:56:53,668 - INFO - Procurando imagem: img/modulo item por descricao.PNG
2025-09-09 11:56:53,776 - INFO - Imagem encontrada em: Point(x=np.int64(660), y=np.int64(246))
2025-09-09 11:56:53,893 - INFO - Clique realizado em: Point(x=np.int64(660), y=np.int64(246))
2025-09-09 11:56:53,894 - INFO - Configurador acessado com sucesso!
2025-09-09 11:56:54,894 - INFO - Pesquisando tipo 973...
2025-09-09 11:56:54,895 - INFO - Iniciando pesquisa do tipo: 973
2025-09-09 11:56:56,896 - INFO - Passo 1: Procurando e clicando no botão pesquisar tipos...
2025-09-09 11:56:56,897 - INFO - Procurando imagem: img/pesquisar tipos 615.PNG
2025-09-09 11:56:56,987 - INFO - Imagem encontrada em: Point(x=np.int64(620), y=np.int64(78))
2025-09-09 11:56:57,111 - INFO - Clique realizado em: Point(x=np.int64(620), y=np.int64(78))
2025-09-09 11:56:57,612 - INFO - Passo 2: Digitando '973'...
2025-09-09 11:56:57,613 - INFO - Digitando texto: 973
2025-09-09 11:56:58,317 - INFO - Pesquisa do tipo 973 realizada com sucesso!
2025-09-09 11:56:58,318 - INFO - Processo completo executado com sucesso!
2025-09-09 11:57:00,319 - INFO - Navegando com 7x Tab...
2025-09-09 11:57:01,421 - INFO - Tab 1/7 pressionado
2025-09-09 11:57:01,823 - INFO - Tab 2/7 pressionado
2025-09-09 11:57:02,226 - INFO - Tab 3/7 pressionado
2025-09-09 11:57:02,629 - INFO - Tab 4/7 pressionado
2025-09-09 11:57:03,031 - INFO - Tab 5/7 pressionado
2025-09-09 11:57:03,434 - INFO - Tab 6/7 pressionado
2025-09-09 11:57:03,837 - INFO - Tab 7/7 pressionado
2025-09-09 11:57:04,138 - INFO - Navegação com 7x Tab concluída!
2025-09-09 11:57:05,140 - INFO - Processando linha 3
2025-09-09 11:57:05,141 - INFO - === INSERÇÃO SEQUENCIAL CONFIGURADA ===
2025-09-09 11:57:05,142 - INFO - Preenchendo colunas: C até U
2025-09-09 11:57:05,143 - INFO - Total de colunas: 19
2025-09-09 11:57:06,145 - INFO - 📝 INSERINDO C: '1'
2025-09-09 11:57:07,949 - INFO - 📝 INSERINDO D: '70'
2025-09-09 11:57:09,753 - INFO - 📝 INSERINDO E: '2135'
2025-09-09 11:57:11,557 - INFO - 📝 INSERINDO F: 'INP'
2025-09-09 11:57:13,363 - INFO - 📝 INSERINDO G: '35'
2025-09-09 11:57:15,167 - INFO - 📝 INSERINDO H: 'N'
2025-09-09 11:57:16,973 - INFO - 📝 INSERINDO I: 'RB40'
2025-09-09 11:57:18,777 - INFO - 📝 INSERINDO J: '2'
2025-09-09 11:57:20,580 - INFO - 📝 INSERINDO K: '70'
2025-09-09 11:57:22,385 - INFO - 📝 INSERINDO L: '1008'
2025-09-09 11:57:24,190 - INFO - 📝 INSERINDO M: 'INP'
2025-09-09 11:57:25,995 - INFO - 📝 INSERINDO N: '35'
2025-09-09 11:57:27,800 - INFO - 📝 INSERINDO O: 'N'
2025-09-09 11:57:29,607 - INFO - 📝 INSERINDO P: 'RB40'
2025-09-09 11:57:31,417 - INFO - 📝 INSERINDO Q: '1'
2025-09-09 11:57:33,222 - INFO - 📝 INSERINDO R: 'JG'
2025-09-09 11:57:35,030 - INFO - 📝 INSERINDO S: '2103'
2025-09-09 11:57:36,839 - INFO - 📝 INSERINDO T: 'SUSIN'
2025-09-09 11:57:38,648 - INFO - 📝 INSERINDO U: 'SUSIN'
2025-09-09 11:57:39,564 - INFO - Pressionando F2 para finalizar...
2025-09-09 11:57:39,666 - INFO - Aguardando após F2...
2025-09-09 11:57:42,667 - INFO - ✅ Inserção configurada concluída!
2025-09-09 11:57:42,668 - INFO - === PROCESSANDO RESULTADO APÓS F2 ===
2025-09-09 11:57:45,874 - INFO - ♻️ ITEM JÁ CADASTRADO - janela informacao.PNG encontrada diretamente!
2025-09-09 11:57:45,874 - INFO - Extraindo PA da janela na posição: Box(left=np.int64(676), top=np.int64(401), width=57, height=76)
2025-09-09 11:57:45,875 - INFO - Capturando região da tela para OCR...
2025-09-09 11:57:45,908 - INFO - Iniciando pré-processamento da imagem para melhorar a leitura...
2025-09-09 11:57:45,944 - INFO - 💾 Imagem pré-processada para OCR salva como: DEBUG_imagem_para_ocr_1757429865.png
2025-09-09 11:57:46,148 - INFO - 📄 TEXTO EXTRAÍDO DA IMAGEM PROCESSADA:
Informação x
Descrição Completa “CAIXILHO MADEIRA REFLORESTADA JG
8701 - BRANCO NEVE PLUS RB40 - REB 40,5 €/ 2 PCS LAT. 2135
X70X35 E 1 PC SUP. 1008 X 70 X 35 MM EMEB. 2103 FECH.
S/USIN DOS. S/USIN UM. 10-16%" já cadastrada para o item
*PA139338'

2025-09-09 11:57:46,149 - INFO - Texto original do OCR: 'Informação x\nDescrição Completa “CAIXILHO MADEIRA REFLORESTADA JG\n8701 - BRANCO NEVE PLUS RB40 - REB 40,5 €/ 2 PCS LAT. 2135\nX70X35 E 1 PC SUP. 1008 X 70 X 35 MM EMEB. 2103 FECH.\nS/USIN DOS. S/USIN UM. 10-16%" já cadastrada para o item\n*PA139338\'\n'
2025-09-09 11:57:46,150 - INFO - Texto após correções automáticas: '1NF0RMAÇÃ0 X DE5CR1ÇÃ0 C0MPLE7A “CA1X1LH0 MADE1RA REFL0RE57ADA JG 8701 - 8RANC0 NEVE PLU5 R840 - RE8 40,5 €/ 2 PC5 LA7. 2135 X70X35 E 1 PC 5UP. 1008 X 70 X 35 MM EME8. 2103 FECH. 5/U51N D05. 5/U51N UM. 10-16%" JÁ CADA57RADA PARA 0 17EM *PA139338\' '
2025-09-09 11:57:46,150 - INFO - Testando padrão numérico 1: ITEM\s*[\'"]?PA(\d{4,8})[\'"]?
2025-09-09 11:57:46,150 - INFO - Testando padrão numérico 2: CADASTRAD[AO]\s+PARA\s+O\s+ITEM\s*[\'"]?PA(\d{4,8})[\'"]?
2025-09-09 11:57:46,151 - INFO - Testando padrão numérico 3: PA(\d{4,8})
2025-09-09 11:57:46,151 - INFO - ✓ SUCESSO! PA numérico extraído com padrão 3: PA139338
2025-09-09 11:57:47,253 - INFO - ✅ PA EXTRAÍDO: PA139338
2025-09-09 11:57:47,254 - INFO - Procurando planilha mais recente em: \\192.168.1.250\Programas\robo custos\lancar
2025-09-09 11:57:47,259 - INFO - Padrão *.xlsx: 1 arquivos encontrados
2025-09-09 11:57:47,260 - INFO - Padrão *.xls: 0 arquivos encontrados
2025-09-09 11:57:47,260 - INFO - Padrão *.csv: 0 arquivos encontrados
2025-09-09 11:57:47,261 - INFO - Total de arquivos encontrados: 1
2025-09-09 11:57:47,262 - INFO - Arquivo: 973.xlsx
2025-09-09 11:57:47,262 - INFO -   Data modificação: Tue Sep  9 11:54:07 2025
2025-09-09 11:57:47,263 - INFO -   Tamanho: 39836 bytes
2025-09-09 11:57:47,263 - INFO - Arquivo mais recente selecionado: 973.xlsx
2025-09-09 11:57:47,263 - INFO -   Caminho: \\192.168.1.250\Programas\robo custos\lancar\973.xlsx
2025-09-09 11:57:47,263 - INFO -   Data: Tue Sep  9 11:54:07 2025
2025-09-09 11:57:47,263 - INFO - Abrindo planilha '973.xlsx' para salvar o PA...
2025-09-09 11:57:47,964 - INFO - Procurando aba com (973) no nome...
2025-09-09 11:57:47,968 - INFO - Verificando aba: 1 PA BATENTE JG (973)
2025-09-09 11:57:47,969 - INFO - ✅ Aba configurada encontrada: 1 PA BATENTE JG (973)
2025-09-09 11:57:47,969 - INFO - Usando aba: 1 PA BATENTE JG (973)
2025-09-09 11:57:47,969 - INFO - Escrevendo o código 'PA139338' na célula B3...
2025-09-09 11:57:47,992 - INFO - Salvando o ficheiro Excel...
2025-09-09 11:57:48,397 - INFO - Fechando o ficheiro Excel...
2025-09-09 11:57:48,412 - INFO - Encerrando a instância do Excel...
2025-09-09 11:57:48,517 - INFO - Aguardando 1 segundo para garantir que o ficheiro foi atualizado na rede...
2025-09-09 11:57:49,517 - INFO - ✅ Código PA salvo na aba configurada - linha 3.
2025-09-09 11:57:49,520 - INFO - === PROCESSO COMPLETO COM INSERÇÃO FINALIZADO ===
2025-09-09 11:57:49,521 - INFO - ⏸️ Pausa 
2025-09-09 11:57:50,523 - INFO - Procurando planilha mais recente em: \\192.168.1.250\Programas\robo custos\lancar
2025-09-09 11:57:50,527 - INFO - Padrão *.xlsx: 1 arquivos encontrados
2025-09-09 11:57:50,528 - INFO - Padrão *.xls: 0 arquivos encontrados
2025-09-09 11:57:50,529 - INFO - Padrão *.csv: 0 arquivos encontrados
2025-09-09 11:57:50,529 - INFO - Total de arquivos encontrados: 1
2025-09-09 11:57:50,531 - INFO - Arquivo: 973.xlsx
2025-09-09 11:57:50,532 - INFO -   Data modificação: Tue Sep  9 11:57:48 2025
2025-09-09 11:57:50,532 - INFO -   Tamanho: 39878 bytes
2025-09-09 11:57:50,533 - INFO - Arquivo mais recente selecionado: 973.xlsx
2025-09-09 11:57:50,533 - INFO -   Caminho: \\192.168.1.250\Programas\robo custos\lancar\973.xlsx
2025-09-09 11:57:50,533 - INFO -   Data: Tue Sep  9 11:57:48 2025
2025-09-09 11:57:50,534 - INFO - Procurando próxima linha sem PA na coluna B (aba (973))...
2025-09-09 11:57:50,909 - INFO - Procurando aba com (973) no nome...
2025-09-09 11:57:50,936 - INFO - Verificando aba: 1 PA BATENTE JG (973)
2025-09-09 11:57:50,936 - INFO - ✅ Aba configurada encontrada: 1 PA BATENTE JG (973)
2025-09-09 11:57:50,937 - INFO - Usando aba: 1 PA BATENTE JG (973)
2025-09-09 11:57:50,945 - INFO - Próxima linha para processar (sem PA na coluna B): 4
2025-09-09 11:57:51,068 - INFO - 
================================================================================
📌 PROCESSANDO LINHA 4 (Sucesso: 1, Falhas: 0)
================================================================================
2025-09-09 11:57:51,068 - INFO - 🔄 LINHA SEGUINTE (4) - Executando sequência de reinício...
2025-09-09 11:57:51,069 - INFO - 🔄 === INICIANDO SEQUÊNCIA DE REINÍCIO (SIMPLIFICADA) ===
2025-09-09 11:57:51,069 - INFO - 🔍 Verificando se a janela de informação precisa ser fechada...
2025-09-09 11:57:51,150 - INFO - ✅ Janela de informação não está na tela.
2025-09-09 11:57:51,151 - INFO - Dimensões da tela: 1746x922
2025-09-09 11:57:51,152 - INFO - Passo 1: Movendo mouse para o centro (873, 461) e clicando.
2025-09-09 11:57:52,927 - INFO - Passo 2: Pressionando Home.
2025-09-09 11:57:53,530 - INFO - ✅ Sequência de reinício SIMPLIFICADA executada com sucesso!
2025-09-09 11:57:53,531 - INFO - 📋 PROCESSANDO LINHA 4...
2025-09-09 11:57:53,532 - INFO - Procurando planilha mais recente em: \\192.168.1.250\Programas\robo custos\lancar
2025-09-09 11:57:53,533 - INFO - Padrão *.xlsx: 1 arquivos encontrados
2025-09-09 11:57:53,535 - INFO - Padrão *.xls: 0 arquivos encontrados
2025-09-09 11:57:53,536 - INFO - Padrão *.csv: 0 arquivos encontrados
2025-09-09 11:57:53,537 - INFO - Total de arquivos encontrados: 1
2025-09-09 11:57:53,540 - INFO - Arquivo: 973.xlsx
2025-09-09 11:57:53,541 - INFO -   Data modificação: Tue Sep  9 11:57:48 2025
2025-09-09 11:57:53,542 - INFO -   Tamanho: 39878 bytes
2025-09-09 11:57:53,542 - INFO - Arquivo mais recente selecionado: 973.xlsx
2025-09-09 11:57:53,543 - INFO -   Caminho: \\192.168.1.250\Programas\robo custos\lancar\973.xlsx
2025-09-09 11:57:53,544 - INFO -   Data: Tue Sep  9 11:57:48 2025
2025-09-09 11:57:53,545 - INFO - Abrindo planilha via COM: \\192.168.1.250\Programas\robo custos\lancar\973.xlsx
2025-09-09 11:57:54,263 - INFO - Planilha aberta com sucesso!
2025-09-09 11:57:54,263 - INFO - Procurando aba com (973) no nome...
2025-09-09 11:57:54,290 - INFO - Verificando aba: 1 PA BATENTE JG (973)
2025-09-09 11:57:54,290 - INFO - ✅ Aba configurada encontrada: 1 PA BATENTE JG (973)
2025-09-09 11:57:54,291 - INFO - Usando aba: 1 PA BATENTE JG (973), linha: 4
2025-09-09 11:57:54,291 - INFO - Número extraído do nome da aba '1 PA BATENTE JG (973)': 973
2025-09-09 11:57:54,321 - INFO - Dados lidos da aba configurada - linha 4:
2025-09-09 11:57:54,321 - INFO -   Arquivo: 973.xlsx
2025-09-09 11:57:54,321 - INFO -   Nome da aba: 1 PA BATENTE JG (973)
2025-09-09 11:57:54,322 - INFO -   Número extraído: 973 (✅ CORRETO)
2025-09-09 11:57:54,322 - INFO -   Coluna A (controle): 1 PA BATENTE JG (973)
2025-09-09 11:57:54,322 - INFO -   Coluna B (PA existente): None
2025-09-09 11:57:54,322 - INFO -   📋 COLUNAS CONFIGURADAS (C até U):
2025-09-09 11:57:54,323 - INFO -     Coluna C: 1.0
2025-09-09 11:57:54,323 - INFO -     Coluna D: 90.0
2025-09-09 11:57:54,323 - INFO -     Coluna E: 2135.0
2025-09-09 11:57:54,323 - INFO -     Coluna F: INP
2025-09-09 11:57:54,323 - INFO -     Coluna G: 35.0
2025-09-09 11:57:54,324 - INFO -     Coluna H: N
2025-09-09 11:57:54,324 - INFO -     Coluna I: RB40
2025-09-09 11:57:54,324 - INFO -     Coluna J: 2.0
2025-09-09 11:57:54,324 - INFO -     Coluna K: 90.0
2025-09-09 11:57:54,324 - INFO -     Coluna L: 1008.0
2025-09-09 11:57:54,324 - INFO -     Coluna M: INP
2025-09-09 11:57:54,324 - INFO -     Coluna N: 35.0
2025-09-09 11:57:54,325 - INFO -     Coluna O: N
2025-09-09 11:57:54,325 - INFO -     Coluna P: RB40
2025-09-09 11:57:54,325 - INFO -     Coluna Q: 1.0
2025-09-09 11:57:54,325 - INFO -     Coluna R: JG
2025-09-09 11:57:54,325 - INFO -     Coluna S: 2103.0
2025-09-09 11:57:54,325 - INFO -     Coluna T: SUSIN
2025-09-09 11:57:54,325 - INFO -     Coluna U: SUSIN
2025-09-09 11:57:54,454 - INFO - Processando linha 4
2025-09-09 11:57:54,455 - INFO - === INSERÇÃO SEQUENCIAL CONFIGURADA ===
2025-09-09 11:57:54,455 - INFO - Preenchendo colunas: C até U
2025-09-09 11:57:54,455 - INFO - Total de colunas: 19
2025-09-09 11:57:55,456 - INFO - 📝 INSERINDO C: '1'
2025-09-09 11:57:57,261 - INFO - 📝 INSERINDO D: '90'
2025-09-09 11:57:59,065 - INFO - 📝 INSERINDO E: '2135'
2025-09-09 11:58:00,869 - INFO - 📝 INSERINDO F: 'INP'
2025-09-09 11:58:02,680 - INFO - 📝 INSERINDO G: '35'
2025-09-09 11:58:04,487 - INFO - 📝 INSERINDO H: 'N'
2025-09-09 11:58:06,293 - INFO - 📝 INSERINDO I: 'RB40'
2025-09-09 11:58:08,097 - INFO - 📝 INSERINDO J: '2'
2025-09-09 11:58:09,901 - INFO - 📝 INSERINDO K: '90'
2025-09-09 11:58:11,706 - INFO - 📝 INSERINDO L: '1008'
2025-09-09 11:58:13,514 - INFO - 📝 INSERINDO M: 'INP'
2025-09-09 11:58:15,322 - INFO - 📝 INSERINDO N: '35'
2025-09-09 11:58:17,128 - INFO - 📝 INSERINDO O: 'N'
2025-09-09 11:58:18,932 - INFO - 📝 INSERINDO P: 'RB40'
2025-09-09 11:58:20,738 - INFO - 📝 INSERINDO Q: '1'
2025-09-09 11:58:22,542 - INFO - 📝 INSERINDO R: 'JG'
2025-09-09 11:58:24,349 - INFO - 📝 INSERINDO S: '2103'
2025-09-09 11:58:26,156 - INFO - 📝 INSERINDO T: 'SUSIN'
2025-09-09 11:58:27,966 - INFO - 📝 INSERINDO U: 'SUSIN'
2025-09-09 11:58:28,879 - INFO - Pressionando F2 para finalizar...
2025-09-09 11:58:28,981 - INFO - Aguardando após F2...
2025-09-09 11:58:31,982 - INFO - ✅ Inserção configurada concluída!
2025-09-09 11:58:31,983 - INFO - === PROCESSANDO RESULTADO APÓS F2 ===
2025-09-09 11:58:35,187 - INFO - ♻️ ITEM JÁ CADASTRADO - janela informacao.PNG encontrada diretamente!
2025-09-09 11:58:35,187 - INFO - Extraindo PA da janela na posição: Box(left=np.int64(676), top=np.int64(401), width=57, height=76)
2025-09-09 11:58:35,188 - INFO - Capturando região da tela para OCR...
2025-09-09 11:58:35,220 - INFO - Iniciando pré-processamento da imagem para melhorar a leitura...
2025-09-09 11:58:35,241 - INFO - 💾 Imagem pré-processada para OCR salva como: DEBUG_imagem_para_ocr_1757429915.png
2025-09-09 11:58:35,443 - INFO - 📄 TEXTO EXTRAÍDO DA IMAGEM PROCESSADA:
Informação x
Descrição Completa “CAIXILHO MADEIRA REFLORESTADA JG
8701 - BRANCO NEVE PLUS RB40 - REB 40,5 €/ 2 PCS LAT. 2135
X90X35 E 1 PC SUP. 1008 X 90 X 35 MM EMEB. 2103 FECH.
S/USIN DOS. S/USIN UM. 10-16%" já cadastrada para o item
*PA139339"

2025-09-09 11:58:35,444 - INFO - Texto original do OCR: 'Informação x\nDescrição Completa “CAIXILHO MADEIRA REFLORESTADA JG\n8701 - BRANCO NEVE PLUS RB40 - REB 40,5 €/ 2 PCS LAT. 2135\nX90X35 E 1 PC SUP. 1008 X 90 X 35 MM EMEB. 2103 FECH.\nS/USIN DOS. S/USIN UM. 10-16%" já cadastrada para o item\n*PA139339"\n'
2025-09-09 11:58:35,444 - INFO - Texto após correções automáticas: '1NF0RMAÇÃ0 X DE5CR1ÇÃ0 C0MPLE7A “CA1X1LH0 MADE1RA REFL0RE57ADA JG 8701 - 8RANC0 NEVE PLU5 R840 - RE8 40,5 €/ 2 PC5 LA7. 2135 X90X35 E 1 PC 5UP. 1008 X 90 X 35 MM EME8. 2103 FECH. 5/U51N D05. 5/U51N UM. 10-16%" JÁ CADA57RADA PARA 0 17EM *PA139339" '
2025-09-09 11:58:35,444 - INFO - Testando padrão numérico 1: ITEM\s*[\'"]?PA(\d{4,8})[\'"]?
2025-09-09 11:58:35,445 - INFO - Testando padrão numérico 2: CADASTRAD[AO]\s+PARA\s+O\s+ITEM\s*[\'"]?PA(\d{4,8})[\'"]?
2025-09-09 11:58:35,445 - INFO - Testando padrão numérico 3: PA(\d{4,8})
2025-09-09 11:58:35,445 - INFO - ✓ SUCESSO! PA numérico extraído com padrão 3: PA139339
2025-09-09 11:58:36,547 - INFO - ✅ PA EXTRAÍDO: PA139339
2025-09-09 11:58:36,549 - INFO - Procurando planilha mais recente em: \\192.168.1.250\Programas\robo custos\lancar
2025-09-09 11:58:36,552 - INFO - Padrão *.xlsx: 1 arquivos encontrados
2025-09-09 11:58:36,552 - INFO - Padrão *.xls: 0 arquivos encontrados
2025-09-09 11:58:36,553 - INFO - Padrão *.csv: 0 arquivos encontrados
2025-09-09 11:58:36,553 - INFO - Total de arquivos encontrados: 1
2025-09-09 11:58:36,556 - INFO - Arquivo: 973.xlsx
2025-09-09 11:58:36,556 - INFO -   Data modificação: Tue Sep  9 11:57:48 2025
2025-09-09 11:58:36,556 - INFO -   Tamanho: 39878 bytes
2025-09-09 11:58:36,557 - INFO - Arquivo mais recente selecionado: 973.xlsx
2025-09-09 11:58:36,557 - INFO -   Caminho: \\192.168.1.250\Programas\robo custos\lancar\973.xlsx
2025-09-09 11:58:36,557 - INFO -   Data: Tue Sep  9 11:57:48 2025
2025-09-09 11:58:36,557 - INFO - Abrindo planilha '973.xlsx' para salvar o PA...
2025-09-09 11:58:37,269 - INFO - Procurando aba com (973) no nome...
2025-09-09 11:58:37,295 - INFO - Verificando aba: 1 PA BATENTE JG (973)
2025-09-09 11:58:37,296 - INFO - ✅ Aba configurada encontrada: 1 PA BATENTE JG (973)
2025-09-09 11:58:37,296 - INFO - Usando aba: 1 PA BATENTE JG (973)
2025-09-09 11:58:37,296 - INFO - Escrevendo o código 'PA139339' na célula B4...
2025-09-09 11:58:37,299 - INFO - Salvando o ficheiro Excel...
2025-09-09 11:58:37,774 - INFO - Fechando o ficheiro Excel...
2025-09-09 11:58:37,787 - INFO - Encerrando a instância do Excel...
2025-09-09 11:58:37,891 - INFO - Aguardando 1 segundo para garantir que o ficheiro foi atualizado na rede...
2025-09-09 11:58:38,892 - INFO - ✅ Código PA salvo na aba configurada - linha 4.
2025-09-09 11:58:38,893 - INFO - ✅ Linha 4 processada com sucesso!
2025-09-09 11:58:38,894 - INFO - ⏸️ Pausa 
2025-09-09 11:58:39,896 - INFO - Procurando planilha mais recente em: \\192.168.1.250\Programas\robo custos\lancar
2025-09-09 11:58:39,907 - INFO - Padrão *.xlsx: 1 arquivos encontrados
2025-09-09 11:58:39,909 - INFO - Padrão *.xls: 0 arquivos encontrados
2025-09-09 11:58:39,911 - INFO - Padrão *.csv: 0 arquivos encontrados
2025-09-09 11:58:39,912 - INFO - Total de arquivos encontrados: 1
2025-09-09 11:58:39,916 - INFO - Arquivo: 973.xlsx
2025-09-09 11:58:39,917 - INFO -   Data modificação: Tue Sep  9 11:58:37 2025
2025-09-09 11:58:39,918 - INFO -   Tamanho: 39882 bytes
2025-09-09 11:58:39,919 - INFO - Arquivo mais recente selecionado: 973.xlsx
2025-09-09 11:58:39,919 - INFO -   Caminho: \\192.168.1.250\Programas\robo custos\lancar\973.xlsx
2025-09-09 11:58:39,919 - INFO -   Data: Tue Sep  9 11:58:37 2025
2025-09-09 11:58:39,919 - INFO - Procurando próxima linha sem PA na coluna B (aba (973))...
2025-09-09 11:58:40,623 - INFO - Procurando aba com (973) no nome...
2025-09-09 11:58:40,649 - INFO - Verificando aba: 1 PA BATENTE JG (973)
2025-09-09 11:58:40,649 - INFO - ✅ Aba configurada encontrada: 1 PA BATENTE JG (973)
2025-09-09 11:58:40,650 - INFO - Usando aba: 1 PA BATENTE JG (973)
2025-09-09 11:58:40,662 - INFO - Próxima linha para processar (sem PA na coluna B): 5
2025-09-09 11:58:40,783 - INFO - 
================================================================================
📌 PROCESSANDO LINHA 5 (Sucesso: 2, Falhas: 0)
================================================================================
2025-09-09 11:58:40,783 - INFO - 🔄 LINHA SEGUINTE (5) - Executando sequência de reinício...
2025-09-09 11:58:40,783 - INFO - 🔄 === INICIANDO SEQUÊNCIA DE REINÍCIO (SIMPLIFICADA) ===
2025-09-09 11:58:40,783 - INFO - 🔍 Verificando se a janela de informação precisa ser fechada...
2025-09-09 11:58:40,869 - INFO - ✅ Janela de informação não está na tela.
2025-09-09 11:58:40,871 - INFO - Dimensões da tela: 1746x922
2025-09-09 11:58:40,871 - INFO - Passo 1: Movendo mouse para o centro (873, 461) e clicando.
2025-09-09 11:58:42,645 - INFO - Passo 2: Pressionando Home.
2025-09-09 11:58:43,247 - INFO - ✅ Sequência de reinício SIMPLIFICADA executada com sucesso!
2025-09-09 11:58:43,249 - INFO - 📋 PROCESSANDO LINHA 5...
2025-09-09 11:58:43,250 - INFO - Procurando planilha mais recente em: \\192.168.1.250\Programas\robo custos\lancar
2025-09-09 11:58:43,252 - INFO - Padrão *.xlsx: 1 arquivos encontrados
2025-09-09 11:58:43,254 - INFO - Padrão *.xls: 0 arquivos encontrados
2025-09-09 11:58:43,256 - INFO - Padrão *.csv: 0 arquivos encontrados
2025-09-09 11:58:43,257 - INFO - Total de arquivos encontrados: 1
2025-09-09 11:58:43,261 - INFO - Arquivo: 973.xlsx
2025-09-09 11:58:43,262 - INFO -   Data modificação: Tue Sep  9 11:58:37 2025
2025-09-09 11:58:43,263 - INFO -   Tamanho: 39882 bytes
2025-09-09 11:58:43,264 - INFO - Arquivo mais recente selecionado: 973.xlsx
2025-09-09 11:58:43,265 - INFO -   Caminho: \\192.168.1.250\Programas\robo custos\lancar\973.xlsx
2025-09-09 11:58:43,265 - INFO -   Data: Tue Sep  9 11:58:37 2025
2025-09-09 11:58:43,265 - INFO - Abrindo planilha via COM: \\192.168.1.250\Programas\robo custos\lancar\973.xlsx
2025-09-09 11:58:43,979 - INFO - Planilha aberta com sucesso!
2025-09-09 11:58:43,979 - INFO - Procurando aba com (973) no nome...
2025-09-09 11:58:44,006 - INFO - Verificando aba: 1 PA BATENTE JG (973)
2025-09-09 11:58:44,006 - INFO - ✅ Aba configurada encontrada: 1 PA BATENTE JG (973)
2025-09-09 11:58:44,006 - INFO - Usando aba: 1 PA BATENTE JG (973), linha: 5
2025-09-09 11:58:44,007 - INFO - Número extraído do nome da aba '1 PA BATENTE JG (973)': 973
2025-09-09 11:58:44,037 - INFO - Dados lidos da aba configurada - linha 5:
2025-09-09 11:58:44,037 - INFO -   Arquivo: 973.xlsx
2025-09-09 11:58:44,037 - INFO -   Nome da aba: 1 PA BATENTE JG (973)
2025-09-09 11:58:44,038 - INFO -   Número extraído: 973 (✅ CORRETO)
2025-09-09 11:58:44,038 - INFO -   Coluna A (controle): 1 PA BATENTE JG (973)
2025-09-09 11:58:44,038 - INFO -   Coluna B (PA existente): None
2025-09-09 11:58:44,038 - INFO -   📋 COLUNAS CONFIGURADAS (C até U):
2025-09-09 11:58:44,039 - INFO -     Coluna C: 1.0
2025-09-09 11:58:44,039 - INFO -     Coluna D: 110.0
2025-09-09 11:58:44,039 - INFO -     Coluna E: 2135.0
2025-09-09 11:58:44,039 - INFO -     Coluna F: INP
2025-09-09 11:58:44,039 - INFO -     Coluna G: 35.0
2025-09-09 11:58:44,040 - INFO -     Coluna H: N
2025-09-09 11:58:44,040 - INFO -     Coluna I: RB40
2025-09-09 11:58:44,040 - INFO -     Coluna J: 2.0
2025-09-09 11:58:44,040 - INFO -     Coluna K: 110.0
2025-09-09 11:58:44,040 - INFO -     Coluna L: 1008.0
2025-09-09 11:58:44,040 - INFO -     Coluna M: INP
2025-09-09 11:58:44,040 - INFO -     Coluna N: 35.0
2025-09-09 11:58:44,040 - INFO -     Coluna O: N
2025-09-09 11:58:44,040 - INFO -     Coluna P: RB40
2025-09-09 11:58:44,041 - INFO -     Coluna Q: 1.0
2025-09-09 11:58:44,041 - INFO -     Coluna R: JG
2025-09-09 11:58:44,041 - INFO -     Coluna S: 2103.0
2025-09-09 11:58:44,041 - INFO -     Coluna T: SUSIN
2025-09-09 11:58:44,041 - INFO -     Coluna U: SUSIN
2025-09-09 11:58:44,165 - INFO - Processando linha 5
2025-09-09 11:58:44,165 - INFO - === INSERÇÃO SEQUENCIAL CONFIGURADA ===
2025-09-09 11:58:44,165 - INFO - Preenchendo colunas: C até U
2025-09-09 11:58:44,165 - INFO - Total de colunas: 19
2025-09-09 11:58:45,166 - INFO - 📝 INSERINDO C: '1'
2025-09-09 11:58:46,971 - INFO - 📝 INSERINDO D: '110'
2025-09-09 11:58:48,776 - INFO - 📝 INSERINDO E: '2135'
2025-09-09 11:58:50,580 - INFO - 📝 INSERINDO F: 'INP'
2025-09-09 11:58:52,392 - INFO - 📝 INSERINDO G: '35'
2025-09-09 11:58:54,198 - INFO - 📝 INSERINDO H: 'N'
2025-09-09 11:58:56,002 - INFO - 📝 INSERINDO I: 'RB40'
2025-09-09 11:58:56,768 - INFO - 
🛑 Execução interrompida pelo usuário.
