2025-09-09 10:55:51,854 - INFO - 🚀 === INICIANDO CADASTRO COMPLETO A PARTIR DO MAIN ===
2025-09-09 10:55:51,854 - INFO - Procurando planilha mais recente em: \\192.168.1.250\Programas\robo custos\lancar
2025-09-09 10:55:51,856 - INFO - Padrão *.xlsx: 1 arquivos encontrados
2025-09-09 10:55:51,856 - INFO - Padrão *.xls: 0 arquivos encontrados
2025-09-09 10:55:51,856 - INFO - Padrão *.csv: 0 arquivos encontrados
2025-09-09 10:55:51,856 - INFO - Total de arquivos encontrados: 1
2025-09-09 10:55:51,858 - INFO - Arquivo: 973.xlsx
2025-09-09 10:55:51,859 - INFO -   Data modificação: Tue Sep  9 10:47:03 2025
2025-09-09 10:55:51,865 - INFO -   Tamanho: 39883 bytes
2025-09-09 10:55:51,865 - INFO - Arquivo mais recente selecionado: 973.xlsx
2025-09-09 10:55:51,866 - INFO -   Caminho: \\192.168.1.250\Programas\robo custos\lancar\973.xlsx
2025-09-09 10:55:51,866 - INFO -   Data: Tue Sep  9 10:47:03 2025
2025-09-09 10:55:51,866 - INFO - Procurando próxima linha sem PA na coluna B (aba (973))...
2025-09-09 10:55:52,244 - INFO - Procurando aba com (973) no nome...
2025-09-09 10:55:52,268 - INFO - Verificando aba: 1 PA BATENTE JG (973)
2025-09-09 10:55:52,268 - INFO - ✅ Aba configurada encontrada: 1 PA BATENTE JG (973)
2025-09-09 10:55:52,269 - INFO - Usando aba: 1 PA BATENTE JG (973)
2025-09-09 10:55:52,278 - INFO - Próxima linha para processar (sem PA na coluna B): 4
2025-09-09 10:55:52,396 - INFO - 
================================================================================
📌 PROCESSANDO LINHA 4 (Sucesso: 0, Falhas: 0)
================================================================================
2025-09-09 10:55:52,396 - INFO - 🔑 PRIMEIRA LINHA - Executando processo completo com login...
2025-09-09 10:55:52,396 - INFO - === INICIANDO PROCESSO COMPLETO COM INSERÇÃO ===
2025-09-09 10:55:52,397 - INFO - Iniciando processo completo...
2025-09-09 10:55:52,397 - INFO - Lendo dados da próxima linha sem PA na coluna B...
2025-09-09 10:55:52,397 - INFO - Procurando planilha mais recente em: \\192.168.1.250\Programas\robo custos\lancar
2025-09-09 10:55:52,397 - INFO - Padrão *.xlsx: 1 arquivos encontrados
2025-09-09 10:55:52,397 - INFO - Padrão *.xls: 0 arquivos encontrados
2025-09-09 10:55:52,398 - INFO - Padrão *.csv: 0 arquivos encontrados
2025-09-09 10:55:52,398 - INFO - Total de arquivos encontrados: 1
2025-09-09 10:55:52,399 - INFO - Arquivo: 973.xlsx
2025-09-09 10:55:52,399 - INFO -   Data modificação: Tue Sep  9 10:47:03 2025
2025-09-09 10:55:52,399 - INFO -   Tamanho: 39883 bytes
2025-09-09 10:55:52,400 - INFO - Arquivo mais recente selecionado: 973.xlsx
2025-09-09 10:55:52,400 - INFO -   Caminho: \\192.168.1.250\Programas\robo custos\lancar\973.xlsx
2025-09-09 10:55:52,400 - INFO -   Data: Tue Sep  9 10:47:03 2025
2025-09-09 10:55:52,400 - INFO - Procurando próxima linha sem PA na coluna B (aba (973))...
2025-09-09 10:55:52,750 - INFO - Procurando aba com (973) no nome...
2025-09-09 10:55:52,771 - INFO - Verificando aba: 1 PA BATENTE JG (973)
2025-09-09 10:55:52,771 - INFO - ✅ Aba configurada encontrada: 1 PA BATENTE JG (973)
2025-09-09 10:55:52,772 - INFO - Usando aba: 1 PA BATENTE JG (973)
2025-09-09 10:55:52,779 - INFO - Próxima linha para processar (sem PA na coluna B): 4
2025-09-09 10:55:52,891 - INFO - Procurando planilha mais recente em: \\192.168.1.250\Programas\robo custos\lancar
2025-09-09 10:55:52,892 - INFO - Padrão *.xlsx: 1 arquivos encontrados
2025-09-09 10:55:52,892 - INFO - Padrão *.xls: 0 arquivos encontrados
2025-09-09 10:55:52,892 - INFO - Padrão *.csv: 0 arquivos encontrados
2025-09-09 10:55:52,892 - INFO - Total de arquivos encontrados: 1
2025-09-09 10:55:52,894 - INFO - Arquivo: 973.xlsx
2025-09-09 10:55:52,894 - INFO -   Data modificação: Tue Sep  9 10:47:03 2025
2025-09-09 10:55:52,894 - INFO -   Tamanho: 39883 bytes
2025-09-09 10:55:52,894 - INFO - Arquivo mais recente selecionado: 973.xlsx
2025-09-09 10:55:52,894 - INFO -   Caminho: \\192.168.1.250\Programas\robo custos\lancar\973.xlsx
2025-09-09 10:55:52,894 - INFO -   Data: Tue Sep  9 10:47:03 2025
2025-09-09 10:55:52,894 - INFO - Abrindo planilha via COM: \\192.168.1.250\Programas\robo custos\lancar\973.xlsx
2025-09-09 10:55:53,263 - INFO - Planilha aberta com sucesso!
2025-09-09 10:55:53,263 - INFO - Procurando aba com (973) no nome...
2025-09-09 10:55:53,285 - INFO - Verificando aba: 1 PA BATENTE JG (973)
2025-09-09 10:55:53,285 - INFO - ✅ Aba configurada encontrada: 1 PA BATENTE JG (973)
2025-09-09 10:55:53,286 - INFO - Usando aba: 1 PA BATENTE JG (973), linha: 4
2025-09-09 10:55:53,286 - INFO - Número extraído do nome da aba '1 PA BATENTE JG (973)': 973
2025-09-09 10:55:53,313 - INFO - Dados lidos da aba configurada - linha 4:
2025-09-09 10:55:53,313 - INFO -   Arquivo: 973.xlsx
2025-09-09 10:55:53,313 - INFO -   Nome da aba: 1 PA BATENTE JG (973)
2025-09-09 10:55:53,313 - INFO -   Número extraído: 973 (✅ CORRETO)
2025-09-09 10:55:53,313 - INFO -   Coluna A (controle): 1 PA BATENTE JG (973)
2025-09-09 10:55:53,313 - INFO -   Coluna B (PA existente): None
2025-09-09 10:55:53,314 - INFO -   📋 COLUNAS CONFIGURADAS (C até U):
2025-09-09 10:55:53,314 - INFO -     Coluna C: 1.0
2025-09-09 10:55:53,314 - INFO -     Coluna D: 90.0
2025-09-09 10:55:53,314 - INFO -     Coluna E: 2135.0
2025-09-09 10:55:53,314 - INFO -     Coluna F: INP
2025-09-09 10:55:53,314 - INFO -     Coluna G: 35.0
2025-09-09 10:55:53,314 - INFO -     Coluna H: N
2025-09-09 10:55:53,314 - INFO -     Coluna I: RB40
2025-09-09 10:55:53,314 - INFO -     Coluna J: 2.0
2025-09-09 10:55:53,314 - INFO -     Coluna K: 90.0
2025-09-09 10:55:53,315 - INFO -     Coluna L: 1008.0
2025-09-09 10:55:53,315 - INFO -     Coluna M: INP
2025-09-09 10:55:53,315 - INFO -     Coluna N: 35.0
2025-09-09 10:55:53,315 - INFO -     Coluna O: N
2025-09-09 10:55:53,315 - INFO -     Coluna P: RB40
2025-09-09 10:55:53,315 - INFO -     Coluna Q: 1.0
2025-09-09 10:55:53,315 - INFO -     Coluna R: JG
2025-09-09 10:55:53,315 - INFO -     Coluna S: 2103.0
2025-09-09 10:55:53,316 - INFO -     Coluna T: SUSIN
2025-09-09 10:55:53,316 - INFO -     Coluna U: SUSIN
2025-09-09 10:55:53,433 - INFO - Executando login...
2025-09-09 10:55:53,433 - INFO - Iniciando execução e login no programa
2025-09-09 10:55:53,434 - INFO - Iniciando programa: \\192.168.1.250\Programas\SYSTEAM\PROGRAMA\Indust\Engenh.exe
2025-09-09 10:55:53,461 - INFO - Programa iniciado com PID: 2844
2025-09-09 10:55:53,462 - INFO - Aguardando abertura da janela do programa...
2025-09-09 10:55:56,464 - INFO - Iniciando processo de login...
2025-09-09 10:55:56,465 - INFO - Inserindo nome de usuário
2025-09-09 10:55:58,676 - INFO - Inserindo senha
2025-09-09 10:56:00,885 - INFO - Usando número de empresa: 200
2025-09-09 10:56:04,096 - INFO - Login realizado com sucesso - Empresa: 200
2025-09-09 10:56:07,097 - INFO - Acessando configurador...
2025-09-09 10:56:07,098 - INFO - Iniciando acesso ao configurador...
2025-09-09 10:56:09,100 - INFO - Passo 1: Procurando e clicando no menu systeam...
2025-09-09 10:56:09,102 - INFO - Procurando imagem: img/menu systeam.PNG
2025-09-09 10:56:09,182 - INFO - Imagem encontrada em: Point(x=np.int64(26), y=np.int64(42))
2025-09-09 10:56:09,287 - INFO - Clique realizado em: Point(x=np.int64(26), y=np.int64(42))
2025-09-09 10:56:09,789 - INFO - Passo 2: Digitando 'configurador'...
2025-09-09 10:56:09,791 - INFO - Digitando texto: configurador
2025-09-09 10:56:10,398 - INFO - Passo 3: Procurando e clicando no módulo...
2025-09-09 10:56:10,400 - INFO - Procurando imagem: img/modulo item por descricao.PNG
2025-09-09 10:56:10,512 - INFO - Imagem encontrada em: Point(x=np.int64(660), y=np.int64(246))
2025-09-09 10:56:10,631 - INFO - Clique realizado em: Point(x=np.int64(660), y=np.int64(246))
2025-09-09 10:56:10,632 - INFO - Configurador acessado com sucesso!
2025-09-09 10:56:11,633 - INFO - Pesquisando tipo 973...
2025-09-09 10:56:11,634 - INFO - Iniciando pesquisa do tipo: 973
2025-09-09 10:56:13,636 - INFO - Passo 1: Procurando e clicando no botão pesquisar tipos...
2025-09-09 10:56:13,638 - INFO - Procurando imagem: img/pesquisar tipos 615.PNG
2025-09-09 10:56:13,717 - INFO - Imagem encontrada em: Point(x=np.int64(620), y=np.int64(78))
2025-09-09 10:56:13,850 - INFO - Clique realizado em: Point(x=np.int64(620), y=np.int64(78))
2025-09-09 10:56:14,351 - INFO - Passo 2: Digitando '973'...
2025-09-09 10:56:14,351 - INFO - Digitando texto: 973
2025-09-09 10:56:15,055 - INFO - Pesquisa do tipo 973 realizada com sucesso!
2025-09-09 10:56:15,056 - INFO - Processo completo executado com sucesso!
2025-09-09 10:56:17,057 - INFO - Navegando com 7x Tab...
2025-09-09 10:56:18,160 - INFO - Tab 1/7 pressionado
2025-09-09 10:56:18,562 - INFO - Tab 2/7 pressionado
2025-09-09 10:56:18,965 - INFO - Tab 3/7 pressionado
2025-09-09 10:56:19,367 - INFO - Tab 4/7 pressionado
2025-09-09 10:56:19,769 - INFO - Tab 5/7 pressionado
2025-09-09 10:56:20,171 - INFO - Tab 6/7 pressionado
2025-09-09 10:56:20,573 - INFO - Tab 7/7 pressionado
2025-09-09 10:56:20,875 - INFO - Navegação com 7x Tab concluída!
2025-09-09 10:56:21,878 - INFO - Processando linha 4
2025-09-09 10:56:21,879 - INFO - === INSERÇÃO SEQUENCIAL CONFIGURADA ===
2025-09-09 10:56:21,880 - INFO - Preenchendo colunas: C até U
2025-09-09 10:56:21,881 - INFO - Total de colunas: 19
2025-09-09 10:56:22,883 - INFO - 📝 INSERINDO C: '1'
2025-09-09 10:56:23,888 - INFO - 📝 INSERINDO D: '90'
2025-09-09 10:56:24,893 - INFO - 📝 INSERINDO E: '2135'
2025-09-09 10:56:25,901 - INFO - 📝 INSERINDO F: 'INP'
2025-09-09 10:56:26,907 - INFO - 📝 INSERINDO G: '35'
2025-09-09 10:56:27,911 - INFO - 📝 INSERINDO H: 'N'
2025-09-09 10:56:28,916 - INFO - 📝 INSERINDO I: 'RB40'
2025-09-09 10:56:29,920 - INFO - 📝 INSERINDO J: '2'
2025-09-09 10:56:30,922 - INFO - 📝 INSERINDO K: '90'
2025-09-09 10:56:31,927 - INFO - 📝 INSERINDO L: '1008'
2025-09-09 10:56:32,932 - INFO - 📝 INSERINDO M: 'INP'
2025-09-09 10:56:33,936 - INFO - 📝 INSERINDO N: '35'
2025-09-09 10:56:34,940 - INFO - 📝 INSERINDO O: 'N'
2025-09-09 10:56:35,947 - INFO - 📝 INSERINDO P: 'RB40'
2025-09-09 10:56:36,950 - INFO - 📝 INSERINDO Q: '1'
2025-09-09 10:56:37,954 - INFO - 📝 INSERINDO R: 'JG'
2025-09-09 10:56:38,963 - INFO - 📝 INSERINDO S: '2103'
2025-09-09 10:56:39,966 - INFO - 📝 INSERINDO T: 'SUSIN'
2025-09-09 10:56:40,973 - INFO - 📝 INSERINDO U: 'SUSIN'
2025-09-09 10:56:41,480 - INFO - Pressionando F2 para finalizar...
2025-09-09 10:56:41,582 - INFO - Aguardando após F2...
