2025-09-09 17:12:27,231 - INFO - 🚀 === INICIANDO CADASTRO COMPLETO A PARTIR DO MAIN ===
2025-09-09 17:12:27,231 - INFO - Procurando planilha mais recente em: \\192.168.1.250\Programas\robo custos\lancar
2025-09-09 17:12:27,234 - INFO - Padrão *.xlsx: 1 arquivos encontrados
2025-09-09 17:12:27,234 - INFO - Padrão *.xls: 0 arquivos encontrados
2025-09-09 17:12:27,235 - INFO - Padrão *.csv: 0 arquivos encontrados
2025-09-09 17:12:27,235 - INFO - Total de arquivos encontrados: 1
2025-09-09 17:12:27,237 - INFO - Arquivo: 973.xlsx
2025-09-09 17:12:27,237 - INFO -   Data modificação: Tue Sep  9 16:54:32 2025
2025-09-09 17:12:27,243 - INFO -   Tamanho: 41462 bytes
2025-09-09 17:12:27,243 - INFO - Arquivo mais recente selecionado: 973.xlsx
2025-09-09 17:12:27,244 - INFO -   Caminho: \\192.168.1.250\Programas\robo custos\lancar\973.xlsx
2025-09-09 17:12:27,244 - INFO -   Data: Tue Sep  9 16:54:32 2025
2025-09-09 17:12:27,244 - INFO - Procurando próxima linha sem PA na coluna B (aba (973))...
2025-09-09 17:12:27,937 - INFO - Procurando aba com (973) no nome...
2025-09-09 17:12:27,942 - INFO - Verificando aba: 1 PA BATENTE JG (973)
2025-09-09 17:12:27,942 - INFO - ✅ Aba configurada encontrada: 1 PA BATENTE JG (973)
2025-09-09 17:12:27,943 - INFO - Usando aba: 1 PA BATENTE JG (973)
2025-09-09 17:12:28,141 - INFO - Próxima linha para processar (sem PA na coluna B): 84
2025-09-09 17:12:28,293 - INFO - 
================================================================================
📌 PROCESSANDO LINHA 84 (Sucesso: 0, Falhas: 0)
================================================================================
2025-09-09 17:12:28,294 - INFO - 🔑 PRIMEIRA LINHA - Executando processo completo com login...
2025-09-09 17:12:28,294 - INFO - === INICIANDO PROCESSO COMPLETO COM INSERÇÃO ===
2025-09-09 17:12:28,294 - INFO - Iniciando processo completo...
2025-09-09 17:12:28,294 - INFO - Lendo dados da próxima linha sem PA na coluna B...
2025-09-09 17:12:28,294 - INFO - Procurando planilha mais recente em: \\192.168.1.250\Programas\robo custos\lancar
2025-09-09 17:12:28,294 - INFO - Padrão *.xlsx: 1 arquivos encontrados
2025-09-09 17:12:28,295 - INFO - Padrão *.xls: 0 arquivos encontrados
2025-09-09 17:12:28,295 - INFO - Padrão *.csv: 0 arquivos encontrados
2025-09-09 17:12:28,295 - INFO - Total de arquivos encontrados: 1
2025-09-09 17:12:28,296 - INFO - Arquivo: 973.xlsx
2025-09-09 17:12:28,296 - INFO -   Data modificação: Tue Sep  9 16:54:32 2025
2025-09-09 17:12:28,296 - INFO -   Tamanho: 41462 bytes
2025-09-09 17:12:28,296 - INFO - Arquivo mais recente selecionado: 973.xlsx
2025-09-09 17:12:28,296 - INFO -   Caminho: \\192.168.1.250\Programas\robo custos\lancar\973.xlsx
2025-09-09 17:12:28,296 - INFO -   Data: Tue Sep  9 16:54:32 2025
2025-09-09 17:12:28,297 - INFO - Procurando próxima linha sem PA na coluna B (aba (973))...
2025-09-09 17:12:28,669 - INFO - Procurando aba com (973) no nome...
2025-09-09 17:12:28,672 - INFO - Verificando aba: 1 PA BATENTE JG (973)
2025-09-09 17:12:28,672 - INFO - ✅ Aba configurada encontrada: 1 PA BATENTE JG (973)
2025-09-09 17:12:28,672 - INFO - Usando aba: 1 PA BATENTE JG (973)
2025-09-09 17:12:28,866 - INFO - Próxima linha para processar (sem PA na coluna B): 84
2025-09-09 17:12:29,013 - INFO - Procurando planilha mais recente em: \\192.168.1.250\Programas\robo custos\lancar
2025-09-09 17:12:29,013 - INFO - Padrão *.xlsx: 1 arquivos encontrados
2025-09-09 17:12:29,014 - INFO - Padrão *.xls: 0 arquivos encontrados
2025-09-09 17:12:29,014 - INFO - Padrão *.csv: 0 arquivos encontrados
2025-09-09 17:12:29,014 - INFO - Total de arquivos encontrados: 1
2025-09-09 17:12:29,016 - INFO - Arquivo: 973.xlsx
2025-09-09 17:12:29,016 - INFO -   Data modificação: Tue Sep  9 16:54:32 2025
2025-09-09 17:12:29,016 - INFO -   Tamanho: 41462 bytes
2025-09-09 17:12:29,016 - INFO - Arquivo mais recente selecionado: 973.xlsx
2025-09-09 17:12:29,016 - INFO -   Caminho: \\192.168.1.250\Programas\robo custos\lancar\973.xlsx
2025-09-09 17:12:29,017 - INFO -   Data: Tue Sep  9 16:54:32 2025
2025-09-09 17:12:29,017 - INFO - Abrindo planilha via COM: \\192.168.1.250\Programas\robo custos\lancar\973.xlsx
2025-09-09 17:12:29,393 - INFO - Planilha aberta com sucesso!
2025-09-09 17:12:29,393 - INFO - Procurando aba com (973) no nome...
2025-09-09 17:12:29,396 - INFO - Verificando aba: 1 PA BATENTE JG (973)
2025-09-09 17:12:29,396 - INFO - ✅ Aba configurada encontrada: 1 PA BATENTE JG (973)
2025-09-09 17:12:29,397 - INFO - Usando aba: 1 PA BATENTE JG (973), linha: 84
2025-09-09 17:12:29,397 - INFO - Número extraído do nome da aba '1 PA BATENTE JG (973)': 973
2025-09-09 17:12:29,421 - INFO - Dados lidos da aba configurada - linha 84:
2025-09-09 17:12:29,422 - INFO -   Arquivo: 973.xlsx
2025-09-09 17:12:29,422 - INFO -   Nome da aba: 1 PA BATENTE JG (973)
2025-09-09 17:12:29,422 - INFO -   Número extraído: 973 (✅ CORRETO)
2025-09-09 17:12:29,422 - INFO -   Coluna A (controle): 1 PA BATENTE JG (973)
2025-09-09 17:12:29,422 - INFO -   Coluna B (PA existente): None
2025-09-09 17:12:29,422 - INFO -   📋 COLUNAS CONFIGURADAS (C até U):
2025-09-09 17:12:29,423 - INFO -     Coluna C: 1.0
2025-09-09 17:12:29,423 - INFO -     Coluna D: 70.0
2025-09-09 17:12:29,423 - INFO -     Coluna E: 2635.0
2025-09-09 17:12:29,423 - INFO -     Coluna F: IN
2025-09-09 17:12:29,423 - INFO -     Coluna G: 35.0
2025-09-09 17:12:29,423 - INFO -     Coluna H: N
2025-09-09 17:12:29,423 - INFO -     Coluna I: RB40
2025-09-09 17:12:29,423 - INFO -     Coluna J: 2.0
2025-09-09 17:12:29,423 - INFO -     Coluna K: 70.0
2025-09-09 17:12:29,423 - INFO -     Coluna L: 1008.0
2025-09-09 17:12:29,423 - INFO -     Coluna M: IN
2025-09-09 17:12:29,423 - INFO -     Coluna N: 35.0
2025-09-09 17:12:29,423 - INFO -     Coluna O: N
2025-09-09 17:12:29,423 - INFO -     Coluna P: RB40
2025-09-09 17:12:29,423 - INFO -     Coluna Q: 1.0
2025-09-09 17:12:29,423 - INFO -     Coluna R: JG
2025-09-09 17:12:29,424 - INFO -     Coluna S: 2103.0
2025-09-09 17:12:29,424 - INFO -     Coluna T: SUSIN
2025-09-09 17:12:29,424 - INFO -     Coluna U: SUSIN
2025-09-09 17:12:29,566 - INFO - Executando login...
2025-09-09 17:12:29,567 - INFO - Iniciando execução e login no programa
2025-09-09 17:12:29,568 - INFO - Iniciando programa: \\192.168.1.250\Programas\SYSTEAM\PROGRAMA\Indust\Engenh.exe
2025-09-09 17:12:29,590 - INFO - Programa iniciado com PID: 22864
2025-09-09 17:12:29,590 - INFO - Aguardando abertura da janela do programa...
2025-09-09 17:12:32,591 - INFO - Iniciando processo de login...
2025-09-09 17:12:32,593 - INFO - Inserindo nome de usuário
2025-09-09 17:12:34,803 - INFO - Inserindo senha
2025-09-09 17:12:37,013 - INFO - Usando número de empresa: 200
2025-09-09 17:12:40,224 - INFO - Login realizado com sucesso - Empresa: 200
2025-09-09 17:12:43,225 - INFO - Acessando configurador...
2025-09-09 17:12:43,226 - INFO - Iniciando acesso ao configurador...
2025-09-09 17:12:45,226 - INFO - Passo 1: Procurando e clicando no menu systeam...
2025-09-09 17:12:45,228 - INFO - Procurando imagem: img/menu systeam.PNG
2025-09-09 17:12:45,322 - INFO - Imagem encontrada em: Point(x=np.int64(26), y=np.int64(42))
2025-09-09 17:12:45,451 - INFO - Clique realizado em: Point(x=np.int64(26), y=np.int64(42))
2025-09-09 17:12:45,953 - INFO - Passo 2: Digitando 'configurador'...
2025-09-09 17:12:45,954 - INFO - Digitando texto: configurador
2025-09-09 17:12:46,567 - INFO - Passo 3: Procurando e clicando no módulo...
2025-09-09 17:12:46,568 - INFO - Procurando imagem: img/modulo item por descricao.PNG
2025-09-09 17:12:46,664 - INFO - Imagem encontrada em: Point(x=np.int64(660), y=np.int64(246))
2025-09-09 17:12:46,794 - INFO - Clique realizado em: Point(x=np.int64(660), y=np.int64(246))
2025-09-09 17:12:46,794 - INFO - Configurador acessado com sucesso!
2025-09-09 17:12:47,795 - INFO - Pesquisando tipo 973...
2025-09-09 17:12:47,796 - INFO - Iniciando pesquisa do tipo: 973
2025-09-09 17:12:49,798 - INFO - Passo 1: Procurando e clicando no botão pesquisar tipos...
2025-09-09 17:12:49,800 - INFO - Procurando imagem: img/pesquisar tipos 615.PNG
2025-09-09 17:12:49,869 - INFO - Imagem encontrada em: Point(x=np.int64(620), y=np.int64(78))
2025-09-09 17:12:49,981 - INFO - Clique realizado em: Point(x=np.int64(620), y=np.int64(78))
2025-09-09 17:12:50,483 - INFO - Passo 2: Digitando '973'...
2025-09-09 17:12:50,483 - INFO - Digitando texto: 973
2025-09-09 17:12:51,187 - INFO - Pesquisa do tipo 973 realizada com sucesso!
2025-09-09 17:12:51,188 - INFO - Processo completo executado com sucesso!
2025-09-09 17:12:53,189 - INFO - Navegando com 7x Tab...
2025-09-09 17:12:54,292 - INFO - Tab 1/7 pressionado
2025-09-09 17:12:54,695 - INFO - Tab 2/7 pressionado
2025-09-09 17:12:55,098 - INFO - Tab 3/7 pressionado
2025-09-09 17:12:55,501 - INFO - Tab 4/7 pressionado
2025-09-09 17:12:55,904 - INFO - Tab 5/7 pressionado
2025-09-09 17:12:56,307 - INFO - Tab 6/7 pressionado
2025-09-09 17:12:56,710 - INFO - Tab 7/7 pressionado
2025-09-09 17:12:57,012 - INFO - Navegação com 7x Tab concluída!
2025-09-09 17:12:58,013 - INFO - Processando linha 84
2025-09-09 17:12:58,013 - INFO - === INSERÇÃO SEQUENCIAL CONFIGURADA ===
2025-09-09 17:12:58,014 - INFO - Preenchendo colunas: C até U
2025-09-09 17:12:58,014 - INFO - Total de colunas: 19
2025-09-09 17:12:59,016 - INFO - 📝 INSERINDO C: '1'
2025-09-09 17:12:59,819 - INFO - 📝 INSERINDO D: '70'
2025-09-09 17:13:00,624 - INFO - 📝 INSERINDO E: '2635'
2025-09-09 17:13:01,428 - INFO - 📝 INSERINDO F: 'IN'
2025-09-09 17:13:02,236 - INFO - 📝 INSERINDO G: '35'
2025-09-09 17:13:03,040 - INFO - 📝 INSERINDO H: 'N'
2025-09-09 17:13:03,850 - INFO - 📝 INSERINDO I: 'RB40'
2025-09-09 17:13:04,655 - INFO - 📝 INSERINDO J: '2'
2025-09-09 17:13:05,460 - INFO - 📝 INSERINDO K: '70'
2025-09-09 17:13:06,264 - INFO - 📝 INSERINDO L: '1008'
2025-09-09 17:13:07,069 - INFO - 📝 INSERINDO M: 'IN'
2025-09-09 17:13:07,876 - INFO - 📝 INSERINDO N: '35'
2025-09-09 17:13:08,680 - INFO - 📝 INSERINDO O: 'N'
2025-09-09 17:13:09,487 - INFO - 📝 INSERINDO P: 'RB40'
2025-09-09 17:13:10,298 - INFO - 📝 INSERINDO Q: '1'
2025-09-09 17:13:11,103 - INFO - 📝 INSERINDO R: 'JG'
2025-09-09 17:13:11,912 - INFO - 📝 INSERINDO S: '2103'
2025-09-09 17:13:12,720 - INFO - 📝 INSERINDO T: 'SUSIN'
2025-09-09 17:13:13,532 - INFO - 📝 INSERINDO U: 'SUSIN'
2025-09-09 17:13:13,940 - INFO - Pressionando F2 para finalizar...
2025-09-09 17:13:14,042 - INFO - Aguardando após F2...
2025-09-09 17:13:14,078 - INFO - 
🛑 Execução interrompida pelo usuário.
