2025-09-09 15:15:46,172 - INFO - 🚀 === INICIANDO CADASTRO COMPLETO A PARTIR DO MAIN ===
2025-09-09 15:15:46,172 - INFO - Procurando planilha mais recente em: \\192.168.1.250\Programas\robo custos\lancar
2025-09-09 15:15:46,175 - INFO - Padrão *.xlsx: 1 arquivos encontrados
2025-09-09 15:15:46,175 - INFO - Padrão *.xls: 0 arquivos encontrados
2025-09-09 15:15:46,175 - INFO - Padrão *.csv: 0 arquivos encontrados
2025-09-09 15:15:46,175 - INFO - Total de arquivos encontrados: 1
2025-09-09 15:15:46,177 - INFO - Arquivo: 973.xlsx
2025-09-09 15:15:46,177 - INFO -   Data modificação: Tue Sep  9 15:05:31 2025
2025-09-09 15:15:46,183 - INFO -   Tamanho: 40586 bytes
2025-09-09 15:15:46,183 - INFO - Arquivo mais recente selecionado: 973.xlsx
2025-09-09 15:15:46,183 - INFO -   Caminho: \\192.168.1.250\Programas\robo custos\lancar\973.xlsx
2025-09-09 15:15:46,183 - INFO -   Data: Tue Sep  9 15:05:31 2025
2025-09-09 15:15:46,183 - INFO - Procurando próxima linha sem PA na coluna B (aba (973))...
2025-09-09 15:15:46,565 - INFO - Procurando aba com (973) no nome...
2025-09-09 15:15:46,592 - INFO - Verificando aba: 1 PA BATENTE JG (973)
2025-09-09 15:15:46,592 - INFO - ✅ Aba configurada encontrada: 1 PA BATENTE JG (973)
2025-09-09 15:15:46,592 - INFO - Usando aba: 1 PA BATENTE JG (973)
2025-09-09 15:15:46,808 - INFO - Próxima linha para processar (sem PA na coluna B): 95
2025-09-09 15:15:46,967 - INFO - 
================================================================================
📌 PROCESSANDO LINHA 95 (Sucesso: 0, Falhas: 0)
================================================================================
2025-09-09 15:15:46,968 - INFO - 🔑 PRIMEIRA LINHA - Executando processo completo com login...
2025-09-09 15:15:46,968 - INFO - === INICIANDO PROCESSO COMPLETO COM INSERÇÃO ===
2025-09-09 15:15:46,968 - INFO - Iniciando processo completo...
2025-09-09 15:15:46,968 - INFO - Lendo dados da próxima linha sem PA na coluna B...
2025-09-09 15:15:46,968 - INFO - Procurando planilha mais recente em: \\192.168.1.250\Programas\robo custos\lancar
2025-09-09 15:15:46,969 - INFO - Padrão *.xlsx: 1 arquivos encontrados
2025-09-09 15:15:46,969 - INFO - Padrão *.xls: 0 arquivos encontrados
2025-09-09 15:15:46,969 - INFO - Padrão *.csv: 0 arquivos encontrados
2025-09-09 15:15:46,969 - INFO - Total de arquivos encontrados: 1
2025-09-09 15:15:46,971 - INFO - Arquivo: 973.xlsx
2025-09-09 15:15:46,971 - INFO -   Data modificação: Tue Sep  9 15:05:31 2025
2025-09-09 15:15:46,971 - INFO -   Tamanho: 40586 bytes
2025-09-09 15:15:46,971 - INFO - Arquivo mais recente selecionado: 973.xlsx
2025-09-09 15:15:46,971 - INFO -   Caminho: \\192.168.1.250\Programas\robo custos\lancar\973.xlsx
2025-09-09 15:15:46,972 - INFO -   Data: Tue Sep  9 15:05:31 2025
2025-09-09 15:15:46,972 - INFO - Procurando próxima linha sem PA na coluna B (aba (973))...
2025-09-09 15:15:47,359 - INFO - Procurando aba com (973) no nome...
2025-09-09 15:15:47,369 - INFO - Verificando aba: 1 PA BATENTE JG (973)
2025-09-09 15:15:47,369 - INFO - ✅ Aba configurada encontrada: 1 PA BATENTE JG (973)
2025-09-09 15:15:47,384 - INFO - Usando aba: 1 PA BATENTE JG (973)
2025-09-09 15:15:47,598 - INFO - Próxima linha para processar (sem PA na coluna B): 95
2025-09-09 15:15:47,755 - INFO - Procurando planilha mais recente em: \\192.168.1.250\Programas\robo custos\lancar
2025-09-09 15:15:47,756 - INFO - Padrão *.xlsx: 1 arquivos encontrados
2025-09-09 15:15:47,756 - INFO - Padrão *.xls: 0 arquivos encontrados
2025-09-09 15:15:47,756 - INFO - Padrão *.csv: 0 arquivos encontrados
2025-09-09 15:15:47,757 - INFO - Total de arquivos encontrados: 1
2025-09-09 15:15:47,759 - INFO - Arquivo: 973.xlsx
2025-09-09 15:15:47,759 - INFO -   Data modificação: Tue Sep  9 15:05:31 2025
2025-09-09 15:15:47,759 - INFO -   Tamanho: 40586 bytes
2025-09-09 15:15:47,759 - INFO - Arquivo mais recente selecionado: 973.xlsx
2025-09-09 15:15:47,759 - INFO -   Caminho: \\192.168.1.250\Programas\robo custos\lancar\973.xlsx
2025-09-09 15:15:47,760 - INFO -   Data: Tue Sep  9 15:05:31 2025
2025-09-09 15:15:47,760 - INFO - Abrindo planilha via COM: \\192.168.1.250\Programas\robo custos\lancar\973.xlsx
2025-09-09 15:15:48,134 - INFO - Planilha aberta com sucesso!
2025-09-09 15:15:48,134 - INFO - Procurando aba com (973) no nome...
2025-09-09 15:15:48,159 - INFO - Verificando aba: 1 PA BATENTE JG (973)
2025-09-09 15:15:48,159 - INFO - ✅ Aba configurada encontrada: 1 PA BATENTE JG (973)
2025-09-09 15:15:48,159 - INFO - Usando aba: 1 PA BATENTE JG (973), linha: 95
2025-09-09 15:15:48,160 - INFO - Número extraído do nome da aba '1 PA BATENTE JG (973)': 973
2025-09-09 15:15:48,195 - INFO - Dados lidos da aba configurada - linha 95:
2025-09-09 15:15:48,195 - INFO -   Arquivo: 973.xlsx
2025-09-09 15:15:48,195 - INFO -   Nome da aba: 1 PA BATENTE JG (973)
2025-09-09 15:15:48,195 - INFO -   Número extraído: 973 (✅ CORRETO)
2025-09-09 15:15:48,195 - INFO -   Coluna A (controle): 1 PA BATENTE JG (973)
2025-09-09 15:15:48,195 - INFO -   Coluna B (PA existente): None
2025-09-09 15:15:48,195 - INFO -   📋 COLUNAS CONFIGURADAS (C até U):
2025-09-09 15:15:48,196 - INFO -     Coluna C: 1.0
2025-09-09 15:15:48,196 - INFO -     Coluna D: 70.0
2025-09-09 15:15:48,196 - INFO -     Coluna E: 2635.0
2025-09-09 15:15:48,196 - INFO -     Coluna F: INP
2025-09-09 15:15:48,196 - INFO -     Coluna G: 35.0
2025-09-09 15:15:48,196 - INFO -     Coluna H: N
2025-09-09 15:15:48,196 - INFO -     Coluna I: RB40
2025-09-09 15:15:48,196 - INFO -     Coluna J: 2.0
2025-09-09 15:15:48,196 - INFO -     Coluna K: 70.0
2025-09-09 15:15:48,196 - INFO -     Coluna L: 1008.0
2025-09-09 15:15:48,197 - INFO -     Coluna M: INP
2025-09-09 15:15:48,197 - INFO -     Coluna N: 35.0
2025-09-09 15:15:48,197 - INFO -     Coluna O: N
2025-09-09 15:15:48,197 - INFO -     Coluna P: RB40
2025-09-09 15:15:48,197 - INFO -     Coluna Q: 1.0
2025-09-09 15:15:48,197 - INFO -     Coluna R: JG
2025-09-09 15:15:48,197 - INFO -     Coluna S: 2103.0
2025-09-09 15:15:48,197 - INFO -     Coluna T: SUSIN
2025-09-09 15:15:48,197 - INFO -     Coluna U: SUSIN
2025-09-09 15:15:48,356 - INFO - Executando login...
2025-09-09 15:15:48,356 - INFO - Iniciando execução e login no programa
2025-09-09 15:15:48,358 - INFO - Iniciando programa: \\192.168.1.250\Programas\SYSTEAM\PROGRAMA\Indust\Engenh.exe
2025-09-09 15:15:49,282 - INFO - Programa iniciado com PID: 31852
2025-09-09 15:15:49,282 - INFO - Aguardando abertura da janela do programa...
2025-09-09 15:15:52,284 - INFO - Iniciando processo de login...
2025-09-09 15:15:52,285 - INFO - Inserindo nome de usuário
2025-09-09 15:15:54,496 - INFO - Inserindo senha
2025-09-09 15:15:56,706 - INFO - Usando número de empresa: 200
2025-09-09 15:15:59,915 - INFO - Login realizado com sucesso - Empresa: 200
2025-09-09 15:16:02,916 - INFO - Acessando configurador...
2025-09-09 15:16:02,916 - INFO - Iniciando acesso ao configurador...
2025-09-09 15:16:04,917 - INFO - Passo 1: Procurando e clicando no menu systeam...
2025-09-09 15:16:04,919 - INFO - Procurando imagem: img/menu systeam.PNG
2025-09-09 15:16:05,008 - INFO - Imagem encontrada em: Point(x=np.int64(26), y=np.int64(42))
2025-09-09 15:16:05,115 - INFO - Clique realizado em: Point(x=np.int64(26), y=np.int64(42))
2025-09-09 15:16:05,616 - INFO - Passo 2: Digitando 'configurador'...
2025-09-09 15:16:05,617 - INFO - Digitando texto: configurador
2025-09-09 15:16:06,221 - INFO - Passo 3: Procurando e clicando no módulo...
2025-09-09 15:16:06,222 - INFO - Procurando imagem: img/modulo item por descricao.PNG
2025-09-09 15:16:06,298 - INFO - Imagem encontrada em: Point(x=np.int64(660), y=np.int64(246))
2025-09-09 15:16:06,429 - INFO - Clique realizado em: Point(x=np.int64(660), y=np.int64(246))
2025-09-09 15:16:06,429 - INFO - Configurador acessado com sucesso!
2025-09-09 15:16:07,430 - INFO - Pesquisando tipo 973...
2025-09-09 15:16:07,430 - INFO - Iniciando pesquisa do tipo: 973
2025-09-09 15:16:09,431 - INFO - Passo 1: Procurando e clicando no botão pesquisar tipos...
2025-09-09 15:16:09,432 - INFO - Procurando imagem: img/pesquisar tipos 615.PNG
2025-09-09 15:16:09,531 - INFO - Imagem encontrada em: Point(x=np.int64(620), y=np.int64(78))
2025-09-09 15:16:09,647 - INFO - Clique realizado em: Point(x=np.int64(620), y=np.int64(78))
2025-09-09 15:16:10,148 - INFO - Passo 2: Digitando '973'...
2025-09-09 15:16:10,149 - INFO - Digitando texto: 973
2025-09-09 15:16:10,856 - INFO - Pesquisa do tipo 973 realizada com sucesso!
2025-09-09 15:16:10,857 - INFO - Processo completo executado com sucesso!
2025-09-09 15:16:12,859 - INFO - Navegando com 7x Tab...
2025-09-09 15:16:13,962 - INFO - Tab 1/7 pressionado
2025-09-09 15:16:14,363 - INFO - Tab 2/7 pressionado
2025-09-09 15:16:14,766 - INFO - Tab 3/7 pressionado
2025-09-09 15:16:15,168 - INFO - Tab 4/7 pressionado
2025-09-09 15:16:15,571 - INFO - Tab 5/7 pressionado
2025-09-09 15:16:15,973 - INFO - Tab 6/7 pressionado
2025-09-09 15:16:16,376 - INFO - Tab 7/7 pressionado
2025-09-09 15:16:16,677 - INFO - Navegação com 7x Tab concluída!
2025-09-09 15:16:17,679 - INFO - Processando linha 95
2025-09-09 15:16:17,680 - INFO - === INSERÇÃO SEQUENCIAL CONFIGURADA ===
2025-09-09 15:16:17,680 - INFO - Preenchendo colunas: C até U
2025-09-09 15:16:17,681 - INFO - Total de colunas: 19
2025-09-09 15:16:18,682 - INFO - 📝 INSERINDO C: '1'
2025-09-09 15:16:20,487 - INFO - 📝 INSERINDO D: '70'
2025-09-09 15:16:22,292 - INFO - 📝 INSERINDO E: '2635'
2025-09-09 15:16:24,098 - INFO - 📝 INSERINDO F: 'INP'
2025-09-09 15:16:25,905 - INFO - 📝 INSERINDO G: '35'
2025-09-09 15:16:27,713 - INFO - 📝 INSERINDO H: 'N'
2025-09-09 15:16:29,518 - INFO - 📝 INSERINDO I: 'RB40'
2025-09-09 15:16:31,325 - INFO - 📝 INSERINDO J: '2'
2025-09-09 15:16:33,130 - INFO - 📝 INSERINDO K: '70'
2025-09-09 15:16:34,935 - INFO - 📝 INSERINDO L: '1008'
2025-09-09 15:16:36,739 - INFO - 📝 INSERINDO M: 'INP'
2025-09-09 15:16:38,544 - INFO - 📝 INSERINDO N: '35'
2025-09-09 15:16:40,349 - INFO - 📝 INSERINDO O: 'N'
2025-09-09 15:16:42,156 - INFO - 📝 INSERINDO P: 'RB40'
2025-09-09 15:16:43,968 - INFO - 📝 INSERINDO Q: '1'
2025-09-09 15:16:45,773 - INFO - 📝 INSERINDO R: 'JG'
2025-09-09 15:16:47,576 - INFO - 📝 INSERINDO S: '2103'
2025-09-09 15:16:49,382 - INFO - 📝 INSERINDO T: 'SUSIN'
2025-09-09 15:16:51,191 - INFO - 📝 INSERINDO U: 'SUSIN'
2025-09-09 15:16:52,105 - INFO - Pressionando F2 para finalizar...
2025-09-09 15:16:52,207 - INFO - Aguardando após F2...
2025-09-09 15:16:55,207 - INFO - ✅ Inserção configurada concluída!
2025-09-09 15:16:55,209 - INFO - === PROCESSANDO RESULTADO APÓS F2 ===
2025-09-09 15:16:58,409 - INFO - ♻️ ITEM JÁ CADASTRADO - janela informacao.PNG encontrada diretamente!
2025-09-09 15:16:58,409 - INFO - Extraindo PA da janela na posição: Box(left=np.int64(676), top=np.int64(401), width=57, height=76)
2025-09-09 15:16:58,410 - INFO - Capturando região da tela para OCR...
2025-09-09 15:16:58,444 - INFO - Iniciando pré-processamento da imagem para melhorar a leitura...
2025-09-09 15:16:58,481 - INFO - 💾 Imagem pré-processada para OCR salva como: DEBUG_imagem_para_ocr_1757441818.png
2025-09-09 15:16:58,695 - INFO - 📄 TEXTO EXTRAÍDO DA IMAGEM PROCESSADA:
Informação x
Descrição Completa “CAIXILHO MADEIRA REFLORESTADA JG
8701 - BRANCO NEVE PLUS RB40 - REB 40,5 €/ 2 PCS LAT. 2635
X70X35 E 1 PC SUP. 1008 X 70 X 35 MM EMEB. 2103 FECH.
S/USIN DOS. S/USIN UM. 10-16%" já cadastrada para o item
*PA139547'

2025-09-09 15:16:58,696 - INFO - Texto original do OCR: 'Informação x\nDescrição Completa “CAIXILHO MADEIRA REFLORESTADA JG\n8701 - BRANCO NEVE PLUS RB40 - REB 40,5 €/ 2 PCS LAT. 2635\nX70X35 E 1 PC SUP. 1008 X 70 X 35 MM EMEB. 2103 FECH.\nS/USIN DOS. S/USIN UM. 10-16%" já cadastrada para o item\n*PA139547\'\n'
2025-09-09 15:16:58,696 - INFO - Texto após correções automáticas: '1NF0RMAÇÃ0 X DE5CR1ÇÃ0 C0MPLE7A “CA1X1LH0 MADE1RA REFL0RE57ADA JG 8701 - 8RANC0 NEVE PLU5 R840 - RE8 40,5 €/ 2 PC5 LA7. 2635 X70X35 E 1 PC 5UP. 1008 X 70 X 35 MM EME8. 2103 FECH. 5/U51N D05. 5/U51N UM. 10-16%" JÁ CADA57RADA PARA 0 17EM *PA139547\' '
2025-09-09 15:16:58,697 - INFO - Testando padrão numérico 1: ITEM\s*[\'"]?PA(\d{4,8})[\'"]?
2025-09-09 15:16:58,697 - INFO - Testando padrão numérico 2: CADASTRAD[AO]\s+PARA\s+O\s+ITEM\s*[\'"]?PA(\d{4,8})[\'"]?
2025-09-09 15:16:58,698 - INFO - Testando padrão numérico 3: PA(\d{4,8})
2025-09-09 15:16:58,698 - INFO - ✓ SUCESSO! PA numérico extraído com padrão 3: PA139547
2025-09-09 15:16:59,799 - INFO - ✅ PA EXTRAÍDO: PA139547
2025-09-09 15:16:59,800 - INFO - Procurando planilha mais recente em: \\192.168.1.250\Programas\robo custos\lancar
2025-09-09 15:16:59,803 - INFO - Padrão *.xlsx: 1 arquivos encontrados
2025-09-09 15:16:59,804 - INFO - Padrão *.xls: 0 arquivos encontrados
2025-09-09 15:16:59,805 - INFO - Padrão *.csv: 0 arquivos encontrados
2025-09-09 15:16:59,806 - INFO - Total de arquivos encontrados: 1
2025-09-09 15:16:59,809 - INFO - Arquivo: 973.xlsx
2025-09-09 15:16:59,810 - INFO -   Data modificação: Tue Sep  9 15:05:31 2025
2025-09-09 15:16:59,810 - INFO -   Tamanho: 40586 bytes
2025-09-09 15:16:59,811 - INFO - Arquivo mais recente selecionado: 973.xlsx
2025-09-09 15:16:59,812 - INFO -   Caminho: \\192.168.1.250\Programas\robo custos\lancar\973.xlsx
2025-09-09 15:16:59,812 - INFO -   Data: Tue Sep  9 15:05:31 2025
2025-09-09 15:16:59,813 - INFO - Abrindo planilha '973.xlsx' para salvar o PA...
2025-09-09 15:17:00,512 - INFO - Procurando aba com (973) no nome...
2025-09-09 15:17:00,538 - INFO - Verificando aba: 1 PA BATENTE JG (973)
2025-09-09 15:17:00,538 - INFO - ✅ Aba configurada encontrada: 1 PA BATENTE JG (973)
2025-09-09 15:17:00,538 - INFO - Usando aba: 1 PA BATENTE JG (973)
2025-09-09 15:17:00,538 - INFO - Escrevendo o código 'PA139547' na célula B95...
2025-09-09 15:17:00,541 - INFO - Salvando o ficheiro Excel...
2025-09-09 15:17:00,707 - INFO - Fechando o ficheiro Excel...
2025-09-09 15:17:00,726 - INFO - Encerrando a instância do Excel...
2025-09-09 15:17:00,863 - INFO - Aguardando 1 segundo para garantir que o ficheiro foi atualizado na rede...
2025-09-09 15:17:01,864 - INFO - ✅ Código PA salvo na aba configurada - linha 95.
2025-09-09 15:17:01,866 - INFO - === PROCESSO COMPLETO COM INSERÇÃO FINALIZADO ===
2025-09-09 15:17:01,866 - INFO - ⏸️ Pausa 
2025-09-09 15:17:02,867 - INFO - Procurando planilha mais recente em: \\192.168.1.250\Programas\robo custos\lancar
2025-09-09 15:17:02,870 - INFO - Padrão *.xlsx: 1 arquivos encontrados
2025-09-09 15:17:02,871 - INFO - Padrão *.xls: 0 arquivos encontrados
2025-09-09 15:17:02,873 - INFO - Padrão *.csv: 0 arquivos encontrados
2025-09-09 15:17:02,873 - INFO - Total de arquivos encontrados: 1
2025-09-09 15:17:02,876 - INFO - Arquivo: 973.xlsx
2025-09-09 15:17:02,876 - INFO -   Data modificação: Tue Sep  9 15:17:00 2025
2025-09-09 15:17:02,876 - INFO -   Tamanho: 40589 bytes
2025-09-09 15:17:02,877 - INFO - Arquivo mais recente selecionado: 973.xlsx
2025-09-09 15:17:02,877 - INFO -   Caminho: \\192.168.1.250\Programas\robo custos\lancar\973.xlsx
2025-09-09 15:17:02,878 - INFO -   Data: Tue Sep  9 15:17:00 2025
2025-09-09 15:17:02,878 - INFO - Procurando próxima linha sem PA na coluna B (aba (973))...
2025-09-09 15:17:03,564 - INFO - Procurando aba com (973) no nome...
2025-09-09 15:17:03,589 - INFO - Verificando aba: 1 PA BATENTE JG (973)
2025-09-09 15:17:03,589 - INFO - ✅ Aba configurada encontrada: 1 PA BATENTE JG (973)
2025-09-09 15:17:03,590 - INFO - Usando aba: 1 PA BATENTE JG (973)
2025-09-09 15:17:03,871 - INFO - Próxima linha para processar (sem PA na coluna B): 96
2025-09-09 15:17:04,032 - INFO - 
================================================================================
📌 PROCESSANDO LINHA 96 (Sucesso: 1, Falhas: 0)
================================================================================
2025-09-09 15:17:04,032 - INFO - 🔄 LINHA SEGUINTE (96) - Executando sequência de reinício...
2025-09-09 15:17:04,032 - INFO - 🔄 === INICIANDO SEQUÊNCIA DE REINÍCIO (SIMPLIFICADA) ===
2025-09-09 15:17:04,032 - INFO - 🔍 Verificando se a janela de informação precisa ser fechada...
2025-09-09 15:17:04,124 - INFO - ✅ Janela de informação não está na tela.
2025-09-09 15:17:04,125 - INFO - Dimensões da tela: 1746x922
2025-09-09 15:17:04,126 - INFO - Passo 1: Movendo mouse para o centro (873, 461) e clicando.
2025-09-09 15:17:05,898 - INFO - Passo 2: Pressionando Home.
2025-09-09 15:17:06,500 - INFO - ✅ Sequência de reinício SIMPLIFICADA executada com sucesso!
2025-09-09 15:17:06,501 - INFO - 📋 PROCESSANDO LINHA 96...
2025-09-09 15:17:06,502 - INFO - Procurando planilha mais recente em: \\192.168.1.250\Programas\robo custos\lancar
2025-09-09 15:17:06,504 - INFO - Padrão *.xlsx: 1 arquivos encontrados
2025-09-09 15:17:06,506 - INFO - Padrão *.xls: 0 arquivos encontrados
2025-09-09 15:17:06,507 - INFO - Padrão *.csv: 0 arquivos encontrados
2025-09-09 15:17:06,508 - INFO - Total de arquivos encontrados: 1
2025-09-09 15:17:06,513 - INFO - Arquivo: 973.xlsx
2025-09-09 15:17:06,514 - INFO -   Data modificação: Tue Sep  9 15:17:00 2025
2025-09-09 15:17:06,515 - INFO -   Tamanho: 40589 bytes
2025-09-09 15:17:06,516 - INFO - Arquivo mais recente selecionado: 973.xlsx
2025-09-09 15:17:06,517 - INFO -   Caminho: \\192.168.1.250\Programas\robo custos\lancar\973.xlsx
2025-09-09 15:17:06,518 - INFO -   Data: Tue Sep  9 15:17:00 2025
2025-09-09 15:17:06,518 - INFO - Abrindo planilha via COM: \\192.168.1.250\Programas\robo custos\lancar\973.xlsx
2025-09-09 15:17:06,898 - INFO - Planilha aberta com sucesso!
2025-09-09 15:17:06,898 - INFO - Procurando aba com (973) no nome...
2025-09-09 15:17:06,924 - INFO - Verificando aba: 1 PA BATENTE JG (973)
2025-09-09 15:17:06,924 - INFO - ✅ Aba configurada encontrada: 1 PA BATENTE JG (973)
2025-09-09 15:17:06,924 - INFO - Usando aba: 1 PA BATENTE JG (973), linha: 96
2025-09-09 15:17:06,925 - INFO - Número extraído do nome da aba '1 PA BATENTE JG (973)': 973
2025-09-09 15:17:06,955 - INFO - Dados lidos da aba configurada - linha 96:
2025-09-09 15:17:06,956 - INFO -   Arquivo: 973.xlsx
2025-09-09 15:17:06,956 - INFO -   Nome da aba: 1 PA BATENTE JG (973)
2025-09-09 15:17:06,956 - INFO -   Número extraído: 973 (✅ CORRETO)
2025-09-09 15:17:06,956 - INFO -   Coluna A (controle): 1 PA BATENTE JG (973)
2025-09-09 15:17:06,956 - INFO -   Coluna B (PA existente): None
2025-09-09 15:17:06,956 - INFO -   📋 COLUNAS CONFIGURADAS (C até U):
2025-09-09 15:17:06,957 - INFO -     Coluna C: 1.0
2025-09-09 15:17:06,957 - INFO -     Coluna D: 90.0
2025-09-09 15:17:06,957 - INFO -     Coluna E: 2635.0
2025-09-09 15:17:06,957 - INFO -     Coluna F: INP
2025-09-09 15:17:06,957 - INFO -     Coluna G: 35.0
2025-09-09 15:17:06,957 - INFO -     Coluna H: N
2025-09-09 15:17:06,958 - INFO -     Coluna I: RB40
2025-09-09 15:17:06,958 - INFO -     Coluna J: 2.0
2025-09-09 15:17:06,958 - INFO -     Coluna K: 90.0
2025-09-09 15:17:06,958 - INFO -     Coluna L: 1008.0
2025-09-09 15:17:06,958 - INFO -     Coluna M: INP
2025-09-09 15:17:06,958 - INFO -     Coluna N: 35.0
2025-09-09 15:17:06,958 - INFO -     Coluna O: N
2025-09-09 15:17:06,958 - INFO -     Coluna P: RB40
2025-09-09 15:17:06,958 - INFO -     Coluna Q: 1.0
2025-09-09 15:17:06,958 - INFO -     Coluna R: JG
2025-09-09 15:17:06,959 - INFO -     Coluna S: 2103.0
2025-09-09 15:17:06,959 - INFO -     Coluna T: SUSIN
2025-09-09 15:17:06,959 - INFO -     Coluna U: SUSIN
2025-09-09 15:17:07,113 - INFO - Processando linha 96
2025-09-09 15:17:07,114 - INFO - === INSERÇÃO SEQUENCIAL CONFIGURADA ===
2025-09-09 15:17:07,114 - INFO - Preenchendo colunas: C até U
2025-09-09 15:17:07,114 - INFO - Total de colunas: 19
2025-09-09 15:17:08,114 - INFO - 📝 INSERINDO C: '1'
2025-09-09 15:17:09,919 - INFO - 📝 INSERINDO D: '90'
2025-09-09 15:17:11,301 - INFO - 
🛑 Execução interrompida pelo usuário.
