2025-09-09 10:52:02,071 - INFO - 🚀 === INICIANDO CADASTRO COMPLETO A PARTIR DO MAIN ===
2025-09-09 10:52:02,071 - INFO - Procurando planilha mais recente em: \\192.168.1.250\Programas\robo custos\lancar
2025-09-09 10:52:02,074 - INFO - Padrão *.xlsx: 1 arquivos encontrados
2025-09-09 10:52:02,074 - INFO - Padrão *.xls: 0 arquivos encontrados
2025-09-09 10:52:02,074 - INFO - Padrão *.csv: 0 arquivos encontrados
2025-09-09 10:52:02,074 - INFO - Total de arquivos encontrados: 1
2025-09-09 10:52:02,076 - INFO - Arquivo: 973.xlsx
2025-09-09 10:52:02,076 - INFO -   Data modificação: Tue Sep  9 10:47:03 2025
2025-09-09 10:52:02,082 - INFO -   Tamanho: 39883 bytes
2025-09-09 10:52:02,083 - INFO - Arquivo mais recente selecionado: 973.xlsx
2025-09-09 10:52:02,083 - INFO -   Caminho: \\192.168.1.250\Programas\robo custos\lancar\973.xlsx
2025-09-09 10:52:02,083 - INFO -   Data: Tue Sep  9 10:47:03 2025
2025-09-09 10:52:02,083 - INFO - Procurando próxima linha sem PA na coluna B (aba (973))...
2025-09-09 10:52:02,441 - INFO - Procurando aba com (973) no nome...
2025-09-09 10:52:02,464 - INFO - Verificando aba: 1 PA BATENTE JG (973)
2025-09-09 10:52:02,464 - INFO - ✅ Aba configurada encontrada: 1 PA BATENTE JG (973)
2025-09-09 10:52:02,464 - INFO - Usando aba: 1 PA BATENTE JG (973)
2025-09-09 10:52:02,473 - INFO - Próxima linha para processar (sem PA na coluna B): 4
2025-09-09 10:52:02,588 - INFO - 
================================================================================
📌 PROCESSANDO LINHA 4 (Sucesso: 0, Falhas: 0)
================================================================================
2025-09-09 10:52:02,588 - INFO - 🔑 PRIMEIRA LINHA - Executando processo completo com login...
2025-09-09 10:52:02,589 - INFO - === INICIANDO PROCESSO COMPLETO COM INSERÇÃO ===
2025-09-09 10:52:02,589 - INFO - Iniciando processo completo...
2025-09-09 10:52:02,589 - INFO - Lendo dados da próxima linha sem PA na coluna B...
2025-09-09 10:52:02,589 - INFO - Procurando planilha mais recente em: \\192.168.1.250\Programas\robo custos\lancar
2025-09-09 10:52:02,589 - INFO - Padrão *.xlsx: 1 arquivos encontrados
2025-09-09 10:52:02,590 - INFO - Padrão *.xls: 0 arquivos encontrados
2025-09-09 10:52:02,590 - INFO - Padrão *.csv: 0 arquivos encontrados
2025-09-09 10:52:02,590 - INFO - Total de arquivos encontrados: 1
2025-09-09 10:52:02,591 - INFO - Arquivo: 973.xlsx
2025-09-09 10:52:02,591 - INFO -   Data modificação: Tue Sep  9 10:47:03 2025
2025-09-09 10:52:02,591 - INFO -   Tamanho: 39883 bytes
2025-09-09 10:52:02,591 - INFO - Arquivo mais recente selecionado: 973.xlsx
2025-09-09 10:52:02,591 - INFO -   Caminho: \\192.168.1.250\Programas\robo custos\lancar\973.xlsx
2025-09-09 10:52:02,591 - INFO -   Data: Tue Sep  9 10:47:03 2025
2025-09-09 10:52:02,591 - INFO - Procurando próxima linha sem PA na coluna B (aba (973))...
2025-09-09 10:52:03,284 - INFO - Procurando aba com (973) no nome...
2025-09-09 10:52:03,306 - INFO - Verificando aba: 1 PA BATENTE JG (973)
2025-09-09 10:52:03,306 - INFO - ✅ Aba configurada encontrada: 1 PA BATENTE JG (973)
2025-09-09 10:52:03,306 - INFO - Usando aba: 1 PA BATENTE JG (973)
2025-09-09 10:52:03,313 - INFO - Próxima linha para processar (sem PA na coluna B): 4
2025-09-09 10:52:03,428 - INFO - Procurando planilha mais recente em: \\192.168.1.250\Programas\robo custos\lancar
2025-09-09 10:52:03,429 - INFO - Padrão *.xlsx: 1 arquivos encontrados
2025-09-09 10:52:03,429 - INFO - Padrão *.xls: 0 arquivos encontrados
2025-09-09 10:52:03,430 - INFO - Padrão *.csv: 0 arquivos encontrados
2025-09-09 10:52:03,430 - INFO - Total de arquivos encontrados: 1
2025-09-09 10:52:03,431 - INFO - Arquivo: 973.xlsx
2025-09-09 10:52:03,431 - INFO -   Data modificação: Tue Sep  9 10:47:03 2025
2025-09-09 10:52:03,432 - INFO -   Tamanho: 39883 bytes
2025-09-09 10:52:03,432 - INFO - Arquivo mais recente selecionado: 973.xlsx
2025-09-09 10:52:03,432 - INFO -   Caminho: \\192.168.1.250\Programas\robo custos\lancar\973.xlsx
2025-09-09 10:52:03,432 - INFO -   Data: Tue Sep  9 10:47:03 2025
2025-09-09 10:52:03,432 - INFO - Abrindo planilha via COM: \\192.168.1.250\Programas\robo custos\lancar\973.xlsx
2025-09-09 10:52:03,791 - INFO - Planilha aberta com sucesso!
2025-09-09 10:52:03,792 - INFO - Procurando aba com (973) no nome...
2025-09-09 10:52:03,813 - INFO - Verificando aba: 1 PA BATENTE JG (973)
2025-09-09 10:52:03,814 - INFO - ✅ Aba configurada encontrada: 1 PA BATENTE JG (973)
2025-09-09 10:52:03,815 - INFO - Usando aba: 1 PA BATENTE JG (973), linha: 4
2025-09-09 10:52:03,816 - INFO - Número extraído do nome da aba '1 PA BATENTE JG (973)': 973
2025-09-09 10:52:03,844 - INFO - Dados lidos da aba configurada - linha 4:
2025-09-09 10:52:03,844 - INFO -   Arquivo: 973.xlsx
2025-09-09 10:52:03,844 - INFO -   Nome da aba: 1 PA BATENTE JG (973)
2025-09-09 10:52:03,844 - INFO -   Número extraído: 973 (✅ CORRETO)
2025-09-09 10:52:03,844 - INFO -   Coluna A (controle): 1 PA BATENTE JG (973)
2025-09-09 10:52:03,844 - INFO -   Coluna B (PA existente): None
2025-09-09 10:52:03,844 - INFO -   📋 COLUNAS CONFIGURADAS (C até U):
2025-09-09 10:52:03,845 - INFO -     Coluna C: 1.0
2025-09-09 10:52:03,845 - INFO -     Coluna D: 90.0
2025-09-09 10:52:03,845 - INFO -     Coluna E: 2135.0
2025-09-09 10:52:03,845 - INFO -     Coluna F: INP
2025-09-09 10:52:03,845 - INFO -     Coluna G: 35.0
2025-09-09 10:52:03,845 - INFO -     Coluna H: N
2025-09-09 10:52:03,845 - INFO -     Coluna I: RB40
2025-09-09 10:52:03,845 - INFO -     Coluna J: 2.0
2025-09-09 10:52:03,846 - INFO -     Coluna K: 90.0
2025-09-09 10:52:03,846 - INFO -     Coluna L: 1008.0
2025-09-09 10:52:03,846 - INFO -     Coluna M: INP
2025-09-09 10:52:03,846 - INFO -     Coluna N: 35.0
2025-09-09 10:52:03,846 - INFO -     Coluna O: N
2025-09-09 10:52:03,846 - INFO -     Coluna P: RB40
2025-09-09 10:52:03,846 - INFO -     Coluna Q: 1.0
2025-09-09 10:52:03,846 - INFO -     Coluna R: JG
2025-09-09 10:52:03,846 - INFO -     Coluna S: 2103.0
2025-09-09 10:52:03,846 - INFO -     Coluna T: SUSIN
2025-09-09 10:52:03,846 - INFO -     Coluna U: SUSIN
2025-09-09 10:52:03,960 - INFO - Executando login...
2025-09-09 10:52:03,960 - INFO - Iniciando execução e login no programa
2025-09-09 10:52:03,961 - INFO - Iniciando programa: \\192.168.1.250\Programas\SYSTEAM\PROGRAMA\Indust\Engenh.exe
2025-09-09 10:52:04,865 - INFO - Programa iniciado com PID: 17188
2025-09-09 10:52:04,866 - INFO - Aguardando abertura da janela do programa...
2025-09-09 10:52:07,867 - INFO - Iniciando processo de login...
2025-09-09 10:52:07,868 - INFO - Inserindo nome de usuário
2025-09-09 10:52:10,075 - INFO - Inserindo senha
2025-09-09 10:52:12,278 - INFO - Usando número de empresa: 200
2025-09-09 10:52:15,486 - INFO - Login realizado com sucesso - Empresa: 200
2025-09-09 10:52:18,488 - INFO - Acessando configurador...
2025-09-09 10:52:18,489 - INFO - Iniciando acesso ao configurador...
2025-09-09 10:52:20,491 - INFO - Passo 1: Procurando e clicando no menu systeam...
2025-09-09 10:52:20,492 - INFO - Procurando imagem: img/menu systeam.PNG
2025-09-09 10:52:20,565 - INFO - Imagem encontrada em: Point(x=np.int64(26), y=np.int64(42))
2025-09-09 10:52:20,696 - INFO - Clique realizado em: Point(x=np.int64(26), y=np.int64(42))
2025-09-09 10:52:21,197 - INFO - Passo 2: Digitando 'configurador'...
2025-09-09 10:52:21,198 - INFO - Digitando texto: configurador
2025-09-09 10:52:21,800 - INFO - Passo 3: Procurando e clicando no módulo...
2025-09-09 10:52:21,801 - INFO - Procurando imagem: img/modulo item por descricao.PNG
2025-09-09 10:52:21,892 - INFO - Imagem encontrada em: Point(x=np.int64(660), y=np.int64(246))
2025-09-09 10:52:22,008 - INFO - Clique realizado em: Point(x=np.int64(660), y=np.int64(246))
2025-09-09 10:52:22,008 - INFO - Configurador acessado com sucesso!
2025-09-09 10:52:23,009 - INFO - Pesquisando tipo 973...
2025-09-09 10:52:23,010 - INFO - Iniciando pesquisa do tipo: 973
2025-09-09 10:52:25,012 - INFO - Passo 1: Procurando e clicando no botão pesquisar tipos...
2025-09-09 10:52:25,014 - INFO - Procurando imagem: img/pesquisar tipos 615.PNG
2025-09-09 10:52:25,095 - INFO - Imagem encontrada em: Point(x=np.int64(620), y=np.int64(78))
2025-09-09 10:52:25,228 - INFO - Clique realizado em: Point(x=np.int64(620), y=np.int64(78))
2025-09-09 10:52:25,729 - INFO - Passo 2: Digitando '973'...
2025-09-09 10:52:25,729 - INFO - Digitando texto: 973
2025-09-09 10:52:26,433 - INFO - Pesquisa do tipo 973 realizada com sucesso!
2025-09-09 10:52:26,434 - INFO - Processo completo executado com sucesso!
2025-09-09 10:52:28,436 - INFO - Navegando com 7x Tab...
2025-09-09 10:52:29,537 - INFO - Tab 1/7 pressionado
2025-09-09 10:52:29,940 - INFO - Tab 2/7 pressionado
2025-09-09 10:52:30,343 - INFO - Tab 3/7 pressionado
2025-09-09 10:52:30,746 - INFO - Tab 4/7 pressionado
2025-09-09 10:52:31,149 - INFO - Tab 5/7 pressionado
2025-09-09 10:52:31,551 - INFO - Tab 6/7 pressionado
2025-09-09 10:52:31,953 - INFO - Tab 7/7 pressionado
2025-09-09 10:52:32,255 - INFO - Navegação com 7x Tab concluída!
2025-09-09 10:52:33,257 - INFO - Processando linha 4
2025-09-09 10:52:33,258 - INFO - === INSERÇÃO SEQUENCIAL CONFIGURADA ===
2025-09-09 10:52:33,258 - INFO - Preenchendo colunas: C até U
2025-09-09 10:52:33,259 - INFO - Total de colunas: 19
2025-09-09 10:52:34,260 - INFO - 📝 INSERINDO C: '1'
2025-09-09 10:52:35,465 - INFO - 📝 INSERINDO D: '90'
2025-09-09 10:52:36,671 - INFO - 📝 INSERINDO E: '2135'
2025-09-09 10:52:37,875 - INFO - 📝 INSERINDO F: 'INP'
2025-09-09 10:52:39,089 - INFO - 📝 INSERINDO G: '35'
2025-09-09 10:52:40,292 - INFO - 📝 INSERINDO H: 'N'
2025-09-09 10:52:41,498 - INFO - 📝 INSERINDO I: 'RB40'
2025-09-09 10:52:42,703 - INFO - 📝 INSERINDO J: '2'
2025-09-09 10:52:43,907 - INFO - 📝 INSERINDO K: '90'
2025-09-09 10:52:45,113 - INFO - 📝 INSERINDO L: '1008'
2025-09-09 10:52:46,318 - INFO - 📝 INSERINDO M: 'INP'
2025-09-09 10:52:47,524 - INFO - 📝 INSERINDO N: '35'
2025-09-09 10:52:48,728 - INFO - 📝 INSERINDO O: 'N'
2025-09-09 10:52:49,934 - INFO - 📝 INSERINDO P: 'RB40'
2025-09-09 10:52:51,138 - INFO - 📝 INSERINDO Q: '1'
2025-09-09 10:52:52,341 - INFO - 📝 INSERINDO R: 'JG'
2025-09-09 10:52:53,548 - INFO - 📝 INSERINDO S: '2103'
2025-09-09 10:52:54,757 - INFO - 📝 INSERINDO T: 'SUSIN'
2025-09-09 10:52:55,970 - INFO - 📝 INSERINDO U: 'SUSIN'
2025-09-09 10:52:56,582 - INFO - Pressionando F2 para finalizar...
2025-09-09 10:52:56,684 - INFO - Aguardando após F2...
2025-09-09 10:52:59,686 - INFO - ✅ Inserção configurada concluída!
2025-09-09 10:52:59,687 - INFO - === PROCESSANDO RESULTADO APÓS F2 ===
2025-09-09 10:53:02,894 - INFO - ♻️ ITEM JÁ CADASTRADO - janela informacao.PNG encontrada diretamente!
2025-09-09 10:53:02,894 - INFO - Extraindo PA da janela na posição: Box(left=np.int64(676), top=np.int64(401), width=57, height=76)
2025-09-09 10:53:02,895 - INFO - Capturando região da tela para OCR...
2025-09-09 10:53:02,931 - INFO - Iniciando pré-processamento da imagem para melhorar a leitura...
2025-09-09 10:53:03,005 - INFO - 💾 Imagem pré-processada para OCR salva como: DEBUG_imagem_para_ocr_1757425982.png
2025-09-09 10:53:03,208 - INFO - 📄 TEXTO EXTRAÍDO DA IMAGEM PROCESSADA:
(FBN, Descrição: Completa *CAIXILHO!MADEIRAREFLORESTADA)G
(|

2025-09-09 10:53:03,208 - INFO - Texto original do OCR: '(FBN, Descrição: Completa *CAIXILHO!MADEIRAREFLORESTADA)G\n(|\n'
2025-09-09 10:53:03,208 - INFO - Texto após correções automáticas: '(F8N, DE5CR1ÇÃ0: C0MPLE7A *CA1X1LH0!MADE1RAREFL0RE57ADA)G (| '
2025-09-09 10:53:03,209 - INFO - Testando padrão numérico 1: ITEM\s*[\'"]?PA(\d{4,8})[\'"]?
2025-09-09 10:53:03,209 - INFO - Testando padrão numérico 2: CADASTRAD[AO]\s+PARA\s+O\s+ITEM\s*[\'"]?PA(\d{4,8})[\'"]?
2025-09-09 10:53:03,210 - INFO - Testando padrão numérico 3: PA(\d{4,8})
2025-09-09 10:53:03,210 - INFO - Testando padrão numérico 4: BA(\d{4,8})
2025-09-09 10:53:03,210 - WARNING - NENHUM código PA numérico encontrado no texto, mesmo após correções.
2025-09-09 10:53:03,210 - WARNING - Texto original analisado: (FBN, Descrição: Completa *CAIXILHO!MADEIRAREFLORESTADA)G (| ...
2025-09-09 10:53:04,312 - WARNING - ⚠️ PA NÃO foi extraído da região marcada
2025-09-09 10:53:04,315 - WARNING - ✗ Código PA não foi obtido. Salvando status de erro na planilha.
2025-09-09 10:53:04,316 - WARNING - Código PA inválido, não salvando na planilha
2025-09-09 10:53:04,317 - ERROR - Falha ao inserir dados da planilha
2025-09-09 10:53:04,318 - INFO - ⏸️ Pausa 
2025-09-09 10:53:05,319 - INFO - Procurando planilha mais recente em: \\192.168.1.250\Programas\robo custos\lancar
2025-09-09 10:53:05,323 - INFO - Padrão *.xlsx: 1 arquivos encontrados
2025-09-09 10:53:05,324 - INFO - Padrão *.xls: 0 arquivos encontrados
2025-09-09 10:53:05,325 - INFO - Padrão *.csv: 0 arquivos encontrados
2025-09-09 10:53:05,325 - INFO - Total de arquivos encontrados: 1
2025-09-09 10:53:05,328 - INFO - Arquivo: 973.xlsx
2025-09-09 10:53:05,328 - INFO -   Data modificação: Tue Sep  9 10:47:03 2025
2025-09-09 10:53:05,328 - INFO -   Tamanho: 39883 bytes
2025-09-09 10:53:05,329 - INFO - Arquivo mais recente selecionado: 973.xlsx
2025-09-09 10:53:05,329 - INFO -   Caminho: \\192.168.1.250\Programas\robo custos\lancar\973.xlsx
2025-09-09 10:53:05,330 - INFO -   Data: Tue Sep  9 10:47:03 2025
2025-09-09 10:53:05,330 - INFO - Procurando próxima linha sem PA na coluna B (aba (973))...
2025-09-09 10:53:05,714 - INFO - Procurando aba com (973) no nome...
2025-09-09 10:53:05,737 - INFO - Verificando aba: 1 PA BATENTE JG (973)
2025-09-09 10:53:05,738 - INFO - ✅ Aba configurada encontrada: 1 PA BATENTE JG (973)
2025-09-09 10:53:05,738 - INFO - Usando aba: 1 PA BATENTE JG (973)
2025-09-09 10:53:05,747 - INFO - Próxima linha para processar (sem PA na coluna B): 4
2025-09-09 10:53:05,861 - INFO - 
================================================================================
📌 PROCESSANDO LINHA 4 (Sucesso: 0, Falhas: 1)
================================================================================
2025-09-09 10:53:05,861 - INFO - 🔄 LINHA SEGUINTE (4) - Executando sequência de reinício...
2025-09-09 10:53:05,861 - INFO - 🔄 === INICIANDO SEQUÊNCIA DE REINÍCIO (SIMPLIFICADA) ===
2025-09-09 10:53:05,862 - INFO - 🔍 Verificando se a janela de informação precisa ser fechada...
2025-09-09 10:53:05,953 - INFO - ✅ Janela de informação não está na tela.
2025-09-09 10:53:05,954 - INFO - Dimensões da tela: 1746x922
2025-09-09 10:53:05,955 - INFO - Passo 1: Movendo mouse para o centro (873, 461) e clicando.
2025-09-09 10:53:07,727 - INFO - Passo 2: Pressionando Home.
2025-09-09 10:53:08,330 - INFO - ✅ Sequência de reinício SIMPLIFICADA executada com sucesso!
2025-09-09 10:53:08,331 - INFO - 📋 PROCESSANDO LINHA 4...
2025-09-09 10:53:08,332 - INFO - Procurando planilha mais recente em: \\192.168.1.250\Programas\robo custos\lancar
2025-09-09 10:53:08,335 - INFO - Padrão *.xlsx: 1 arquivos encontrados
2025-09-09 10:53:08,337 - INFO - Padrão *.xls: 0 arquivos encontrados
2025-09-09 10:53:08,339 - INFO - Padrão *.csv: 0 arquivos encontrados
2025-09-09 10:53:08,339 - INFO - Total de arquivos encontrados: 1
2025-09-09 10:53:08,343 - INFO - Arquivo: 973.xlsx
2025-09-09 10:53:08,344 - INFO -   Data modificação: Tue Sep  9 10:47:03 2025
2025-09-09 10:53:08,345 - INFO -   Tamanho: 39883 bytes
2025-09-09 10:53:08,346 - INFO - Arquivo mais recente selecionado: 973.xlsx
2025-09-09 10:53:08,347 - INFO -   Caminho: \\192.168.1.250\Programas\robo custos\lancar\973.xlsx
2025-09-09 10:53:08,347 - INFO -   Data: Tue Sep  9 10:47:03 2025
2025-09-09 10:53:08,348 - INFO - Abrindo planilha via COM: \\192.168.1.250\Programas\robo custos\lancar\973.xlsx
2025-09-09 10:53:08,742 - INFO - Planilha aberta com sucesso!
2025-09-09 10:53:08,742 - INFO - Procurando aba com (973) no nome...
2025-09-09 10:53:08,766 - INFO - Verificando aba: 1 PA BATENTE JG (973)
2025-09-09 10:53:08,767 - INFO - ✅ Aba configurada encontrada: 1 PA BATENTE JG (973)
2025-09-09 10:53:08,767 - INFO - Usando aba: 1 PA BATENTE JG (973), linha: 4
2025-09-09 10:53:08,767 - INFO - Número extraído do nome da aba '1 PA BATENTE JG (973)': 973
2025-09-09 10:53:08,798 - INFO - Dados lidos da aba configurada - linha 4:
2025-09-09 10:53:08,798 - INFO -   Arquivo: 973.xlsx
2025-09-09 10:53:08,798 - INFO -   Nome da aba: 1 PA BATENTE JG (973)
2025-09-09 10:53:08,799 - INFO -   Número extraído: 973 (✅ CORRETO)
2025-09-09 10:53:08,799 - INFO -   Coluna A (controle): 1 PA BATENTE JG (973)
2025-09-09 10:53:08,799 - INFO -   Coluna B (PA existente): None
2025-09-09 10:53:08,799 - INFO -   📋 COLUNAS CONFIGURADAS (C até U):
2025-09-09 10:53:08,799 - INFO -     Coluna C: 1.0
2025-09-09 10:53:08,799 - INFO -     Coluna D: 90.0
2025-09-09 10:53:08,800 - INFO -     Coluna E: 2135.0
2025-09-09 10:53:08,800 - INFO -     Coluna F: INP
2025-09-09 10:53:08,800 - INFO -     Coluna G: 35.0
2025-09-09 10:53:08,800 - INFO -     Coluna H: N
2025-09-09 10:53:08,800 - INFO -     Coluna I: RB40
2025-09-09 10:53:08,800 - INFO -     Coluna J: 2.0
2025-09-09 10:53:08,800 - INFO -     Coluna K: 90.0
2025-09-09 10:53:08,801 - INFO -     Coluna L: 1008.0
2025-09-09 10:53:08,801 - INFO -     Coluna M: INP
2025-09-09 10:53:08,801 - INFO -     Coluna N: 35.0
2025-09-09 10:53:08,801 - INFO -     Coluna O: N
2025-09-09 10:53:08,801 - INFO -     Coluna P: RB40
2025-09-09 10:53:08,801 - INFO -     Coluna Q: 1.0
2025-09-09 10:53:08,801 - INFO -     Coluna R: JG
2025-09-09 10:53:08,801 - INFO -     Coluna S: 2103.0
2025-09-09 10:53:08,801 - INFO -     Coluna T: SUSIN
2025-09-09 10:53:08,802 - INFO -     Coluna U: SUSIN
2025-09-09 10:53:08,915 - INFO - Processando linha 4
2025-09-09 10:53:08,916 - INFO - === INSERÇÃO SEQUENCIAL CONFIGURADA ===
2025-09-09 10:53:08,916 - INFO - Preenchendo colunas: C até U
2025-09-09 10:53:08,916 - INFO - Total de colunas: 19
2025-09-09 10:53:09,917 - INFO - 📝 INSERINDO C: '1'
2025-09-09 10:53:11,121 - INFO - 📝 INSERINDO D: '90'
2025-09-09 10:53:12,326 - INFO - 📝 INSERINDO E: '2135'
2025-09-09 10:53:13,529 - INFO - 📝 INSERINDO F: 'INP'
2025-09-09 10:53:14,740 - INFO - 📝 INSERINDO G: '35'
2025-09-09 10:53:15,943 - INFO - 📝 INSERINDO H: 'N'
2025-09-09 10:53:17,147 - INFO - 📝 INSERINDO I: 'RB40'
2025-09-09 10:53:18,352 - INFO - 📝 INSERINDO J: '2'
2025-09-09 10:53:19,555 - INFO - 📝 INSERINDO K: '90'
2025-09-09 10:53:20,761 - INFO - 📝 INSERINDO L: '1008'
2025-09-09 10:53:21,968 - INFO - 📝 INSERINDO M: 'INP'
2025-09-09 10:53:23,172 - INFO - 📝 INSERINDO N: '35'
2025-09-09 10:53:24,377 - INFO - 📝 INSERINDO O: 'N'
2025-09-09 10:53:25,582 - INFO - 📝 INSERINDO P: 'RB40'
2025-09-09 10:53:26,791 - INFO - 📝 INSERINDO Q: '1'
2025-09-09 10:53:27,776 - INFO - 
🛑 Execução interrompida pelo usuário.
