2025-09-10 11:07:26,587 - INFO - 🚀 === INICIANDO CADASTRO COMPLETO A PARTIR DO MAIN ===
2025-09-10 11:07:26,587 - INFO - Procurando planilha mais recente em: \\192.168.1.250\Programas\robo custos\lancar
2025-09-10 11:07:26,590 - INFO - Padrão *.xlsx: 1 arquivos encontrados
2025-09-10 11:07:26,590 - INFO - Padrão *.xls: 0 arquivos encontrados
2025-09-10 11:07:26,591 - INFO - Padrão *.csv: 0 arquivos encontrados
2025-09-10 11:07:26,591 - INFO - Total de arquivos encontrados: 1
2025-09-10 11:07:26,593 - INFO - Arquivo: 973.xlsx
2025-09-10 11:07:26,593 - INFO -   Data modificação: Wed Sep 10 11:04:26 2025
2025-09-10 11:07:26,600 - INFO -   Tamanho: 41576 bytes
2025-09-10 11:07:26,600 - INFO - Arquivo mais recente selecionado: 973.xlsx
2025-09-10 11:07:26,600 - INFO -   Caminho: \\192.168.1.250\Programas\robo custos\lancar\973.xlsx
2025-09-10 11:07:26,601 - INFO -   Data: Wed Sep 10 11:04:26 2025
2025-09-10 11:07:26,601 - INFO - Procurando próxima linha sem PA na coluna B (aba (973))...
2025-09-10 11:07:26,979 - INFO - Procurando aba com (973) no nome...
2025-09-10 11:07:26,983 - INFO - Verificando aba: 1 PA BATENTE JG (973)
2025-09-10 11:07:26,983 - INFO - ✅ Aba configurada encontrada: 1 PA BATENTE JG (973)
2025-09-10 11:07:26,983 - INFO - Usando aba: 1 PA BATENTE JG (973)
2025-09-10 11:07:27,196 - INFO - Próxima linha para processar (sem PA na coluna B): 92
2025-09-10 11:07:27,343 - INFO - 
================================================================================
📌 PROCESSANDO LINHA 92 (Sucesso: 0, Falhas: 0)
================================================================================
2025-09-10 11:07:27,343 - INFO - 🔑 PRIMEIRA LINHA - Executando processo completo com login...
2025-09-10 11:07:27,343 - INFO - === INICIANDO PROCESSO COMPLETO COM INSERÇÃO ===
2025-09-10 11:07:27,343 - INFO - Iniciando processo completo...
2025-09-10 11:07:27,344 - INFO - Lendo dados da próxima linha sem PA na coluna B...
2025-09-10 11:07:27,344 - INFO - Procurando planilha mais recente em: \\192.168.1.250\Programas\robo custos\lancar
2025-09-10 11:07:27,344 - INFO - Padrão *.xlsx: 1 arquivos encontrados
2025-09-10 11:07:27,344 - INFO - Padrão *.xls: 0 arquivos encontrados
2025-09-10 11:07:27,344 - INFO - Padrão *.csv: 0 arquivos encontrados
2025-09-10 11:07:27,345 - INFO - Total de arquivos encontrados: 1
2025-09-10 11:07:27,346 - INFO - Arquivo: 973.xlsx
2025-09-10 11:07:27,346 - INFO -   Data modificação: Wed Sep 10 11:04:26 2025
2025-09-10 11:07:27,346 - INFO -   Tamanho: 41576 bytes
2025-09-10 11:07:27,346 - INFO - Arquivo mais recente selecionado: 973.xlsx
2025-09-10 11:07:27,346 - INFO -   Caminho: \\192.168.1.250\Programas\robo custos\lancar\973.xlsx
2025-09-10 11:07:27,346 - INFO -   Data: Wed Sep 10 11:04:26 2025
2025-09-10 11:07:27,346 - INFO - Procurando próxima linha sem PA na coluna B (aba (973))...
2025-09-10 11:07:27,726 - INFO - Procurando aba com (973) no nome...
2025-09-10 11:07:27,729 - INFO - Verificando aba: 1 PA BATENTE JG (973)
2025-09-10 11:07:27,729 - INFO - ✅ Aba configurada encontrada: 1 PA BATENTE JG (973)
2025-09-10 11:07:27,730 - INFO - Usando aba: 1 PA BATENTE JG (973)
2025-09-10 11:07:27,939 - INFO - Próxima linha para processar (sem PA na coluna B): 92
2025-09-10 11:07:28,096 - INFO - Procurando planilha mais recente em: \\192.168.1.250\Programas\robo custos\lancar
2025-09-10 11:07:28,097 - INFO - Padrão *.xlsx: 1 arquivos encontrados
2025-09-10 11:07:28,097 - INFO - Padrão *.xls: 0 arquivos encontrados
2025-09-10 11:07:28,098 - INFO - Padrão *.csv: 0 arquivos encontrados
2025-09-10 11:07:28,098 - INFO - Total de arquivos encontrados: 1
2025-09-10 11:07:28,099 - INFO - Arquivo: 973.xlsx
2025-09-10 11:07:28,099 - INFO -   Data modificação: Wed Sep 10 11:04:26 2025
2025-09-10 11:07:28,100 - INFO -   Tamanho: 41576 bytes
2025-09-10 11:07:28,100 - INFO - Arquivo mais recente selecionado: 973.xlsx
2025-09-10 11:07:28,100 - INFO -   Caminho: \\192.168.1.250\Programas\robo custos\lancar\973.xlsx
2025-09-10 11:07:28,100 - INFO -   Data: Wed Sep 10 11:04:26 2025
2025-09-10 11:07:28,100 - INFO - Abrindo planilha via COM: \\192.168.1.250\Programas\robo custos\lancar\973.xlsx
2025-09-10 11:07:28,462 - INFO - Planilha aberta com sucesso!
2025-09-10 11:07:28,462 - INFO - Procurando aba com (973) no nome...
2025-09-10 11:07:28,465 - INFO - Verificando aba: 1 PA BATENTE JG (973)
2025-09-10 11:07:28,465 - INFO - ✅ Aba configurada encontrada: 1 PA BATENTE JG (973)
2025-09-10 11:07:28,466 - INFO - Usando aba: 1 PA BATENTE JG (973), linha: 92
2025-09-10 11:07:28,466 - INFO - Número extraído do nome da aba '1 PA BATENTE JG (973)': 973
2025-09-10 11:07:28,494 - INFO - Dados lidos da aba configurada - linha 92:
2025-09-10 11:07:28,494 - INFO -   Arquivo: 973.xlsx
2025-09-10 11:07:28,494 - INFO -   Nome da aba: 1 PA BATENTE JG (973)
2025-09-10 11:07:28,494 - INFO -   Número extraído: 973 (✅ CORRETO)
2025-09-10 11:07:28,494 - INFO -   Coluna A (controle): 1 PA BATENTE JG (973)
2025-09-10 11:07:28,495 - INFO -   Coluna B (PA existente): None
2025-09-10 11:07:28,495 - INFO -   📋 COLUNAS CONFIGURADAS (C até U):
2025-09-10 11:07:28,495 - INFO -     Coluna C: 1.0
2025-09-10 11:07:28,495 - INFO -     Coluna D: 230.0
2025-09-10 11:07:28,495 - INFO -     Coluna E: 2635.0
2025-09-10 11:07:28,495 - INFO -     Coluna F: IN
2025-09-10 11:07:28,495 - INFO -     Coluna G: 35.0
2025-09-10 11:07:28,495 - INFO -     Coluna H: N
2025-09-10 11:07:28,495 - INFO -     Coluna I: RB40
2025-09-10 11:07:28,495 - INFO -     Coluna J: 2.0
2025-09-10 11:07:28,495 - INFO -     Coluna K: 230.0
2025-09-10 11:07:28,495 - INFO -     Coluna L: 1008.0
2025-09-10 11:07:28,495 - INFO -     Coluna M: IN
2025-09-10 11:07:28,495 - INFO -     Coluna N: 35.0
2025-09-10 11:07:28,496 - INFO -     Coluna O: N
2025-09-10 11:07:28,496 - INFO -     Coluna P: RB40
2025-09-10 11:07:28,496 - INFO -     Coluna Q: 1.0
2025-09-10 11:07:28,496 - INFO -     Coluna R: JG
2025-09-10 11:07:28,496 - INFO -     Coluna S: 2103.0
2025-09-10 11:07:28,496 - INFO -     Coluna T: SUSIN
2025-09-10 11:07:28,496 - INFO -     Coluna U: SUSIN
2025-09-10 11:07:28,640 - INFO - Executando login...
2025-09-10 11:07:28,640 - INFO - Iniciando execução e login no programa
2025-09-10 11:07:28,640 - INFO - Iniciando programa: \\192.168.1.250\Programas\SYSTEAM\PROGRAMA\Indust\Engenh.exe
2025-09-10 11:07:28,665 - INFO - Programa iniciado com PID: 3144
2025-09-10 11:07:28,665 - INFO - Aguardando abertura da janela do programa...
2025-09-10 11:07:31,666 - INFO - Iniciando processo de login...
2025-09-10 11:07:31,668 - INFO - Inserindo nome de usuário
2025-09-10 11:07:33,880 - INFO - Inserindo senha
2025-09-10 11:07:36,091 - INFO - Usando número de empresa: 200
2025-09-10 11:07:39,304 - INFO - Login realizado com sucesso - Empresa: 200
2025-09-10 11:07:42,305 - INFO - Acessando configurador...
2025-09-10 11:07:42,307 - INFO - Iniciando acesso ao configurador...
2025-09-10 11:07:44,308 - INFO - Passo 1: Procurando e clicando no menu systeam...
2025-09-10 11:07:44,310 - INFO - Procurando imagem: img/menu systeam.PNG
2025-09-10 11:07:44,402 - INFO - Imagem encontrada em: Point(x=np.int64(26), y=np.int64(42))
2025-09-10 11:07:44,522 - INFO - Clique realizado em: Point(x=np.int64(26), y=np.int64(42))
2025-09-10 11:07:45,024 - INFO - Passo 2: Digitando 'configurador'...
2025-09-10 11:07:45,026 - INFO - Digitando texto: configurador
2025-09-10 11:07:45,638 - INFO - Passo 3: Procurando e clicando no módulo...
2025-09-10 11:07:45,640 - INFO - Procurando imagem: img/modulo item por descricao.PNG
2025-09-10 11:07:45,753 - INFO - Imagem encontrada em: Point(x=np.int64(660), y=np.int64(246))
2025-09-10 11:07:45,866 - INFO - Clique realizado em: Point(x=np.int64(660), y=np.int64(246))
2025-09-10 11:07:45,866 - INFO - Configurador acessado com sucesso!
2025-09-10 11:07:46,867 - INFO - Pesquisando tipo 973...
2025-09-10 11:07:46,867 - INFO - Iniciando pesquisa do tipo: 973
2025-09-10 11:07:48,868 - INFO - Passo 1: Procurando e clicando no botão pesquisar tipos...
2025-09-10 11:07:48,869 - INFO - Procurando imagem: img/pesquisar tipos 615.PNG
2025-09-10 11:07:48,956 - INFO - Imagem encontrada em: Point(x=np.int64(620), y=np.int64(78))
2025-09-10 11:07:49,084 - INFO - Clique realizado em: Point(x=np.int64(620), y=np.int64(78))
2025-09-10 11:07:49,585 - INFO - Passo 2: Digitando '973'...
2025-09-10 11:07:49,586 - INFO - Digitando texto: 973
2025-09-10 11:07:50,294 - INFO - Pesquisa do tipo 973 realizada com sucesso!
2025-09-10 11:07:50,294 - INFO - Processo completo executado com sucesso!
2025-09-10 11:07:52,295 - INFO - Navegando com 7x Tab...
2025-09-10 11:07:53,398 - INFO - Tab 1/7 pressionado
2025-09-10 11:07:53,800 - INFO - Tab 2/7 pressionado
2025-09-10 11:07:54,203 - INFO - Tab 3/7 pressionado
2025-09-10 11:07:54,606 - INFO - Tab 4/7 pressionado
2025-09-10 11:07:55,009 - INFO - Tab 5/7 pressionado
2025-09-10 11:07:55,411 - INFO - Tab 6/7 pressionado
2025-09-10 11:07:55,814 - INFO - Tab 7/7 pressionado
2025-09-10 11:07:56,115 - INFO - Navegação com 7x Tab concluída!
2025-09-10 11:07:57,117 - INFO - Processando linha 92
2025-09-10 11:07:57,117 - INFO - === INSERÇÃO SEQUENCIAL CONFIGURADA ===
2025-09-10 11:07:57,117 - INFO - Preenchendo colunas: C até U
2025-09-10 11:07:57,118 - INFO - Total de colunas: 19
2025-09-10 11:07:58,119 - INFO - 📝 INSERINDO C: '1'
2025-09-10 11:07:59,624 - INFO - 📝 INSERINDO D: '230'
2025-09-10 11:08:01,130 - INFO - 📝 INSERINDO E: '2635'
2025-09-10 11:08:02,633 - INFO - 📝 INSERINDO F: 'IN'
2025-09-10 11:08:04,139 - INFO - 📝 INSERINDO G: '35'
2025-09-10 11:08:05,642 - INFO - 📝 INSERINDO H: 'N'
2025-09-10 11:08:07,149 - INFO - 📝 INSERINDO I: 'RB40'
2025-09-10 11:08:08,654 - INFO - 📝 INSERINDO J: '2'
2025-09-10 11:08:10,158 - INFO - 📝 INSERINDO K: '230'
2025-09-10 11:08:11,665 - INFO - 📝 INSERINDO L: '1008'
2025-09-10 11:08:13,170 - INFO - 📝 INSERINDO M: 'IN'
2025-09-10 11:08:14,677 - INFO - 📝 INSERINDO N: '35'
2025-09-10 11:08:16,184 - INFO - 📝 INSERINDO O: 'N'
2025-09-10 11:08:17,691 - INFO - 📝 INSERINDO P: 'RB40'
2025-09-10 11:08:19,201 - INFO - 📝 INSERINDO Q: '1'
2025-09-10 11:08:20,705 - INFO - 📝 INSERINDO R: 'JG'
2025-09-10 11:08:22,213 - INFO - 📝 INSERINDO S: '2103'
2025-09-10 11:08:23,721 - INFO - 📝 INSERINDO T: 'SUSIN'
2025-09-10 11:08:25,234 - INFO - 📝 INSERINDO U: 'SUSIN'
2025-09-10 11:08:26,344 - INFO - Pressionando F2 para finalizar...
2025-09-10 11:08:26,446 - INFO - Aguardando após F2...
2025-09-10 11:08:29,447 - INFO - ✅ Inserção configurada concluída!
2025-09-10 11:08:29,447 - INFO - === PROCESSANDO RESULTADO APÓS F2 ===
2025-09-10 11:08:32,660 - INFO - ♻️ ITEM JÁ CADASTRADO - janela informacao.PNG encontrada diretamente!
2025-09-10 11:08:32,661 - INFO - Extraindo PA da janela na posição: Box(left=np.int64(675), top=np.int64(401), width=57, height=76)
2025-09-10 11:08:32,661 - INFO - Capturando região da tela para OCR...
2025-09-10 11:08:32,693 - INFO - Iniciando pré-processamento da imagem para melhorar a leitura...
2025-09-10 11:08:32,762 - INFO - 💾 Imagem pré-processada para OCR salva como: DEBUG_imagem_para_ocr_1757513312.png
2025-09-10 11:08:32,963 - INFO - 📄 TEXTO EXTRAÍDO DA IMAGEM PROCESSADA:
Informação x
Descrição Completa “CAIXILHO MADEIRA REFLORESTADA JG
8700 - BRANCO NEVE RB40 - REB 40,5 €/ 2 PCS LAT. 2135 X 230
X35 E 1 PCSUP. 1008 X 230 X 35 MM EMEB. 2103 FECH. S/USIN
DOB. S/USIN UM. 10-16%” já cadastrada para o item
*PA139355"

2025-09-10 11:08:32,963 - INFO - Texto original do OCR: 'Informação x\nDescrição Completa “CAIXILHO MADEIRA REFLORESTADA JG\n8700 - BRANCO NEVE RB40 - REB 40,5 €/ 2 PCS LAT. 2135 X 230\nX35 E 1 PCSUP. 1008 X 230 X 35 MM EMEB. 2103 FECH. S/USIN\nDOB. S/USIN UM. 10-16%” já cadastrada para o item\n*PA139355"\n'
2025-09-10 11:08:32,964 - INFO - Texto após correções automáticas: '1NF0RMAÇÃ0 X DE5CR1ÇÃ0 C0MPLE7A “CA1X1LH0 MADE1RA REFL0RE57ADA JG 8700 - 8RANC0 NEVE R840 - RE8 40,5 €/ 2 PC5 LA7. 2135 X 230 X35 E 1 PC5UP. 1008 X 230 X 35 MM EME8. 2103 FECH. 5/U51N D08. 5/U51N UM. 10-16%” JÁ CADA57RADA PARA 0 17EM *PA139355" '
2025-09-10 11:08:32,964 - INFO - Testando padrão numérico 1: ITEM\s*[\'"]?PA(\d{4,8})[\'"]?
2025-09-10 11:08:32,965 - INFO - Testando padrão numérico 2: CADASTRAD[AO]\s+PARA\s+O\s+ITEM\s*[\'"]?PA(\d{4,8})[\'"]?
2025-09-10 11:08:32,965 - INFO - Testando padrão numérico 3: PA(\d{4,8})
2025-09-10 11:08:32,965 - INFO - ✓ SUCESSO! PA numérico extraído com padrão 3: PA139355
2025-09-10 11:08:34,067 - INFO - ✅ PA EXTRAÍDO: PA139355
2025-09-10 11:08:34,070 - INFO - Procurando planilha mais recente em: \\192.168.1.250\Programas\robo custos\lancar
2025-09-10 11:08:34,077 - INFO - Padrão *.xlsx: 1 arquivos encontrados
2025-09-10 11:08:34,080 - INFO - Padrão *.xls: 0 arquivos encontrados
2025-09-10 11:08:34,081 - INFO - Padrão *.csv: 0 arquivos encontrados
2025-09-10 11:08:34,082 - INFO - Total de arquivos encontrados: 1
2025-09-10 11:08:34,085 - INFO - Arquivo: 973.xlsx
2025-09-10 11:08:34,085 - INFO -   Data modificação: Wed Sep 10 11:04:26 2025
2025-09-10 11:08:34,086 - INFO -   Tamanho: 41576 bytes
2025-09-10 11:08:34,086 - INFO - Arquivo mais recente selecionado: 973.xlsx
2025-09-10 11:08:34,087 - INFO -   Caminho: \\192.168.1.250\Programas\robo custos\lancar\973.xlsx
2025-09-10 11:08:34,087 - INFO -   Data: Wed Sep 10 11:04:26 2025
2025-09-10 11:08:34,088 - INFO - Abrindo planilha '973.xlsx' para salvar o PA...
2025-09-10 11:08:34,481 - INFO - Procurando aba com (973) no nome...
2025-09-10 11:08:34,485 - INFO - Verificando aba: 1 PA BATENTE JG (973)
2025-09-10 11:08:34,485 - INFO - ✅ Aba configurada encontrada: 1 PA BATENTE JG (973)
2025-09-10 11:08:34,486 - INFO - Usando aba: 1 PA BATENTE JG (973)
2025-09-10 11:08:34,486 - INFO - Escrevendo o código 'PA139355' na célula B92...
2025-09-10 11:08:34,504 - INFO - Salvando o ficheiro Excel...
2025-09-10 11:08:34,644 - INFO - Fechando o ficheiro Excel...
2025-09-10 11:08:34,663 - INFO - Encerrando a instância do Excel...
2025-09-10 11:08:34,787 - INFO - Aguardando 1 segundo para garantir que o ficheiro foi atualizado na rede...
2025-09-10 11:08:35,788 - INFO - ✅ Código PA salvo na aba configurada - linha 92.
2025-09-10 11:08:35,791 - INFO - === PROCESSO COMPLETO COM INSERÇÃO FINALIZADO ===
2025-09-10 11:08:35,792 - INFO - ⏸️ Pausa 
2025-09-10 11:08:36,794 - INFO - Procurando planilha mais recente em: \\192.168.1.250\Programas\robo custos\lancar
2025-09-10 11:08:36,796 - INFO - Padrão *.xlsx: 1 arquivos encontrados
2025-09-10 11:08:36,798 - INFO - Padrão *.xls: 0 arquivos encontrados
2025-09-10 11:08:36,799 - INFO - Padrão *.csv: 0 arquivos encontrados
2025-09-10 11:08:36,799 - INFO - Total de arquivos encontrados: 1
2025-09-10 11:08:36,801 - INFO - Arquivo: 973.xlsx
2025-09-10 11:08:36,802 - INFO -   Data modificação: Wed Sep 10 11:08:34 2025
2025-09-10 11:08:36,802 - INFO -   Tamanho: 41583 bytes
2025-09-10 11:08:36,802 - INFO - Arquivo mais recente selecionado: 973.xlsx
2025-09-10 11:08:36,802 - INFO -   Caminho: \\192.168.1.250\Programas\robo custos\lancar\973.xlsx
2025-09-10 11:08:36,802 - INFO -   Data: Wed Sep 10 11:08:34 2025
2025-09-10 11:08:36,803 - INFO - Procurando próxima linha sem PA na coluna B (aba (973))...
2025-09-10 11:08:37,185 - INFO - Procurando aba com (973) no nome...
2025-09-10 11:08:37,208 - INFO - Verificando aba: 1 PA BATENTE JG (973)
2025-09-10 11:08:37,208 - INFO - ✅ Aba configurada encontrada: 1 PA BATENTE JG (973)
2025-09-10 11:08:37,209 - INFO - Usando aba: 1 PA BATENTE JG (973)
2025-09-10 11:08:37,710 - INFO - Fim dos dados na linha 228
2025-09-10 11:08:37,711 - INFO - Todas as linhas já foram processadas!
2025-09-10 11:08:37,853 - INFO - 🎉 === TODAS AS LINHAS FORAM PROCESSADAS! ===
2025-09-10 11:08:37,853 - INFO - 
================================================================================
🏁 === CADASTRO COMPLETO FINALIZADO ===
   ✅ Sucesso: 1
   ❌ Falhas: 0
================================================================================
2025-09-10 11:08:37,853 - INFO - 🎉 === ROBÔ EXECUTADO COM SUCESSO TOTAL! ===
2025-09-10 11:08:37,854 - INFO - Sistema finalizado. Pressione Ctrl+C para sair.
2025-09-10 11:08:38,059 - INFO - 
🛑 Execução interrompida pelo usuário.
