2025-09-10 11:40:13,894 - INFO - 🚀 === INICIANDO CADASTRO COMPLETO A PARTIR DO MAIN ===
2025-09-10 11:40:13,895 - INFO - Procurando planilha mais recente em: \\192.168.1.250\Programas\robo custos\lancar
2025-09-10 11:40:13,896 - INFO - Padrão *.xlsx: 1 arquivos encontrados
2025-09-10 11:40:13,897 - INFO - Padrão *.xls: 0 arquivos encontrados
2025-09-10 11:40:13,897 - INFO - Padrão *.csv: 0 arquivos encontrados
2025-09-10 11:40:13,897 - INFO - Total de arquivos encontrados: 1
2025-09-10 11:40:13,899 - INFO - Arquivo: 973.xlsx
2025-09-10 11:40:13,899 - INFO -   Data modificação: Wed Sep 10 11:38:36 2025
2025-09-10 11:40:13,906 - INFO -   Tamanho: 39935 bytes
2025-09-10 11:40:13,906 - INFO - Arquivo mais recente selecionado: 973.xlsx
2025-09-10 11:40:13,906 - INFO -   Caminho: \\192.168.1.250\Programas\robo custos\lancar\973.xlsx
2025-09-10 11:40:13,906 - INFO -   Data: Wed Sep 10 11:38:36 2025
2025-09-10 11:40:13,907 - INFO - Procurando próxima linha sem PA na coluna B (aba (973))...
2025-09-10 11:40:14,597 - INFO - Procurando aba com (973) no nome...
2025-09-10 11:40:14,601 - INFO - Verificando aba: 1 PA BATENTE JG (973)
2025-09-10 11:40:14,602 - INFO - ✅ Aba configurada encontrada: 1 PA BATENTE JG (973)
2025-09-10 11:40:14,602 - INFO - Usando aba: 1 PA BATENTE JG (973)
2025-09-10 11:40:14,612 - INFO - Próxima linha para processar (sem PA na coluna B): 3
2025-09-10 11:40:14,771 - INFO - 
================================================================================
📌 PROCESSANDO LINHA 3 (Sucesso: 0, Falhas: 0)
================================================================================
2025-09-10 11:40:14,771 - INFO - 🔑 PRIMEIRA LINHA - Executando processo completo com login...
2025-09-10 11:40:14,771 - INFO - === INICIANDO PROCESSO COMPLETO COM INSERÇÃO ===
2025-09-10 11:40:14,771 - INFO - Iniciando processo completo...
2025-09-10 11:40:14,772 - INFO - Lendo dados da próxima linha sem PA na coluna B...
2025-09-10 11:40:14,772 - INFO - Procurando planilha mais recente em: \\192.168.1.250\Programas\robo custos\lancar
2025-09-10 11:40:14,772 - INFO - Padrão *.xlsx: 1 arquivos encontrados
2025-09-10 11:40:14,772 - INFO - Padrão *.xls: 0 arquivos encontrados
2025-09-10 11:40:14,773 - INFO - Padrão *.csv: 0 arquivos encontrados
2025-09-10 11:40:14,773 - INFO - Total de arquivos encontrados: 1
2025-09-10 11:40:14,774 - INFO - Arquivo: 973.xlsx
2025-09-10 11:40:14,774 - INFO -   Data modificação: Wed Sep 10 11:38:36 2025
2025-09-10 11:40:14,774 - INFO -   Tamanho: 39935 bytes
2025-09-10 11:40:14,774 - INFO - Arquivo mais recente selecionado: 973.xlsx
2025-09-10 11:40:14,774 - INFO -   Caminho: \\192.168.1.250\Programas\robo custos\lancar\973.xlsx
2025-09-10 11:40:14,774 - INFO -   Data: Wed Sep 10 11:38:36 2025
2025-09-10 11:40:14,775 - INFO - Procurando próxima linha sem PA na coluna B (aba (973))...
2025-09-10 11:40:15,144 - INFO - Procurando aba com (973) no nome...
2025-09-10 11:40:15,147 - INFO - Verificando aba: 1 PA BATENTE JG (973)
2025-09-10 11:40:15,147 - INFO - ✅ Aba configurada encontrada: 1 PA BATENTE JG (973)
2025-09-10 11:40:15,148 - INFO - Usando aba: 1 PA BATENTE JG (973)
2025-09-10 11:40:15,152 - INFO - Próxima linha para processar (sem PA na coluna B): 3
2025-09-10 11:40:15,304 - INFO - Procurando planilha mais recente em: \\192.168.1.250\Programas\robo custos\lancar
2025-09-10 11:40:15,305 - INFO - Padrão *.xlsx: 1 arquivos encontrados
2025-09-10 11:40:15,305 - INFO - Padrão *.xls: 0 arquivos encontrados
2025-09-10 11:40:15,306 - INFO - Padrão *.csv: 0 arquivos encontrados
2025-09-10 11:40:15,306 - INFO - Total de arquivos encontrados: 1
2025-09-10 11:40:15,307 - INFO - Arquivo: 973.xlsx
2025-09-10 11:40:15,307 - INFO -   Data modificação: Wed Sep 10 11:38:36 2025
2025-09-10 11:40:15,307 - INFO -   Tamanho: 39935 bytes
2025-09-10 11:40:15,307 - INFO - Arquivo mais recente selecionado: 973.xlsx
2025-09-10 11:40:15,307 - INFO -   Caminho: \\192.168.1.250\Programas\robo custos\lancar\973.xlsx
2025-09-10 11:40:15,307 - INFO -   Data: Wed Sep 10 11:38:36 2025
2025-09-10 11:40:15,308 - INFO - Abrindo planilha via COM: \\192.168.1.250\Programas\robo custos\lancar\973.xlsx
2025-09-10 11:40:15,688 - INFO - Planilha aberta com sucesso!
2025-09-10 11:40:15,688 - INFO - Procurando aba com (973) no nome...
2025-09-10 11:40:15,690 - INFO - Verificando aba: 1 PA BATENTE JG (973)
2025-09-10 11:40:15,691 - INFO - ✅ Aba configurada encontrada: 1 PA BATENTE JG (973)
2025-09-10 11:40:15,691 - INFO - Usando aba: 1 PA BATENTE JG (973), linha: 3
2025-09-10 11:40:15,691 - INFO - Número extraído do nome da aba '1 PA BATENTE JG (973)': 973
2025-09-10 11:40:15,727 - INFO - Dados lidos da aba configurada - linha 3:
2025-09-10 11:40:15,727 - INFO -   Arquivo: 973.xlsx
2025-09-10 11:40:15,728 - INFO -   Nome da aba: 1 PA BATENTE JG (973)
2025-09-10 11:40:15,728 - INFO -   Número extraído: 973 (✅ CORRETO)
2025-09-10 11:40:15,728 - INFO -   Coluna A (controle): 1 PA BATENTE JG (973)
2025-09-10 11:40:15,728 - INFO -   Coluna B (PA existente): None
2025-09-10 11:40:15,728 - INFO -   📋 COLUNAS CONFIGURADAS (C até U):
2025-09-10 11:40:15,728 - INFO -     Coluna C: 1.0
2025-09-10 11:40:15,728 - INFO -     Coluna D: 70.0
2025-09-10 11:40:15,729 - INFO -     Coluna E: 2135.0
2025-09-10 11:40:15,729 - INFO -     Coluna F: INP
2025-09-10 11:40:15,729 - INFO -     Coluna G: 35.0
2025-09-10 11:40:15,729 - INFO -     Coluna H: N
2025-09-10 11:40:15,729 - INFO -     Coluna I: RB40
2025-09-10 11:40:15,729 - INFO -     Coluna J: 2.0
2025-09-10 11:40:15,729 - INFO -     Coluna K: 70.0
2025-09-10 11:40:15,729 - INFO -     Coluna L: 1008.0
2025-09-10 11:40:15,730 - INFO -     Coluna M: INP
2025-09-10 11:40:15,730 - INFO -     Coluna N: 35.0
2025-09-10 11:40:15,730 - INFO -     Coluna O: N
2025-09-10 11:40:15,730 - INFO -     Coluna P: RB40
2025-09-10 11:40:15,730 - INFO -     Coluna Q: 1.0
2025-09-10 11:40:15,730 - INFO -     Coluna R: JG
2025-09-10 11:40:15,730 - INFO -     Coluna S: 2103.0
2025-09-10 11:40:15,730 - INFO -     Coluna T: SUSIN
2025-09-10 11:40:15,730 - INFO -     Coluna U: SUSIN
2025-09-10 11:40:15,879 - INFO - Executando login...
2025-09-10 11:40:15,879 - INFO - Iniciando execução e login no programa
2025-09-10 11:40:15,881 - INFO - Iniciando programa: \\192.168.1.250\Programas\SYSTEAM\PROGRAMA\Indust\Engenh.exe
2025-09-10 11:40:16,748 - INFO - Programa iniciado com PID: 8900
2025-09-10 11:40:16,749 - INFO - Aguardando abertura da janela do programa...
2025-09-10 11:40:19,750 - INFO - Iniciando processo de login...
2025-09-10 11:40:19,752 - INFO - Inserindo nome de usuário
2025-09-10 11:40:21,963 - INFO - Inserindo senha
2025-09-10 11:40:24,174 - INFO - Usando número de empresa: 200
2025-09-10 11:40:27,386 - INFO - Login realizado com sucesso - Empresa: 200
2025-09-10 11:40:30,387 - INFO - Acessando configurador...
2025-09-10 11:40:30,387 - INFO - Iniciando acesso ao configurador...
2025-09-10 11:40:32,388 - INFO - Passo 1: Procurando e clicando no menu systeam...
2025-09-10 11:40:32,390 - INFO - Procurando imagem: img/menu systeam.PNG
2025-09-10 11:40:32,466 - INFO - Imagem encontrada em: Point(x=np.int64(26), y=np.int64(42))
2025-09-10 11:40:32,568 - INFO - Clique realizado em: Point(x=np.int64(26), y=np.int64(42))
2025-09-10 11:40:33,069 - INFO - Passo 2: Digitando 'configurador'...
2025-09-10 11:40:33,070 - INFO - Digitando texto: configurador
2025-09-10 11:40:33,683 - INFO - Passo 3: Procurando e clicando no módulo...
2025-09-10 11:40:33,685 - INFO - Procurando imagem: img/modulo item por descricao.PNG
2025-09-10 11:40:33,781 - INFO - Imagem encontrada em: Point(x=np.int64(660), y=np.int64(246))
2025-09-10 11:40:33,912 - INFO - Clique realizado em: Point(x=np.int64(660), y=np.int64(246))
2025-09-10 11:40:33,913 - INFO - Configurador acessado com sucesso!
2025-09-10 11:40:34,914 - INFO - Pesquisando tipo 973...
2025-09-10 11:40:34,914 - INFO - Iniciando pesquisa do tipo: 973
2025-09-10 11:40:36,916 - INFO - Passo 1: Procurando e clicando no botão pesquisar tipos...
2025-09-10 11:40:36,917 - INFO - Procurando imagem: img/pesquisar tipos 615.PNG
2025-09-10 11:40:36,996 - INFO - Imagem encontrada em: Point(x=np.int64(620), y=np.int64(78))
2025-09-10 11:40:37,099 - INFO - Clique realizado em: Point(x=np.int64(620), y=np.int64(78))
2025-09-10 11:40:37,600 - INFO - Passo 2: Digitando '973'...
2025-09-10 11:40:37,601 - INFO - Digitando texto: 973
2025-09-10 11:40:38,307 - INFO - Pesquisa do tipo 973 realizada com sucesso!
2025-09-10 11:40:38,308 - INFO - Processo completo executado com sucesso!
2025-09-10 11:40:39,308 - INFO - Navegando com 7x Tab...
2025-09-10 11:40:40,410 - INFO - Tab 1/7 pressionado
2025-09-10 11:40:40,812 - INFO - Tab 2/7 pressionado
2025-09-10 11:40:41,214 - INFO - Tab 3/7 pressionado
2025-09-10 11:40:41,616 - INFO - Tab 4/7 pressionado
2025-09-10 11:40:42,019 - INFO - Tab 5/7 pressionado
2025-09-10 11:40:42,422 - INFO - Tab 6/7 pressionado
2025-09-10 11:40:42,825 - INFO - Tab 7/7 pressionado
2025-09-10 11:40:43,126 - INFO - Navegação com 7x Tab concluída!
2025-09-10 11:40:44,128 - INFO - Processando linha 3
2025-09-10 11:40:44,129 - INFO - === INSERÇÃO SEQUENCIAL CONFIGURADA (DIGITAÇÃO PAUSADA) ===
2025-09-10 11:40:44,131 - INFO - Preenchendo colunas: C até U
2025-09-10 11:40:44,132 - INFO - Total de colunas: 19
2025-09-10 11:40:44,133 - INFO - Tempo entre caracteres: 0.1s
2025-09-10 11:40:45,135 - INFO - 📝 DIGITANDO CAMPO C: '1'
2025-09-10 11:40:45,136 - INFO - Digitando pausadamente: '1' (intervalo: 0.1s)
2025-09-10 11:40:46,640 - INFO - 📝 DIGITANDO CAMPO D: '70'
2025-09-10 11:40:46,641 - INFO - Digitando pausadamente: '70' (intervalo: 0.1s)
2025-09-10 11:40:48,349 - INFO - 📝 DIGITANDO CAMPO E: '2135'
2025-09-10 11:40:48,350 - INFO - Digitando pausadamente: '2135' (intervalo: 0.1s)
2025-09-10 11:40:50,457 - INFO - 📝 DIGITANDO CAMPO F: 'INP'
2025-09-10 11:40:50,458 - INFO - Digitando pausadamente: 'INP' (intervalo: 0.1s)
2025-09-10 11:40:52,371 - INFO - 📝 DIGITANDO CAMPO G: '35'
2025-09-10 11:40:52,372 - INFO - Digitando pausadamente: '35' (intervalo: 0.1s)
2025-09-10 11:40:54,079 - INFO - 📝 DIGITANDO CAMPO H: 'N'
2025-09-10 11:40:54,079 - INFO - Digitando pausadamente: 'N' (intervalo: 0.1s)
2025-09-10 11:40:55,426 - INFO - 
🛑 Execução interrompida pelo usuário.
