2025-08-08 15:37:07,920 - INFO - 🚀 === INICIANDO CADASTRO COMPLETO A PARTIR DO MAIN ===
2025-08-08 15:37:07,921 - INFO - Procurando planilha mais recente em: \\192.168.1.250\Dados-G\Custos\Gestão de Preços\RPP\RPA\lancar
2025-08-08 15:37:07,921 - INFO - Padrão *.xlsx: 1 arquivos encontrados
2025-08-08 15:37:07,922 - INFO - Padrão *.xls: 0 arquivos encontrados
2025-08-08 15:37:07,922 - INFO - Padrão *.csv: 0 arquivos encontrados
2025-08-08 15:37:07,922 - INFO - Total de arquivos encontrados: 1
2025-08-08 15:37:07,923 - INFO - Arquivo: Lista de Preços Varejos 2025.xlsx
2025-08-08 15:37:07,924 - INFO -   Data modificação: Fri Aug  8 15:37:04 2025
2025-08-08 15:37:07,924 - INFO -   Tamanho: 22249 bytes
2025-08-08 15:37:07,924 - INFO - Arquivo mais recente selecionado: Lista de Preços Varejos 2025.xlsx
2025-08-08 15:37:07,924 - INFO -   Caminho: \\192.168.1.250\Dados-G\Custos\Gestão de Preços\RPP\RPA\lancar\Lista de Preços Varejos 2025.xlsx
2025-08-08 15:37:07,924 - INFO -   Data: Fri Aug  8 15:37:04 2025
2025-08-08 15:37:07,925 - INFO - Procurando próxima linha sem PA na coluna B (aba (608))...
2025-08-08 15:37:08,284 - INFO - Procurando aba com (608) no nome...
2025-08-08 15:37:08,287 - INFO - Verificando aba: ESTOQUE - PA PORTA (615)
2025-08-08 15:37:08,288 - INFO - Verificando aba: ESTOQUE - PA BATENTE JG (614)
2025-08-08 15:37:08,289 - INFO - Verificando aba: ESTOQUE - PA ALIZAR JG (608)
2025-08-08 15:37:08,289 - INFO - ✅ Aba configurada encontrada: ESTOQUE - PA ALIZAR JG (608)
2025-08-08 15:37:08,290 - INFO - Usando aba: ESTOQUE - PA ALIZAR JG (608)
2025-08-08 15:37:08,309 - INFO - Próxima linha para processar (sem PA na coluna B): 5
2025-08-08 15:37:08,448 - INFO - 
================================================================================
📌 PROCESSANDO LINHA 5 (Sucesso: 0, Falhas: 0)
================================================================================
2025-08-08 15:37:08,448 - INFO - 🔑 PRIMEIRA LINHA - Executando processo completo com login...
2025-08-08 15:37:08,448 - INFO - === INICIANDO PROCESSO COMPLETO COM INSERÇÃO ===
2025-08-08 15:37:08,448 - INFO - Iniciando processo completo...
2025-08-08 15:37:08,449 - INFO - Lendo dados da próxima linha sem PA na coluna B...
2025-08-08 15:37:08,449 - INFO - Procurando planilha mais recente em: \\192.168.1.250\Dados-G\Custos\Gestão de Preços\RPP\RPA\lancar
2025-08-08 15:37:08,449 - INFO - Padrão *.xlsx: 1 arquivos encontrados
2025-08-08 15:37:08,449 - INFO - Padrão *.xls: 0 arquivos encontrados
2025-08-08 15:37:08,450 - INFO - Padrão *.csv: 0 arquivos encontrados
2025-08-08 15:37:08,450 - INFO - Total de arquivos encontrados: 1
2025-08-08 15:37:08,451 - INFO - Arquivo: Lista de Preços Varejos 2025.xlsx
2025-08-08 15:37:08,451 - INFO -   Data modificação: Fri Aug  8 15:37:04 2025
2025-08-08 15:37:08,451 - INFO -   Tamanho: 22249 bytes
2025-08-08 15:37:08,452 - INFO - Arquivo mais recente selecionado: Lista de Preços Varejos 2025.xlsx
2025-08-08 15:37:08,452 - INFO -   Caminho: \\192.168.1.250\Dados-G\Custos\Gestão de Preços\RPP\RPA\lancar\Lista de Preços Varejos 2025.xlsx
2025-08-08 15:37:08,452 - INFO -   Data: Fri Aug  8 15:37:04 2025
2025-08-08 15:37:08,452 - INFO - Procurando próxima linha sem PA na coluna B (aba (608))...
2025-08-08 15:37:08,790 - INFO - Procurando aba com (608) no nome...
2025-08-08 15:37:08,792 - INFO - Verificando aba: ESTOQUE - PA PORTA (615)
2025-08-08 15:37:08,793 - INFO - Verificando aba: ESTOQUE - PA BATENTE JG (614)
2025-08-08 15:37:08,793 - INFO - Verificando aba: ESTOQUE - PA ALIZAR JG (608)
2025-08-08 15:37:08,793 - INFO - ✅ Aba configurada encontrada: ESTOQUE - PA ALIZAR JG (608)
2025-08-08 15:37:08,794 - INFO - Usando aba: ESTOQUE - PA ALIZAR JG (608)
2025-08-08 15:37:08,804 - INFO - Próxima linha para processar (sem PA na coluna B): 5
2025-08-08 15:37:08,943 - INFO - Procurando planilha mais recente em: \\192.168.1.250\Dados-G\Custos\Gestão de Preços\RPP\RPA\lancar
2025-08-08 15:37:08,943 - INFO - Padrão *.xlsx: 1 arquivos encontrados
2025-08-08 15:37:08,944 - INFO - Padrão *.xls: 0 arquivos encontrados
2025-08-08 15:37:08,944 - INFO - Padrão *.csv: 0 arquivos encontrados
2025-08-08 15:37:08,944 - INFO - Total de arquivos encontrados: 1
2025-08-08 15:37:08,946 - INFO - Arquivo: Lista de Preços Varejos 2025.xlsx
2025-08-08 15:37:08,946 - INFO -   Data modificação: Fri Aug  8 15:37:04 2025
2025-08-08 15:37:08,946 - INFO -   Tamanho: 22249 bytes
2025-08-08 15:37:08,947 - INFO - Arquivo mais recente selecionado: Lista de Preços Varejos 2025.xlsx
2025-08-08 15:37:08,947 - INFO -   Caminho: \\192.168.1.250\Dados-G\Custos\Gestão de Preços\RPP\RPA\lancar\Lista de Preços Varejos 2025.xlsx
2025-08-08 15:37:08,947 - INFO -   Data: Fri Aug  8 15:37:04 2025
2025-08-08 15:37:08,947 - INFO - Abrindo planilha via COM: \\192.168.1.250\Dados-G\Custos\Gestão de Preços\RPP\RPA\lancar\Lista de Preços Varejos 2025.xlsx
2025-08-08 15:37:09,283 - INFO - Planilha aberta com sucesso!
2025-08-08 15:37:09,283 - INFO - Procurando aba com (608) no nome...
2025-08-08 15:37:09,285 - INFO - Verificando aba: ESTOQUE - PA PORTA (615)
2025-08-08 15:37:09,285 - INFO - Verificando aba: ESTOQUE - PA BATENTE JG (614)
2025-08-08 15:37:09,286 - INFO - Verificando aba: ESTOQUE - PA ALIZAR JG (608)
2025-08-08 15:37:09,286 - INFO - ✅ Aba configurada encontrada: ESTOQUE - PA ALIZAR JG (608)
2025-08-08 15:37:09,286 - INFO - Usando aba: ESTOQUE - PA ALIZAR JG (608), linha: 5
2025-08-08 15:37:09,286 - INFO - Número extraído do nome da aba 'ESTOQUE - PA ALIZAR JG (608)': 608
2025-08-08 15:37:09,313 - INFO - Dados lidos da aba configurada - linha 5:
2025-08-08 15:37:09,314 - INFO -   Arquivo: Lista de Preços Varejos 2025.xlsx
2025-08-08 15:37:09,314 - INFO -   Nome da aba: ESTOQUE - PA ALIZAR JG (608)
2025-08-08 15:37:09,314 - INFO -   Número extraído: 608 (✅ CORRETO)
2025-08-08 15:37:09,314 - INFO -   Coluna A (controle): ESTOQUE - PA ALIZAR JG (608)
2025-08-08 15:37:09,314 - INFO -   Coluna B (PA existente): None
2025-08-08 15:37:09,314 - INFO -   📋 COLUNAS CONFIGURADAS (C até W):
2025-08-08 15:37:09,314 - INFO -     Coluna C: I159
2025-08-08 15:37:09,314 - INFO -     Coluna D: 50.0
2025-08-08 15:37:09,314 - INFO -     Coluna E: 2720.0
2025-08-08 15:37:09,314 - INFO -     Coluna F: 558.0
2025-08-08 15:37:09,314 - INFO -     Coluna G: I159
2025-08-08 15:37:09,314 - INFO -     Coluna H: I159
2025-08-08 15:37:09,315 - INFO -     Coluna I: N
2025-08-08 15:37:09,315 - INFO -     Coluna J: 6290.0
2025-08-08 15:37:09,315 - INFO -     Coluna K: 4.0
2025-08-08 15:37:09,315 - INFO -     Coluna L: 50.0
2025-08-08 15:37:09,315 - INFO -     Coluna M: 1050.0
2025-08-08 15:37:09,315 - INFO -     Coluna N: 558.0
2025-08-08 15:37:09,315 - INFO -     Coluna O: I159
2025-08-08 15:37:09,315 - INFO -     Coluna P: I159
2025-08-08 15:37:09,315 - INFO -     Coluna Q: N
2025-08-08 15:37:09,315 - INFO -     Coluna R: 6290.0
2025-08-08 15:37:09,315 - INFO -     Coluna S: 2.0
2025-08-08 15:37:09,315 - INFO -     Coluna T: JG
2025-08-08 15:37:09,315 - INFO -     Coluna U: 3100.0
2025-08-08 15:37:09,316 - INFO -     Coluna V: 1.0
2025-08-08 15:37:09,316 - INFO -     Coluna W: EST
2025-08-08 15:37:09,452 - INFO - Executando login...
2025-08-08 15:37:09,452 - INFO - Iniciando execução e login no programa
2025-08-08 15:37:09,453 - INFO - Iniciando programa: \\192.168.1.250\Programas\SYSTEAM\PROGRAMA\Indust\Engenh.exe
2025-08-08 15:37:10,296 - INFO - Programa iniciado com PID: 1300
2025-08-08 15:37:10,296 - INFO - Aguardando abertura da janela do programa...
2025-08-08 15:37:13,297 - INFO - Iniciando processo de login...
2025-08-08 15:37:13,297 - INFO - Inserindo nome de usuário
2025-08-08 15:37:15,500 - INFO - Inserindo senha
2025-08-08 15:37:17,705 - INFO - Usando número de empresa: 200
2025-08-08 15:37:20,911 - INFO - Login realizado com sucesso - Empresa: 200
2025-08-08 15:37:23,911 - INFO - Acessando configurador...
2025-08-08 15:37:23,912 - INFO - Iniciando acesso ao configurador...
2025-08-08 15:37:25,912 - INFO - Passo 1: Procurando e clicando no menu systeam...
2025-08-08 15:37:25,913 - INFO - Procurando imagem: img/menu systeam.PNG
2025-08-08 15:37:26,066 - INFO - Imagem encontrada em: Point(x=np.int64(26), y=np.int64(42))
2025-08-08 15:37:26,180 - INFO - Clique realizado em: Point(x=np.int64(26), y=np.int64(42))
2025-08-08 15:37:26,680 - INFO - Passo 2: Digitando 'configurador'...
2025-08-08 15:37:26,681 - INFO - Digitando texto: configurador
2025-08-08 15:37:27,284 - INFO - Passo 3: Procurando e clicando no módulo...
2025-08-08 15:37:27,285 - INFO - Procurando imagem: img/modulo item por descricao.PNG
2025-08-08 15:37:27,359 - INFO - Imagem encontrada em: Point(x=np.int64(660), y=np.int64(246))
2025-08-08 15:37:27,492 - INFO - Clique realizado em: Point(x=np.int64(660), y=np.int64(246))
2025-08-08 15:37:27,493 - INFO - Configurador acessado com sucesso!
2025-08-08 15:37:28,493 - INFO - Pesquisando tipo 608...
2025-08-08 15:37:28,494 - INFO - Iniciando pesquisa do tipo: 608
2025-08-08 15:37:30,500 - INFO - Passo 1: Procurando e clicando no botão pesquisar tipos...
2025-08-08 15:37:30,502 - INFO - Procurando imagem: img/pesquisar tipos 615.PNG
2025-08-08 15:37:30,566 - INFO - Imagem encontrada em: Point(x=np.int64(620), y=np.int64(78))
2025-08-08 15:37:30,680 - INFO - Clique realizado em: Point(x=np.int64(620), y=np.int64(78))
2025-08-08 15:37:31,181 - INFO - Passo 2: Digitando '608'...
2025-08-08 15:37:31,181 - INFO - Digitando texto: 608
2025-08-08 15:37:31,884 - INFO - Pesquisa do tipo 608 realizada com sucesso!
2025-08-08 15:37:31,884 - INFO - Processo completo executado com sucesso!
2025-08-08 15:37:33,885 - INFO - Navegando com 7x Tab...
2025-08-08 15:37:34,987 - INFO - Tab 1/7 pressionado
2025-08-08 15:37:35,389 - INFO - Tab 2/7 pressionado
2025-08-08 15:37:35,792 - INFO - Tab 3/7 pressionado
2025-08-08 15:37:36,196 - INFO - Tab 4/7 pressionado
2025-08-08 15:37:36,598 - INFO - Tab 5/7 pressionado
2025-08-08 15:37:37,001 - INFO - Tab 6/7 pressionado
2025-08-08 15:37:37,403 - INFO - Tab 7/7 pressionado
2025-08-08 15:37:37,704 - INFO - Navegação com 7x Tab concluída!
2025-08-08 15:37:38,705 - INFO - Processando linha 5
2025-08-08 15:37:38,706 - INFO - === INSERÇÃO SEQUENCIAL CONFIGURADA ===
2025-08-08 15:37:38,706 - INFO - Preenchendo colunas: C até W
2025-08-08 15:37:38,707 - INFO - Total de colunas: 21
2025-08-08 15:37:39,707 - INFO - 📝 INSERINDO C: 'I159'
2025-08-08 15:37:41,912 - INFO - 📝 INSERINDO D: '50'
2025-08-08 15:37:44,115 - INFO - 📝 INSERINDO E: '2720'
2025-08-08 15:37:46,320 - INFO - 📝 INSERINDO F: '558'
2025-08-08 15:37:48,523 - INFO - 📝 INSERINDO G: 'I159'
2025-08-08 15:37:50,727 - INFO - 📝 INSERINDO H: 'I159'
2025-08-08 15:37:52,929 - INFO - 📝 INSERINDO I: 'N'
2025-08-08 15:37:55,134 - INFO - 📝 INSERINDO J: '6290'
2025-08-08 15:37:57,338 - INFO - 📝 INSERINDO K: '4'
2025-08-08 15:37:59,543 - INFO - 📝 INSERINDO L: '50'
2025-08-08 15:38:01,750 - INFO - 📝 INSERINDO M: '1050'
2025-08-08 15:38:03,957 - INFO - 📝 INSERINDO N: '558'
2025-08-08 15:38:06,161 - INFO - 📝 INSERINDO O: 'I159'
2025-08-08 15:38:08,368 - INFO - 📝 INSERINDO P: 'I159'
2025-08-08 15:38:10,577 - INFO - 📝 INSERINDO Q: 'N'
2025-08-08 15:38:12,781 - INFO - 📝 INSERINDO R: '6290'
2025-08-08 15:38:14,989 - INFO - 📝 INSERINDO S: '2'
2025-08-08 15:38:17,193 - INFO - 📝 INSERINDO T: 'JG'
2025-08-08 15:38:19,398 - INFO - 📝 INSERINDO U: '3100'
2025-08-08 15:38:21,606 - INFO - 📝 INSERINDO V: '1'
2025-08-08 15:38:23,808 - INFO - 📝 INSERINDO W: 'EST'
2025-08-08 15:38:24,918 - INFO - Pressionando F2 para finalizar...
2025-08-08 15:38:25,019 - INFO - Aguardando após F2...
2025-08-08 15:38:28,019 - INFO - ✅ Inserção configurada concluída!
2025-08-08 15:38:28,021 - INFO - === PROCESSANDO RESULTADO APÓS F2 ===
2025-08-08 15:38:31,251 - INFO - ♻️ ITEM JÁ CADASTRADO - janela informacao.PNG encontrada diretamente!
2025-08-08 15:38:31,252 - INFO - Extraindo PA da janela na posição: Box(left=np.int64(648), top=np.int64(408), width=57, height=76)
2025-08-08 15:38:31,252 - INFO - Capturando região da tela para OCR...
2025-08-08 15:38:31,280 - INFO - Iniciando pré-processamento da imagem para melhorar a leitura...
2025-08-08 15:38:31,343 - INFO - 💾 Imagem pré-processada para OCR salva como: DEBUG_imagem_para_ocr_1754678311.png
2025-08-08 15:38:31,808 - INFO - 📄 TEXTO EXTRAÍDO DA IMAGEM PROCESSADA:
Informação x
Descrição Completa “ALIZAR DE MDF ULTRA (RU) JG V700 -
MDF BRANCO NEVE VRL62 90º €/ 4 PCS LAT. 2720 X 50X 15 E 2
PCS SUP. 1050 X 50 X 9 - REG. 55/8 - EMB. 3100 UM. 10 A 16%
ESTOQUE" já cadastrada para o item “PA97018"

2025-08-08 15:38:31,809 - INFO - Texto original do OCR: 'Informação x\nDescrição Completa “ALIZAR DE MDF ULTRA (RU) JG V700 -\nMDF BRANCO NEVE VRL62 90º €/ 4 PCS LAT. 2720 X 50X 15 E 2\nPCS SUP. 1050 X 50 X 9 - REG. 55/8 - EMB. 3100 UM. 10 A 16%\nESTOQUE" já cadastrada para o item “PA97018"\n'
2025-08-08 15:38:31,810 - INFO - Texto após correções automáticas: '1NF0RMAÇÃ0 X DE5CR1ÇÃ0 C0MPLE7A “AL1ZAR DE MDF UL7RA (RU) JG V700 - MDF 8RANC0 NEVE VRL62 90º €/ 4 PC5 LA7. 2720 X 50X 15 E 2 PC5 5UP. 1050 X 50 X 9 - REG. 55/8 - EM8. 3100 UM. 10 A 16% E570QUE" JÁ CADA57RADA PARA 0 17EM “PA97018" '
2025-08-08 15:38:31,810 - INFO - Testando padrão numérico 1: ITEM\s*[\'"]?PA(\d{4,8})[\'"]?
2025-08-08 15:38:31,810 - INFO - Testando padrão numérico 2: CADASTRAD[AO]\s+PARA\s+O\s+ITEM\s*[\'"]?PA(\d{4,8})[\'"]?
2025-08-08 15:38:31,811 - INFO - Testando padrão numérico 3: PA(\d{4,8})
2025-08-08 15:38:31,811 - INFO - ✓ SUCESSO! PA numérico extraído com padrão 3: PA97018
2025-08-08 15:38:32,912 - INFO - ✅ PA EXTRAÍDO: PA97018
2025-08-08 15:38:32,913 - INFO - Procurando planilha mais recente em: \\192.168.1.250\Dados-G\Custos\Gestão de Preços\RPP\RPA\lancar
2025-08-08 15:38:32,916 - INFO - Padrão *.xlsx: 1 arquivos encontrados
2025-08-08 15:38:32,917 - INFO - Padrão *.xls: 0 arquivos encontrados
2025-08-08 15:38:32,918 - INFO - Padrão *.csv: 0 arquivos encontrados
2025-08-08 15:38:32,919 - INFO - Total de arquivos encontrados: 1
2025-08-08 15:38:32,922 - INFO - Arquivo: Lista de Preços Varejos 2025.xlsx
2025-08-08 15:38:32,922 - INFO -   Data modificação: Fri Aug  8 15:37:04 2025
2025-08-08 15:38:32,922 - INFO -   Tamanho: 22249 bytes
2025-08-08 15:38:32,923 - INFO - Arquivo mais recente selecionado: Lista de Preços Varejos 2025.xlsx
2025-08-08 15:38:32,923 - INFO -   Caminho: \\192.168.1.250\Dados-G\Custos\Gestão de Preços\RPP\RPA\lancar\Lista de Preços Varejos 2025.xlsx
2025-08-08 15:38:32,924 - INFO -   Data: Fri Aug  8 15:37:04 2025
2025-08-08 15:38:32,924 - INFO - Abrindo planilha 'Lista de Preços Varejos 2025.xlsx' para salvar o PA...
2025-08-08 15:38:33,827 - INFO - Procurando aba com (608) no nome...
2025-08-08 15:38:33,830 - INFO - Verificando aba: ESTOQUE - PA PORTA (615)
2025-08-08 15:38:33,831 - INFO - Verificando aba: ESTOQUE - PA BATENTE JG (614)
2025-08-08 15:38:33,832 - INFO - Verificando aba: ESTOQUE - PA ALIZAR JG (608)
2025-08-08 15:38:33,832 - INFO - ✅ Aba configurada encontrada: ESTOQUE - PA ALIZAR JG (608)
2025-08-08 15:38:33,832 - INFO - Usando aba: ESTOQUE - PA ALIZAR JG (608)
2025-08-08 15:38:33,832 - INFO - Escrevendo o código 'PA97018' na célula B5...
2025-08-08 15:38:33,836 - INFO - Salvando o ficheiro Excel...
2025-08-08 15:38:34,064 - INFO - Fechando o ficheiro Excel...
2025-08-08 15:38:34,083 - INFO - Encerrando a instância do Excel...
2025-08-08 15:38:34,199 - INFO - Aguardando 1 segundo para garantir que o ficheiro foi atualizado na rede...
2025-08-08 15:38:35,200 - INFO - ✅ Código PA salvo na aba configurada - linha 5.
2025-08-08 15:38:35,202 - INFO - === PROCESSO COMPLETO COM INSERÇÃO FINALIZADO ===
2025-08-08 15:38:35,204 - INFO - ⏸️ Pausa 
2025-08-08 15:38:36,205 - INFO - Procurando planilha mais recente em: \\192.168.1.250\Dados-G\Custos\Gestão de Preços\RPP\RPA\lancar
2025-08-08 15:38:36,208 - INFO - Padrão *.xlsx: 1 arquivos encontrados
2025-08-08 15:38:36,210 - INFO - Padrão *.xls: 0 arquivos encontrados
2025-08-08 15:38:36,212 - INFO - Padrão *.csv: 0 arquivos encontrados
2025-08-08 15:38:36,213 - INFO - Total de arquivos encontrados: 1
2025-08-08 15:38:36,216 - INFO - Arquivo: Lista de Preços Varejos 2025.xlsx
2025-08-08 15:38:36,216 - INFO -   Data modificação: Fri Aug  8 15:38:33 2025
2025-08-08 15:38:36,217 - INFO -   Tamanho: 22264 bytes
2025-08-08 15:38:36,218 - INFO - Arquivo mais recente selecionado: Lista de Preços Varejos 2025.xlsx
2025-08-08 15:38:36,218 - INFO -   Caminho: \\192.168.1.250\Dados-G\Custos\Gestão de Preços\RPP\RPA\lancar\Lista de Preços Varejos 2025.xlsx
2025-08-08 15:38:36,219 - INFO -   Data: Fri Aug  8 15:38:33 2025
2025-08-08 15:38:36,220 - INFO - Procurando próxima linha sem PA na coluna B (aba (608))...
2025-08-08 15:38:36,582 - INFO - Procurando aba com (608) no nome...
2025-08-08 15:38:36,584 - INFO - Verificando aba: ESTOQUE - PA PORTA (615)
2025-08-08 15:38:36,585 - INFO - Verificando aba: ESTOQUE - PA BATENTE JG (614)
2025-08-08 15:38:36,585 - INFO - Verificando aba: ESTOQUE - PA ALIZAR JG (608)
2025-08-08 15:38:36,586 - INFO - ✅ Aba configurada encontrada: ESTOQUE - PA ALIZAR JG (608)
2025-08-08 15:38:36,586 - INFO - Usando aba: ESTOQUE - PA ALIZAR JG (608)
2025-08-08 15:38:36,601 - INFO - Próxima linha para processar (sem PA na coluna B): 6
2025-08-08 15:38:36,735 - INFO - 
================================================================================
📌 PROCESSANDO LINHA 6 (Sucesso: 1, Falhas: 0)
================================================================================
2025-08-08 15:38:36,735 - INFO - 🔄 LINHA SEGUINTE (6) - Executando sequência de reinício...
2025-08-08 15:38:36,736 - INFO - 🔄 === INICIANDO SEQUÊNCIA DE REINÍCIO (SIMPLIFICADA) ===
2025-08-08 15:38:36,736 - INFO - 🔍 Verificando se a janela de informação precisa ser fechada...
2025-08-08 15:38:36,835 - INFO - ✅ Janela de informação não está na tela.
2025-08-08 15:38:36,836 - INFO - Dimensões da tela: 1694x922
2025-08-08 15:38:36,837 - INFO - Passo 1: Movendo mouse para o centro (847, 461) e clicando.
2025-08-08 15:38:38,611 - INFO - Passo 2: Pressionando Home.
2025-08-08 15:38:39,214 - INFO - ✅ Sequência de reinício SIMPLIFICADA executada com sucesso!
2025-08-08 15:38:39,215 - INFO - 📋 PROCESSANDO LINHA 6...
2025-08-08 15:38:39,216 - INFO - Procurando planilha mais recente em: \\192.168.1.250\Dados-G\Custos\Gestão de Preços\RPP\RPA\lancar
2025-08-08 15:38:39,218 - INFO - Padrão *.xlsx: 1 arquivos encontrados
2025-08-08 15:38:39,221 - INFO - Padrão *.xls: 0 arquivos encontrados
2025-08-08 15:38:39,221 - INFO - Padrão *.csv: 0 arquivos encontrados
2025-08-08 15:38:39,222 - INFO - Total de arquivos encontrados: 1
2025-08-08 15:38:39,225 - INFO - Arquivo: Lista de Preços Varejos 2025.xlsx
2025-08-08 15:38:39,225 - INFO -   Data modificação: Fri Aug  8 15:38:33 2025
2025-08-08 15:38:39,226 - INFO -   Tamanho: 22264 bytes
2025-08-08 15:38:39,227 - INFO - Arquivo mais recente selecionado: Lista de Preços Varejos 2025.xlsx
2025-08-08 15:38:39,228 - INFO -   Caminho: \\192.168.1.250\Dados-G\Custos\Gestão de Preços\RPP\RPA\lancar\Lista de Preços Varejos 2025.xlsx
2025-08-08 15:38:39,229 - INFO -   Data: Fri Aug  8 15:38:33 2025
2025-08-08 15:38:39,229 - INFO - Abrindo planilha via COM: \\192.168.1.250\Dados-G\Custos\Gestão de Preços\RPP\RPA\lancar\Lista de Preços Varejos 2025.xlsx
2025-08-08 15:38:39,894 - INFO - Planilha aberta com sucesso!
2025-08-08 15:38:39,895 - INFO - Procurando aba com (608) no nome...
2025-08-08 15:38:39,896 - INFO - Verificando aba: ESTOQUE - PA PORTA (615)
2025-08-08 15:38:39,897 - INFO - Verificando aba: ESTOQUE - PA BATENTE JG (614)
2025-08-08 15:38:39,898 - INFO - Verificando aba: ESTOQUE - PA ALIZAR JG (608)
2025-08-08 15:38:39,898 - INFO - ✅ Aba configurada encontrada: ESTOQUE - PA ALIZAR JG (608)
2025-08-08 15:38:39,898 - INFO - Usando aba: ESTOQUE - PA ALIZAR JG (608), linha: 6
2025-08-08 15:38:39,898 - INFO - Número extraído do nome da aba 'ESTOQUE - PA ALIZAR JG (608)': 608
2025-08-08 15:38:39,932 - INFO - Dados lidos da aba configurada - linha 6:
2025-08-08 15:38:39,932 - INFO -   Arquivo: Lista de Preços Varejos 2025.xlsx
2025-08-08 15:38:39,932 - INFO -   Nome da aba: ESTOQUE - PA ALIZAR JG (608)
2025-08-08 15:38:39,932 - INFO -   Número extraído: 608 (✅ CORRETO)
2025-08-08 15:38:39,932 - INFO -   Coluna A (controle): ESTOQUE - PA ALIZAR JG (608)
2025-08-08 15:38:39,933 - INFO -   Coluna B (PA existente): None
2025-08-08 15:38:39,933 - INFO -   📋 COLUNAS CONFIGURADAS (C até W):
2025-08-08 15:38:39,933 - INFO -     Coluna C: I159
2025-08-08 15:38:39,933 - INFO -     Coluna D: 70.0
2025-08-08 15:38:39,933 - INFO -     Coluna E: 2720.0
2025-08-08 15:38:39,933 - INFO -     Coluna F: 558.0
2025-08-08 15:38:39,934 - INFO -     Coluna G: I159
2025-08-08 15:38:39,934 - INFO -     Coluna H: I159
2025-08-08 15:38:39,934 - INFO -     Coluna I: N
2025-08-08 15:38:39,934 - INFO -     Coluna J: 6290.0
2025-08-08 15:38:39,934 - INFO -     Coluna K: 4.0
2025-08-08 15:38:39,934 - INFO -     Coluna L: 70.0
2025-08-08 15:38:39,935 - INFO -     Coluna M: 1050.0
2025-08-08 15:38:39,935 - INFO -     Coluna N: 558.0
2025-08-08 15:38:39,935 - INFO -     Coluna O: I159
2025-08-08 15:38:39,935 - INFO -     Coluna P: I159
2025-08-08 15:38:39,935 - INFO -     Coluna Q: N
2025-08-08 15:38:39,935 - INFO -     Coluna R: 6290.0
2025-08-08 15:38:39,935 - INFO -     Coluna S: 2.0
2025-08-08 15:38:39,936 - INFO -     Coluna T: JG
2025-08-08 15:38:39,936 - INFO -     Coluna U: 3100.0
2025-08-08 15:38:39,936 - INFO -     Coluna V: 1.0
2025-08-08 15:38:39,936 - INFO -     Coluna W: EST
2025-08-08 15:38:40,071 - INFO - Processando linha 6
2025-08-08 15:38:40,071 - INFO - === INSERÇÃO SEQUENCIAL CONFIGURADA ===
2025-08-08 15:38:40,071 - INFO - Preenchendo colunas: C até W
2025-08-08 15:38:40,071 - INFO - Total de colunas: 21
2025-08-08 15:38:41,072 - INFO - 📝 INSERINDO C: 'I159'
2025-08-08 15:38:43,280 - INFO - 📝 INSERINDO D: '70'
2025-08-08 15:38:45,484 - INFO - 📝 INSERINDO E: '2720'
2025-08-08 15:38:47,691 - INFO - 📝 INSERINDO F: '558'
2025-08-08 15:38:49,896 - INFO - 📝 INSERINDO G: 'I159'
2025-08-08 15:38:52,100 - INFO - 📝 INSERINDO H: 'I159'
2025-08-08 15:38:54,302 - INFO - 📝 INSERINDO I: 'N'
2025-08-08 15:38:56,508 - INFO - 📝 INSERINDO J: '6290'
2025-08-08 15:38:58,717 - INFO - 📝 INSERINDO K: '4'
2025-08-08 15:39:00,920 - INFO - 📝 INSERINDO L: '70'
2025-08-08 15:39:03,126 - INFO - 📝 INSERINDO M: '1050'
2025-08-08 15:39:05,331 - INFO - 📝 INSERINDO N: '558'
2025-08-08 15:39:07,534 - INFO - 📝 INSERINDO O: 'I159'
2025-08-08 15:39:09,745 - INFO - 📝 INSERINDO P: 'I159'
2025-08-08 15:39:11,953 - INFO - 📝 INSERINDO Q: 'N'
2025-08-08 15:39:14,158 - INFO - 📝 INSERINDO R: '6290'
2025-08-08 15:39:16,366 - INFO - 📝 INSERINDO S: '2'
2025-08-08 15:39:18,569 - INFO - 📝 INSERINDO T: 'JG'
2025-08-08 15:39:20,775 - INFO - 📝 INSERINDO U: '3100'
2025-08-08 15:39:22,983 - INFO - 📝 INSERINDO V: '1'
2025-08-08 15:39:25,187 - INFO - 📝 INSERINDO W: 'EST'
2025-08-08 15:39:26,291 - INFO - Pressionando F2 para finalizar...
2025-08-08 15:39:26,393 - INFO - Aguardando após F2...
2025-08-08 15:39:29,394 - INFO - ✅ Inserção configurada concluída!
2025-08-08 15:39:29,396 - INFO - === PROCESSANDO RESULTADO APÓS F2 ===
2025-08-08 15:39:32,577 - INFO - ♻️ ITEM JÁ CADASTRADO - janela informacao.PNG encontrada diretamente!
2025-08-08 15:39:32,578 - INFO - Extraindo PA da janela na posição: Box(left=np.int64(648), top=np.int64(408), width=57, height=76)
2025-08-08 15:39:32,578 - INFO - Capturando região da tela para OCR...
2025-08-08 15:39:32,614 - INFO - Iniciando pré-processamento da imagem para melhorar a leitura...
2025-08-08 15:39:32,640 - INFO - 💾 Imagem pré-processada para OCR salva como: DEBUG_imagem_para_ocr_1754678372.png
2025-08-08 15:39:32,816 - INFO - 📄 TEXTO EXTRAÍDO DA IMAGEM PROCESSADA:
Informação x
Descrição Completa “ALIZAR DE MDF ULTRA (RU) JG V700 -
MDF BRANCO NEVE VRL62 90º €/ 4 PCS LAT. 2720 X 70X 15 E 2
PCS SUP. 1050 X 70 X 9 - REG. 55/8 - EMB. 3100 UM. 10 A 16%
ESTOQUE" já cadastrada para o item “PA97019"

2025-08-08 15:39:32,817 - INFO - Texto original do OCR: 'Informação x\nDescrição Completa “ALIZAR DE MDF ULTRA (RU) JG V700 -\nMDF BRANCO NEVE VRL62 90º €/ 4 PCS LAT. 2720 X 70X 15 E 2\nPCS SUP. 1050 X 70 X 9 - REG. 55/8 - EMB. 3100 UM. 10 A 16%\nESTOQUE" já cadastrada para o item “PA97019"\n'
2025-08-08 15:39:32,817 - INFO - Texto após correções automáticas: '1NF0RMAÇÃ0 X DE5CR1ÇÃ0 C0MPLE7A “AL1ZAR DE MDF UL7RA (RU) JG V700 - MDF 8RANC0 NEVE VRL62 90º €/ 4 PC5 LA7. 2720 X 70X 15 E 2 PC5 5UP. 1050 X 70 X 9 - REG. 55/8 - EM8. 3100 UM. 10 A 16% E570QUE" JÁ CADA57RADA PARA 0 17EM “PA97019" '
2025-08-08 15:39:32,817 - INFO - Testando padrão numérico 1: ITEM\s*[\'"]?PA(\d{4,8})[\'"]?
2025-08-08 15:39:32,817 - INFO - Testando padrão numérico 2: CADASTRAD[AO]\s+PARA\s+O\s+ITEM\s*[\'"]?PA(\d{4,8})[\'"]?
2025-08-08 15:39:32,818 - INFO - Testando padrão numérico 3: PA(\d{4,8})
2025-08-08 15:39:32,818 - INFO - ✓ SUCESSO! PA numérico extraído com padrão 3: PA97019
2025-08-08 15:39:33,919 - INFO - ✅ PA EXTRAÍDO: PA97019
2025-08-08 15:39:33,920 - INFO - Procurando planilha mais recente em: \\192.168.1.250\Dados-G\Custos\Gestão de Preços\RPP\RPA\lancar
2025-08-08 15:39:33,927 - INFO - Padrão *.xlsx: 1 arquivos encontrados
2025-08-08 15:39:33,929 - INFO - Padrão *.xls: 0 arquivos encontrados
2025-08-08 15:39:33,931 - INFO - Padrão *.csv: 0 arquivos encontrados
2025-08-08 15:39:33,932 - INFO - Total de arquivos encontrados: 1
2025-08-08 15:39:33,940 - INFO - Arquivo: Lista de Preços Varejos 2025.xlsx
2025-08-08 15:39:33,941 - INFO -   Data modificação: Fri Aug  8 15:38:33 2025
2025-08-08 15:39:33,941 - INFO -   Tamanho: 22264 bytes
2025-08-08 15:39:33,942 - INFO - Arquivo mais recente selecionado: Lista de Preços Varejos 2025.xlsx
2025-08-08 15:39:33,942 - INFO -   Caminho: \\192.168.1.250\Dados-G\Custos\Gestão de Preços\RPP\RPA\lancar\Lista de Preços Varejos 2025.xlsx
2025-08-08 15:39:33,943 - INFO -   Data: Fri Aug  8 15:38:33 2025
2025-08-08 15:39:33,943 - INFO - Abrindo planilha 'Lista de Preços Varejos 2025.xlsx' para salvar o PA...
2025-08-08 15:39:34,320 - INFO - Procurando aba com (608) no nome...
2025-08-08 15:39:34,322 - INFO - Verificando aba: ESTOQUE - PA PORTA (615)
2025-08-08 15:39:34,323 - INFO - Verificando aba: ESTOQUE - PA BATENTE JG (614)
2025-08-08 15:39:34,323 - INFO - Verificando aba: ESTOQUE - PA ALIZAR JG (608)
2025-08-08 15:39:34,324 - INFO - ✅ Aba configurada encontrada: ESTOQUE - PA ALIZAR JG (608)
2025-08-08 15:39:34,324 - INFO - Usando aba: ESTOQUE - PA ALIZAR JG (608)
2025-08-08 15:39:34,324 - INFO - Escrevendo o código 'PA97019' na célula B6...
2025-08-08 15:39:34,327 - INFO - Salvando o ficheiro Excel...
2025-08-08 15:39:34,449 - INFO - Fechando o ficheiro Excel...
2025-08-08 15:39:34,464 - INFO - Encerrando a instância do Excel...
2025-08-08 15:39:34,574 - INFO - Aguardando 1 segundo para garantir que o ficheiro foi atualizado na rede...
2025-08-08 15:39:35,575 - INFO - ✅ Código PA salvo na aba configurada - linha 6.
2025-08-08 15:39:35,578 - INFO - ✅ Linha 6 processada com sucesso!
2025-08-08 15:39:35,579 - INFO - ⏸️ Pausa 
2025-08-08 15:39:36,580 - INFO - Procurando planilha mais recente em: \\192.168.1.250\Dados-G\Custos\Gestão de Preços\RPP\RPA\lancar
2025-08-08 15:39:36,583 - INFO - Padrão *.xlsx: 1 arquivos encontrados
2025-08-08 15:39:36,585 - INFO - Padrão *.xls: 0 arquivos encontrados
2025-08-08 15:39:36,588 - INFO - Padrão *.csv: 0 arquivos encontrados
2025-08-08 15:39:36,589 - INFO - Total de arquivos encontrados: 1
2025-08-08 15:39:36,592 - INFO - Arquivo: Lista de Preços Varejos 2025.xlsx
2025-08-08 15:39:36,593 - INFO -   Data modificação: Fri Aug  8 15:39:34 2025
2025-08-08 15:39:36,594 - INFO -   Tamanho: 22273 bytes
2025-08-08 15:39:36,595 - INFO - Arquivo mais recente selecionado: Lista de Preços Varejos 2025.xlsx
2025-08-08 15:39:36,595 - INFO -   Caminho: \\192.168.1.250\Dados-G\Custos\Gestão de Preços\RPP\RPA\lancar\Lista de Preços Varejos 2025.xlsx
2025-08-08 15:39:36,596 - INFO -   Data: Fri Aug  8 15:39:34 2025
2025-08-08 15:39:36,597 - INFO - Procurando próxima linha sem PA na coluna B (aba (608))...
2025-08-08 15:39:36,968 - INFO - Procurando aba com (608) no nome...
2025-08-08 15:39:36,970 - INFO - Verificando aba: ESTOQUE - PA PORTA (615)
2025-08-08 15:39:36,970 - INFO - Verificando aba: ESTOQUE - PA BATENTE JG (614)
2025-08-08 15:39:36,971 - INFO - Verificando aba: ESTOQUE - PA ALIZAR JG (608)
2025-08-08 15:39:36,971 - INFO - ✅ Aba configurada encontrada: ESTOQUE - PA ALIZAR JG (608)
2025-08-08 15:39:36,972 - INFO - Usando aba: ESTOQUE - PA ALIZAR JG (608)
2025-08-08 15:39:36,991 - INFO - Próxima linha para processar (sem PA na coluna B): 7
2025-08-08 15:39:37,122 - INFO - 
================================================================================
📌 PROCESSANDO LINHA 7 (Sucesso: 2, Falhas: 0)
================================================================================
2025-08-08 15:39:37,122 - INFO - 🔄 LINHA SEGUINTE (7) - Executando sequência de reinício...
2025-08-08 15:39:37,122 - INFO - 🔄 === INICIANDO SEQUÊNCIA DE REINÍCIO (SIMPLIFICADA) ===
2025-08-08 15:39:37,122 - INFO - 🔍 Verificando se a janela de informação precisa ser fechada...
2025-08-08 15:39:37,231 - INFO - ✅ Janela de informação não está na tela.
2025-08-08 15:39:37,233 - INFO - Dimensões da tela: 1694x922
2025-08-08 15:39:37,233 - INFO - Passo 1: Movendo mouse para o centro (847, 461) e clicando.
2025-08-08 15:39:39,006 - INFO - Passo 2: Pressionando Home.
2025-08-08 15:39:39,609 - INFO - ✅ Sequência de reinício SIMPLIFICADA executada com sucesso!
2025-08-08 15:39:39,610 - INFO - 📋 PROCESSANDO LINHA 7...
2025-08-08 15:39:39,611 - INFO - Procurando planilha mais recente em: \\192.168.1.250\Dados-G\Custos\Gestão de Preços\RPP\RPA\lancar
2025-08-08 15:39:39,614 - INFO - Padrão *.xlsx: 1 arquivos encontrados
2025-08-08 15:39:39,617 - INFO - Padrão *.xls: 0 arquivos encontrados
2025-08-08 15:39:39,619 - INFO - Padrão *.csv: 0 arquivos encontrados
2025-08-08 15:39:39,620 - INFO - Total de arquivos encontrados: 1
2025-08-08 15:39:39,624 - INFO - Arquivo: Lista de Preços Varejos 2025.xlsx
2025-08-08 15:39:39,625 - INFO -   Data modificação: Fri Aug  8 15:39:34 2025
2025-08-08 15:39:39,625 - INFO -   Tamanho: 22273 bytes
2025-08-08 15:39:39,626 - INFO - Arquivo mais recente selecionado: Lista de Preços Varejos 2025.xlsx
2025-08-08 15:39:39,627 - INFO -   Caminho: \\192.168.1.250\Dados-G\Custos\Gestão de Preços\RPP\RPA\lancar\Lista de Preços Varejos 2025.xlsx
2025-08-08 15:39:39,628 - INFO -   Data: Fri Aug  8 15:39:34 2025
2025-08-08 15:39:39,629 - INFO - Abrindo planilha via COM: \\192.168.1.250\Dados-G\Custos\Gestão de Preços\RPP\RPA\lancar\Lista de Preços Varejos 2025.xlsx
2025-08-08 15:39:40,321 - INFO - Planilha aberta com sucesso!
2025-08-08 15:39:40,321 - INFO - Procurando aba com (608) no nome...
2025-08-08 15:39:40,324 - INFO - Verificando aba: ESTOQUE - PA PORTA (615)
2025-08-08 15:39:40,324 - INFO - Verificando aba: ESTOQUE - PA BATENTE JG (614)
2025-08-08 15:39:40,325 - INFO - Verificando aba: ESTOQUE - PA ALIZAR JG (608)
2025-08-08 15:39:40,325 - INFO - ✅ Aba configurada encontrada: ESTOQUE - PA ALIZAR JG (608)
2025-08-08 15:39:40,326 - INFO - Usando aba: ESTOQUE - PA ALIZAR JG (608), linha: 7
2025-08-08 15:39:40,326 - INFO - Número extraído do nome da aba 'ESTOQUE - PA ALIZAR JG (608)': 608
2025-08-08 15:39:40,360 - INFO - Dados lidos da aba configurada - linha 7:
2025-08-08 15:39:40,360 - INFO -   Arquivo: Lista de Preços Varejos 2025.xlsx
2025-08-08 15:39:40,360 - INFO -   Nome da aba: ESTOQUE - PA ALIZAR JG (608)
2025-08-08 15:39:40,360 - INFO -   Número extraído: 608 (✅ CORRETO)
2025-08-08 15:39:40,360 - INFO -   Coluna A (controle): ESTOQUE - PA ALIZAR JG (608)
2025-08-08 15:39:40,361 - INFO -   Coluna B (PA existente): None
2025-08-08 15:39:40,361 - INFO -   📋 COLUNAS CONFIGURADAS (C até W):
2025-08-08 15:39:40,361 - INFO -     Coluna C: I159
2025-08-08 15:39:40,361 - INFO -     Coluna D: 100.0
2025-08-08 15:39:40,361 - INFO -     Coluna E: 2720.0
2025-08-08 15:39:40,362 - INFO -     Coluna F: 558.0
2025-08-08 15:39:40,362 - INFO -     Coluna G: I159
2025-08-08 15:39:40,362 - INFO -     Coluna H: I159
2025-08-08 15:39:40,362 - INFO -     Coluna I: N
2025-08-08 15:39:40,362 - INFO -     Coluna J: 6290.0
2025-08-08 15:39:40,362 - INFO -     Coluna K: 4.0
2025-08-08 15:39:40,362 - INFO -     Coluna L: 100.0
2025-08-08 15:39:40,363 - INFO -     Coluna M: 1050.0
2025-08-08 15:39:40,363 - INFO -     Coluna N: 558.0
2025-08-08 15:39:40,363 - INFO -     Coluna O: I159
2025-08-08 15:39:40,363 - INFO -     Coluna P: I159
2025-08-08 15:39:40,363 - INFO -     Coluna Q: N
2025-08-08 15:39:40,363 - INFO -     Coluna R: 6290.0
2025-08-08 15:39:40,363 - INFO -     Coluna S: 2.0
2025-08-08 15:39:40,363 - INFO -     Coluna T: JG
2025-08-08 15:39:40,364 - INFO -     Coluna U: 3100.0
2025-08-08 15:39:40,364 - INFO -     Coluna V: 1.0
2025-08-08 15:39:40,364 - INFO -     Coluna W: EST
2025-08-08 15:39:40,500 - INFO - Processando linha 7
2025-08-08 15:39:40,500 - INFO - === INSERÇÃO SEQUENCIAL CONFIGURADA ===
2025-08-08 15:39:40,500 - INFO - Preenchendo colunas: C até W
2025-08-08 15:39:40,500 - INFO - Total de colunas: 21
2025-08-08 15:39:41,501 - INFO - 📝 INSERINDO C: 'I159'
2025-08-08 15:39:43,710 - INFO - 📝 INSERINDO D: '100'
2025-08-08 15:39:45,915 - INFO - 📝 INSERINDO E: '2720'
2025-08-08 15:39:48,122 - INFO - 📝 INSERINDO F: '558'
2025-08-08 15:39:50,327 - INFO - 📝 INSERINDO G: 'I159'
2025-08-08 15:39:52,533 - INFO - 📝 INSERINDO H: 'I159'
2025-08-08 15:39:54,735 - INFO - 📝 INSERINDO I: 'N'
2025-08-08 15:39:56,939 - INFO - 📝 INSERINDO J: '6290'
2025-08-08 15:39:59,146 - INFO - 📝 INSERINDO K: '4'
2025-08-08 15:40:01,350 - INFO - 📝 INSERINDO L: '100'
2025-08-08 15:40:03,557 - INFO - 📝 INSERINDO M: '1050'
2025-08-08 15:40:05,760 - INFO - 📝 INSERINDO N: '558'
2025-08-08 15:40:07,966 - INFO - 📝 INSERINDO O: 'I159'
2025-08-08 15:40:10,171 - INFO - 📝 INSERINDO P: 'I159'
2025-08-08 15:40:12,377 - INFO - 📝 INSERINDO Q: 'N'
2025-08-08 15:40:14,582 - INFO - 📝 INSERINDO R: '6290'
2025-08-08 15:40:16,787 - INFO - 📝 INSERINDO S: '2'
2025-08-08 15:40:18,991 - INFO - 📝 INSERINDO T: 'JG'
2025-08-08 15:40:21,199 - INFO - 📝 INSERINDO U: '3100'
2025-08-08 15:40:23,409 - INFO - 📝 INSERINDO V: '1'
2025-08-08 15:40:25,612 - INFO - 📝 INSERINDO W: 'EST'
2025-08-08 15:40:26,717 - INFO - Pressionando F2 para finalizar...
2025-08-08 15:40:26,818 - INFO - Aguardando após F2...
2025-08-08 15:40:29,819 - INFO - ✅ Inserção configurada concluída!
2025-08-08 15:40:29,820 - INFO - === PROCESSANDO RESULTADO APÓS F2 ===
2025-08-08 15:40:33,003 - INFO - ♻️ ITEM JÁ CADASTRADO - janela informacao.PNG encontrada diretamente!
2025-08-08 15:40:33,004 - INFO - Extraindo PA da janela na posição: Box(left=np.int64(651), top=np.int64(408), width=57, height=76)
2025-08-08 15:40:33,004 - INFO - Capturando região da tela para OCR...
2025-08-08 15:40:33,041 - INFO - Iniciando pré-processamento da imagem para melhorar a leitura...
2025-08-08 15:40:33,067 - INFO - 💾 Imagem pré-processada para OCR salva como: DEBUG_imagem_para_ocr_1754678433.png
2025-08-08 15:40:33,242 - INFO - 📄 TEXTO EXTRAÍDO DA IMAGEM PROCESSADA:
Informação x
Descrição Completa “ALIZAR DE MDF ULTRA (RU) JG V700 -
MDF BRANCO NEVE VRL62 90º C/ 4 PCS LAT. 2720 X 100 X 15 E
2 PCS SUP. 1050 X 100 X 9 - REG. 55/8 - EMB. 3100 UM. 10 A
16% ESTOQUE" já cadastrada para o item *PA97020'

2025-08-08 15:40:33,242 - INFO - Texto original do OCR: 'Informação x\nDescrição Completa “ALIZAR DE MDF ULTRA (RU) JG V700 -\nMDF BRANCO NEVE VRL62 90º C/ 4 PCS LAT. 2720 X 100 X 15 E\n2 PCS SUP. 1050 X 100 X 9 - REG. 55/8 - EMB. 3100 UM. 10 A\n16% ESTOQUE" já cadastrada para o item *PA97020\'\n'
2025-08-08 15:40:33,242 - INFO - Texto após correções automáticas: '1NF0RMAÇÃ0 X DE5CR1ÇÃ0 C0MPLE7A “AL1ZAR DE MDF UL7RA (RU) JG V700 - MDF 8RANC0 NEVE VRL62 90º C/ 4 PC5 LA7. 2720 X 100 X 15 E 2 PC5 5UP. 1050 X 100 X 9 - REG. 55/8 - EM8. 3100 UM. 10 A 16% E570QUE" JÁ CADA57RADA PARA 0 17EM *PA97020\' '
2025-08-08 15:40:33,243 - INFO - Testando padrão numérico 1: ITEM\s*[\'"]?PA(\d{4,8})[\'"]?
2025-08-08 15:40:33,243 - INFO - Testando padrão numérico 2: CADASTRAD[AO]\s+PARA\s+O\s+ITEM\s*[\'"]?PA(\d{4,8})[\'"]?
2025-08-08 15:40:33,243 - INFO - Testando padrão numérico 3: PA(\d{4,8})
2025-08-08 15:40:33,243 - INFO - ✓ SUCESSO! PA numérico extraído com padrão 3: PA97020
2025-08-08 15:40:34,344 - INFO - ✅ PA EXTRAÍDO: PA97020
2025-08-08 15:40:34,345 - INFO - Procurando planilha mais recente em: \\192.168.1.250\Dados-G\Custos\Gestão de Preços\RPP\RPA\lancar
2025-08-08 15:40:34,348 - INFO - Padrão *.xlsx: 1 arquivos encontrados
2025-08-08 15:40:34,348 - INFO - Padrão *.xls: 0 arquivos encontrados
2025-08-08 15:40:34,349 - INFO - Padrão *.csv: 0 arquivos encontrados
2025-08-08 15:40:34,349 - INFO - Total de arquivos encontrados: 1
2025-08-08 15:40:34,351 - INFO - Arquivo: Lista de Preços Varejos 2025.xlsx
2025-08-08 15:40:34,351 - INFO -   Data modificação: Fri Aug  8 15:39:34 2025
2025-08-08 15:40:34,351 - INFO -   Tamanho: 22273 bytes
2025-08-08 15:40:34,352 - INFO - Arquivo mais recente selecionado: Lista de Preços Varejos 2025.xlsx
2025-08-08 15:40:34,352 - INFO -   Caminho: \\192.168.1.250\Dados-G\Custos\Gestão de Preços\RPP\RPA\lancar\Lista de Preços Varejos 2025.xlsx
2025-08-08 15:40:34,352 - INFO -   Data: Fri Aug  8 15:39:34 2025
2025-08-08 15:40:34,352 - INFO - Abrindo planilha 'Lista de Preços Varejos 2025.xlsx' para salvar o PA...
2025-08-08 15:40:34,720 - INFO - Procurando aba com (608) no nome...
2025-08-08 15:40:34,724 - INFO - Verificando aba: ESTOQUE - PA PORTA (615)
2025-08-08 15:40:34,725 - INFO - Verificando aba: ESTOQUE - PA BATENTE JG (614)
2025-08-08 15:40:34,726 - INFO - Verificando aba: ESTOQUE - PA ALIZAR JG (608)
2025-08-08 15:40:34,726 - INFO - ✅ Aba configurada encontrada: ESTOQUE - PA ALIZAR JG (608)
2025-08-08 15:40:34,727 - INFO - Usando aba: ESTOQUE - PA ALIZAR JG (608)
2025-08-08 15:40:34,727 - INFO - Escrevendo o código 'PA97020' na célula B7...
2025-08-08 15:40:34,730 - INFO - Salvando o ficheiro Excel...
2025-08-08 15:40:34,899 - INFO - Fechando o ficheiro Excel...
2025-08-08 15:40:34,921 - INFO - Encerrando a instância do Excel...
2025-08-08 15:40:35,033 - INFO - Aguardando 1 segundo para garantir que o ficheiro foi atualizado na rede...
2025-08-08 15:40:36,034 - INFO - ✅ Código PA salvo na aba configurada - linha 7.
2025-08-08 15:40:36,037 - INFO - ✅ Linha 7 processada com sucesso!
2025-08-08 15:40:36,038 - INFO - ⏸️ Pausa 
2025-08-08 15:40:37,040 - INFO - Procurando planilha mais recente em: \\192.168.1.250\Dados-G\Custos\Gestão de Preços\RPP\RPA\lancar
2025-08-08 15:40:37,043 - INFO - Padrão *.xlsx: 1 arquivos encontrados
2025-08-08 15:40:37,045 - INFO - Padrão *.xls: 0 arquivos encontrados
2025-08-08 15:40:37,047 - INFO - Padrão *.csv: 0 arquivos encontrados
2025-08-08 15:40:37,048 - INFO - Total de arquivos encontrados: 1
2025-08-08 15:40:37,051 - INFO - Arquivo: Lista de Preços Varejos 2025.xlsx
2025-08-08 15:40:37,052 - INFO -   Data modificação: Fri Aug  8 15:40:34 2025
2025-08-08 15:40:37,053 - INFO -   Tamanho: 22275 bytes
2025-08-08 15:40:37,054 - INFO - Arquivo mais recente selecionado: Lista de Preços Varejos 2025.xlsx
2025-08-08 15:40:37,054 - INFO -   Caminho: \\192.168.1.250\Dados-G\Custos\Gestão de Preços\RPP\RPA\lancar\Lista de Preços Varejos 2025.xlsx
2025-08-08 15:40:37,055 - INFO -   Data: Fri Aug  8 15:40:34 2025
2025-08-08 15:40:37,055 - INFO - Procurando próxima linha sem PA na coluna B (aba (608))...
2025-08-08 15:40:37,394 - INFO - Procurando aba com (608) no nome...
2025-08-08 15:40:37,396 - INFO - Verificando aba: ESTOQUE - PA PORTA (615)
2025-08-08 15:40:37,397 - INFO - Verificando aba: ESTOQUE - PA BATENTE JG (614)
2025-08-08 15:40:37,398 - INFO - Verificando aba: ESTOQUE - PA ALIZAR JG (608)
2025-08-08 15:40:37,398 - INFO - ✅ Aba configurada encontrada: ESTOQUE - PA ALIZAR JG (608)
2025-08-08 15:40:37,398 - INFO - Usando aba: ESTOQUE - PA ALIZAR JG (608)
2025-08-08 15:40:37,419 - INFO - Próxima linha para processar (sem PA na coluna B): 8
2025-08-08 15:40:37,555 - INFO - 
================================================================================
📌 PROCESSANDO LINHA 8 (Sucesso: 3, Falhas: 0)
================================================================================
2025-08-08 15:40:37,556 - INFO - 🔄 LINHA SEGUINTE (8) - Executando sequência de reinício...
2025-08-08 15:40:37,556 - INFO - 🔄 === INICIANDO SEQUÊNCIA DE REINÍCIO (SIMPLIFICADA) ===
2025-08-08 15:40:37,556 - INFO - 🔍 Verificando se a janela de informação precisa ser fechada...
2025-08-08 15:40:37,658 - INFO - ✅ Janela de informação não está na tela.
2025-08-08 15:40:37,659 - INFO - Dimensões da tela: 1694x922
2025-08-08 15:40:37,660 - INFO - Passo 1: Movendo mouse para o centro (847, 461) e clicando.
2025-08-08 15:40:39,433 - INFO - Passo 2: Pressionando Home.
2025-08-08 15:40:40,036 - INFO - ✅ Sequência de reinício SIMPLIFICADA executada com sucesso!
2025-08-08 15:40:40,037 - INFO - 📋 PROCESSANDO LINHA 8...
2025-08-08 15:40:40,038 - INFO - Procurando planilha mais recente em: \\192.168.1.250\Dados-G\Custos\Gestão de Preços\RPP\RPA\lancar
2025-08-08 15:40:40,040 - INFO - Padrão *.xlsx: 1 arquivos encontrados
2025-08-08 15:40:40,041 - INFO - Padrão *.xls: 0 arquivos encontrados
2025-08-08 15:40:40,043 - INFO - Padrão *.csv: 0 arquivos encontrados
2025-08-08 15:40:40,044 - INFO - Total de arquivos encontrados: 1
2025-08-08 15:40:40,048 - INFO - Arquivo: Lista de Preços Varejos 2025.xlsx
2025-08-08 15:40:40,048 - INFO -   Data modificação: Fri Aug  8 15:40:34 2025
2025-08-08 15:40:40,049 - INFO -   Tamanho: 22275 bytes
2025-08-08 15:40:40,050 - INFO - Arquivo mais recente selecionado: Lista de Preços Varejos 2025.xlsx
2025-08-08 15:40:40,050 - INFO -   Caminho: \\192.168.1.250\Dados-G\Custos\Gestão de Preços\RPP\RPA\lancar\Lista de Preços Varejos 2025.xlsx
2025-08-08 15:40:40,051 - INFO -   Data: Fri Aug  8 15:40:34 2025
2025-08-08 15:40:40,052 - INFO - Abrindo planilha via COM: \\192.168.1.250\Dados-G\Custos\Gestão de Preços\RPP\RPA\lancar\Lista de Preços Varejos 2025.xlsx
2025-08-08 15:40:40,407 - INFO - Planilha aberta com sucesso!
2025-08-08 15:40:40,407 - INFO - Procurando aba com (608) no nome...
2025-08-08 15:40:40,409 - INFO - Verificando aba: ESTOQUE - PA PORTA (615)
2025-08-08 15:40:40,410 - INFO - Verificando aba: ESTOQUE - PA BATENTE JG (614)
2025-08-08 15:40:40,410 - INFO - Verificando aba: ESTOQUE - PA ALIZAR JG (608)
2025-08-08 15:40:40,410 - INFO - ✅ Aba configurada encontrada: ESTOQUE - PA ALIZAR JG (608)
2025-08-08 15:40:40,411 - INFO - Usando aba: ESTOQUE - PA ALIZAR JG (608), linha: 8
2025-08-08 15:40:40,411 - INFO - Número extraído do nome da aba 'ESTOQUE - PA ALIZAR JG (608)': 608
2025-08-08 15:40:40,445 - INFO - Dados lidos da aba configurada - linha 8:
2025-08-08 15:40:40,445 - INFO -   Arquivo: Lista de Preços Varejos 2025.xlsx
2025-08-08 15:40:40,445 - INFO -   Nome da aba: ESTOQUE - PA ALIZAR JG (608)
2025-08-08 15:40:40,445 - INFO -   Número extraído: 608 (✅ CORRETO)
2025-08-08 15:40:40,445 - INFO -   Coluna A (controle): ESTOQUE - PA ALIZAR JG (608)
2025-08-08 15:40:40,445 - INFO -   Coluna B (PA existente): None
2025-08-08 15:40:40,446 - INFO -   📋 COLUNAS CONFIGURADAS (C até W):
2025-08-08 15:40:40,446 - INFO -     Coluna C: FJ159
2025-08-08 15:40:40,446 - INFO -     Coluna D: 70.0
2025-08-08 15:40:40,446 - INFO -     Coluna E: 2720.0
2025-08-08 15:40:40,446 - INFO -     Coluna F: 558.0
2025-08-08 15:40:40,446 - INFO -     Coluna G: FJ159
2025-08-08 15:40:40,447 - INFO -     Coluna H: FJ159
2025-08-08 15:40:40,447 - INFO -     Coluna I: N
2025-08-08 15:40:40,447 - INFO -     Coluna J: 6290.0
2025-08-08 15:40:40,447 - INFO -     Coluna K: 4.0
2025-08-08 15:40:40,447 - INFO -     Coluna L: 70.0
2025-08-08 15:40:40,447 - INFO -     Coluna M: 1050.0
2025-08-08 15:40:40,447 - INFO -     Coluna N: 558.0
2025-08-08 15:40:40,448 - INFO -     Coluna O: FJ159
2025-08-08 15:40:40,448 - INFO -     Coluna P: FJ159
2025-08-08 15:40:40,448 - INFO -     Coluna Q: N
2025-08-08 15:40:40,448 - INFO -     Coluna R: 6290.0
2025-08-08 15:40:40,448 - INFO -     Coluna S: 2.0
2025-08-08 15:40:40,448 - INFO -     Coluna T: JG
2025-08-08 15:40:40,449 - INFO -     Coluna U: 3100.0
2025-08-08 15:40:40,449 - INFO -     Coluna V: 1.0
2025-08-08 15:40:40,449 - INFO -     Coluna W: EST
2025-08-08 15:40:40,581 - INFO - Processando linha 8
2025-08-08 15:40:40,582 - INFO - === INSERÇÃO SEQUENCIAL CONFIGURADA ===
2025-08-08 15:40:40,582 - INFO - Preenchendo colunas: C até W
2025-08-08 15:40:40,582 - INFO - Total de colunas: 21
2025-08-08 15:40:41,583 - INFO - 📝 INSERINDO C: 'FJ159'
2025-08-08 15:40:43,794 - INFO - 📝 INSERINDO D: '70'
2025-08-08 15:40:45,998 - INFO - 📝 INSERINDO E: '2720'
2025-08-08 15:40:48,207 - INFO - 📝 INSERINDO F: '558'
2025-08-08 15:40:50,415 - INFO - 📝 INSERINDO G: 'FJ159'
2025-08-08 15:40:52,626 - INFO - 📝 INSERINDO H: 'FJ159'
2025-08-08 15:40:54,830 - INFO - 📝 INSERINDO I: 'N'
2025-08-08 15:40:57,034 - INFO - 📝 INSERINDO J: '6290'
2025-08-08 15:40:59,242 - INFO - 📝 INSERINDO K: '4'
2025-08-08 15:41:01,445 - INFO - 📝 INSERINDO L: '70'
2025-08-08 15:41:03,648 - INFO - 📝 INSERINDO M: '1050'
2025-08-08 15:41:05,856 - INFO - 📝 INSERINDO N: '558'
2025-08-08 15:41:08,062 - INFO - 📝 INSERINDO O: 'FJ159'
2025-08-08 15:41:10,272 - INFO - 📝 INSERINDO P: 'FJ159'
2025-08-08 15:41:12,479 - INFO - 📝 INSERINDO Q: 'N'
2025-08-08 15:41:14,683 - INFO - 📝 INSERINDO R: '6290'
2025-08-08 15:41:16,890 - INFO - 📝 INSERINDO S: '2'
2025-08-08 15:41:19,095 - INFO - 📝 INSERINDO T: 'JG'
2025-08-08 15:41:21,304 - INFO - 📝 INSERINDO U: '3100'
2025-08-08 15:41:23,511 - INFO - 📝 INSERINDO V: '1'
2025-08-08 15:41:25,716 - INFO - 📝 INSERINDO W: 'EST'
2025-08-08 15:41:26,824 - INFO - Pressionando F2 para finalizar...
2025-08-08 15:41:26,926 - INFO - Aguardando após F2...
2025-08-08 15:41:29,926 - INFO - ✅ Inserção configurada concluída!
2025-08-08 15:41:29,928 - INFO - === PROCESSANDO RESULTADO APÓS F2 ===
2025-08-08 15:41:33,029 - INFO - 🆕 ITEM NOVO DETECTADO - janela CONFIRMAR.PNG encontrada!
2025-08-08 15:41:33,030 - INFO - 🎯 Procurando e clicando em img/SIM.PNG...
2025-08-08 15:41:33,234 - INFO - ✅ SIM clicado com sucesso na posição: Point(x=np.int64(835), y=np.int64(517))
2025-08-08 15:41:33,235 - INFO - Aguardando sistema processar após SIM...
2025-08-08 15:41:38,235 - INFO - Aguardando janela informacao.PNG aparecer após SIM...
2025-08-08 15:41:38,236 - INFO - ⏳ Aguardando janela informacao.PNG aparecer após confirmar item novo...
2025-08-08 15:41:38,340 - INFO - 🎉 Janela informacao.PNG encontrada após cadastro!
2025-08-08 15:41:40,341 - INFO - Extraindo PA da janela na posição: Box(left=np.int64(651), top=np.int64(401), width=57, height=76)
2025-08-08 15:41:40,342 - INFO - Capturando região da tela para OCR...
2025-08-08 15:41:40,408 - INFO - Iniciando pré-processamento da imagem para melhorar a leitura...
2025-08-08 15:41:40,434 - INFO - 💾 Imagem pré-processada para OCR salva como: DEBUG_imagem_para_ocr_1754678500.png
2025-08-08 15:41:40,605 - INFO - 📄 TEXTO EXTRAÍDO DA IMAGEM PROCESSADA:
Informação X
Item(ns) incluído(s) com sucesso!
O Código - Descrição
PA136260 - ALIZAR DE MDF ULTRA (RU) JG V708 - MDF FREJO
VRL62 90º C/ 4 PCS LAT. 2720 X 70X 15 E 2 PCS SUP. 1050 X 70
X9 - REG. 55/8 - EMB. 3100 UM. 10 À 16% ESTOQUE

2025-08-08 15:41:40,606 - INFO - Texto original do OCR: 'Informação X\nItem(ns) incluído(s) com sucesso!\nO Código - Descrição\nPA136260 - ALIZAR DE MDF ULTRA (RU) JG V708 - MDF FREJO\nVRL62 90º C/ 4 PCS LAT. 2720 X 70X 15 E 2 PCS SUP. 1050 X 70\nX9 - REG. 55/8 - EMB. 3100 UM. 10 À 16% ESTOQUE\n'
2025-08-08 15:41:40,606 - INFO - Texto após correções automáticas: '1NF0RMAÇÃ0 X 17EM(N5) 1NCLUÍD0(5) C0M 5UCE550! 0 CÓD1G0 - DE5CR1ÇÃ0 PA136260 - AL1ZAR DE MDF UL7RA (RU) JG V708 - MDF FREJ0 VRL62 90º C/ 4 PC5 LA7. 2720 X 70X 15 E 2 PC5 5UP. 1050 X 70 X9 - REG. 55/8 - EM8. 3100 UM. 10 À 16% E570QUE '
2025-08-08 15:41:40,606 - INFO - Testando padrão numérico 1: ITEM\s*[\'"]?PA(\d{4,8})[\'"]?
2025-08-08 15:41:40,607 - INFO - Testando padrão numérico 2: CADASTRAD[AO]\s+PARA\s+O\s+ITEM\s*[\'"]?PA(\d{4,8})[\'"]?
2025-08-08 15:41:40,607 - INFO - Testando padrão numérico 3: PA(\d{4,8})
2025-08-08 15:41:40,607 - INFO - ✓ SUCESSO! PA numérico extraído com padrão 3: PA136260
2025-08-08 15:41:41,708 - INFO - ✅ PA EXTRAÍDO: PA136260
2025-08-08 15:41:41,709 - INFO - Procurando planilha mais recente em: \\192.168.1.250\Dados-G\Custos\Gestão de Preços\RPP\RPA\lancar
2025-08-08 15:41:41,711 - INFO - Padrão *.xlsx: 1 arquivos encontrados
2025-08-08 15:41:41,712 - INFO - Padrão *.xls: 0 arquivos encontrados
2025-08-08 15:41:41,712 - INFO - Padrão *.csv: 0 arquivos encontrados
2025-08-08 15:41:41,712 - INFO - Total de arquivos encontrados: 1
2025-08-08 15:41:41,714 - INFO - Arquivo: Lista de Preços Varejos 2025.xlsx
2025-08-08 15:41:41,715 - INFO -   Data modificação: Fri Aug  8 15:40:34 2025
2025-08-08 15:41:41,715 - INFO -   Tamanho: 22275 bytes
2025-08-08 15:41:41,715 - INFO - Arquivo mais recente selecionado: Lista de Preços Varejos 2025.xlsx
2025-08-08 15:41:41,716 - INFO -   Caminho: \\192.168.1.250\Dados-G\Custos\Gestão de Preços\RPP\RPA\lancar\Lista de Preços Varejos 2025.xlsx
2025-08-08 15:41:41,716 - INFO -   Data: Fri Aug  8 15:40:34 2025
2025-08-08 15:41:41,716 - INFO - Abrindo planilha 'Lista de Preços Varejos 2025.xlsx' para salvar o PA...
2025-08-08 15:41:42,065 - INFO - Procurando aba com (608) no nome...
2025-08-08 15:41:42,067 - INFO - Verificando aba: ESTOQUE - PA PORTA (615)
2025-08-08 15:41:42,068 - INFO - Verificando aba: ESTOQUE - PA BATENTE JG (614)
2025-08-08 15:41:42,069 - INFO - Verificando aba: ESTOQUE - PA ALIZAR JG (608)
2025-08-08 15:41:42,069 - INFO - ✅ Aba configurada encontrada: ESTOQUE - PA ALIZAR JG (608)
2025-08-08 15:41:42,069 - INFO - Usando aba: ESTOQUE - PA ALIZAR JG (608)
2025-08-08 15:41:42,070 - INFO - Escrevendo o código 'PA136260' na célula B8...
2025-08-08 15:41:42,072 - INFO - Salvando o ficheiro Excel...
2025-08-08 15:41:42,201 - INFO - Fechando o ficheiro Excel...
2025-08-08 15:41:42,215 - INFO - Encerrando a instância do Excel...
2025-08-08 15:41:42,325 - INFO - Aguardando 1 segundo para garantir que o ficheiro foi atualizado na rede...
2025-08-08 15:41:43,326 - INFO - ✅ Código PA salvo na aba configurada - linha 8.
2025-08-08 15:41:43,328 - INFO - ✅ Linha 8 processada com sucesso!
2025-08-08 15:41:43,329 - INFO - ⏸️ Pausa 
2025-08-08 15:41:44,331 - INFO - Procurando planilha mais recente em: \\192.168.1.250\Dados-G\Custos\Gestão de Preços\RPP\RPA\lancar
2025-08-08 15:41:44,333 - INFO - Padrão *.xlsx: 1 arquivos encontrados
2025-08-08 15:41:44,335 - INFO - Padrão *.xls: 0 arquivos encontrados
2025-08-08 15:41:44,337 - INFO - Padrão *.csv: 0 arquivos encontrados
2025-08-08 15:41:44,338 - INFO - Total de arquivos encontrados: 1
2025-08-08 15:41:44,342 - INFO - Arquivo: Lista de Preços Varejos 2025.xlsx
2025-08-08 15:41:44,343 - INFO -   Data modificação: Fri Aug  8 15:41:42 2025
2025-08-08 15:41:44,344 - INFO -   Tamanho: 22279 bytes
2025-08-08 15:41:44,345 - INFO - Arquivo mais recente selecionado: Lista de Preços Varejos 2025.xlsx
2025-08-08 15:41:44,346 - INFO -   Caminho: \\192.168.1.250\Dados-G\Custos\Gestão de Preços\RPP\RPA\lancar\Lista de Preços Varejos 2025.xlsx
2025-08-08 15:41:44,347 - INFO -   Data: Fri Aug  8 15:41:42 2025
2025-08-08 15:41:44,348 - INFO - Procurando próxima linha sem PA na coluna B (aba (608))...
2025-08-08 15:41:45,006 - INFO - Procurando aba com (608) no nome...
2025-08-08 15:41:45,008 - INFO - Verificando aba: ESTOQUE - PA PORTA (615)
2025-08-08 15:41:45,009 - INFO - Verificando aba: ESTOQUE - PA BATENTE JG (614)
2025-08-08 15:41:45,009 - INFO - Verificando aba: ESTOQUE - PA ALIZAR JG (608)
2025-08-08 15:41:45,009 - INFO - ✅ Aba configurada encontrada: ESTOQUE - PA ALIZAR JG (608)
2025-08-08 15:41:45,010 - INFO - Usando aba: ESTOQUE - PA ALIZAR JG (608)
2025-08-08 15:41:45,032 - INFO - Próxima linha para processar (sem PA na coluna B): 9
2025-08-08 15:41:45,168 - INFO - 
================================================================================
📌 PROCESSANDO LINHA 9 (Sucesso: 4, Falhas: 0)
================================================================================
2025-08-08 15:41:45,169 - INFO - 🔄 LINHA SEGUINTE (9) - Executando sequência de reinício...
2025-08-08 15:41:45,169 - INFO - 🔄 === INICIANDO SEQUÊNCIA DE REINÍCIO (SIMPLIFICADA) ===
2025-08-08 15:41:45,169 - INFO - 🔍 Verificando se a janela de informação precisa ser fechada...
2025-08-08 15:41:45,271 - INFO - ✅ Janela de informação não está na tela.
2025-08-08 15:41:45,272 - INFO - Dimensões da tela: 1694x922
2025-08-08 15:41:45,272 - INFO - Passo 1: Movendo mouse para o centro (847, 461) e clicando.
2025-08-08 15:41:47,047 - INFO - Passo 2: Pressionando Home.
2025-08-08 15:41:47,649 - INFO - ✅ Sequência de reinício SIMPLIFICADA executada com sucesso!
2025-08-08 15:41:47,651 - INFO - 📋 PROCESSANDO LINHA 9...
2025-08-08 15:41:47,652 - INFO - Procurando planilha mais recente em: \\192.168.1.250\Dados-G\Custos\Gestão de Preços\RPP\RPA\lancar
2025-08-08 15:41:47,654 - INFO - Padrão *.xlsx: 1 arquivos encontrados
2025-08-08 15:41:47,657 - INFO - Padrão *.xls: 0 arquivos encontrados
2025-08-08 15:41:47,659 - INFO - Padrão *.csv: 0 arquivos encontrados
2025-08-08 15:41:47,660 - INFO - Total de arquivos encontrados: 1
2025-08-08 15:41:47,664 - INFO - Arquivo: Lista de Preços Varejos 2025.xlsx
2025-08-08 15:41:47,664 - INFO -   Data modificação: Fri Aug  8 15:41:42 2025
2025-08-08 15:41:47,665 - INFO -   Tamanho: 22279 bytes
2025-08-08 15:41:47,666 - INFO - Arquivo mais recente selecionado: Lista de Preços Varejos 2025.xlsx
2025-08-08 15:41:47,667 - INFO -   Caminho: \\192.168.1.250\Dados-G\Custos\Gestão de Preços\RPP\RPA\lancar\Lista de Preços Varejos 2025.xlsx
2025-08-08 15:41:47,668 - INFO -   Data: Fri Aug  8 15:41:42 2025
2025-08-08 15:41:47,668 - INFO - Abrindo planilha via COM: \\192.168.1.250\Dados-G\Custos\Gestão de Preços\RPP\RPA\lancar\Lista de Preços Varejos 2025.xlsx
2025-08-08 15:41:48,044 - INFO - Planilha aberta com sucesso!
2025-08-08 15:41:48,044 - INFO - Procurando aba com (608) no nome...
2025-08-08 15:41:48,046 - INFO - Verificando aba: ESTOQUE - PA PORTA (615)
2025-08-08 15:41:48,047 - INFO - Verificando aba: ESTOQUE - PA BATENTE JG (614)
2025-08-08 15:41:48,048 - INFO - Verificando aba: ESTOQUE - PA ALIZAR JG (608)
2025-08-08 15:41:48,048 - INFO - ✅ Aba configurada encontrada: ESTOQUE - PA ALIZAR JG (608)
2025-08-08 15:41:48,048 - INFO - Usando aba: ESTOQUE - PA ALIZAR JG (608), linha: 9
2025-08-08 15:41:48,049 - INFO - Número extraído do nome da aba 'ESTOQUE - PA ALIZAR JG (608)': 608
2025-08-08 15:41:48,082 - INFO - Dados lidos da aba configurada - linha 9:
2025-08-08 15:41:48,082 - INFO -   Arquivo: Lista de Preços Varejos 2025.xlsx
2025-08-08 15:41:48,083 - INFO -   Nome da aba: ESTOQUE - PA ALIZAR JG (608)
2025-08-08 15:41:48,083 - INFO -   Número extraído: 608 (✅ CORRETO)
2025-08-08 15:41:48,083 - INFO -   Coluna A (controle): ESTOQUE - PA ALIZAR JG (608)
2025-08-08 15:41:48,083 - INFO -   Coluna B (PA existente): None
2025-08-08 15:41:48,083 - INFO -   📋 COLUNAS CONFIGURADAS (C até W):
2025-08-08 15:41:48,083 - INFO -     Coluna C: B159B
2025-08-08 15:41:48,084 - INFO -     Coluna D: 70.0
2025-08-08 15:41:48,084 - INFO -     Coluna E: 2720.0
2025-08-08 15:41:48,084 - INFO -     Coluna F: 558.0
2025-08-08 15:41:48,084 - INFO -     Coluna G: B159B
2025-08-08 15:41:48,084 - INFO -     Coluna H: B159B
2025-08-08 15:41:48,084 - INFO -     Coluna I: N
2025-08-08 15:41:48,084 - INFO -     Coluna J: 6290.0
2025-08-08 15:41:48,084 - INFO -     Coluna K: 4.0
2025-08-08 15:41:48,085 - INFO -     Coluna L: 70.0
2025-08-08 15:41:48,085 - INFO -     Coluna M: 1050.0
2025-08-08 15:41:48,085 - INFO -     Coluna N: 558.0
2025-08-08 15:41:48,085 - INFO -     Coluna O: B159B
2025-08-08 15:41:48,085 - INFO -     Coluna P: B159B
2025-08-08 15:41:48,085 - INFO -     Coluna Q: N
2025-08-08 15:41:48,086 - INFO -     Coluna R: 6290.0
2025-08-08 15:41:48,086 - INFO -     Coluna S: 2.0
2025-08-08 15:41:48,086 - INFO -     Coluna T: JG
2025-08-08 15:41:48,086 - INFO -     Coluna U: 3100.0
2025-08-08 15:41:48,086 - INFO -     Coluna V: 1.0
2025-08-08 15:41:48,086 - INFO -     Coluna W: EST
2025-08-08 15:41:48,217 - INFO - Processando linha 9
2025-08-08 15:41:48,218 - INFO - === INSERÇÃO SEQUENCIAL CONFIGURADA ===
2025-08-08 15:41:48,218 - INFO - Preenchendo colunas: C até W
2025-08-08 15:41:48,218 - INFO - Total de colunas: 21
2025-08-08 15:41:49,219 - INFO - 📝 INSERINDO C: 'B159B'
2025-08-08 15:41:51,430 - INFO - 📝 INSERINDO D: '70'
2025-08-08 15:41:53,637 - INFO - 📝 INSERINDO E: '2720'
2025-08-08 15:41:55,845 - INFO - 📝 INSERINDO F: '558'
2025-08-08 15:41:58,050 - INFO - 📝 INSERINDO G: 'B159B'
2025-08-08 15:42:00,261 - INFO - 📝 INSERINDO H: 'B159B'
2025-08-08 15:42:02,465 - INFO - 📝 INSERINDO I: 'N'
2025-08-08 15:42:04,670 - INFO - 📝 INSERINDO J: '6290'
2025-08-08 15:42:06,877 - INFO - 📝 INSERINDO K: '4'
2025-08-08 15:42:09,081 - INFO - 📝 INSERINDO L: '70'
2025-08-08 15:42:11,287 - INFO - 📝 INSERINDO M: '1050'
2025-08-08 15:42:13,496 - INFO - 📝 INSERINDO N: '558'
2025-08-08 15:42:15,703 - INFO - 📝 INSERINDO O: 'B159B'
2025-08-08 15:42:17,914 - INFO - 📝 INSERINDO P: 'B159B'
2025-08-08 15:42:20,125 - INFO - 📝 INSERINDO Q: 'N'
2025-08-08 15:42:22,329 - INFO - 📝 INSERINDO R: '6290'
2025-08-08 15:42:24,537 - INFO - 📝 INSERINDO S: '2'
2025-08-08 15:42:26,742 - INFO - 📝 INSERINDO T: 'JG'
2025-08-08 15:42:28,950 - INFO - 📝 INSERINDO U: '3100'
2025-08-08 15:42:31,159 - INFO - 📝 INSERINDO V: '1'
2025-08-08 15:42:33,362 - INFO - 📝 INSERINDO W: 'EST'
2025-08-08 15:42:34,465 - INFO - Pressionando F2 para finalizar...
2025-08-08 15:42:34,567 - INFO - Aguardando após F2...
2025-08-08 15:42:37,568 - INFO - ✅ Inserção configurada concluída!
2025-08-08 15:42:37,568 - INFO - === PROCESSANDO RESULTADO APÓS F2 ===
2025-08-08 15:42:40,666 - INFO - 🆕 ITEM NOVO DETECTADO - janela CONFIRMAR.PNG encontrada!
2025-08-08 15:42:40,667 - INFO - 🎯 Procurando e clicando em img/SIM.PNG...
2025-08-08 15:42:40,879 - INFO - ✅ SIM clicado com sucesso na posição: Point(x=np.int64(835), y=np.int64(517))
2025-08-08 15:42:40,880 - INFO - Aguardando sistema processar após SIM...
2025-08-08 15:42:45,879 - INFO - Aguardando janela informacao.PNG aparecer após SIM...
2025-08-08 15:42:45,880 - INFO - ⏳ Aguardando janela informacao.PNG aparecer após confirmar item novo...
2025-08-08 15:42:45,983 - INFO - 🎉 Janela informacao.PNG encontrada após cadastro!
2025-08-08 15:42:47,984 - INFO - Extraindo PA da janela na posição: Box(left=np.int64(651), top=np.int64(401), width=57, height=76)
2025-08-08 15:42:47,985 - INFO - Capturando região da tela para OCR...
2025-08-08 15:42:48,020 - INFO - Iniciando pré-processamento da imagem para melhorar a leitura...
2025-08-08 15:42:48,040 - INFO - 💾 Imagem pré-processada para OCR salva como: DEBUG_imagem_para_ocr_1754678568.png
2025-08-08 15:42:48,449 - INFO - 📄 TEXTO EXTRAÍDO DA IMAGEM PROCESSADA:
Informação X
Item(ns) incluído(s) com sucesso!
O Código - Descrição
PA136261 - ALIZAR DE MDF ULTRA (RU) IG V705 - MDF BLACK
VRL62 90º C/ 4 PCS LAT. 2720 X 70X 15 E 2 PCS SUP. 1050 X 70
X9 - REG. 55/8 - EMB. 3100 UM. 10 À 16% ESTOQUE

2025-08-08 15:42:48,449 - INFO - Texto original do OCR: 'Informação X\nItem(ns) incluído(s) com sucesso!\nO Código - Descrição\nPA136261 - ALIZAR DE MDF ULTRA (RU) IG V705 - MDF BLACK\nVRL62 90º C/ 4 PCS LAT. 2720 X 70X 15 E 2 PCS SUP. 1050 X 70\nX9 - REG. 55/8 - EMB. 3100 UM. 10 À 16% ESTOQUE\n'
2025-08-08 15:42:48,450 - INFO - Texto após correções automáticas: '1NF0RMAÇÃ0 X 17EM(N5) 1NCLUÍD0(5) C0M 5UCE550! 0 CÓD1G0 - DE5CR1ÇÃ0 PA136261 - AL1ZAR DE MDF UL7RA (RU) 1G V705 - MDF 8LACK VRL62 90º C/ 4 PC5 LA7. 2720 X 70X 15 E 2 PC5 5UP. 1050 X 70 X9 - REG. 55/8 - EM8. 3100 UM. 10 À 16% E570QUE '
2025-08-08 15:42:48,450 - INFO - Testando padrão numérico 1: ITEM\s*[\'"]?PA(\d{4,8})[\'"]?
2025-08-08 15:42:48,450 - INFO - Testando padrão numérico 2: CADASTRAD[AO]\s+PARA\s+O\s+ITEM\s*[\'"]?PA(\d{4,8})[\'"]?
2025-08-08 15:42:48,451 - INFO - Testando padrão numérico 3: PA(\d{4,8})
2025-08-08 15:42:48,451 - INFO - ✓ SUCESSO! PA numérico extraído com padrão 3: PA136261
2025-08-08 15:42:49,552 - INFO - ✅ PA EXTRAÍDO: PA136261
2025-08-08 15:42:49,553 - INFO - Procurando planilha mais recente em: \\192.168.1.250\Dados-G\Custos\Gestão de Preços\RPP\RPA\lancar
2025-08-08 15:42:49,555 - INFO - Padrão *.xlsx: 1 arquivos encontrados
2025-08-08 15:42:49,556 - INFO - Padrão *.xls: 0 arquivos encontrados
2025-08-08 15:42:49,556 - INFO - Padrão *.csv: 0 arquivos encontrados
2025-08-08 15:42:49,557 - INFO - Total de arquivos encontrados: 1
2025-08-08 15:42:49,558 - INFO - Arquivo: Lista de Preços Varejos 2025.xlsx
2025-08-08 15:42:49,559 - INFO -   Data modificação: Fri Aug  8 15:41:42 2025
2025-08-08 15:42:49,559 - INFO -   Tamanho: 22279 bytes
2025-08-08 15:42:49,559 - INFO - Arquivo mais recente selecionado: Lista de Preços Varejos 2025.xlsx
2025-08-08 15:42:49,559 - INFO -   Caminho: \\192.168.1.250\Dados-G\Custos\Gestão de Preços\RPP\RPA\lancar\Lista de Preços Varejos 2025.xlsx
2025-08-08 15:42:49,560 - INFO -   Data: Fri Aug  8 15:41:42 2025
2025-08-08 15:42:49,560 - INFO - Abrindo planilha 'Lista de Preços Varejos 2025.xlsx' para salvar o PA...
2025-08-08 15:42:49,935 - INFO - Procurando aba com (608) no nome...
2025-08-08 15:42:49,938 - INFO - Verificando aba: ESTOQUE - PA PORTA (615)
2025-08-08 15:42:49,939 - INFO - Verificando aba: ESTOQUE - PA BATENTE JG (614)
2025-08-08 15:42:49,939 - INFO - Verificando aba: ESTOQUE - PA ALIZAR JG (608)
2025-08-08 15:42:49,940 - INFO - ✅ Aba configurada encontrada: ESTOQUE - PA ALIZAR JG (608)
2025-08-08 15:42:49,940 - INFO - Usando aba: ESTOQUE - PA ALIZAR JG (608)
2025-08-08 15:42:49,940 - INFO - Escrevendo o código 'PA136261' na célula B9...
2025-08-08 15:42:49,943 - INFO - Salvando o ficheiro Excel...
2025-08-08 15:42:50,064 - INFO - Fechando o ficheiro Excel...
2025-08-08 15:42:50,076 - INFO - Encerrando a instância do Excel...
2025-08-08 15:42:50,190 - INFO - Aguardando 1 segundo para garantir que o ficheiro foi atualizado na rede...
2025-08-08 15:42:51,191 - INFO - ✅ Código PA salvo na aba configurada - linha 9.
2025-08-08 15:42:51,194 - INFO - ✅ Linha 9 processada com sucesso!
2025-08-08 15:42:51,195 - INFO - ⏸️ Pausa 
2025-08-08 15:42:52,197 - INFO - Procurando planilha mais recente em: \\192.168.1.250\Dados-G\Custos\Gestão de Preços\RPP\RPA\lancar
2025-08-08 15:42:52,200 - INFO - Padrão *.xlsx: 1 arquivos encontrados
2025-08-08 15:42:52,201 - INFO - Padrão *.xls: 0 arquivos encontrados
2025-08-08 15:42:52,204 - INFO - Padrão *.csv: 0 arquivos encontrados
2025-08-08 15:42:52,205 - INFO - Total de arquivos encontrados: 1
2025-08-08 15:42:52,208 - INFO - Arquivo: Lista de Preços Varejos 2025.xlsx
2025-08-08 15:42:52,209 - INFO -   Data modificação: Fri Aug  8 15:42:49 2025
2025-08-08 15:42:52,210 - INFO -   Tamanho: 22279 bytes
2025-08-08 15:42:52,211 - INFO - Arquivo mais recente selecionado: Lista de Preços Varejos 2025.xlsx
2025-08-08 15:42:52,212 - INFO -   Caminho: \\192.168.1.250\Dados-G\Custos\Gestão de Preços\RPP\RPA\lancar\Lista de Preços Varejos 2025.xlsx
2025-08-08 15:42:52,212 - INFO -   Data: Fri Aug  8 15:42:49 2025
2025-08-08 15:42:52,213 - INFO - Procurando próxima linha sem PA na coluna B (aba (608))...
2025-08-08 15:42:52,575 - INFO - Procurando aba com (608) no nome...
2025-08-08 15:42:52,577 - INFO - Verificando aba: ESTOQUE - PA PORTA (615)
2025-08-08 15:42:52,577 - INFO - Verificando aba: ESTOQUE - PA BATENTE JG (614)
2025-08-08 15:42:52,578 - INFO - Verificando aba: ESTOQUE - PA ALIZAR JG (608)
2025-08-08 15:42:52,578 - INFO - ✅ Aba configurada encontrada: ESTOQUE - PA ALIZAR JG (608)
2025-08-08 15:42:52,579 - INFO - Usando aba: ESTOQUE - PA ALIZAR JG (608)
2025-08-08 15:42:52,605 - INFO - Fim dos dados na linha 10
2025-08-08 15:42:52,606 - INFO - Todas as linhas já foram processadas!
2025-08-08 15:42:52,740 - INFO - 🎉 === TODAS AS LINHAS FORAM PROCESSADAS! ===
2025-08-08 15:42:52,740 - INFO - 
================================================================================
🏁 === CADASTRO COMPLETO FINALIZADO ===
   ✅ Sucesso: 5
   ❌ Falhas: 0
================================================================================
2025-08-08 15:42:52,741 - INFO - 🎉 === ROBÔ EXECUTADO COM SUCESSO TOTAL! ===
2025-08-08 15:42:52,741 - INFO - Sistema finalizado. Pressione Ctrl+C para sair.
2025-08-08 15:44:25,683 - INFO - 
🛑 Execução interrompida pelo usuário.
