2025-08-08 15:22:19,983 - INFO - 🚀 === INICIANDO CADASTRO COMPLETO A PARTIR DO MAIN ===
2025-08-08 15:22:19,983 - INFO - Procurando planilha mais recente em: \\192.168.1.250\Programas\robo custos\lancar
2025-08-08 15:22:19,985 - INFO - Padrão *.xlsx: 1 arquivos encontrados
2025-08-08 15:22:19,985 - INFO - Padrão *.xls: 0 arquivos encontrados
2025-08-08 15:22:19,985 - INFO - Padrão *.csv: 0 arquivos encontrados
2025-08-08 15:22:19,985 - INFO - Total de arquivos encontrados: 1
2025-08-08 15:22:19,990 - INFO - Arquivo: Lista de Preços Varejos 2025.xlsx
2025-08-08 15:22:19,990 - INFO -   Data modificação: Fri Aug  8 15:20:42 2025
2025-08-08 15:22:19,996 - INFO -   Tamanho: 22193 bytes
2025-08-08 15:22:19,996 - INFO - Arquivo mais recente selecionado: Lista de Preços Varejos 2025.xlsx
2025-08-08 15:22:19,997 - INFO -   Caminho: \\192.168.1.250\Programas\robo custos\lancar\Lista de Preços Varejos 2025.xlsx
2025-08-08 15:22:19,997 - INFO -   Data: Fri Aug  8 15:20:42 2025
2025-08-08 15:22:19,997 - INFO - Procurando próxima linha sem PA na coluna B (aba (614))...
2025-08-08 15:22:20,393 - INFO - Procurando aba com (614) no nome...
2025-08-08 15:22:20,396 - INFO - Verificando aba: ESTOQUE - PA PORTA (615)
2025-08-08 15:22:20,396 - INFO - Verificando aba: ESTOQUE - PA BATENTE JG (614)
2025-08-08 15:22:20,396 - INFO - ✅ Aba configurada encontrada: ESTOQUE - PA BATENTE JG (614)
2025-08-08 15:22:20,397 - INFO - Usando aba: ESTOQUE - PA BATENTE JG (614)
2025-08-08 15:22:20,400 - INFO - Próxima linha para processar (sem PA na coluna B): 2
2025-08-08 15:22:20,666 - INFO - 
================================================================================
📌 PROCESSANDO LINHA 2 (Sucesso: 0, Falhas: 0)
================================================================================
2025-08-08 15:22:20,666 - INFO - 🔑 PRIMEIRA LINHA - Executando processo completo com login...
2025-08-08 15:22:20,666 - INFO - === INICIANDO PROCESSO COMPLETO COM INSERÇÃO ===
2025-08-08 15:22:20,667 - INFO - Iniciando processo completo...
2025-08-08 15:22:20,667 - INFO - Lendo dados da próxima linha sem PA na coluna B...
2025-08-08 15:22:20,667 - INFO - Procurando planilha mais recente em: \\192.168.1.250\Programas\robo custos\lancar
2025-08-08 15:22:20,667 - INFO - Padrão *.xlsx: 1 arquivos encontrados
2025-08-08 15:22:20,667 - INFO - Padrão *.xls: 0 arquivos encontrados
2025-08-08 15:22:20,668 - INFO - Padrão *.csv: 0 arquivos encontrados
2025-08-08 15:22:20,668 - INFO - Total de arquivos encontrados: 1
2025-08-08 15:22:20,669 - INFO - Arquivo: Lista de Preços Varejos 2025.xlsx
2025-08-08 15:22:20,669 - INFO -   Data modificação: Fri Aug  8 15:20:42 2025
2025-08-08 15:22:20,669 - INFO -   Tamanho: 22193 bytes
2025-08-08 15:22:20,669 - INFO - Arquivo mais recente selecionado: Lista de Preços Varejos 2025.xlsx
2025-08-08 15:22:20,669 - INFO -   Caminho: \\192.168.1.250\Programas\robo custos\lancar\Lista de Preços Varejos 2025.xlsx
2025-08-08 15:22:20,669 - INFO -   Data: Fri Aug  8 15:20:42 2025
2025-08-08 15:22:20,669 - INFO - Procurando próxima linha sem PA na coluna B (aba (614))...
2025-08-08 15:22:21,045 - INFO - Procurando aba com (614) no nome...
2025-08-08 15:22:21,047 - INFO - Verificando aba: ESTOQUE - PA PORTA (615)
2025-08-08 15:22:21,048 - INFO - Verificando aba: ESTOQUE - PA BATENTE JG (614)
2025-08-08 15:22:21,048 - INFO - ✅ Aba configurada encontrada: ESTOQUE - PA BATENTE JG (614)
2025-08-08 15:22:21,048 - INFO - Usando aba: ESTOQUE - PA BATENTE JG (614)
2025-08-08 15:22:21,052 - INFO - Próxima linha para processar (sem PA na coluna B): 2
2025-08-08 15:22:21,304 - INFO - Procurando planilha mais recente em: \\192.168.1.250\Programas\robo custos\lancar
2025-08-08 15:22:21,305 - INFO - Padrão *.xlsx: 1 arquivos encontrados
2025-08-08 15:22:21,305 - INFO - Padrão *.xls: 0 arquivos encontrados
2025-08-08 15:22:21,305 - INFO - Padrão *.csv: 0 arquivos encontrados
2025-08-08 15:22:21,306 - INFO - Total de arquivos encontrados: 1
2025-08-08 15:22:21,307 - INFO - Arquivo: Lista de Preços Varejos 2025.xlsx
2025-08-08 15:22:21,307 - INFO -   Data modificação: Fri Aug  8 15:20:42 2025
2025-08-08 15:22:21,307 - INFO -   Tamanho: 22193 bytes
2025-08-08 15:22:21,307 - INFO - Arquivo mais recente selecionado: Lista de Preços Varejos 2025.xlsx
2025-08-08 15:22:21,307 - INFO -   Caminho: \\192.168.1.250\Programas\robo custos\lancar\Lista de Preços Varejos 2025.xlsx
2025-08-08 15:22:21,307 - INFO -   Data: Fri Aug  8 15:20:42 2025
2025-08-08 15:22:21,308 - INFO - Abrindo planilha via COM: \\192.168.1.250\Programas\robo custos\lancar\Lista de Preços Varejos 2025.xlsx
2025-08-08 15:22:21,684 - INFO - Planilha aberta com sucesso!
2025-08-08 15:22:21,684 - INFO - Procurando aba com (614) no nome...
2025-08-08 15:22:21,686 - INFO - Verificando aba: ESTOQUE - PA PORTA (615)
2025-08-08 15:22:21,687 - INFO - Verificando aba: ESTOQUE - PA BATENTE JG (614)
2025-08-08 15:22:21,687 - INFO - ✅ Aba configurada encontrada: ESTOQUE - PA BATENTE JG (614)
2025-08-08 15:22:21,687 - INFO - Usando aba: ESTOQUE - PA BATENTE JG (614), linha: 2
2025-08-08 15:22:21,688 - INFO - Número extraído do nome da aba 'ESTOQUE - PA BATENTE JG (614)': 614
2025-08-08 15:22:21,715 - INFO - Dados lidos da aba configurada - linha 2:
2025-08-08 15:22:21,715 - INFO -   Arquivo: Lista de Preços Varejos 2025.xlsx
2025-08-08 15:22:21,715 - INFO -   Nome da aba: ESTOQUE - PA BATENTE JG (614)
2025-08-08 15:22:21,715 - INFO -   Número extraído: 614 (✅ CORRETO)
2025-08-08 15:22:21,715 - INFO -   Coluna A (controle): ESTOQUE - PA BATENTE JG (614)
2025-08-08 15:22:21,716 - INFO -   Coluna B (PA existente): None
2025-08-08 15:22:21,716 - INFO -   📋 COLUNAS CONFIGURADAS (C até W):
2025-08-08 15:22:21,716 - INFO -     Coluna C: I
2025-08-08 15:22:21,716 - INFO -     Coluna D: 70.0
2025-08-08 15:22:21,716 - INFO -     Coluna E: 2135.0
2025-08-08 15:22:21,716 - INFO -     Coluna F: I
2025-08-08 15:22:21,716 - INFO -     Coluna G: 35.0
2025-08-08 15:22:21,716 - INFO -     Coluna H: N
2025-08-08 15:22:21,716 - INFO -     Coluna I: RB40
2025-08-08 15:22:21,716 - INFO -     Coluna J: 2.0
2025-08-08 15:22:21,716 - INFO -     Coluna K: 150.0
2025-08-08 15:22:21,717 - INFO -     Coluna L: 1008.0
2025-08-08 15:22:21,717 - INFO -     Coluna M: I
2025-08-08 15:22:21,717 - INFO -     Coluna N: 35.0
2025-08-08 15:22:21,717 - INFO -     Coluna O: N
2025-08-08 15:22:21,717 - INFO -     Coluna P: RB40
2025-08-08 15:22:21,717 - INFO -     Coluna Q: 1.0
2025-08-08 15:22:21,717 - INFO -     Coluna R: JG
2025-08-08 15:22:21,717 - INFO -     Coluna S: 2101.0
2025-08-08 15:22:21,717 - INFO -     Coluna T: SUSIN
2025-08-08 15:22:21,717 - INFO -     Coluna U: SUSIN
2025-08-08 15:22:21,717 - INFO -     Coluna V: 1.0
2025-08-08 15:22:21,717 - INFO -     Coluna W: EST
2025-08-08 15:22:21,959 - INFO - Executando login...
2025-08-08 15:22:21,960 - INFO - Iniciando execução e login no programa
2025-08-08 15:22:21,961 - INFO - Iniciando programa: \\192.168.1.250\Programas\SYSTEAM\PROGRAMA\Indust\Engenh.exe
2025-08-08 15:22:22,818 - INFO - Programa iniciado com PID: 23240
2025-08-08 15:22:22,818 - INFO - Aguardando abertura da janela do programa...
2025-08-08 15:22:25,819 - INFO - Iniciando processo de login...
2025-08-08 15:22:25,820 - INFO - Inserindo nome de usuário
2025-08-08 15:22:28,025 - INFO - Inserindo senha
2025-08-08 15:22:30,237 - INFO - Usando número de empresa: 200
2025-08-08 15:22:33,449 - INFO - Login realizado com sucesso - Empresa: 200
2025-08-08 15:22:36,450 - INFO - Acessando configurador...
2025-08-08 15:22:36,452 - INFO - Iniciando acesso ao configurador...
2025-08-08 15:22:38,453 - INFO - Passo 1: Procurando e clicando no menu systeam...
2025-08-08 15:22:38,454 - INFO - Procurando imagem: img/menu systeam.PNG
2025-08-08 15:22:38,559 - INFO - Imagem encontrada em: Point(x=np.int64(26), y=np.int64(42))
2025-08-08 15:22:38,680 - INFO - Clique realizado em: Point(x=np.int64(26), y=np.int64(42))
2025-08-08 15:22:39,182 - INFO - Passo 2: Digitando 'configurador'...
2025-08-08 15:22:39,183 - INFO - Digitando texto: configurador
2025-08-08 15:22:39,797 - INFO - Passo 3: Procurando e clicando no módulo...
2025-08-08 15:22:39,799 - INFO - Procurando imagem: img/modulo item por descricao.PNG
2025-08-08 15:22:39,901 - INFO - Imagem encontrada em: Point(x=np.int64(660), y=np.int64(246))
2025-08-08 15:22:40,024 - INFO - Clique realizado em: Point(x=np.int64(660), y=np.int64(246))
2025-08-08 15:22:40,024 - INFO - Configurador acessado com sucesso!
2025-08-08 15:22:41,025 - INFO - Pesquisando tipo 614...
2025-08-08 15:22:41,026 - INFO - Iniciando pesquisa do tipo: 614
2025-08-08 15:22:43,027 - INFO - Passo 1: Procurando e clicando no botão pesquisar tipos...
2025-08-08 15:22:43,029 - INFO - Procurando imagem: img/pesquisar tipos 615.PNG
2025-08-08 15:22:43,109 - INFO - Imagem encontrada em: Point(x=np.int64(620), y=np.int64(78))
2025-08-08 15:22:43,242 - INFO - Clique realizado em: Point(x=np.int64(620), y=np.int64(78))
2025-08-08 15:22:43,743 - INFO - Passo 2: Digitando '614'...
2025-08-08 15:22:43,745 - INFO - Digitando texto: 614
2025-08-08 15:22:44,452 - INFO - Pesquisa do tipo 614 realizada com sucesso!
2025-08-08 15:22:44,453 - INFO - Processo completo executado com sucesso!
2025-08-08 15:22:46,455 - INFO - Navegando com 7x Tab...
2025-08-08 15:22:47,557 - INFO - Tab 1/7 pressionado
2025-08-08 15:22:47,960 - INFO - Tab 2/7 pressionado
2025-08-08 15:22:48,363 - INFO - Tab 3/7 pressionado
2025-08-08 15:22:48,766 - INFO - Tab 4/7 pressionado
2025-08-08 15:22:49,169 - INFO - Tab 5/7 pressionado
2025-08-08 15:22:49,572 - INFO - Tab 6/7 pressionado
2025-08-08 15:22:49,975 - INFO - Tab 7/7 pressionado
2025-08-08 15:22:50,276 - INFO - Navegação com 7x Tab concluída!
2025-08-08 15:22:51,278 - INFO - Processando linha 2
2025-08-08 15:22:51,280 - INFO - === INSERÇÃO SEQUENCIAL CONFIGURADA ===
2025-08-08 15:22:51,281 - INFO - Preenchendo colunas: C até W
2025-08-08 15:22:51,282 - INFO - Total de colunas: 21
2025-08-08 15:22:52,283 - INFO - 📝 INSERINDO C: 'I'
2025-08-08 15:22:54,491 - INFO - 📝 INSERINDO D: '70'
2025-08-08 15:22:56,696 - INFO - 📝 INSERINDO E: '2135'
2025-08-08 15:22:58,902 - INFO - 📝 INSERINDO F: 'I'
2025-08-08 15:23:01,109 - INFO - 📝 INSERINDO G: '35'
2025-08-08 15:23:03,313 - INFO - 📝 INSERINDO H: 'N'
2025-08-08 15:23:05,519 - INFO - 📝 INSERINDO I: 'RB40'
2025-08-08 15:23:07,730 - INFO - 📝 INSERINDO J: '2'
2025-08-08 15:23:09,935 - INFO - 📝 INSERINDO K: '150'
2025-08-08 15:23:12,143 - INFO - 📝 INSERINDO L: '1008'
2025-08-08 15:23:14,349 - INFO - 📝 INSERINDO M: 'I'
2025-08-08 15:23:16,558 - INFO - 📝 INSERINDO N: '35'
2025-08-08 15:23:18,763 - INFO - 📝 INSERINDO O: 'N'
2025-08-08 15:23:20,969 - INFO - 📝 INSERINDO P: 'RB40'
2025-08-08 15:23:23,174 - INFO - 📝 INSERINDO Q: '1'
2025-08-08 15:23:25,378 - INFO - 📝 INSERINDO R: 'JG'
2025-08-08 15:23:27,587 - INFO - 📝 INSERINDO S: '2101'
2025-08-08 15:23:29,796 - INFO - 📝 INSERINDO T: 'SUSIN'
2025-08-08 15:23:32,010 - INFO - 📝 INSERINDO U: 'SUSIN'
2025-08-08 15:23:34,232 - INFO - 📝 INSERINDO V: '1'
2025-08-08 15:23:36,437 - INFO - 📝 INSERINDO W: 'EST'
2025-08-08 15:23:37,542 - INFO - Pressionando F2 para finalizar...
2025-08-08 15:23:37,643 - INFO - Aguardando após F2...
2025-08-08 15:23:40,644 - INFO - ✅ Inserção configurada concluída!
2025-08-08 15:23:40,645 - INFO - === PROCESSANDO RESULTADO APÓS F2 ===
2025-08-08 15:23:43,846 - INFO - ♻️ ITEM JÁ CADASTRADO - janela informacao.PNG encontrada diretamente!
2025-08-08 15:23:43,846 - INFO - Extraindo PA da janela na posição: Box(left=np.int64(649), top=np.int64(401), width=57, height=76)
2025-08-08 15:23:43,847 - INFO - Capturando região da tela para OCR...
2025-08-08 15:23:43,885 - INFO - Iniciando pré-processamento da imagem para melhorar a leitura...
2025-08-08 15:23:43,917 - INFO - 💾 Imagem pré-processada para OCR salva como: DEBUG_imagem_para_ocr_1754677423.png
2025-08-08 15:23:44,097 - INFO - 📄 TEXTO EXTRAÍDO DA IMAGEM PROCESSADA:
Informação x
Descrição Completa “CAIXILHO MADEIRA REFLORESTADA JG
8700 - BRANCO NEVE RB40 - REB 40,5 €/ 2 PCS LAT. 2135 X 70 X
35 E 1 PC SUP. 1008 X 70 X 35 MM EMB. 2101 FECH. S/USIN
DOB. S/USIN UM. 10 A 16% ESTOQUE” já cadastrada para o
item "PA136238"

2025-08-08 15:23:44,097 - INFO - Texto original do OCR: 'Informação x\nDescrição Completa “CAIXILHO MADEIRA REFLORESTADA JG\n8700 - BRANCO NEVE RB40 - REB 40,5 €/ 2 PCS LAT. 2135 X 70 X\n35 E 1 PC SUP. 1008 X 70 X 35 MM EMB. 2101 FECH. S/USIN\nDOB. S/USIN UM. 10 A 16% ESTOQUE” já cadastrada para o\nitem "PA136238"\n'
2025-08-08 15:23:44,098 - INFO - Texto após correções automáticas: '1NF0RMAÇÃ0 X DE5CR1ÇÃ0 C0MPLE7A “CA1X1LH0 MADE1RA REFL0RE57ADA JG 8700 - 8RANC0 NEVE R840 - RE8 40,5 €/ 2 PC5 LA7. 2135 X 70 X 35 E 1 PC 5UP. 1008 X 70 X 35 MM EM8. 2101 FECH. 5/U51N D08. 5/U51N UM. 10 A 16% E570QUE” JÁ CADA57RADA PARA 0 17EM "PA136238" '
2025-08-08 15:23:44,098 - INFO - Testando padrão numérico 1: ITEM\s*[\'"]?PA(\d{4,8})[\'"]?
2025-08-08 15:23:44,098 - INFO - Testando padrão numérico 2: CADASTRAD[AO]\s+PARA\s+O\s+ITEM\s*[\'"]?PA(\d{4,8})[\'"]?
2025-08-08 15:23:44,099 - INFO - Testando padrão numérico 3: PA(\d{4,8})
2025-08-08 15:23:44,099 - INFO - ✓ SUCESSO! PA numérico extraído com padrão 3: PA136238
2025-08-08 15:23:45,201 - INFO - ✅ PA EXTRAÍDO: PA136238
2025-08-08 15:23:45,203 - INFO - Procurando planilha mais recente em: \\192.168.1.250\Programas\robo custos\lancar
2025-08-08 15:23:45,210 - INFO - Padrão *.xlsx: 1 arquivos encontrados
2025-08-08 15:23:45,212 - INFO - Padrão *.xls: 0 arquivos encontrados
2025-08-08 15:23:45,214 - INFO - Padrão *.csv: 0 arquivos encontrados
2025-08-08 15:23:45,215 - INFO - Total de arquivos encontrados: 1
2025-08-08 15:23:45,218 - INFO - Arquivo: Lista de Preços Varejos 2025.xlsx
2025-08-08 15:23:45,219 - INFO -   Data modificação: Fri Aug  8 15:20:42 2025
2025-08-08 15:23:45,219 - INFO -   Tamanho: 22193 bytes
2025-08-08 15:23:45,220 - INFO - Arquivo mais recente selecionado: Lista de Preços Varejos 2025.xlsx
2025-08-08 15:23:45,221 - INFO -   Caminho: \\192.168.1.250\Programas\robo custos\lancar\Lista de Preços Varejos 2025.xlsx
2025-08-08 15:23:45,222 - INFO -   Data: Fri Aug  8 15:20:42 2025
2025-08-08 15:23:45,222 - INFO - Abrindo planilha 'Lista de Preços Varejos 2025.xlsx' para salvar o PA...
2025-08-08 15:23:45,949 - INFO - Procurando aba com (614) no nome...
2025-08-08 15:23:45,951 - INFO - Verificando aba: ESTOQUE - PA PORTA (615)
2025-08-08 15:23:45,951 - INFO - Verificando aba: ESTOQUE - PA BATENTE JG (614)
2025-08-08 15:23:45,952 - INFO - ✅ Aba configurada encontrada: ESTOQUE - PA BATENTE JG (614)
2025-08-08 15:23:45,952 - INFO - Usando aba: ESTOQUE - PA BATENTE JG (614)
2025-08-08 15:23:45,952 - INFO - Escrevendo o código 'PA136238' na célula B2...
2025-08-08 15:23:45,955 - INFO - Salvando o ficheiro Excel...
2025-08-08 15:23:46,085 - INFO - Fechando o ficheiro Excel...
2025-08-08 15:23:46,099 - INFO - Encerrando a instância do Excel...
2025-08-08 15:23:46,326 - INFO - Aguardando 1 segundo para garantir que o ficheiro foi atualizado na rede...
2025-08-08 15:23:47,327 - INFO - ✅ Código PA salvo na aba configurada - linha 2.
2025-08-08 15:23:47,329 - INFO - === PROCESSO COMPLETO COM INSERÇÃO FINALIZADO ===
2025-08-08 15:23:47,331 - INFO - ⏸️ Pausa 
2025-08-08 15:23:48,332 - INFO - Procurando planilha mais recente em: \\192.168.1.250\Programas\robo custos\lancar
2025-08-08 15:23:48,335 - INFO - Padrão *.xlsx: 1 arquivos encontrados
2025-08-08 15:23:48,338 - INFO - Padrão *.xls: 0 arquivos encontrados
2025-08-08 15:23:48,340 - INFO - Padrão *.csv: 0 arquivos encontrados
2025-08-08 15:23:48,341 - INFO - Total de arquivos encontrados: 1
2025-08-08 15:23:48,348 - INFO - Arquivo: Lista de Preços Varejos 2025.xlsx
2025-08-08 15:23:48,349 - INFO -   Data modificação: Fri Aug  8 15:23:45 2025
2025-08-08 15:23:48,350 - INFO -   Tamanho: 22211 bytes
2025-08-08 15:23:48,351 - INFO - Arquivo mais recente selecionado: Lista de Preços Varejos 2025.xlsx
2025-08-08 15:23:48,352 - INFO -   Caminho: \\192.168.1.250\Programas\robo custos\lancar\Lista de Preços Varejos 2025.xlsx
2025-08-08 15:23:48,352 - INFO -   Data: Fri Aug  8 15:23:45 2025
2025-08-08 15:23:48,353 - INFO - Procurando próxima linha sem PA na coluna B (aba (614))...
2025-08-08 15:23:48,739 - INFO - Procurando aba com (614) no nome...
2025-08-08 15:23:48,741 - INFO - Verificando aba: ESTOQUE - PA PORTA (615)
2025-08-08 15:23:48,742 - INFO - Verificando aba: ESTOQUE - PA BATENTE JG (614)
2025-08-08 15:23:48,742 - INFO - ✅ Aba configurada encontrada: ESTOQUE - PA BATENTE JG (614)
2025-08-08 15:23:48,743 - INFO - Usando aba: ESTOQUE - PA BATENTE JG (614)
2025-08-08 15:23:48,793 - INFO - Próxima linha para processar (sem PA na coluna B): 18
2025-08-08 15:23:49,046 - INFO - 
================================================================================
📌 PROCESSANDO LINHA 18 (Sucesso: 1, Falhas: 0)
================================================================================
2025-08-08 15:23:49,046 - INFO - 🔄 LINHA SEGUINTE (18) - Executando sequência de reinício...
2025-08-08 15:23:49,047 - INFO - 🔄 === INICIANDO SEQUÊNCIA DE REINÍCIO (SIMPLIFICADA) ===
2025-08-08 15:23:49,047 - INFO - 🔍 Verificando se a janela de informação precisa ser fechada...
2025-08-08 15:23:49,154 - INFO - ✅ Janela de informação não está na tela.
2025-08-08 15:23:49,155 - INFO - Dimensões da tela: 1694x922
2025-08-08 15:23:49,155 - INFO - Passo 1: Movendo mouse para o centro (847, 461) e clicando.
2025-08-08 15:23:50,931 - INFO - Passo 2: Pressionando Home.
2025-08-08 15:23:51,534 - INFO - ✅ Sequência de reinício SIMPLIFICADA executada com sucesso!
2025-08-08 15:23:51,535 - INFO - 📋 PROCESSANDO LINHA 18...
2025-08-08 15:23:51,535 - INFO - Procurando planilha mais recente em: \\192.168.1.250\Programas\robo custos\lancar
2025-08-08 15:23:51,536 - INFO - Padrão *.xlsx: 1 arquivos encontrados
2025-08-08 15:23:51,536 - INFO - Padrão *.xls: 0 arquivos encontrados
2025-08-08 15:23:51,537 - INFO - Padrão *.csv: 0 arquivos encontrados
2025-08-08 15:23:51,537 - INFO - Total de arquivos encontrados: 1
2025-08-08 15:23:51,540 - INFO - Arquivo: Lista de Preços Varejos 2025.xlsx
2025-08-08 15:23:51,540 - INFO -   Data modificação: Fri Aug  8 15:23:45 2025
2025-08-08 15:23:51,540 - INFO -   Tamanho: 22211 bytes
2025-08-08 15:23:51,540 - INFO - Arquivo mais recente selecionado: Lista de Preços Varejos 2025.xlsx
2025-08-08 15:23:51,540 - INFO -   Caminho: \\192.168.1.250\Programas\robo custos\lancar\Lista de Preços Varejos 2025.xlsx
2025-08-08 15:23:51,541 - INFO -   Data: Fri Aug  8 15:23:45 2025
2025-08-08 15:23:51,541 - INFO - Abrindo planilha via COM: \\192.168.1.250\Programas\robo custos\lancar\Lista de Preços Varejos 2025.xlsx
2025-08-08 15:23:51,927 - INFO - Planilha aberta com sucesso!
2025-08-08 15:23:51,927 - INFO - Procurando aba com (614) no nome...
2025-08-08 15:23:51,929 - INFO - Verificando aba: ESTOQUE - PA PORTA (615)
2025-08-08 15:23:51,930 - INFO - Verificando aba: ESTOQUE - PA BATENTE JG (614)
2025-08-08 15:23:51,930 - INFO - ✅ Aba configurada encontrada: ESTOQUE - PA BATENTE JG (614)
2025-08-08 15:23:51,931 - INFO - Usando aba: ESTOQUE - PA BATENTE JG (614), linha: 18
2025-08-08 15:23:51,931 - INFO - Número extraído do nome da aba 'ESTOQUE - PA BATENTE JG (614)': 614
2025-08-08 15:23:51,965 - INFO - Dados lidos da aba configurada - linha 18:
2025-08-08 15:23:51,966 - INFO -   Arquivo: Lista de Preços Varejos 2025.xlsx
2025-08-08 15:23:51,966 - INFO -   Nome da aba: ESTOQUE - PA BATENTE JG (614)
2025-08-08 15:23:51,966 - INFO -   Número extraído: 614 (✅ CORRETO)
2025-08-08 15:23:51,966 - INFO -   Coluna A (controle): ESTOQUE - PA BATENTE JG (614)
2025-08-08 15:23:51,966 - INFO -   Coluna B (PA existente): None
2025-08-08 15:23:51,966 - INFO -   📋 COLUNAS CONFIGURADAS (C até W):
2025-08-08 15:23:51,967 - INFO -     Coluna C: INB
2025-08-08 15:23:51,967 - INFO -     Coluna D: 130.0
2025-08-08 15:23:51,967 - INFO -     Coluna E: 2135.0
2025-08-08 15:23:51,967 - INFO -     Coluna F: INB
2025-08-08 15:23:51,967 - INFO -     Coluna G: 35.0
2025-08-08 15:23:51,967 - INFO -     Coluna H: N
2025-08-08 15:23:51,967 - INFO -     Coluna I: RB40
2025-08-08 15:23:51,968 - INFO -     Coluna J: 2.0
2025-08-08 15:23:51,968 - INFO -     Coluna K: 150.0
2025-08-08 15:23:51,968 - INFO -     Coluna L: 1008.0
2025-08-08 15:23:51,968 - INFO -     Coluna M: INB
2025-08-08 15:23:51,968 - INFO -     Coluna N: 35.0
2025-08-08 15:23:51,968 - INFO -     Coluna O: N
2025-08-08 15:23:51,968 - INFO -     Coluna P: RB40
2025-08-08 15:23:51,969 - INFO -     Coluna Q: 1.0
2025-08-08 15:23:51,969 - INFO -     Coluna R: JG
2025-08-08 15:23:51,969 - INFO -     Coluna S: 2101.0
2025-08-08 15:23:51,969 - INFO -     Coluna T: SUSIN
2025-08-08 15:23:51,969 - INFO -     Coluna U: SUSIN
2025-08-08 15:23:51,969 - INFO -     Coluna V: 1.0
2025-08-08 15:23:51,969 - INFO -     Coluna W: EST
2025-08-08 15:23:52,216 - INFO - Processando linha 18
2025-08-08 15:23:52,216 - INFO - === INSERÇÃO SEQUENCIAL CONFIGURADA ===
2025-08-08 15:23:52,217 - INFO - Preenchendo colunas: C até W
2025-08-08 15:23:52,217 - INFO - Total de colunas: 21
2025-08-08 15:23:53,218 - INFO - 📝 INSERINDO C: 'INB'
2025-08-08 15:23:55,427 - INFO - 📝 INSERINDO D: '130'
2025-08-08 15:23:57,636 - INFO - 📝 INSERINDO E: '2135'
2025-08-08 15:23:59,841 - INFO - 📝 INSERINDO F: 'INB'
2025-08-08 15:24:02,054 - INFO - 📝 INSERINDO G: '35'
2025-08-08 15:24:04,258 - INFO - 📝 INSERINDO H: 'N'
2025-08-08 15:24:06,465 - INFO - 📝 INSERINDO I: 'RB40'
2025-08-08 15:24:08,677 - INFO - 📝 INSERINDO J: '2'
2025-08-08 15:24:10,882 - INFO - 📝 INSERINDO K: '150'
2025-08-08 15:24:13,087 - INFO - 📝 INSERINDO L: '1008'
2025-08-08 15:24:15,298 - INFO - 📝 INSERINDO M: 'INB'
2025-08-08 15:24:17,512 - INFO - 📝 INSERINDO N: '35'
2025-08-08 15:24:19,720 - INFO - 📝 INSERINDO O: 'N'
2025-08-08 15:24:21,922 - INFO - 📝 INSERINDO P: 'RB40'
2025-08-08 15:24:24,126 - INFO - 📝 INSERINDO Q: '1'
2025-08-08 15:24:26,331 - INFO - 📝 INSERINDO R: 'JG'
2025-08-08 15:24:28,541 - INFO - 📝 INSERINDO S: '2101'
2025-08-08 15:24:30,749 - INFO - 📝 INSERINDO T: 'SUSIN'
2025-08-08 15:24:32,957 - INFO - 📝 INSERINDO U: 'SUSIN'
2025-08-08 15:24:35,173 - INFO - 📝 INSERINDO V: '1'
2025-08-08 15:24:37,378 - INFO - 📝 INSERINDO W: 'EST'
2025-08-08 15:24:38,487 - INFO - Pressionando F2 para finalizar...
2025-08-08 15:24:38,589 - INFO - Aguardando após F2...
2025-08-08 15:24:41,590 - INFO - ✅ Inserção configurada concluída!
2025-08-08 15:24:41,590 - INFO - === PROCESSANDO RESULTADO APÓS F2 ===
2025-08-08 15:24:44,783 - INFO - ♻️ ITEM JÁ CADASTRADO - janela informacao.PNG encontrada diretamente!
2025-08-08 15:24:44,783 - INFO - Extraindo PA da janela na posição: Box(left=np.int64(651), top=np.int64(401), width=57, height=76)
2025-08-08 15:24:44,784 - INFO - Capturando região da tela para OCR...
2025-08-08 15:24:44,819 - INFO - Iniciando pré-processamento da imagem para melhorar a leitura...
2025-08-08 15:24:44,848 - INFO - 💾 Imagem pré-processada para OCR salva como: DEBUG_imagem_para_ocr_1754677484.png
2025-08-08 15:24:45,024 - INFO - 📄 TEXTO EXTRAÍDO DA IMAGEM PROCESSADA:
Informação x
Descrição Completa “CAIXILHO MADEIRA REFLORESTADA JG
B705 - BLACK RB40 - REB 40,5 €/ 2 PCS LAT. 2135 X 130X 35 E 1
PC SUP. 1008 X 130 X 35 MM EMB. 2101 FECH. S/USIN DOS.
S/USIN UM. 10 A 16% ESTOQUE” já cadastrada para o item
*PA136255"

2025-08-08 15:24:45,024 - INFO - Texto original do OCR: 'Informação x\nDescrição Completa “CAIXILHO MADEIRA REFLORESTADA JG\nB705 - BLACK RB40 - REB 40,5 €/ 2 PCS LAT. 2135 X 130X 35 E 1\nPC SUP. 1008 X 130 X 35 MM EMB. 2101 FECH. S/USIN DOS.\nS/USIN UM. 10 A 16% ESTOQUE” já cadastrada para o item\n*PA136255"\n'
2025-08-08 15:24:45,024 - INFO - Texto após correções automáticas: '1NF0RMAÇÃ0 X DE5CR1ÇÃ0 C0MPLE7A “CA1X1LH0 MADE1RA REFL0RE57ADA JG 8705 - 8LACK R840 - RE8 40,5 €/ 2 PC5 LA7. 2135 X 130X 35 E 1 PC 5UP. 1008 X 130 X 35 MM EM8. 2101 FECH. 5/U51N D05. 5/U51N UM. 10 A 16% E570QUE” JÁ CADA57RADA PARA 0 17EM *PA136255" '
2025-08-08 15:24:45,025 - INFO - Testando padrão numérico 1: ITEM\s*[\'"]?PA(\d{4,8})[\'"]?
2025-08-08 15:24:45,025 - INFO - Testando padrão numérico 2: CADASTRAD[AO]\s+PARA\s+O\s+ITEM\s*[\'"]?PA(\d{4,8})[\'"]?
2025-08-08 15:24:45,025 - INFO - Testando padrão numérico 3: PA(\d{4,8})
2025-08-08 15:24:45,025 - INFO - ✓ SUCESSO! PA numérico extraído com padrão 3: PA136255
2025-08-08 15:24:46,127 - INFO - ✅ PA EXTRAÍDO: PA136255
2025-08-08 15:24:46,129 - INFO - Procurando planilha mais recente em: \\192.168.1.250\Programas\robo custos\lancar
2025-08-08 15:24:46,134 - INFO - Padrão *.xlsx: 1 arquivos encontrados
2025-08-08 15:24:46,135 - INFO - Padrão *.xls: 0 arquivos encontrados
2025-08-08 15:24:46,137 - INFO - Padrão *.csv: 0 arquivos encontrados
2025-08-08 15:24:46,137 - INFO - Total de arquivos encontrados: 1
2025-08-08 15:24:46,140 - INFO - Arquivo: Lista de Preços Varejos 2025.xlsx
2025-08-08 15:24:46,140 - INFO -   Data modificação: Fri Aug  8 15:23:45 2025
2025-08-08 15:24:46,140 - INFO -   Tamanho: 22211 bytes
2025-08-08 15:24:46,140 - INFO - Arquivo mais recente selecionado: Lista de Preços Varejos 2025.xlsx
2025-08-08 15:24:46,141 - INFO -   Caminho: \\192.168.1.250\Programas\robo custos\lancar\Lista de Preços Varejos 2025.xlsx
2025-08-08 15:24:46,141 - INFO -   Data: Fri Aug  8 15:23:45 2025
2025-08-08 15:24:46,141 - INFO - Abrindo planilha 'Lista de Preços Varejos 2025.xlsx' para salvar o PA...
2025-08-08 15:24:46,527 - INFO - Procurando aba com (614) no nome...
2025-08-08 15:24:46,529 - INFO - Verificando aba: ESTOQUE - PA PORTA (615)
2025-08-08 15:24:46,531 - INFO - Verificando aba: ESTOQUE - PA BATENTE JG (614)
2025-08-08 15:24:46,531 - INFO - ✅ Aba configurada encontrada: ESTOQUE - PA BATENTE JG (614)
2025-08-08 15:24:46,532 - INFO - Usando aba: ESTOQUE - PA BATENTE JG (614)
2025-08-08 15:24:46,532 - INFO - Escrevendo o código 'PA136255' na célula B18...
2025-08-08 15:24:46,553 - INFO - Salvando o ficheiro Excel...
2025-08-08 15:24:46,667 - INFO - Fechando o ficheiro Excel...
2025-08-08 15:24:46,679 - INFO - Encerrando a instância do Excel...
2025-08-08 15:24:46,900 - INFO - Aguardando 1 segundo para garantir que o ficheiro foi atualizado na rede...
2025-08-08 15:24:47,901 - INFO - ✅ Código PA salvo na aba configurada - linha 18.
2025-08-08 15:24:47,903 - INFO - ✅ Linha 18 processada com sucesso!
2025-08-08 15:24:47,904 - INFO - ⏸️ Pausa 
2025-08-08 15:24:48,906 - INFO - Procurando planilha mais recente em: \\192.168.1.250\Programas\robo custos\lancar
2025-08-08 15:24:48,909 - INFO - Padrão *.xlsx: 1 arquivos encontrados
2025-08-08 15:24:48,911 - INFO - Padrão *.xls: 0 arquivos encontrados
2025-08-08 15:24:48,914 - INFO - Padrão *.csv: 0 arquivos encontrados
2025-08-08 15:24:48,915 - INFO - Total de arquivos encontrados: 1
2025-08-08 15:24:48,919 - INFO - Arquivo: Lista de Preços Varejos 2025.xlsx
2025-08-08 15:24:48,920 - INFO -   Data modificação: Fri Aug  8 15:24:46 2025
2025-08-08 15:24:48,921 - INFO -   Tamanho: 22215 bytes
2025-08-08 15:24:48,922 - INFO - Arquivo mais recente selecionado: Lista de Preços Varejos 2025.xlsx
2025-08-08 15:24:48,923 - INFO -   Caminho: \\192.168.1.250\Programas\robo custos\lancar\Lista de Preços Varejos 2025.xlsx
2025-08-08 15:24:48,924 - INFO -   Data: Fri Aug  8 15:24:46 2025
2025-08-08 15:24:48,925 - INFO - Procurando próxima linha sem PA na coluna B (aba (614))...
2025-08-08 15:24:49,296 - INFO - Procurando aba com (614) no nome...
2025-08-08 15:24:49,317 - INFO - Verificando aba: ESTOQUE - PA PORTA (615)
2025-08-08 15:24:49,318 - INFO - Verificando aba: ESTOQUE - PA BATENTE JG (614)
2025-08-08 15:24:49,318 - INFO - ✅ Aba configurada encontrada: ESTOQUE - PA BATENTE JG (614)
2025-08-08 15:24:49,318 - INFO - Usando aba: ESTOQUE - PA BATENTE JG (614)
2025-08-08 15:24:49,373 - INFO - Fim dos dados na linha 20
2025-08-08 15:24:49,373 - INFO - Todas as linhas já foram processadas!
2025-08-08 15:24:49,614 - INFO - 🎉 === TODAS AS LINHAS FORAM PROCESSADAS! ===
2025-08-08 15:24:49,615 - INFO - 
================================================================================
🏁 === CADASTRO COMPLETO FINALIZADO ===
   ✅ Sucesso: 2
   ❌ Falhas: 0
================================================================================
2025-08-08 15:24:49,615 - INFO - 🎉 === ROBÔ EXECUTADO COM SUCESSO TOTAL! ===
2025-08-08 15:24:49,615 - INFO - Sistema finalizado. Pressione Ctrl+C para sair.
