2025-08-08 15:26:14,579 - INFO - 🚀 === INICIANDO CADASTRO COMPLETO A PARTIR DO MAIN ===
2025-08-08 15:26:14,580 - INFO - Procurando planilha mais recente em: \\192.168.1.250\Programas\robo custos\lancar
2025-08-08 15:26:14,580 - INFO - Padrão *.xlsx: 1 arquivos encontrados
2025-08-08 15:26:14,580 - INFO - Padrão *.xls: 0 arquivos encontrados
2025-08-08 15:26:14,580 - INFO - Padrão *.csv: 0 arquivos encontrados
2025-08-08 15:26:14,581 - INFO - Total de arquivos encontrados: 1
2025-08-08 15:26:14,582 - INFO - Arquivo: Lista de Preços Varejos 2025.xlsx
2025-08-08 15:26:14,582 - INFO -   Data modificação: Fri Aug  8 15:24:46 2025
2025-08-08 15:26:14,589 - INFO -   Tamanho: 22215 bytes
2025-08-08 15:26:14,589 - INFO - Arquivo mais recente selecionado: Lista de Preços Varejos 2025.xlsx
2025-08-08 15:26:14,589 - INFO -   Caminho: \\192.168.1.250\Programas\robo custos\lancar\Lista de Preços Varejos 2025.xlsx
2025-08-08 15:26:14,589 - INFO -   Data: Fri Aug  8 15:24:46 2025
2025-08-08 15:26:14,589 - INFO - Procurando próxima linha sem PA na coluna B (aba (615))...
2025-08-08 15:26:14,975 - INFO - Procurando aba com (615) no nome...
2025-08-08 15:26:14,996 - INFO - Verificando aba: ESTOQUE - PA PORTA (615)
2025-08-08 15:26:14,996 - INFO - ✅ Aba configurada encontrada: ESTOQUE - PA PORTA (615)
2025-08-08 15:26:14,997 - INFO - Usando aba: ESTOQUE - PA PORTA (615)
2025-08-08 15:26:15,077 - INFO - Fim dos dados na linha 33
2025-08-08 15:26:15,077 - INFO - Todas as linhas já foram processadas!
2025-08-08 15:26:15,327 - INFO - 🎉 === TODAS AS LINHAS FORAM PROCESSADAS! ===
2025-08-08 15:26:15,327 - INFO - 
================================================================================
🏁 === CADASTRO COMPLETO FINALIZADO ===
   ✅ Sucesso: 0
   ❌ Falhas: 0
================================================================================
2025-08-08 15:26:15,328 - INFO - 🎉 === ROBÔ EXECUTADO COM SUCESSO TOTAL! ===
2025-08-08 15:26:15,328 - INFO - Sistema finalizado. Pressione Ctrl+C para sair.
2025-08-08 15:26:32,583 - INFO - 
🛑 Execução interrompida pelo usuário.
