2025-09-01 09:47:37,730 - INFO - 🚀 === INICIANDO CADASTRO COMPLETO A PARTIR DO MAIN ===
2025-09-01 09:47:37,731 - INFO - Procurando planilha mais recente em: \\192.168.1.250\Programas\robo custos\lancar
2025-09-01 09:47:37,733 - INFO - Padrão *.xlsx: 1 arquivos encontrados
2025-09-01 09:47:37,734 - INFO - Padrão *.xls: 0 arquivos encontrados
2025-09-01 09:47:37,734 - INFO - Padrão *.csv: 0 arquivos encontrados
2025-09-01 09:47:37,734 - INFO - Total de arquivos encontrados: 1
2025-09-01 09:47:37,738 - INFO - Arquivo: Lista de Preços Varejos 2025.xlsx
2025-09-01 09:47:37,738 - INFO -   Data modificação: Mon Sep  1 09:40:31 2025
2025-09-01 09:47:37,745 - INFO -   Tamanho: 28854 bytes
2025-09-01 09:47:37,745 - INFO - Arquivo mais recente selecionado: Lista de Preços Varejos 2025.xlsx
2025-09-01 09:47:37,745 - INFO -   Caminho: \\192.168.1.250\Programas\robo custos\lancar\Lista de Preços Varejos 2025.xlsx
2025-09-01 09:47:37,745 - INFO -   Data: Mon Sep  1 09:40:31 2025
2025-09-01 09:47:37,745 - INFO - Procurando próxima linha sem PA na coluna B (aba (615))...
2025-09-01 09:47:38,187 - INFO - Procurando aba com (615) no nome...
2025-09-01 09:47:38,210 - INFO - Verificando aba: ESTOQUE - PA PORTA (615)
2025-09-01 09:47:38,211 - INFO - ✅ Aba configurada encontrada: ESTOQUE - PA PORTA (615)
2025-09-01 09:47:38,211 - INFO - Usando aba: ESTOQUE - PA PORTA (615)
2025-09-01 09:47:38,420 - INFO - Próxima linha para processar (sem PA na coluna B): 93
2025-09-01 09:47:38,739 - INFO - 
================================================================================
📌 PROCESSANDO LINHA 93 (Sucesso: 0, Falhas: 0)
================================================================================
2025-09-01 09:47:38,740 - INFO - 🔑 PRIMEIRA LINHA - Executando processo completo com login...
2025-09-01 09:47:38,740 - INFO - === INICIANDO PROCESSO COMPLETO COM INSERÇÃO ===
2025-09-01 09:47:38,740 - INFO - Iniciando processo completo...
2025-09-01 09:47:38,740 - INFO - Lendo dados da próxima linha sem PA na coluna B...
2025-09-01 09:47:38,740 - INFO - Procurando planilha mais recente em: \\192.168.1.250\Programas\robo custos\lancar
2025-09-01 09:47:38,741 - INFO - Padrão *.xlsx: 1 arquivos encontrados
2025-09-01 09:47:38,741 - INFO - Padrão *.xls: 0 arquivos encontrados
2025-09-01 09:47:38,742 - INFO - Padrão *.csv: 0 arquivos encontrados
2025-09-01 09:47:38,742 - INFO - Total de arquivos encontrados: 1
2025-09-01 09:47:38,743 - INFO - Arquivo: Lista de Preços Varejos 2025.xlsx
2025-09-01 09:47:38,744 - INFO -   Data modificação: Mon Sep  1 09:40:31 2025
2025-09-01 09:47:38,744 - INFO -   Tamanho: 28854 bytes
2025-09-01 09:47:38,744 - INFO - Arquivo mais recente selecionado: Lista de Preços Varejos 2025.xlsx
2025-09-01 09:47:38,744 - INFO -   Caminho: \\192.168.1.250\Programas\robo custos\lancar\Lista de Preços Varejos 2025.xlsx
2025-09-01 09:47:38,744 - INFO -   Data: Mon Sep  1 09:40:31 2025
2025-09-01 09:47:38,744 - INFO - Procurando próxima linha sem PA na coluna B (aba (615))...
2025-09-01 09:47:39,125 - INFO - Procurando aba com (615) no nome...
2025-09-01 09:47:39,153 - INFO - Verificando aba: ESTOQUE - PA PORTA (615)
2025-09-01 09:47:39,153 - INFO - ✅ Aba configurada encontrada: ESTOQUE - PA PORTA (615)
2025-09-01 09:47:39,153 - INFO - Usando aba: ESTOQUE - PA PORTA (615)
2025-09-01 09:47:39,373 - INFO - Próxima linha para processar (sem PA na coluna B): 93
2025-09-01 09:47:39,677 - INFO - Procurando planilha mais recente em: \\192.168.1.250\Programas\robo custos\lancar
2025-09-01 09:47:39,678 - INFO - Padrão *.xlsx: 1 arquivos encontrados
2025-09-01 09:47:39,678 - INFO - Padrão *.xls: 0 arquivos encontrados
2025-09-01 09:47:39,679 - INFO - Padrão *.csv: 0 arquivos encontrados
2025-09-01 09:47:39,679 - INFO - Total de arquivos encontrados: 1
2025-09-01 09:47:39,680 - INFO - Arquivo: Lista de Preços Varejos 2025.xlsx
2025-09-01 09:47:39,681 - INFO -   Data modificação: Mon Sep  1 09:40:31 2025
2025-09-01 09:47:39,681 - INFO -   Tamanho: 28854 bytes
2025-09-01 09:47:39,681 - INFO - Arquivo mais recente selecionado: Lista de Preços Varejos 2025.xlsx
2025-09-01 09:47:39,681 - INFO -   Caminho: \\192.168.1.250\Programas\robo custos\lancar\Lista de Preços Varejos 2025.xlsx
2025-09-01 09:47:39,682 - INFO -   Data: Mon Sep  1 09:40:31 2025
2025-09-01 09:47:39,682 - INFO - Abrindo planilha via COM: \\192.168.1.250\Programas\robo custos\lancar\Lista de Preços Varejos 2025.xlsx
2025-09-01 09:47:40,396 - INFO - Planilha aberta com sucesso!
2025-09-01 09:47:40,396 - INFO - Procurando aba com (615) no nome...
2025-09-01 09:47:40,421 - INFO - Verificando aba: ESTOQUE - PA PORTA (615)
2025-09-01 09:47:40,421 - INFO - ✅ Aba configurada encontrada: ESTOQUE - PA PORTA (615)
2025-09-01 09:47:40,422 - INFO - Usando aba: ESTOQUE - PA PORTA (615), linha: 93
2025-09-01 09:47:40,422 - INFO - Número extraído do nome da aba 'ESTOQUE - PA PORTA (615)': 615
2025-09-01 09:47:40,440 - INFO - Dados lidos da aba configurada - linha 93:
2025-09-01 09:47:40,440 - INFO -   Arquivo: Lista de Preços Varejos 2025.xlsx
2025-09-01 09:47:40,440 - INFO -   Nome da aba: ESTOQUE - PA PORTA (615)
2025-09-01 09:47:40,440 - INFO -   Número extraído: 615 (✅ CORRETO)
2025-09-01 09:47:40,441 - INFO -   Coluna A (controle): ESTOQUE - PA PORTA (615)
2025-09-01 09:47:40,441 - INFO -   Coluna B (PA existente): None
2025-09-01 09:47:40,441 - INFO -   📋 COLUNAS CONFIGURADAS (C até P):
2025-09-01 09:47:40,441 - INFO -     Coluna C: INFRB
2025-09-01 09:47:40,441 - INFO -     Coluna D: 900.0
2025-09-01 09:47:40,441 - INFO -     Coluna E: 2040.0
2025-09-01 09:47:40,441 - INFO -     Coluna F: INFRB
2025-09-01 09:47:40,441 - INFO -     Coluna G: INFRB
2025-09-01 09:47:40,441 - INFO -     Coluna H: 35.0
2025-09-01 09:47:40,441 - INFO -     Coluna I: LIS   
2025-09-01 09:47:40,441 - INFO -     Coluna J: N
2025-09-01 09:47:40,441 - INFO -     Coluna K: COR
2025-09-01 09:47:40,441 - INFO -     Coluna L: 1107.0
2025-09-01 09:47:40,441 - INFO -     Coluna M: SUSIN
2025-09-01 09:47:40,442 - INFO -     Coluna N: 0.0
2025-09-01 09:47:40,442 - INFO -     Coluna O: 1.0
2025-09-01 09:47:40,442 - INFO -     Coluna P: EST
2025-09-01 09:47:40,757 - INFO - Executando login...
2025-09-01 09:47:40,757 - INFO - Iniciando execução e login no programa
2025-09-01 09:47:40,759 - INFO - Iniciando programa: \\192.168.1.250\Programas\SYSTEAM\PROGRAMA\Indust\Engenh.exe
2025-09-01 09:47:41,710 - INFO - Programa iniciado com PID: 63664
2025-09-01 09:47:41,710 - INFO - Aguardando abertura da janela do programa...
2025-09-01 09:47:44,712 - INFO - Iniciando processo de login...
2025-09-01 09:47:44,713 - INFO - Inserindo nome de usuário
2025-09-01 09:47:46,922 - INFO - Inserindo senha
2025-09-01 09:47:49,134 - INFO - Usando número de empresa: 200
2025-09-01 09:47:52,347 - INFO - Login realizado com sucesso - Empresa: 200
2025-09-01 09:47:55,348 - INFO - Acessando configurador...
2025-09-01 09:47:55,348 - INFO - Iniciando acesso ao configurador...
2025-09-01 09:47:57,349 - INFO - Passo 1: Procurando e clicando no menu systeam...
2025-09-01 09:47:57,351 - INFO - Procurando imagem: img/menu systeam.PNG
2025-09-01 09:47:57,470 - INFO - Imagem encontrada em: Point(x=np.int64(26), y=np.int64(42))
2025-09-01 09:47:57,581 - INFO - Clique realizado em: Point(x=np.int64(26), y=np.int64(42))
2025-09-01 09:47:58,082 - INFO - Passo 2: Digitando 'configurador'...
2025-09-01 09:47:58,083 - INFO - Digitando texto: configurador
2025-09-01 09:47:58,696 - INFO - Passo 3: Procurando e clicando no módulo...
2025-09-01 09:47:58,698 - INFO - Procurando imagem: img/modulo item por descricao.PNG
2025-09-01 09:47:58,805 - INFO - Imagem encontrada em: Point(x=np.int64(660), y=np.int64(246))
2025-09-01 09:47:58,926 - INFO - Clique realizado em: Point(x=np.int64(660), y=np.int64(246))
2025-09-01 09:47:58,926 - INFO - Configurador acessado com sucesso!
2025-09-01 09:47:59,927 - INFO - Pesquisando tipo 615...
2025-09-01 09:47:59,929 - INFO - Iniciando pesquisa do tipo: 615
2025-09-01 09:48:01,931 - INFO - Passo 1: Procurando e clicando no botão pesquisar tipos...
2025-09-01 09:48:01,933 - INFO - Procurando imagem: img/pesquisar tipos 615.PNG
2025-09-01 09:48:02,011 - INFO - Imagem encontrada em: Point(x=np.int64(620), y=np.int64(78))
2025-09-01 09:48:02,143 - INFO - Clique realizado em: Point(x=np.int64(620), y=np.int64(78))
2025-09-01 09:48:02,644 - INFO - Passo 2: Digitando '615'...
2025-09-01 09:48:02,645 - INFO - Digitando texto: 615
2025-09-01 09:48:03,348 - INFO - Pesquisa do tipo 615 realizada com sucesso!
2025-09-01 09:48:03,349 - INFO - Processo completo executado com sucesso!
2025-09-01 09:48:05,350 - INFO - Navegando com 7x Tab...
2025-09-01 09:48:06,452 - INFO - Tab 1/7 pressionado
2025-09-01 09:48:06,855 - INFO - Tab 2/7 pressionado
2025-09-01 09:48:07,258 - INFO - Tab 3/7 pressionado
2025-09-01 09:48:07,660 - INFO - Tab 4/7 pressionado
2025-09-01 09:48:08,063 - INFO - Tab 5/7 pressionado
2025-09-01 09:48:08,466 - INFO - Tab 6/7 pressionado
2025-09-01 09:48:08,868 - INFO - Tab 7/7 pressionado
2025-09-01 09:48:09,170 - INFO - Navegação com 7x Tab concluída!
2025-09-01 09:48:10,171 - INFO - Processando linha 93
2025-09-01 09:48:10,172 - INFO - === INSERÇÃO SEQUENCIAL CONFIGURADA ===
2025-09-01 09:48:10,173 - INFO - Preenchendo colunas: C até P
2025-09-01 09:48:10,174 - INFO - Total de colunas: 14
2025-09-01 09:48:11,175 - INFO - 📝 INSERINDO C: 'INFRB'
2025-09-01 09:48:13,382 - INFO - 📝 INSERINDO D: '900'
2025-09-01 09:48:15,587 - INFO - 📝 INSERINDO E: '2040'
2025-09-01 09:48:17,796 - INFO - 📝 INSERINDO F: 'INFRB'
2025-09-01 09:48:20,002 - INFO - 📝 INSERINDO G: 'INFRB'
2025-09-01 09:48:22,208 - INFO - 📝 INSERINDO H: '35'
2025-09-01 09:48:24,413 - INFO - 📝 INSERINDO I: 'LIS   '
2025-09-01 09:48:26,623 - INFO - 📝 INSERINDO J: 'N'
2025-09-01 09:48:28,830 - INFO - 📝 INSERINDO K: 'COR'
2025-09-01 09:48:31,038 - INFO - 📝 INSERINDO L: '1107'
2025-09-01 09:48:33,245 - INFO - 📝 INSERINDO M: 'SUSIN'
2025-09-01 09:48:35,453 - INFO - 📝 INSERINDO N: '0'
2025-09-01 09:48:37,657 - INFO - 📝 INSERINDO O: '1'
2025-09-01 09:48:39,870 - INFO - 📝 INSERINDO P: 'EST'
2025-09-01 09:48:40,982 - INFO - Pressionando F2 para finalizar...
2025-09-01 09:48:41,085 - INFO - Aguardando após F2...
2025-09-01 09:48:44,086 - INFO - ✅ Inserção configurada concluída!
2025-09-01 09:48:44,087 - INFO - === PROCESSANDO RESULTADO APÓS F2 ===
2025-09-01 09:48:47,286 - INFO - ♻️ ITEM JÁ CADASTRADO - janela informacao.PNG encontrada diretamente!
2025-09-01 09:48:47,286 - INFO - Extraindo PA da janela na posição: Box(left=np.int64(678), top=np.int64(408), width=57, height=76)
2025-09-01 09:48:47,287 - INFO - Capturando região da tela para OCR...
2025-09-01 09:48:47,316 - INFO - Iniciando pré-processamento da imagem para melhorar a leitura...
2025-09-01 09:48:47,354 - INFO - 💾 Imagem pré-processada para OCR salva como: DEBUG_imagem_para_ocr_1756730927.png
2025-09-01 09:48:47,520 - INFO - 📄 TEXTO EXTRAÍDO DA IMAGEM PROCESSADA:
Informação XxX
Descrição Completa "PORTA MADEIRA REFLORESTADA P734 -
FREIO BONDOOR RLM2101 CORRER 2040 X 900 X 35 MM
EMB. 1107 FECH. S/USIN UM. 10 A 16% ESTOQUE” já
cadastrada para o item 'PA112503'

2025-09-01 09:48:47,521 - INFO - Texto original do OCR: 'Informação XxX\nDescrição Completa "PORTA MADEIRA REFLORESTADA P734 -\nFREIO BONDOOR RLM2101 CORRER 2040 X 900 X 35 MM\nEMB. 1107 FECH. S/USIN UM. 10 A 16% ESTOQUE” já\ncadastrada para o item \'PA112503\'\n'
2025-09-01 09:48:47,521 - INFO - Texto após correções automáticas: '1NF0RMAÇÃ0 XXX DE5CR1ÇÃ0 C0MPLE7A "P0R7A MADE1RA REFL0RE57ADA P734 - FRE10 80ND00R RLM2101 C0RRER 2040 X 900 X 35 MM EM8. 1107 FECH. 5/U51N UM. 10 A 16% E570QUE” JÁ CADA57RADA PARA 0 17EM \'PA112503\' '
2025-09-01 09:48:47,521 - INFO - Testando padrão numérico 1: ITEM\s*[\'"]?PA(\d{4,8})[\'"]?
2025-09-01 09:48:47,522 - INFO - Testando padrão numérico 2: CADASTRAD[AO]\s+PARA\s+O\s+ITEM\s*[\'"]?PA(\d{4,8})[\'"]?
2025-09-01 09:48:47,522 - INFO - Testando padrão numérico 3: PA(\d{4,8})
2025-09-01 09:48:47,523 - INFO - ✓ SUCESSO! PA numérico extraído com padrão 3: PA112503
2025-09-01 09:48:48,624 - INFO - ✅ PA EXTRAÍDO: PA112503
2025-09-01 09:48:48,626 - INFO - Procurando planilha mais recente em: \\192.168.1.250\Programas\robo custos\lancar
2025-09-01 09:48:48,630 - INFO - Padrão *.xlsx: 1 arquivos encontrados
2025-09-01 09:48:48,631 - INFO - Padrão *.xls: 0 arquivos encontrados
2025-09-01 09:48:48,632 - INFO - Padrão *.csv: 0 arquivos encontrados
2025-09-01 09:48:48,632 - INFO - Total de arquivos encontrados: 1
2025-09-01 09:48:48,635 - INFO - Arquivo: Lista de Preços Varejos 2025.xlsx
2025-09-01 09:48:48,635 - INFO -   Data modificação: Mon Sep  1 09:40:31 2025
2025-09-01 09:48:48,635 - INFO -   Tamanho: 28854 bytes
2025-09-01 09:48:48,635 - INFO - Arquivo mais recente selecionado: Lista de Preços Varejos 2025.xlsx
2025-09-01 09:48:48,636 - INFO -   Caminho: \\192.168.1.250\Programas\robo custos\lancar\Lista de Preços Varejos 2025.xlsx
2025-09-01 09:48:48,636 - INFO -   Data: Mon Sep  1 09:40:31 2025
2025-09-01 09:48:48,636 - INFO - Abrindo planilha 'Lista de Preços Varejos 2025.xlsx' para salvar o PA...
2025-09-01 09:48:49,044 - INFO - Procurando aba com (615) no nome...
2025-09-01 09:48:49,071 - INFO - Verificando aba: ESTOQUE - PA PORTA (615)
2025-09-01 09:48:49,071 - INFO - ✅ Aba configurada encontrada: ESTOQUE - PA PORTA (615)
2025-09-01 09:48:49,072 - INFO - Usando aba: ESTOQUE - PA PORTA (615)
2025-09-01 09:48:49,072 - INFO - Escrevendo o código 'PA112503' na célula B93...
2025-09-01 09:48:49,075 - INFO - Salvando o ficheiro Excel...
2025-09-01 09:48:49,223 - INFO - Fechando o ficheiro Excel...
2025-09-01 09:48:49,250 - INFO - Encerrando a instância do Excel...
2025-09-01 09:48:49,483 - INFO - Aguardando 1 segundo para garantir que o ficheiro foi atualizado na rede...
2025-09-01 09:48:50,484 - INFO - ✅ Código PA salvo na aba configurada - linha 93.
2025-09-01 09:48:50,487 - INFO - === PROCESSO COMPLETO COM INSERÇÃO FINALIZADO ===
2025-09-01 09:48:50,488 - INFO - ⏸️ Pausa 
2025-09-01 09:48:51,490 - INFO - Procurando planilha mais recente em: \\192.168.1.250\Programas\robo custos\lancar
2025-09-01 09:48:51,493 - INFO - Padrão *.xlsx: 1 arquivos encontrados
2025-09-01 09:48:51,495 - INFO - Padrão *.xls: 0 arquivos encontrados
2025-09-01 09:48:51,498 - INFO - Padrão *.csv: 0 arquivos encontrados
2025-09-01 09:48:51,499 - INFO - Total de arquivos encontrados: 1
2025-09-01 09:48:51,503 - INFO - Arquivo: Lista de Preços Varejos 2025.xlsx
2025-09-01 09:48:51,504 - INFO -   Data modificação: Mon Sep  1 09:48:49 2025
2025-09-01 09:48:51,505 - INFO -   Tamanho: 28859 bytes
2025-09-01 09:48:51,505 - INFO - Arquivo mais recente selecionado: Lista de Preços Varejos 2025.xlsx
2025-09-01 09:48:51,506 - INFO -   Caminho: \\192.168.1.250\Programas\robo custos\lancar\Lista de Preços Varejos 2025.xlsx
2025-09-01 09:48:51,506 - INFO -   Data: Mon Sep  1 09:48:49 2025
2025-09-01 09:48:51,507 - INFO - Procurando próxima linha sem PA na coluna B (aba (615))...
2025-09-01 09:48:52,194 - INFO - Procurando aba com (615) no nome...
2025-09-01 09:48:52,220 - INFO - Verificando aba: ESTOQUE - PA PORTA (615)
2025-09-01 09:48:52,220 - INFO - ✅ Aba configurada encontrada: ESTOQUE - PA PORTA (615)
2025-09-01 09:48:52,221 - INFO - Usando aba: ESTOQUE - PA PORTA (615)
2025-09-01 09:48:52,492 - INFO - Próxima linha para processar (sem PA na coluna B): 94
2025-09-01 09:48:52,785 - INFO - 
================================================================================
📌 PROCESSANDO LINHA 94 (Sucesso: 1, Falhas: 0)
================================================================================
2025-09-01 09:48:52,785 - INFO - 🔄 LINHA SEGUINTE (94) - Executando sequência de reinício...
2025-09-01 09:48:52,786 - INFO - 🔄 === INICIANDO SEQUÊNCIA DE REINÍCIO (SIMPLIFICADA) ===
2025-09-01 09:48:52,786 - INFO - 🔍 Verificando se a janela de informação precisa ser fechada...
2025-09-01 09:48:52,878 - INFO - ✅ Janela de informação não está na tela.
2025-09-01 09:48:52,879 - INFO - Dimensões da tela: 1746x922
2025-09-01 09:48:52,880 - INFO - Passo 1: Movendo mouse para o centro (873, 461) e clicando.
2025-09-01 09:48:54,676 - INFO - Passo 2: Pressionando Home.
2025-09-01 09:48:55,279 - INFO - ✅ Sequência de reinício SIMPLIFICADA executada com sucesso!
2025-09-01 09:48:55,279 - INFO - 📋 PROCESSANDO LINHA 94...
2025-09-01 09:48:55,280 - INFO - Procurando planilha mais recente em: \\192.168.1.250\Programas\robo custos\lancar
2025-09-01 09:48:55,281 - INFO - Padrão *.xlsx: 1 arquivos encontrados
2025-09-01 09:48:55,282 - INFO - Padrão *.xls: 0 arquivos encontrados
2025-09-01 09:48:55,283 - INFO - Padrão *.csv: 0 arquivos encontrados
2025-09-01 09:48:55,283 - INFO - Total de arquivos encontrados: 1
2025-09-01 09:48:55,286 - INFO - Arquivo: Lista de Preços Varejos 2025.xlsx
2025-09-01 09:48:55,287 - INFO -   Data modificação: Mon Sep  1 09:48:49 2025
2025-09-01 09:48:55,287 - INFO -   Tamanho: 28859 bytes
2025-09-01 09:48:55,288 - INFO - Arquivo mais recente selecionado: Lista de Preços Varejos 2025.xlsx
2025-09-01 09:48:55,288 - INFO -   Caminho: \\192.168.1.250\Programas\robo custos\lancar\Lista de Preços Varejos 2025.xlsx
2025-09-01 09:48:55,289 - INFO -   Data: Mon Sep  1 09:48:49 2025
2025-09-01 09:48:55,290 - INFO - Abrindo planilha via COM: \\192.168.1.250\Programas\robo custos\lancar\Lista de Preços Varejos 2025.xlsx
2025-09-01 09:48:55,659 - INFO - Planilha aberta com sucesso!
2025-09-01 09:48:55,659 - INFO - Procurando aba com (615) no nome...
2025-09-01 09:48:55,683 - INFO - Verificando aba: ESTOQUE - PA PORTA (615)
2025-09-01 09:48:55,683 - INFO - ✅ Aba configurada encontrada: ESTOQUE - PA PORTA (615)
2025-09-01 09:48:55,684 - INFO - Usando aba: ESTOQUE - PA PORTA (615), linha: 94
2025-09-01 09:48:55,684 - INFO - Número extraído do nome da aba 'ESTOQUE - PA PORTA (615)': 615
2025-09-01 09:48:55,708 - INFO - Dados lidos da aba configurada - linha 94:
2025-09-01 09:48:55,709 - INFO -   Arquivo: Lista de Preços Varejos 2025.xlsx
2025-09-01 09:48:55,709 - INFO -   Nome da aba: ESTOQUE - PA PORTA (615)
2025-09-01 09:48:55,709 - INFO -   Número extraído: 615 (✅ CORRETO)
2025-09-01 09:48:55,709 - INFO -   Coluna A (controle): ESTOQUE - PA PORTA (615)
2025-09-01 09:48:55,710 - INFO -   Coluna B (PA existente): None
2025-09-01 09:48:55,710 - INFO -   📋 COLUNAS CONFIGURADAS (C até P):
2025-09-01 09:48:55,710 - INFO -     Coluna C: INFRB
2025-09-01 09:48:55,710 - INFO -     Coluna D: 1000.0
2025-09-01 09:48:55,710 - INFO -     Coluna E: 2040.0
2025-09-01 09:48:55,711 - INFO -     Coluna F: INFRB
2025-09-01 09:48:55,711 - INFO -     Coluna G: INFRB
2025-09-01 09:48:55,711 - INFO -     Coluna H: 35.0
2025-09-01 09:48:55,711 - INFO -     Coluna I: LIS   
2025-09-01 09:48:55,711 - INFO -     Coluna J: N
2025-09-01 09:48:55,711 - INFO -     Coluna K: COR
2025-09-01 09:48:55,711 - INFO -     Coluna L: 1107.0
2025-09-01 09:48:55,711 - INFO -     Coluna M: SUSIN
2025-09-01 09:48:55,712 - INFO -     Coluna N: 0.0
2025-09-01 09:48:55,712 - INFO -     Coluna O: 1.0
2025-09-01 09:48:55,712 - INFO -     Coluna P: EST
2025-09-01 09:48:56,012 - INFO - Processando linha 94
2025-09-01 09:48:56,012 - INFO - === INSERÇÃO SEQUENCIAL CONFIGURADA ===
2025-09-01 09:48:56,012 - INFO - Preenchendo colunas: C até P
2025-09-01 09:48:56,012 - INFO - Total de colunas: 14
2025-09-01 09:48:57,014 - INFO - 📝 INSERINDO C: 'INFRB'
2025-09-01 09:48:59,226 - INFO - 📝 INSERINDO D: '1000'
2025-09-01 09:49:01,433 - INFO - 📝 INSERINDO E: '2040'
2025-09-01 09:49:03,641 - INFO - 📝 INSERINDO F: 'INFRB'
2025-09-01 09:49:05,858 - INFO - 📝 INSERINDO G: 'INFRB'
2025-09-01 09:49:08,072 - INFO - 📝 INSERINDO H: '35'
2025-09-01 09:49:10,278 - INFO - 📝 INSERINDO I: 'LIS   '
2025-09-01 09:49:12,489 - INFO - 📝 INSERINDO J: 'N'
2025-09-01 09:49:14,695 - INFO - 📝 INSERINDO K: 'COR'
2025-09-01 09:49:16,906 - INFO - 📝 INSERINDO L: '1107'
2025-09-01 09:49:19,111 - INFO - 📝 INSERINDO M: 'SUSIN'
2025-09-01 09:49:21,326 - INFO - 📝 INSERINDO N: '0'
2025-09-01 09:49:23,530 - INFO - 📝 INSERINDO O: '1'
2025-09-01 09:49:25,733 - INFO - 📝 INSERINDO P: 'EST'
2025-09-01 09:49:26,843 - INFO - Pressionando F2 para finalizar...
2025-09-01 09:49:26,946 - INFO - Aguardando após F2...
2025-09-01 09:49:29,947 - INFO - ✅ Inserção configurada concluída!
2025-09-01 09:49:29,949 - INFO - === PROCESSANDO RESULTADO APÓS F2 ===
2025-09-01 09:49:33,224 - INFO - ♻️ ITEM JÁ CADASTRADO - janela informacao.PNG encontrada diretamente!
2025-09-01 09:49:33,224 - INFO - Extraindo PA da janela na posição: Box(left=np.int64(678), top=np.int64(408), width=57, height=76)
2025-09-01 09:49:33,225 - INFO - Capturando região da tela para OCR...
2025-09-01 09:49:33,253 - INFO - Iniciando pré-processamento da imagem para melhorar a leitura...
2025-09-01 09:49:33,280 - INFO - 💾 Imagem pré-processada para OCR salva como: DEBUG_imagem_para_ocr_1756730973.png
2025-09-01 09:49:33,449 - INFO - 📄 TEXTO EXTRAÍDO DA IMAGEM PROCESSADA:
Informação XxX
Descrição Completa "PORTA MADEIRA REFLORESTADA P734 -
FREIO BONDOOR RLM2101 CORRER 2040 X 1000 X 35 MM
EMB. 1107 FECH. S/USIN UM. 10 A 16% ESTOQUE” já
cadastrada para o item 'PA112504'

2025-09-01 09:49:33,450 - INFO - Texto original do OCR: 'Informação XxX\nDescrição Completa "PORTA MADEIRA REFLORESTADA P734 -\nFREIO BONDOOR RLM2101 CORRER 2040 X 1000 X 35 MM\nEMB. 1107 FECH. S/USIN UM. 10 A 16% ESTOQUE” já\ncadastrada para o item \'PA112504\'\n'
2025-09-01 09:49:33,450 - INFO - Texto após correções automáticas: '1NF0RMAÇÃ0 XXX DE5CR1ÇÃ0 C0MPLE7A "P0R7A MADE1RA REFL0RE57ADA P734 - FRE10 80ND00R RLM2101 C0RRER 2040 X 1000 X 35 MM EM8. 1107 FECH. 5/U51N UM. 10 A 16% E570QUE” JÁ CADA57RADA PARA 0 17EM \'PA112504\' '
2025-09-01 09:49:33,450 - INFO - Testando padrão numérico 1: ITEM\s*[\'"]?PA(\d{4,8})[\'"]?
2025-09-01 09:49:33,450 - INFO - Testando padrão numérico 2: CADASTRAD[AO]\s+PARA\s+O\s+ITEM\s*[\'"]?PA(\d{4,8})[\'"]?
2025-09-01 09:49:33,451 - INFO - Testando padrão numérico 3: PA(\d{4,8})
2025-09-01 09:49:33,451 - INFO - ✓ SUCESSO! PA numérico extraído com padrão 3: PA112504
2025-09-01 09:49:34,553 - INFO - ✅ PA EXTRAÍDO: PA112504
2025-09-01 09:49:34,554 - INFO - Procurando planilha mais recente em: \\192.168.1.250\Programas\robo custos\lancar
2025-09-01 09:49:34,558 - INFO - Padrão *.xlsx: 1 arquivos encontrados
2025-09-01 09:49:34,560 - INFO - Padrão *.xls: 0 arquivos encontrados
2025-09-01 09:49:34,562 - INFO - Padrão *.csv: 0 arquivos encontrados
2025-09-01 09:49:34,563 - INFO - Total de arquivos encontrados: 1
2025-09-01 09:49:34,567 - INFO - Arquivo: Lista de Preços Varejos 2025.xlsx
2025-09-01 09:49:34,567 - INFO -   Data modificação: Mon Sep  1 09:48:49 2025
2025-09-01 09:49:34,568 - INFO -   Tamanho: 28859 bytes
2025-09-01 09:49:34,568 - INFO - Arquivo mais recente selecionado: Lista de Preços Varejos 2025.xlsx
2025-09-01 09:49:34,568 - INFO -   Caminho: \\192.168.1.250\Programas\robo custos\lancar\Lista de Preços Varejos 2025.xlsx
2025-09-01 09:49:34,569 - INFO -   Data: Mon Sep  1 09:48:49 2025
2025-09-01 09:49:34,569 - INFO - Abrindo planilha 'Lista de Preços Varejos 2025.xlsx' para salvar o PA...
2025-09-01 09:49:34,984 - INFO - Procurando aba com (615) no nome...
2025-09-01 09:49:35,013 - INFO - Verificando aba: ESTOQUE - PA PORTA (615)
2025-09-01 09:49:35,014 - INFO - ✅ Aba configurada encontrada: ESTOQUE - PA PORTA (615)
2025-09-01 09:49:35,014 - INFO - Usando aba: ESTOQUE - PA PORTA (615)
2025-09-01 09:49:35,014 - INFO - Escrevendo o código 'PA112504' na célula B94...
2025-09-01 09:49:35,016 - INFO - Salvando o ficheiro Excel...
2025-09-01 09:49:35,520 - INFO - Fechando o ficheiro Excel...
2025-09-01 09:49:35,549 - INFO - Encerrando a instância do Excel...
2025-09-01 09:49:35,787 - INFO - Aguardando 1 segundo para garantir que o ficheiro foi atualizado na rede...
2025-09-01 09:49:36,788 - INFO - ✅ Código PA salvo na aba configurada - linha 94.
2025-09-01 09:49:36,788 - INFO - ✅ Linha 94 processada com sucesso!
2025-09-01 09:49:36,789 - INFO - ⏸️ Pausa 
2025-09-01 09:49:37,789 - INFO - Procurando planilha mais recente em: \\192.168.1.250\Programas\robo custos\lancar
2025-09-01 09:49:37,790 - INFO - Padrão *.xlsx: 1 arquivos encontrados
2025-09-01 09:49:37,791 - INFO - Padrão *.xls: 0 arquivos encontrados
2025-09-01 09:49:37,791 - INFO - Padrão *.csv: 0 arquivos encontrados
2025-09-01 09:49:37,792 - INFO - Total de arquivos encontrados: 1
2025-09-01 09:49:37,794 - INFO - Arquivo: Lista de Preços Varejos 2025.xlsx
2025-09-01 09:49:37,794 - INFO -   Data modificação: Mon Sep  1 09:49:35 2025
2025-09-01 09:49:37,794 - INFO -   Tamanho: 28860 bytes
2025-09-01 09:49:37,794 - INFO - Arquivo mais recente selecionado: Lista de Preços Varejos 2025.xlsx
2025-09-01 09:49:37,794 - INFO -   Caminho: \\192.168.1.250\Programas\robo custos\lancar\Lista de Preços Varejos 2025.xlsx
2025-09-01 09:49:37,795 - INFO -   Data: Mon Sep  1 09:49:35 2025
2025-09-01 09:49:37,795 - INFO - Procurando próxima linha sem PA na coluna B (aba (615))...
2025-09-01 09:49:38,155 - INFO - Procurando aba com (615) no nome...
2025-09-01 09:49:38,178 - INFO - Verificando aba: ESTOQUE - PA PORTA (615)
2025-09-01 09:49:38,178 - INFO - ✅ Aba configurada encontrada: ESTOQUE - PA PORTA (615)
2025-09-01 09:49:38,179 - INFO - Usando aba: ESTOQUE - PA PORTA (615)
2025-09-01 09:49:38,456 - INFO - Fim dos dados na linha 95
2025-09-01 09:49:38,456 - INFO - Todas as linhas já foram processadas!
2025-09-01 09:49:38,763 - INFO - 🎉 === TODAS AS LINHAS FORAM PROCESSADAS! ===
2025-09-01 09:49:38,763 - INFO - 
================================================================================
🏁 === CADASTRO COMPLETO FINALIZADO ===
   ✅ Sucesso: 2
   ❌ Falhas: 0
================================================================================
2025-09-01 09:49:38,764 - INFO - 🎉 === ROBÔ EXECUTADO COM SUCESSO TOTAL! ===
2025-09-01 09:49:38,764 - INFO - Sistema finalizado. Pressione Ctrl+C para sair.
