2025-08-08 15:26:34,530 - INFO - 🚀 === INICIANDO CADASTRO COMPLETO A PARTIR DO MAIN ===
2025-08-08 15:26:34,530 - INFO - Procurando planilha mais recente em: \\192.168.1.250\Programas\robo custos\lancar
2025-08-08 15:26:34,531 - INFO - Padrão *.xlsx: 1 arquivos encontrados
2025-08-08 15:26:34,531 - INFO - Padrão *.xls: 0 arquivos encontrados
2025-08-08 15:26:34,532 - INFO - Padrão *.csv: 0 arquivos encontrados
2025-08-08 15:26:34,532 - INFO - Total de arquivos encontrados: 1
2025-08-08 15:26:34,534 - INFO - Arquivo: Lista de Preços Varejos 2025.xlsx
2025-08-08 15:26:34,534 - INFO -   Data modificação: Fri Aug  8 15:26:30 2025
2025-08-08 15:26:34,541 - INFO -   Tamanho: 22189 bytes
2025-08-08 15:26:34,541 - INFO - Arquivo mais recente selecionado: Lista de Preços Varejos 2025.xlsx
2025-08-08 15:26:34,541 - INFO -   Caminho: \\192.168.1.250\Programas\robo custos\lancar\Lista de Preços Varejos 2025.xlsx
2025-08-08 15:26:34,541 - INFO -   Data: Fri Aug  8 15:26:30 2025
2025-08-08 15:26:34,541 - INFO - Procurando próxima linha sem PA na coluna B (aba (615))...
2025-08-08 15:26:35,018 - INFO - Procurando aba com (615) no nome...
2025-08-08 15:26:35,021 - INFO - Verificando aba: ESTOQUE - PA PORTA (615)
2025-08-08 15:26:35,022 - INFO - ✅ Aba configurada encontrada: ESTOQUE - PA PORTA (615)
2025-08-08 15:26:35,022 - INFO - Usando aba: ESTOQUE - PA PORTA (615)
2025-08-08 15:26:35,049 - INFO - Próxima linha para processar (sem PA na coluna B): 10
2025-08-08 15:26:35,303 - INFO - 
================================================================================
📌 PROCESSANDO LINHA 10 (Sucesso: 0, Falhas: 0)
================================================================================
2025-08-08 15:26:35,303 - INFO - 🔑 PRIMEIRA LINHA - Executando processo completo com login...
2025-08-08 15:26:35,303 - INFO - === INICIANDO PROCESSO COMPLETO COM INSERÇÃO ===
2025-08-08 15:26:35,303 - INFO - Iniciando processo completo...
2025-08-08 15:26:35,304 - INFO - Lendo dados da próxima linha sem PA na coluna B...
2025-08-08 15:26:35,304 - INFO - Procurando planilha mais recente em: \\192.168.1.250\Programas\robo custos\lancar
2025-08-08 15:26:35,304 - INFO - Padrão *.xlsx: 1 arquivos encontrados
2025-08-08 15:26:35,304 - INFO - Padrão *.xls: 0 arquivos encontrados
2025-08-08 15:26:35,304 - INFO - Padrão *.csv: 0 arquivos encontrados
2025-08-08 15:26:35,305 - INFO - Total de arquivos encontrados: 1
2025-08-08 15:26:35,307 - INFO - Arquivo: Lista de Preços Varejos 2025.xlsx
2025-08-08 15:26:35,307 - INFO -   Data modificação: Fri Aug  8 15:26:30 2025
2025-08-08 15:26:35,307 - INFO -   Tamanho: 22189 bytes
2025-08-08 15:26:35,308 - INFO - Arquivo mais recente selecionado: Lista de Preços Varejos 2025.xlsx
2025-08-08 15:26:35,308 - INFO -   Caminho: \\192.168.1.250\Programas\robo custos\lancar\Lista de Preços Varejos 2025.xlsx
2025-08-08 15:26:35,308 - INFO -   Data: Fri Aug  8 15:26:30 2025
2025-08-08 15:26:35,308 - INFO - Procurando próxima linha sem PA na coluna B (aba (615))...
2025-08-08 15:26:35,695 - INFO - Procurando aba com (615) no nome...
2025-08-08 15:26:35,698 - INFO - Verificando aba: ESTOQUE - PA PORTA (615)
2025-08-08 15:26:35,698 - INFO - ✅ Aba configurada encontrada: ESTOQUE - PA PORTA (615)
2025-08-08 15:26:35,699 - INFO - Usando aba: ESTOQUE - PA PORTA (615)
2025-08-08 15:26:35,722 - INFO - Próxima linha para processar (sem PA na coluna B): 10
2025-08-08 15:26:35,982 - INFO - Procurando planilha mais recente em: \\192.168.1.250\Programas\robo custos\lancar
2025-08-08 15:26:35,982 - INFO - Padrão *.xlsx: 1 arquivos encontrados
2025-08-08 15:26:35,983 - INFO - Padrão *.xls: 0 arquivos encontrados
2025-08-08 15:26:35,983 - INFO - Padrão *.csv: 0 arquivos encontrados
2025-08-08 15:26:35,983 - INFO - Total de arquivos encontrados: 1
2025-08-08 15:26:35,984 - INFO - Arquivo: Lista de Preços Varejos 2025.xlsx
2025-08-08 15:26:35,984 - INFO -   Data modificação: Fri Aug  8 15:26:30 2025
2025-08-08 15:26:35,985 - INFO -   Tamanho: 22189 bytes
2025-08-08 15:26:35,985 - INFO - Arquivo mais recente selecionado: Lista de Preços Varejos 2025.xlsx
2025-08-08 15:26:35,985 - INFO -   Caminho: \\192.168.1.250\Programas\robo custos\lancar\Lista de Preços Varejos 2025.xlsx
2025-08-08 15:26:35,985 - INFO -   Data: Fri Aug  8 15:26:30 2025
2025-08-08 15:26:35,985 - INFO - Abrindo planilha via COM: \\192.168.1.250\Programas\robo custos\lancar\Lista de Preços Varejos 2025.xlsx
2025-08-08 15:26:36,412 - INFO - Planilha aberta com sucesso!
2025-08-08 15:26:36,412 - INFO - Procurando aba com (615) no nome...
2025-08-08 15:26:36,414 - INFO - Verificando aba: ESTOQUE - PA PORTA (615)
2025-08-08 15:26:36,415 - INFO - ✅ Aba configurada encontrada: ESTOQUE - PA PORTA (615)
2025-08-08 15:26:36,420 - INFO - Usando aba: ESTOQUE - PA PORTA (615), linha: 10
2025-08-08 15:26:36,421 - INFO - Número extraído do nome da aba 'ESTOQUE - PA PORTA (615)': 615
2025-08-08 15:26:36,440 - INFO - Dados lidos da aba configurada - linha 10:
2025-08-08 15:26:36,440 - INFO -   Arquivo: Lista de Preços Varejos 2025.xlsx
2025-08-08 15:26:36,440 - INFO -   Nome da aba: ESTOQUE - PA PORTA (615)
2025-08-08 15:26:36,441 - INFO -   Número extraído: 615 (✅ CORRETO)
2025-08-08 15:26:36,441 - INFO -   Coluna A (controle): ESTOQUE - PA PORTA (615)
2025-08-08 15:26:36,441 - INFO -   Coluna B (PA existente): None
2025-08-08 15:26:36,441 - INFO -   📋 COLUNAS CONFIGURADAS (C até P):
2025-08-08 15:26:36,441 - INFO -     Coluna C: IB
2025-08-08 15:26:36,441 - INFO -     Coluna D: 870.0
2025-08-08 15:26:36,441 - INFO -     Coluna E: 2050.0
2025-08-08 15:26:36,441 - INFO -     Coluna F: IB
2025-08-08 15:26:36,441 - INFO -     Coluna G: IB
2025-08-08 15:26:36,441 - INFO -     Coluna H: 35.0
2025-08-08 15:26:36,441 - INFO -     Coluna I: LIS   
2025-08-08 15:26:36,441 - INFO -     Coluna J: N
2025-08-08 15:26:36,441 - INFO -     Coluna K: GIR
2025-08-08 15:26:36,441 - INFO -     Coluna L: 1100.0
2025-08-08 15:26:36,441 - INFO -     Coluna M: USINP 
2025-08-08 15:26:36,442 - INFO -     Coluna N: 0.0
2025-08-08 15:26:36,442 - INFO -     Coluna O: 1.0
2025-08-08 15:26:36,442 - INFO -     Coluna P: EST
2025-08-08 15:26:36,699 - INFO - Executando login...
2025-08-08 15:26:36,699 - INFO - Iniciando execução e login no programa
2025-08-08 15:26:36,700 - INFO - Iniciando programa: \\192.168.1.250\Programas\SYSTEAM\PROGRAMA\Indust\Engenh.exe
2025-08-08 15:26:37,547 - INFO - Programa iniciado com PID: 34572
2025-08-08 15:26:37,547 - INFO - Aguardando abertura da janela do programa...
2025-08-08 15:26:40,549 - INFO - Iniciando processo de login...
2025-08-08 15:26:40,550 - INFO - Inserindo nome de usuário
2025-08-08 15:26:42,764 - INFO - Inserindo senha
2025-08-08 15:26:44,975 - INFO - Usando número de empresa: 200
2025-08-08 15:26:48,185 - INFO - Login realizado com sucesso - Empresa: 200
2025-08-08 15:26:51,187 - INFO - Acessando configurador...
2025-08-08 15:26:51,188 - INFO - Iniciando acesso ao configurador...
2025-08-08 15:26:53,189 - INFO - Passo 1: Procurando e clicando no menu systeam...
2025-08-08 15:26:53,191 - INFO - Procurando imagem: img/menu systeam.PNG
2025-08-08 15:26:53,276 - INFO - Imagem encontrada em: Point(x=np.int64(26), y=np.int64(42))
2025-08-08 15:26:53,397 - INFO - Clique realizado em: Point(x=np.int64(26), y=np.int64(42))
2025-08-08 15:26:53,899 - INFO - Passo 2: Digitando 'configurador'...
2025-08-08 15:26:53,900 - INFO - Digitando texto: configurador
2025-08-08 15:26:54,517 - INFO - Passo 3: Procurando e clicando no módulo...
2025-08-08 15:26:54,519 - INFO - Procurando imagem: img/modulo item por descricao.PNG
2025-08-08 15:26:54,624 - INFO - Imagem encontrada em: Point(x=np.int64(660), y=np.int64(246))
2025-08-08 15:26:54,741 - INFO - Clique realizado em: Point(x=np.int64(660), y=np.int64(246))
2025-08-08 15:26:54,741 - INFO - Configurador acessado com sucesso!
2025-08-08 15:26:55,742 - INFO - Pesquisando tipo 615...
2025-08-08 15:26:55,743 - INFO - Iniciando pesquisa do tipo: 615
2025-08-08 15:26:57,745 - INFO - Passo 1: Procurando e clicando no botão pesquisar tipos...
2025-08-08 15:26:57,747 - INFO - Procurando imagem: img/pesquisar tipos 615.PNG
2025-08-08 15:26:57,832 - INFO - Imagem encontrada em: Point(x=np.int64(620), y=np.int64(78))
2025-08-08 15:26:57,960 - INFO - Clique realizado em: Point(x=np.int64(620), y=np.int64(78))
2025-08-08 15:26:58,461 - INFO - Passo 2: Digitando '615'...
2025-08-08 15:26:58,461 - INFO - Digitando texto: 615
2025-08-08 15:26:59,166 - INFO - Pesquisa do tipo 615 realizada com sucesso!
2025-08-08 15:26:59,167 - INFO - Processo completo executado com sucesso!
2025-08-08 15:27:01,169 - INFO - Navegando com 7x Tab...
2025-08-08 15:27:02,272 - INFO - Tab 1/7 pressionado
2025-08-08 15:27:02,675 - INFO - Tab 2/7 pressionado
2025-08-08 15:27:03,078 - INFO - Tab 3/7 pressionado
2025-08-08 15:27:03,481 - INFO - Tab 4/7 pressionado
2025-08-08 15:27:03,883 - INFO - Tab 5/7 pressionado
2025-08-08 15:27:04,287 - INFO - Tab 6/7 pressionado
2025-08-08 15:27:04,690 - INFO - Tab 7/7 pressionado
2025-08-08 15:27:04,992 - INFO - Navegação com 7x Tab concluída!
2025-08-08 15:27:05,993 - INFO - Processando linha 10
2025-08-08 15:27:05,994 - INFO - === INSERÇÃO SEQUENCIAL CONFIGURADA ===
2025-08-08 15:27:05,995 - INFO - Preenchendo colunas: C até P
2025-08-08 15:27:05,996 - INFO - Total de colunas: 14
2025-08-08 15:27:06,997 - INFO - 📝 INSERINDO C: 'IB'
2025-08-08 15:27:09,209 - INFO - 📝 INSERINDO D: '870'
2025-08-08 15:27:11,416 - INFO - 📝 INSERINDO E: '2050'
2025-08-08 15:27:13,622 - INFO - 📝 INSERINDO F: 'IB'
2025-08-08 15:27:15,834 - INFO - 📝 INSERINDO G: 'IB'
2025-08-08 15:27:18,042 - INFO - 📝 INSERINDO H: '35'
2025-08-08 15:27:20,247 - INFO - 📝 INSERINDO I: 'LIS   '
2025-08-08 15:27:22,452 - INFO - 📝 INSERINDO J: 'N'
2025-08-08 15:27:24,661 - INFO - 📝 INSERINDO K: 'GIR'
2025-08-08 15:27:26,875 - INFO - 📝 INSERINDO L: '1100'
2025-08-08 15:27:29,084 - INFO - 📝 INSERINDO M: 'USINP '
2025-08-08 15:27:31,306 - INFO - 📝 INSERINDO N: '0'
2025-08-08 15:27:33,513 - INFO - 📝 INSERINDO O: '1'
2025-08-08 15:27:35,716 - INFO - 📝 INSERINDO P: 'EST'
2025-08-08 15:27:36,832 - INFO - Pressionando F2 para finalizar...
2025-08-08 15:27:36,934 - INFO - Aguardando após F2...
2025-08-08 15:27:39,935 - INFO - ✅ Inserção configurada concluída!
2025-08-08 15:27:39,937 - INFO - === PROCESSANDO RESULTADO APÓS F2 ===
2025-08-08 15:27:43,126 - INFO - ♻️ ITEM JÁ CADASTRADO - janela informacao.PNG encontrada diretamente!
2025-08-08 15:27:43,126 - INFO - Extraindo PA da janela na posição: Box(left=np.int64(648), top=np.int64(408), width=57, height=76)
2025-08-08 15:27:43,127 - INFO - Capturando região da tela para OCR...
2025-08-08 15:27:43,165 - INFO - Iniciando pré-processamento da imagem para melhorar a leitura...
2025-08-08 15:27:43,196 - INFO - 💾 Imagem pré-processada para OCR salva como: DEBUG_imagem_para_ocr_1754677663.png
2025-08-08 15:27:43,366 - INFO - 📄 TEXTO EXTRAÍDO DA IMAGEM PROCESSADA:
Informação XxX
Descrição Completa "PORTA MADEIRA REFLORESTADA P702 -
BRANCO NEVE BONDOOR RLM2101 GIRO 2050 X 870 X 35 MM
EMEB. 1100 USIN. PADRAO LOJA UM. 10 A 16% ESTOQUE” já
cadastrada para o item "PA104579"

2025-08-08 15:27:43,366 - INFO - Texto original do OCR: 'Informação XxX\nDescrição Completa "PORTA MADEIRA REFLORESTADA P702 -\nBRANCO NEVE BONDOOR RLM2101 GIRO 2050 X 870 X 35 MM\nEMEB. 1100 USIN. PADRAO LOJA UM. 10 A 16% ESTOQUE” já\ncadastrada para o item "PA104579"\n'
2025-08-08 15:27:43,367 - INFO - Texto após correções automáticas: '1NF0RMAÇÃ0 XXX DE5CR1ÇÃ0 C0MPLE7A "P0R7A MADE1RA REFL0RE57ADA P702 - 8RANC0 NEVE 80ND00R RLM2101 G1R0 2050 X 870 X 35 MM EME8. 1100 U51N. PADRA0 L0JA UM. 10 A 16% E570QUE” JÁ CADA57RADA PARA 0 17EM "PA104579" '
2025-08-08 15:27:43,367 - INFO - Testando padrão numérico 1: ITEM\s*[\'"]?PA(\d{4,8})[\'"]?
2025-08-08 15:27:43,367 - INFO - Testando padrão numérico 2: CADASTRAD[AO]\s+PARA\s+O\s+ITEM\s*[\'"]?PA(\d{4,8})[\'"]?
2025-08-08 15:27:43,368 - INFO - Testando padrão numérico 3: PA(\d{4,8})
2025-08-08 15:27:43,368 - INFO - ✓ SUCESSO! PA numérico extraído com padrão 3: PA104579
2025-08-08 15:27:44,470 - INFO - ✅ PA EXTRAÍDO: PA104579
2025-08-08 15:27:44,471 - INFO - Procurando planilha mais recente em: \\192.168.1.250\Programas\robo custos\lancar
2025-08-08 15:27:44,478 - INFO - Padrão *.xlsx: 1 arquivos encontrados
2025-08-08 15:27:44,480 - INFO - Padrão *.xls: 0 arquivos encontrados
2025-08-08 15:27:44,482 - INFO - Padrão *.csv: 0 arquivos encontrados
2025-08-08 15:27:44,483 - INFO - Total de arquivos encontrados: 1
2025-08-08 15:27:44,488 - INFO - Arquivo: Lista de Preços Varejos 2025.xlsx
2025-08-08 15:27:44,489 - INFO -   Data modificação: Fri Aug  8 15:26:30 2025
2025-08-08 15:27:44,489 - INFO -   Tamanho: 22189 bytes
2025-08-08 15:27:44,490 - INFO - Arquivo mais recente selecionado: Lista de Preços Varejos 2025.xlsx
2025-08-08 15:27:44,491 - INFO -   Caminho: \\192.168.1.250\Programas\robo custos\lancar\Lista de Preços Varejos 2025.xlsx
2025-08-08 15:27:44,492 - INFO -   Data: Fri Aug  8 15:26:30 2025
2025-08-08 15:27:44,492 - INFO - Abrindo planilha 'Lista de Preços Varejos 2025.xlsx' para salvar o PA...
2025-08-08 15:27:44,901 - INFO - Procurando aba com (615) no nome...
2025-08-08 15:27:44,904 - INFO - Verificando aba: ESTOQUE - PA PORTA (615)
2025-08-08 15:27:44,904 - INFO - ✅ Aba configurada encontrada: ESTOQUE - PA PORTA (615)
2025-08-08 15:27:44,904 - INFO - Usando aba: ESTOQUE - PA PORTA (615)
2025-08-08 15:27:44,905 - INFO - Escrevendo o código 'PA104579' na célula B10...
2025-08-08 15:27:44,927 - INFO - Salvando o ficheiro Excel...
2025-08-08 15:27:45,042 - INFO - Fechando o ficheiro Excel...
2025-08-08 15:27:45,056 - INFO - Encerrando a instância do Excel...
2025-08-08 15:27:45,276 - INFO - Aguardando 1 segundo para garantir que o ficheiro foi atualizado na rede...
2025-08-08 15:27:46,277 - INFO - ✅ Código PA salvo na aba configurada - linha 10.
2025-08-08 15:27:46,280 - INFO - === PROCESSO COMPLETO COM INSERÇÃO FINALIZADO ===
2025-08-08 15:27:46,281 - INFO - ⏸️ Pausa 
2025-08-08 15:27:47,282 - INFO - Procurando planilha mais recente em: \\192.168.1.250\Programas\robo custos\lancar
2025-08-08 15:27:47,285 - INFO - Padrão *.xlsx: 1 arquivos encontrados
2025-08-08 15:27:47,288 - INFO - Padrão *.xls: 0 arquivos encontrados
2025-08-08 15:27:47,289 - INFO - Padrão *.csv: 0 arquivos encontrados
2025-08-08 15:27:47,290 - INFO - Total de arquivos encontrados: 1
2025-08-08 15:27:47,291 - INFO - Arquivo: Lista de Preços Varejos 2025.xlsx
2025-08-08 15:27:47,291 - INFO -   Data modificação: Fri Aug  8 15:27:44 2025
2025-08-08 15:27:47,292 - INFO -   Tamanho: 22206 bytes
2025-08-08 15:27:47,292 - INFO - Arquivo mais recente selecionado: Lista de Preços Varejos 2025.xlsx
2025-08-08 15:27:47,292 - INFO -   Caminho: \\192.168.1.250\Programas\robo custos\lancar\Lista de Preços Varejos 2025.xlsx
2025-08-08 15:27:47,293 - INFO -   Data: Fri Aug  8 15:27:44 2025
2025-08-08 15:27:47,293 - INFO - Procurando próxima linha sem PA na coluna B (aba (615))...
2025-08-08 15:27:47,682 - INFO - Procurando aba com (615) no nome...
2025-08-08 15:27:47,704 - INFO - Verificando aba: ESTOQUE - PA PORTA (615)
2025-08-08 15:27:47,705 - INFO - ✅ Aba configurada encontrada: ESTOQUE - PA PORTA (615)
2025-08-08 15:27:47,705 - INFO - Usando aba: ESTOQUE - PA PORTA (615)
2025-08-08 15:27:47,799 - INFO - Fim dos dados na linha 33
2025-08-08 15:27:47,799 - INFO - Todas as linhas já foram processadas!
2025-08-08 15:27:48,039 - INFO - 🎉 === TODAS AS LINHAS FORAM PROCESSADAS! ===
2025-08-08 15:27:48,040 - INFO - 
================================================================================
🏁 === CADASTRO COMPLETO FINALIZADO ===
   ✅ Sucesso: 1
   ❌ Falhas: 0
================================================================================
2025-08-08 15:27:48,040 - INFO - 🎉 === ROBÔ EXECUTADO COM SUCESSO TOTAL! ===
2025-08-08 15:27:48,040 - INFO - Sistema finalizado. Pressione Ctrl+C para sair.
2025-08-08 15:27:57,345 - INFO - 
🛑 Execução interrompida pelo usuário.
