2025-08-08 13:21:33,551 - INFO - 🚀 === INICIANDO CADASTRO COMPLETO A PARTIR DO MAIN ===
2025-08-08 13:21:33,551 - INFO - Procurando planilha mais recente em: \\192.168.1.250\Programas\robo custos\lancar
2025-08-08 13:21:33,554 - INFO - Padrão *.xlsx: 1 arquivos encontrados
2025-08-08 13:21:33,554 - INFO - Padrão *.xls: 0 arquivos encontrados
2025-08-08 13:21:33,555 - INFO - Padrão *.csv: 0 arquivos encontrados
2025-08-08 13:21:33,555 - INFO - Total de arquivos encontrados: 1
2025-08-08 13:21:33,556 - INFO - Arquivo: Lista de Preços Varejos 2025.xlsx
2025-08-08 13:21:33,556 - INFO -   Data modificação: Fri Aug  8 12:44:50 2025
2025-08-08 13:21:33,563 - INFO -   Tamanho: 22020 bytes
2025-08-08 13:21:33,563 - INFO - Arquivo mais recente selecionado: Lista de Preços Varejos 2025.xlsx
2025-08-08 13:21:33,563 - INFO -   Caminho: \\192.168.1.250\Programas\robo custos\lancar\Lista de Preços Varejos 2025.xlsx
2025-08-08 13:21:33,563 - INFO -   Data: Fri Aug  8 12:44:50 2025
2025-08-08 13:21:33,563 - INFO - Procurando próxima linha sem PA na coluna B (aba com 614)...
2025-08-08 13:21:33,941 - INFO - Procurando aba com (614) no nome...
2025-08-08 13:21:33,962 - INFO - Verificando aba: ESTOQUE - PA PORTA (615)
2025-08-08 13:21:33,963 - INFO - Verificando aba: ESTOQUE - PA BATENTE JG (614)
2025-08-08 13:21:33,964 - INFO - ✅ Aba com (614) encontrada: ESTOQUE - PA BATENTE JG (614)
2025-08-08 13:21:33,964 - INFO - Usando aba: ESTOQUE - PA BATENTE JG (614)
2025-08-08 13:21:33,967 - INFO - Próxima linha para processar (sem PA na coluna B): 2
2025-08-08 13:21:34,212 - INFO - 
================================================================================
📌 PROCESSANDO LINHA 2 (Sucesso: 0, Falhas: 0)
================================================================================
2025-08-08 13:21:34,212 - INFO - 🔑 PRIMEIRA LINHA - Executando processo completo com login...
2025-08-08 13:21:34,212 - INFO - === INICIANDO PROCESSO COMPLETO COM INSERÇÃO ===
2025-08-08 13:21:34,213 - INFO - Iniciando processo completo...
2025-08-08 13:21:34,213 - INFO - Lendo dados da próxima linha sem PA na coluna B...
2025-08-08 13:21:34,213 - INFO - Procurando planilha mais recente em: \\192.168.1.250\Programas\robo custos\lancar
2025-08-08 13:21:34,213 - INFO - Padrão *.xlsx: 1 arquivos encontrados
2025-08-08 13:21:34,214 - INFO - Padrão *.xls: 0 arquivos encontrados
2025-08-08 13:21:34,214 - INFO - Padrão *.csv: 0 arquivos encontrados
2025-08-08 13:21:34,214 - INFO - Total de arquivos encontrados: 1
2025-08-08 13:21:34,215 - INFO - Arquivo: Lista de Preços Varejos 2025.xlsx
2025-08-08 13:21:34,215 - INFO -   Data modificação: Fri Aug  8 12:44:50 2025
2025-08-08 13:21:34,215 - INFO -   Tamanho: 22020 bytes
2025-08-08 13:21:34,216 - INFO - Arquivo mais recente selecionado: Lista de Preços Varejos 2025.xlsx
2025-08-08 13:21:34,216 - INFO -   Caminho: \\192.168.1.250\Programas\robo custos\lancar\Lista de Preços Varejos 2025.xlsx
2025-08-08 13:21:34,216 - INFO -   Data: Fri Aug  8 12:44:50 2025
2025-08-08 13:21:34,216 - INFO - Procurando próxima linha sem PA na coluna B (aba com 614)...
2025-08-08 13:21:34,919 - INFO - Procurando aba com (614) no nome...
2025-08-08 13:21:34,940 - INFO - Verificando aba: ESTOQUE - PA PORTA (615)
2025-08-08 13:21:34,940 - INFO - Verificando aba: ESTOQUE - PA BATENTE JG (614)
2025-08-08 13:21:34,941 - INFO - ✅ Aba com (614) encontrada: ESTOQUE - PA BATENTE JG (614)
2025-08-08 13:21:34,941 - INFO - Usando aba: ESTOQUE - PA BATENTE JG (614)
2025-08-08 13:21:34,943 - INFO - Próxima linha para processar (sem PA na coluna B): 2
2025-08-08 13:21:35,179 - INFO - Procurando planilha mais recente em: \\192.168.1.250\Programas\robo custos\lancar
2025-08-08 13:21:35,180 - INFO - Padrão *.xlsx: 1 arquivos encontrados
2025-08-08 13:21:35,180 - INFO - Padrão *.xls: 0 arquivos encontrados
2025-08-08 13:21:35,180 - INFO - Padrão *.csv: 0 arquivos encontrados
2025-08-08 13:21:35,181 - INFO - Total de arquivos encontrados: 1
2025-08-08 13:21:35,182 - INFO - Arquivo: Lista de Preços Varejos 2025.xlsx
2025-08-08 13:21:35,182 - INFO -   Data modificação: Fri Aug  8 12:44:50 2025
2025-08-08 13:21:35,182 - INFO -   Tamanho: 22020 bytes
2025-08-08 13:21:35,182 - INFO - Arquivo mais recente selecionado: Lista de Preços Varejos 2025.xlsx
2025-08-08 13:21:35,183 - INFO -   Caminho: \\192.168.1.250\Programas\robo custos\lancar\Lista de Preços Varejos 2025.xlsx
2025-08-08 13:21:35,183 - INFO -   Data: Fri Aug  8 12:44:50 2025
2025-08-08 13:21:35,183 - INFO - Abrindo planilha via COM: \\192.168.1.250\Programas\robo custos\lancar\Lista de Preços Varejos 2025.xlsx
2025-08-08 13:21:35,558 - INFO - Planilha aberta com sucesso!
2025-08-08 13:21:35,558 - INFO - Procurando aba com (614) no nome...
2025-08-08 13:21:35,579 - INFO - Verificando aba: ESTOQUE - PA PORTA (615)
2025-08-08 13:21:35,582 - INFO - Verificando aba: ESTOQUE - PA BATENTE JG (614)
2025-08-08 13:21:35,582 - INFO - ✅ Aba com (614) encontrada: ESTOQUE - PA BATENTE JG (614)
2025-08-08 13:21:35,583 - INFO - Usando aba: ESTOQUE - PA BATENTE JG (614), linha: 2
2025-08-08 13:21:35,583 - INFO - Número extraído do nome da aba 'ESTOQUE - PA BATENTE JG (614)': 614
2025-08-08 13:21:35,613 - INFO - Dados lidos da aba COM (614) - linha 2:
2025-08-08 13:21:35,613 - INFO -   Arquivo: Lista de Preços Varejos 2025.xlsx
2025-08-08 13:21:35,613 - INFO -   Nome da aba: ESTOQUE - PA BATENTE JG (614)
2025-08-08 13:21:35,613 - INFO -   Número extraído da aba: 614 (✅ CORRETO)
2025-08-08 13:21:35,614 - INFO -   Coluna A (controle): ESTOQUE - PA BATENTE JG (614)
2025-08-08 13:21:35,614 - INFO -   Coluna B (PA existente): None
2025-08-08 13:21:35,614 - INFO -   Coluna C: I
2025-08-08 13:21:35,614 - INFO -   Coluna D: 70.0
2025-08-08 13:21:35,614 - INFO -   Coluna E: 2135.0
2025-08-08 13:21:35,614 - INFO -   Coluna F: I
2025-08-08 13:21:35,614 - INFO -   Coluna G: 35.0
2025-08-08 13:21:35,614 - INFO -   Coluna H: N
2025-08-08 13:21:35,614 - INFO -   Coluna I: RB40
2025-08-08 13:21:35,614 - INFO -   Coluna J: 2.0
2025-08-08 13:21:35,614 - INFO -   Coluna K: 150.0
2025-08-08 13:21:35,614 - INFO -   Coluna L: 1008.0
2025-08-08 13:21:35,614 - INFO -   Coluna M: I
2025-08-08 13:21:35,614 - INFO -   Coluna N: 35.0
2025-08-08 13:21:35,614 - INFO -   Coluna O: N
2025-08-08 13:21:35,615 - INFO -   Coluna P: RB40
2025-08-08 13:21:35,615 - INFO -   Coluna Q: 1.0
2025-08-08 13:21:35,615 - INFO -   Coluna R: JG
2025-08-08 13:21:35,615 - INFO -   Coluna S: 2001.0
2025-08-08 13:21:35,615 - INFO -   Coluna T: SUSIN
2025-08-08 13:21:35,615 - INFO -   Coluna U: SUSIN
2025-08-08 13:21:35,615 - INFO -   Coluna V: 1.0
2025-08-08 13:21:35,615 - INFO -   Coluna W: EST
2025-08-08 13:21:35,858 - INFO - Executando login...
2025-08-08 13:21:35,859 - INFO - Iniciando execução e login no programa
2025-08-08 13:21:35,871 - INFO - Iniciando programa: \\192.168.1.250\Programas\SYSTEAM\PROGRAMA\Indust\Engenh.exe
2025-08-08 13:21:36,694 - INFO - Programa iniciado com PID: 24768
2025-08-08 13:21:36,694 - INFO - Aguardando abertura da janela do programa...
2025-08-08 13:21:39,696 - INFO - Iniciando processo de login...
2025-08-08 13:21:39,697 - INFO - Inserindo nome de usuário
2025-08-08 13:21:41,909 - INFO - Inserindo senha
2025-08-08 13:21:44,120 - INFO - Usando número de empresa: 200
2025-08-08 13:21:47,332 - INFO - Login realizado com sucesso - Empresa: 200
2025-08-08 13:21:50,333 - INFO - Acessando configurador...
2025-08-08 13:21:50,334 - INFO - Iniciando acesso ao configurador...
2025-08-08 13:21:52,335 - INFO - Passo 1: Procurando e clicando no menu systeam...
2025-08-08 13:21:52,336 - INFO - Procurando imagem: img/menu systeam.PNG
2025-08-08 13:21:52,432 - INFO - Imagem encontrada em: Point(x=np.int64(26), y=np.int64(42))
2025-08-08 13:21:52,564 - INFO - Clique realizado em: Point(x=np.int64(26), y=np.int64(42))
2025-08-08 13:21:53,065 - INFO - Passo 2: Digitando 'configurador'...
2025-08-08 13:21:53,067 - INFO - Digitando texto: configurador
2025-08-08 13:21:53,681 - INFO - Passo 3: Procurando e clicando no módulo...
2025-08-08 13:21:53,683 - INFO - Procurando imagem: img/modulo item por descricao.PNG
2025-08-08 13:21:53,792 - INFO - Imagem encontrada em: Point(x=np.int64(660), y=np.int64(246))
2025-08-08 13:21:53,908 - INFO - Clique realizado em: Point(x=np.int64(660), y=np.int64(246))
2025-08-08 13:21:53,909 - INFO - Configurador acessado com sucesso!
2025-08-08 13:21:54,909 - INFO - Pesquisando tipo 614...
2025-08-08 13:21:54,910 - INFO - Iniciando pesquisa do tipo: 614
2025-08-08 13:21:56,911 - INFO - Passo 1: Procurando e clicando no botão pesquisar tipos...
2025-08-08 13:21:56,913 - INFO - Procurando imagem: img/pesquisar tipos 615.PNG
2025-08-08 13:21:57,001 - INFO - Imagem encontrada em: Point(x=np.int64(620), y=np.int64(78))
2025-08-08 13:21:57,126 - INFO - Clique realizado em: Point(x=np.int64(620), y=np.int64(78))
2025-08-08 13:21:57,628 - INFO - Passo 2: Digitando '614'...
2025-08-08 13:21:57,629 - INFO - Digitando texto: 614
2025-08-08 13:21:58,336 - INFO - Pesquisa do tipo 614 realizada com sucesso!
2025-08-08 13:21:58,337 - INFO - Processo completo executado com sucesso!
2025-08-08 13:22:00,338 - INFO - Navegando com 7x Tab...
2025-08-08 13:22:01,440 - INFO - Tab 1/7 pressionado
2025-08-08 13:22:01,843 - INFO - Tab 2/7 pressionado
2025-08-08 13:22:02,245 - INFO - Tab 3/7 pressionado
2025-08-08 13:22:02,647 - INFO - Tab 4/7 pressionado
2025-08-08 13:22:03,050 - INFO - Tab 5/7 pressionado
2025-08-08 13:22:03,453 - INFO - Tab 6/7 pressionado
2025-08-08 13:22:03,855 - INFO - Tab 7/7 pressionado
2025-08-08 13:22:04,156 - INFO - Navegação com 7x Tab concluída!
2025-08-08 13:22:05,158 - INFO - Processando linha 2
2025-08-08 13:22:05,159 - INFO - Iniciando inserção de dados da planilha - COLUNAS C até W...
2025-08-08 13:22:06,159 - INFO - === INSERINDO COLUNAS C ATÉ L ===
2025-08-08 13:22:06,161 - INFO - Inserindo C: 'I'
2025-08-08 13:22:08,368 - INFO - Inserindo D: '70'
2025-08-08 13:22:10,573 - INFO - Inserindo E: '2135'
2025-08-08 13:22:12,779 - INFO - Inserindo F: 'I'
2025-08-08 13:22:14,983 - INFO - Inserindo G: '35'
2025-08-08 13:22:17,188 - INFO - Inserindo H: 'N'
2025-08-08 13:22:19,396 - INFO - Inserindo I: 'RB40'
2025-08-08 13:22:21,604 - INFO - Inserindo J: '2'
2025-08-08 13:22:23,808 - INFO - Inserindo K: '150'
2025-08-08 13:22:26,016 - INFO - Inserindo L: '1008'
2025-08-08 13:22:27,120 - INFO - === PULANDO 5 TABS APÓS COLUNA L ===
2025-08-08 13:22:27,222 - INFO - Tab 1/5 para pular após coluna L
2025-08-08 13:22:28,325 - INFO - Tab 2/5 para pular após coluna L
2025-08-08 13:22:29,427 - INFO - Tab 3/5 para pular após coluna L
2025-08-08 13:22:30,530 - INFO - Tab 4/5 para pular após coluna L
2025-08-08 13:22:31,632 - INFO - Tab 5/5 para pular após coluna L
2025-08-08 13:22:32,635 - INFO - === INSERINDO COLUNAS Q ATÉ W ===
2025-08-08 13:22:32,636 - INFO - Inserindo Q: '1'
2025-08-08 13:22:34,840 - INFO - Inserindo R: 'JG'
2025-08-08 13:22:37,049 - INFO - Inserindo S: '2001'
2025-08-08 13:22:39,253 - INFO - Inserindo T: 'SUSIN'
2025-08-08 13:22:41,468 - INFO - Inserindo U: 'SUSIN'
2025-08-08 13:22:43,684 - INFO - Inserindo V: '1'
2025-08-08 13:22:44,647 - INFO - 
🛑 Execução interrompida pelo usuário.
